2024-10-14 22:01:55 - #----------Config info----------#
2024-10-14 22:01:55 - network: vmunet,
2024-10-14 22:01:55 - model_config: {'num_classes': 9, 'input_channels': 3, 'depths': [2, 2, 2, 2], 'depths_decoder': [2, 2, 2, 1], 'drop_path_rate': 0.2, 'load_ckpt_path': '/root/autodl-tmp/Medical_Project/data/pre_trained_weights/vmamba_small_e238_ema.pth'},
2024-10-14 22:01:55 - datasets_name: synapse,
2024-10-14 22:01:55 - input_size_h: 224,
2024-10-14 22:01:55 - input_size_w: 224,
2024-10-14 22:01:55 - data_path: /root/autodl-tmp/Medical_Project/data/synapse/project_TransUNet/data/Synapse/train_npz,
2024-10-14 22:01:55 - datasets: <class 'datasets.dataset.Synapse_dataset'>,
2024-10-14 22:01:55 - list_dir: /root/autodl-tmp/Medical_Project/data/synapse/project_TransUNet/TransUNet/lists/lists_Synapse,
2024-10-14 22:01:55 - volume_path: /root/autodl-tmp/Medical_Project/data/synapse/project_TransUNet/data/Synapse/test_vol_h5,
2024-10-14 22:01:55 - pretrained_path: ,
2024-10-14 22:01:55 - num_classes: 9,
2024-10-14 22:01:55 - loss_weight: [1, 1],
2024-10-14 22:01:55 - criterion: CeDiceLoss(
  (celoss): CrossEntropyLoss()
  (diceloss): nDiceLoss()
),
2024-10-14 22:01:55 - z_spacing: 1,
2024-10-14 22:01:55 - input_channels: 3,
2024-10-14 22:01:55 - distributed: False,
2024-10-14 22:01:55 - local_rank: -1,
2024-10-14 22:01:55 - num_workers: 0,
2024-10-14 22:01:55 - seed: 2222,
2024-10-14 22:01:55 - world_size: None,
2024-10-14 22:01:55 - rank: None,
2024-10-14 22:01:55 - amp: False,
2024-10-14 22:01:55 - batch_size: 32,
2024-10-14 22:01:55 - epochs: 100,
2024-10-14 22:01:55 - work_dir: results/vmunet_synapse_Monday_14_October_2024_22h_01m_55s/,
2024-10-14 22:01:55 - print_interval: 20,
2024-10-14 22:01:55 - val_interval: 25,
2024-10-14 22:01:55 - test_weights_path: ,
2024-10-14 22:01:55 - threshold: 0.5,
2024-10-14 22:01:55 - opt: AdamW,
2024-10-14 22:01:55 - lr: 0.001,
2024-10-14 22:01:55 - betas: (0.9, 0.999),
2024-10-14 22:01:55 - eps: 1e-08,
2024-10-14 22:01:55 - weight_decay: 0.01,
2024-10-14 22:01:55 - amsgrad: False,
2024-10-14 22:01:55 - sch: CosineAnnealingLR,
2024-10-14 22:01:55 - T_max: 100,
2024-10-14 22:01:55 - eta_min: 1e-05,
2024-10-14 22:01:55 - last_epoch: -1,
2024-10-14 22:01:59 - train: epoch 1, iter:0, loss: 3.0979, lr: 0.001
2024-10-14 22:02:29 - train: epoch 1, iter:20, loss: 0.9185, lr: 0.001
2024-10-14 22:02:58 - train: epoch 1, iter:40, loss: 0.7717, lr: 0.001
2024-10-14 22:03:27 - train: epoch 1, iter:60, loss: 0.6822, lr: 0.001
2024-10-14 22:03:40 - Finish one epoch train: epoch 1, loss: 0.9207, time(s): 103.11
2024-10-14 22:03:42 - train: epoch 2, iter:0, loss: 0.6848, lr: 0.0009997557473810372
2024-10-14 22:04:10 - train: epoch 2, iter:20, loss: 0.5342, lr: 0.0009997557473810372
2024-10-14 22:04:38 - train: epoch 2, iter:40, loss: 0.6936, lr: 0.0009997557473810372
2024-10-14 22:05:06 - train: epoch 2, iter:60, loss: 0.4865, lr: 0.0009997557473810372
2024-10-14 22:05:18 - Finish one epoch train: epoch 2, loss: 0.5680, time(s): 97.10
2024-10-14 22:05:21 - train: epoch 3, iter:0, loss: 0.4021, lr: 0.0009990232305719946
2024-10-14 22:05:49 - train: epoch 3, iter:20, loss: 0.4182, lr: 0.0009990232305719946
2024-10-14 22:06:17 - train: epoch 3, iter:40, loss: 0.3791, lr: 0.0009990232305719946
2024-10-14 22:06:45 - train: epoch 3, iter:60, loss: 0.4031, lr: 0.0009990232305719946
2024-10-14 22:06:57 - Finish one epoch train: epoch 3, loss: 0.4207, time(s): 97.94
2024-10-14 22:07:00 - train: epoch 4, iter:0, loss: 0.3300, lr: 0.0009978031724785247
2024-10-14 22:07:29 - train: epoch 4, iter:20, loss: 0.2650, lr: 0.0009978031724785247
2024-10-14 22:07:56 - train: epoch 4, iter:40, loss: 0.2940, lr: 0.0009978031724785247
2024-10-14 22:08:24 - train: epoch 4, iter:60, loss: 0.4348, lr: 0.0009978031724785247
2024-10-14 22:08:36 - Finish one epoch train: epoch 4, loss: 0.3354, time(s): 97.65
2024-10-14 22:08:38 - train: epoch 5, iter:0, loss: 0.3209, lr: 0.0009960967771506667
2024-10-14 22:09:07 - train: epoch 5, iter:20, loss: 0.3061, lr: 0.0009960967771506667
2024-10-14 22:09:35 - train: epoch 5, iter:40, loss: 0.3747, lr: 0.0009960967771506667
2024-10-14 22:10:04 - train: epoch 5, iter:60, loss: 0.3118, lr: 0.0009960967771506667
2024-10-14 22:10:16 - Finish one epoch train: epoch 5, loss: 0.2973, time(s): 98.88
2024-10-14 22:10:19 - train: epoch 6, iter:0, loss: 0.3443, lr: 0.0009939057285945933
2024-10-14 22:10:47 - train: epoch 6, iter:20, loss: 0.2395, lr: 0.0009939057285945933
2024-10-14 22:11:15 - train: epoch 6, iter:40, loss: 0.2494, lr: 0.0009939057285945933
2024-10-14 22:11:43 - train: epoch 6, iter:60, loss: 0.2313, lr: 0.0009939057285945933
2024-10-14 22:11:55 - Finish one epoch train: epoch 6, loss: 0.2639, time(s): 97.85
2024-10-14 22:11:58 - train: epoch 7, iter:0, loss: 0.2089, lr: 0.0009912321891107012
2024-10-14 22:12:26 - train: epoch 7, iter:20, loss: 0.1952, lr: 0.0009912321891107012
2024-10-14 22:12:55 - train: epoch 7, iter:40, loss: 0.2328, lr: 0.0009912321891107012
2024-10-14 22:13:23 - train: epoch 7, iter:60, loss: 0.2133, lr: 0.0009912321891107012
2024-10-14 22:13:35 - Finish one epoch train: epoch 7, loss: 0.2316, time(s): 98.58
2024-10-14 22:13:37 - train: epoch 8, iter:0, loss: 0.2246, lr: 0.0009880787971596802
2024-10-14 22:14:06 - train: epoch 8, iter:20, loss: 0.2203, lr: 0.0009880787971596802
2024-10-14 22:14:33 - train: epoch 8, iter:40, loss: 0.2144, lr: 0.0009880787971596802
2024-10-14 22:15:01 - train: epoch 8, iter:60, loss: 0.2381, lr: 0.0009880787971596802
2024-10-14 22:15:13 - Finish one epoch train: epoch 8, loss: 0.2375, time(s): 96.93
2024-10-14 22:15:15 - train: epoch 9, iter:0, loss: 0.1994, lr: 0.0009844486647586726
2024-10-14 22:15:44 - train: epoch 9, iter:20, loss: 0.2202, lr: 0.0009844486647586726
2024-10-14 22:16:12 - train: epoch 9, iter:40, loss: 0.2051, lr: 0.0009844486647586726
2024-10-14 22:16:40 - train: epoch 9, iter:60, loss: 0.2453, lr: 0.0009844486647586726
2024-10-14 22:16:51 - Finish one epoch train: epoch 9, loss: 0.2267, time(s): 97.82
2024-10-14 22:16:54 - train: epoch 10, iter:0, loss: 0.2352, lr: 0.000980345374410087
2024-10-14 22:17:23 - train: epoch 10, iter:20, loss: 0.1867, lr: 0.000980345374410087
2024-10-14 22:17:50 - train: epoch 10, iter:40, loss: 0.1753, lr: 0.000980345374410087
2024-10-14 22:18:17 - train: epoch 10, iter:60, loss: 0.1856, lr: 0.000980345374410087
2024-10-14 22:18:29 - Finish one epoch train: epoch 10, loss: 0.2059, time(s): 96.07
2024-10-14 22:18:32 - train: epoch 11, iter:0, loss: 0.1979, lr: 0.0009757729755661012
2024-10-14 22:19:00 - train: epoch 11, iter:20, loss: 0.1660, lr: 0.0009757729755661012
2024-10-14 22:19:28 - train: epoch 11, iter:40, loss: 0.1273, lr: 0.0009757729755661012
2024-10-14 22:19:56 - train: epoch 11, iter:60, loss: 0.1491, lr: 0.0009757729755661012
2024-10-14 22:20:08 - Finish one epoch train: epoch 11, loss: 0.1857, time(s): 97.74
2024-10-14 22:20:11 - train: epoch 12, iter:0, loss: 0.2185, lr: 0.0009707359806323418
2024-10-14 22:20:39 - train: epoch 12, iter:20, loss: 0.2103, lr: 0.0009707359806323418
2024-10-14 22:21:07 - train: epoch 12, iter:40, loss: 0.1504, lr: 0.0009707359806323418
2024-10-14 22:21:35 - train: epoch 12, iter:60, loss: 0.2557, lr: 0.0009707359806323418
2024-10-14 22:21:46 - Finish one epoch train: epoch 12, loss: 0.1729, time(s): 97.20
2024-10-14 22:21:49 - train: epoch 13, iter:0, loss: 0.1684, lr: 0.0009652393605146846
2024-10-14 22:22:18 - train: epoch 13, iter:20, loss: 0.1814, lr: 0.0009652393605146846
2024-10-14 22:22:46 - train: epoch 13, iter:40, loss: 0.1714, lr: 0.0009652393605146846
2024-10-14 22:23:14 - train: epoch 13, iter:60, loss: 0.1209, lr: 0.0009652393605146846
2024-10-14 22:23:26 - Finish one epoch train: epoch 13, loss: 0.1731, time(s): 98.21
2024-10-14 22:23:28 - train: epoch 14, iter:0, loss: 0.1230, lr: 0.0009592885397135708
2024-10-14 22:23:57 - train: epoch 14, iter:20, loss: 0.1666, lr: 0.0009592885397135708
2024-10-14 22:24:25 - train: epoch 14, iter:40, loss: 0.2248, lr: 0.0009592885397135708
2024-10-14 22:24:53 - train: epoch 14, iter:60, loss: 0.1510, lr: 0.0009592885397135708
2024-10-14 22:25:04 - Finish one epoch train: epoch 14, loss: 0.1616, time(s): 97.90
2024-10-14 22:25:07 - train: epoch 15, iter:0, loss: 0.1577, lr: 0.0009528893909706799
2024-10-14 22:25:36 - train: epoch 15, iter:20, loss: 0.1214, lr: 0.0009528893909706799
2024-10-14 22:26:04 - train: epoch 15, iter:40, loss: 0.1432, lr: 0.0009528893909706799
2024-10-14 22:26:34 - train: epoch 15, iter:60, loss: 0.1445, lr: 0.0009528893909706799
2024-10-14 22:26:45 - Finish one epoch train: epoch 15, loss: 0.1456, time(s): 99.83
2024-10-14 22:26:48 - train: epoch 16, iter:0, loss: 0.1337, lr: 0.0009460482294732424
2024-10-14 22:27:17 - train: epoch 16, iter:20, loss: 0.1035, lr: 0.0009460482294732424
2024-10-14 22:27:46 - train: epoch 16, iter:40, loss: 0.1396, lr: 0.0009460482294732424
2024-10-14 22:28:15 - train: epoch 16, iter:60, loss: 0.2221, lr: 0.0009460482294732424
2024-10-14 22:28:27 - Finish one epoch train: epoch 16, loss: 0.1416, time(s): 100.06
2024-10-14 22:28:29 - train: epoch 17, iter:0, loss: 0.1065, lr: 0.0009387718066217127
2024-10-14 22:28:58 - train: epoch 17, iter:20, loss: 0.1223, lr: 0.0009387718066217127
2024-10-14 22:29:26 - train: epoch 17, iter:40, loss: 0.1255, lr: 0.0009387718066217127
2024-10-14 22:29:54 - train: epoch 17, iter:60, loss: 0.1323, lr: 0.0009387718066217127
2024-10-14 22:30:05 - Finish one epoch train: epoch 17, loss: 0.1448, time(s): 97.38
2024-10-14 22:30:08 - train: epoch 18, iter:0, loss: 0.1707, lr: 0.0009310673033669524
2024-10-14 22:30:36 - train: epoch 18, iter:20, loss: 0.1367, lr: 0.0009310673033669524
2024-10-14 22:31:04 - train: epoch 18, iter:40, loss: 0.1571, lr: 0.0009310673033669524
2024-10-14 22:31:32 - train: epoch 18, iter:60, loss: 0.1256, lr: 0.0009310673033669524
2024-10-14 22:31:43 - Finish one epoch train: epoch 18, loss: 0.1491, time(s): 97.44
2024-10-14 22:31:46 - train: epoch 19, iter:0, loss: 0.1467, lr: 0.0009229423231234977
2024-10-14 22:32:15 - train: epoch 19, iter:20, loss: 0.1045, lr: 0.0009229423231234977
2024-10-14 22:32:44 - train: epoch 19, iter:40, loss: 0.1189, lr: 0.0009229423231234977
2024-10-14 22:33:13 - train: epoch 19, iter:60, loss: 0.1539, lr: 0.0009229423231234977
2024-10-14 22:33:25 - Finish one epoch train: epoch 19, loss: 0.1280, time(s): 100.17
2024-10-14 22:33:27 - train: epoch 20, iter:0, loss: 0.1270, lr: 0.0009144048842659084
2024-10-14 22:33:55 - train: epoch 20, iter:20, loss: 0.1281, lr: 0.0009144048842659084
2024-10-14 22:34:24 - train: epoch 20, iter:40, loss: 0.1265, lr: 0.0009144048842659084
2024-10-14 22:34:53 - train: epoch 20, iter:60, loss: 0.2053, lr: 0.0009144048842659084
2024-10-14 22:35:05 - Finish one epoch train: epoch 20, loss: 0.1324, time(s): 99.08
2024-10-14 22:35:07 - train: epoch 21, iter:0, loss: 0.0935, lr: 0.0009054634122155993
2024-10-14 22:35:37 - train: epoch 21, iter:20, loss: 0.2237, lr: 0.0009054634122155993
2024-10-14 22:36:06 - train: epoch 21, iter:40, loss: 0.2049, lr: 0.0009054634122155993
2024-10-14 22:36:35 - train: epoch 21, iter:60, loss: 0.0940, lr: 0.0009054634122155993
2024-10-14 22:36:46 - Finish one epoch train: epoch 21, loss: 0.1296, time(s): 100.38
2024-10-14 22:36:49 - train: epoch 22, iter:0, loss: 0.1517, lr: 0.000896126731125967
2024-10-14 22:37:18 - train: epoch 22, iter:20, loss: 0.1345, lr: 0.000896126731125967
2024-10-14 22:37:47 - train: epoch 22, iter:40, loss: 0.1149, lr: 0.000896126731125967
2024-10-14 22:38:15 - train: epoch 22, iter:60, loss: 0.1079, lr: 0.000896126731125967
2024-10-14 22:38:27 - Finish one epoch train: epoch 22, loss: 0.1255, time(s): 99.97
2024-10-14 22:38:30 - train: epoch 23, iter:0, loss: 0.1267, lr: 0.000886404055174016
2024-10-14 22:38:58 - train: epoch 23, iter:20, loss: 0.0908, lr: 0.000886404055174016
2024-10-14 22:39:26 - train: epoch 23, iter:40, loss: 0.0924, lr: 0.000886404055174016
2024-10-14 22:39:54 - train: epoch 23, iter:60, loss: 0.1018, lr: 0.000886404055174016
2024-10-14 22:40:06 - Finish one epoch train: epoch 23, loss: 0.1157, time(s): 97.43
2024-10-14 22:40:08 - train: epoch 24, iter:0, loss: 0.1139, lr: 0.0008763049794670778
2024-10-14 22:40:37 - train: epoch 24, iter:20, loss: 0.1048, lr: 0.0008763049794670778
2024-10-14 22:41:04 - train: epoch 24, iter:40, loss: 0.0918, lr: 0.0008763049794670778
2024-10-14 22:41:33 - train: epoch 24, iter:60, loss: 0.1166, lr: 0.0008763049794670778
2024-10-14 22:41:44 - Finish one epoch train: epoch 24, loss: 0.1200, time(s): 97.41
2024-10-14 22:41:47 - train: epoch 25, iter:0, loss: 0.1022, lr: 0.000865839470573599
2024-10-14 22:42:15 - train: epoch 25, iter:20, loss: 0.0917, lr: 0.000865839470573599
2024-10-14 22:42:43 - train: epoch 25, iter:40, loss: 0.0915, lr: 0.000865839470573599
2024-10-14 22:43:10 - train: epoch 25, iter:60, loss: 0.0956, lr: 0.000865839470573599
2024-10-14 22:43:21 - Finish one epoch train: epoch 25, loss: 0.1130, time(s): 96.31
2024-10-14 22:45:27 - idx 0 case case0008 mean_dice 0.600368 mean_hd95 21.979512
2024-10-14 22:46:41 - idx 1 case case0022 mean_dice 0.848987 mean_hd95 31.735462
2024-10-14 22:48:08 - idx 2 case case0038 mean_dice 0.748263 mean_hd95 53.410597
2024-10-14 22:51:01 - idx 3 case case0036 mean_dice 0.765991 mean_hd95 45.175967
2024-10-14 22:53:06 - idx 4 case case0032 mean_dice 0.807405 mean_hd95 58.019948
2024-10-14 22:55:05 - idx 5 case case0002 mean_dice 0.864564 mean_hd95 10.615594
2024-10-14 22:56:27 - idx 6 case case0029 mean_dice 0.687251 mean_hd95 51.959786
2024-10-14 22:59:34 - idx 7 case case0003 mean_dice 0.625229 mean_hd95 107.346784
2024-10-14 23:01:43 - idx 8 case case0001 mean_dice 0.751287 mean_hd95 20.020199
2024-10-14 23:03:42 - idx 9 case case0004 mean_dice 0.798100 mean_hd95 25.891566
2024-10-14 23:04:53 - idx 10 case case0025 mean_dice 0.778877 mean_hd95 45.995904
2024-10-14 23:06:05 - idx 11 case case0035 mean_dice 0.866940 mean_hd95 12.311779
2024-10-14 23:06:05 - Mean class 1 mean_dice 0.818266 mean_hd95 36.367731
2024-10-14 23:06:05 - Mean class 2 mean_dice 0.667230 mean_hd95 30.433353
2024-10-14 23:06:05 - Mean class 3 mean_dice 0.793991 mean_hd95 70.658495
2024-10-14 23:06:05 - Mean class 4 mean_dice 0.774730 mean_hd95 28.020299
2024-10-14 23:06:05 - Mean class 5 mean_dice 0.921656 mean_hd95 47.505841
2024-10-14 23:06:05 - Mean class 6 mean_dice 0.563091 mean_hd95 18.488684
2024-10-14 23:06:05 - Mean class 7 mean_dice 0.823679 mean_hd95 65.123556
2024-10-14 23:06:05 - Mean class 8 mean_dice 0.732865 mean_hd95 26.377440
2024-10-14 23:06:05 - val epoch: 25, mean_dice: 0.7619385112448722, mean_hd95: 40.37192486620728, time(s): 1363.72
2024-10-14 23:06:08 - train: epoch 26, iter:0, loss: 0.0920, lr: 0.0008550178566873413
2024-10-14 23:06:36 - train: epoch 26, iter:20, loss: 0.1009, lr: 0.0008550178566873413
2024-10-14 23:07:04 - train: epoch 26, iter:40, loss: 0.0963, lr: 0.0008550178566873413
2024-10-14 23:07:32 - train: epoch 26, iter:60, loss: 0.1193, lr: 0.0008550178566873413
2024-10-14 23:07:42 - Finish one epoch train: epoch 26, loss: 0.1182, time(s): 96.16
2024-10-14 23:07:45 - train: epoch 27, iter:0, loss: 0.1139, lr: 0.0008438508174347012
2024-10-14 23:08:13 - train: epoch 27, iter:20, loss: 0.1830, lr: 0.0008438508174347012
2024-10-14 23:08:41 - train: epoch 27, iter:40, loss: 0.0949, lr: 0.0008438508174347012
2024-10-14 23:09:09 - train: epoch 27, iter:60, loss: 0.0734, lr: 0.0008438508174347012
2024-10-14 23:09:20 - Finish one epoch train: epoch 27, loss: 0.1058, time(s): 96.72
2024-10-14 23:09:23 - train: epoch 28, iter:0, loss: 0.0762, lr: 0.000832349373335208
2024-10-14 23:09:51 - train: epoch 28, iter:20, loss: 0.1691, lr: 0.000832349373335208
2024-10-14 23:10:19 - train: epoch 28, iter:40, loss: 0.1002, lr: 0.000832349373335208
2024-10-14 23:10:47 - train: epoch 28, iter:60, loss: 0.0833, lr: 0.000832349373335208
2024-10-14 23:10:59 - Finish one epoch train: epoch 28, loss: 0.1176, time(s): 97.36
2024-10-14 23:11:01 - train: epoch 29, iter:0, loss: 0.1388, lr: 0.0008205248749256018
2024-10-14 23:11:30 - train: epoch 29, iter:20, loss: 0.1049, lr: 0.0008205248749256018
2024-10-14 23:11:57 - train: epoch 29, iter:40, loss: 0.1188, lr: 0.0008205248749256018
2024-10-14 23:12:26 - train: epoch 29, iter:60, loss: 0.0969, lr: 0.0008205248749256018
2024-10-14 23:12:37 - Finish one epoch train: epoch 29, loss: 0.1163, time(s): 97.21
2024-10-14 23:12:39 - train: epoch 30, iter:0, loss: 0.0917, lr: 0.0008083889915582238
2024-10-14 23:13:07 - train: epoch 30, iter:20, loss: 0.0903, lr: 0.0008083889915582238
2024-10-14 23:13:35 - train: epoch 30, iter:40, loss: 0.0906, lr: 0.0008083889915582238
2024-10-14 23:14:02 - train: epoch 30, iter:60, loss: 0.0741, lr: 0.0008083889915582238
2024-10-14 23:14:14 - Finish one epoch train: epoch 30, loss: 0.1027, time(s): 95.95
2024-10-14 23:14:16 - train: epoch 31, iter:0, loss: 0.1125, lr: 0.0007959536998847747
2024-10-14 23:14:44 - train: epoch 31, iter:20, loss: 0.1226, lr: 0.0007959536998847747
2024-10-14 23:15:11 - train: epoch 31, iter:40, loss: 0.1019, lr: 0.0007959536998847747
2024-10-14 23:15:39 - train: epoch 31, iter:60, loss: 0.0890, lr: 0.0007959536998847747
2024-10-14 23:15:50 - Finish one epoch train: epoch 31, loss: 0.1142, time(s): 95.59
2024-10-14 23:15:53 - train: epoch 32, iter:0, loss: 0.0992, lr: 0.0007832312720368051
2024-10-14 23:16:21 - train: epoch 32, iter:20, loss: 0.1306, lr: 0.0007832312720368051
2024-10-14 23:16:49 - train: epoch 32, iter:40, loss: 0.1034, lr: 0.0007832312720368051
2024-10-14 23:17:18 - train: epoch 32, iter:60, loss: 0.0879, lr: 0.0007832312720368051
2024-10-14 23:17:32 - Finish one epoch train: epoch 32, loss: 0.1214, time(s): 100.38
2024-10-14 23:17:34 - train: epoch 33, iter:0, loss: 0.0965, lr: 0.0007702342635146037
2024-10-14 23:18:03 - train: epoch 33, iter:20, loss: 0.1053, lr: 0.0007702342635146037
2024-10-14 23:18:31 - train: epoch 33, iter:40, loss: 0.1034, lr: 0.0007702342635146037
2024-10-14 23:18:59 - train: epoch 33, iter:60, loss: 0.0897, lr: 0.0007702342635146037
2024-10-14 23:19:12 - Finish one epoch train: epoch 33, loss: 0.1086, time(s): 99.44
2024-10-14 23:19:15 - train: epoch 34, iter:0, loss: 0.1045, lr: 0.0007569755007964342
2024-10-14 23:19:43 - train: epoch 34, iter:20, loss: 0.1062, lr: 0.0007569755007964342
2024-10-14 23:20:11 - train: epoch 34, iter:40, loss: 0.0774, lr: 0.0007569755007964342
2024-10-14 23:20:39 - train: epoch 34, iter:60, loss: 0.0939, lr: 0.0007569755007964342
2024-10-14 23:20:51 - Finish one epoch train: epoch 34, loss: 0.1029, time(s): 98.11
2024-10-14 23:20:54 - train: epoch 35, iter:0, loss: 0.0794, lr: 0.0007434680686803494
2024-10-14 23:21:21 - train: epoch 35, iter:20, loss: 0.1010, lr: 0.0007434680686803494
2024-10-14 23:21:49 - train: epoch 35, iter:40, loss: 0.0854, lr: 0.0007434680686803494
2024-10-14 23:22:17 - train: epoch 35, iter:60, loss: 0.0975, lr: 0.0007434680686803494
2024-10-14 23:22:28 - Finish one epoch train: epoch 35, loss: 0.1003, time(s): 95.91
2024-10-14 23:22:31 - train: epoch 36, iter:0, loss: 0.0807, lr: 0.0007297252973710761
2024-10-14 23:22:58 - train: epoch 36, iter:20, loss: 0.0943, lr: 0.0007297252973710761
2024-10-14 23:23:27 - train: epoch 36, iter:40, loss: 0.1017, lr: 0.0007297252973710761
2024-10-14 23:23:55 - train: epoch 36, iter:60, loss: 0.0798, lr: 0.0007297252973710761
2024-10-14 23:24:06 - Finish one epoch train: epoch 36, loss: 0.1049, time(s): 96.91
2024-10-14 23:24:08 - train: epoch 37, iter:0, loss: 0.0847, lr: 0.0007157607493247114
2024-10-14 23:24:36 - train: epoch 37, iter:20, loss: 0.1821, lr: 0.0007157607493247114
2024-10-14 23:25:04 - train: epoch 37, iter:40, loss: 0.0824, lr: 0.0007157607493247114
2024-10-14 23:25:31 - train: epoch 37, iter:60, loss: 0.1165, lr: 0.0007157607493247114
2024-10-14 23:25:43 - Finish one epoch train: epoch 37, loss: 0.1013, time(s): 95.78
2024-10-14 23:25:45 - train: epoch 38, iter:0, loss: 0.1014, lr: 0.0007015882058642168
2024-10-14 23:26:13 - train: epoch 38, iter:20, loss: 0.1879, lr: 0.0007015882058642168
2024-10-14 23:26:41 - train: epoch 38, iter:40, loss: 0.0839, lr: 0.0007015882058642168
2024-10-14 23:27:09 - train: epoch 38, iter:60, loss: 0.0843, lr: 0.0007015882058642168
2024-10-14 23:27:20 - Finish one epoch train: epoch 38, loss: 0.0966, time(s): 96.69
2024-10-14 23:27:23 - train: epoch 39, iter:0, loss: 0.0881, lr: 0.0006872216535789162
2024-10-14 23:27:50 - train: epoch 39, iter:20, loss: 0.0918, lr: 0.0006872216535789162
2024-10-14 23:28:18 - train: epoch 39, iter:40, loss: 0.0865, lr: 0.0006872216535789162
2024-10-14 23:28:46 - train: epoch 39, iter:60, loss: 0.0873, lr: 0.0006872216535789162
2024-10-14 23:28:57 - Finish one epoch train: epoch 39, loss: 0.0973, time(s): 95.59
2024-10-14 23:28:59 - train: epoch 40, iter:0, loss: 0.0757, lr: 0.0006726752705214198
2024-10-14 23:29:27 - train: epoch 40, iter:20, loss: 0.0845, lr: 0.0006726752705214198
2024-10-14 23:29:55 - train: epoch 40, iter:40, loss: 0.0775, lr: 0.0006726752705214198
2024-10-14 23:30:23 - train: epoch 40, iter:60, loss: 0.0685, lr: 0.0006726752705214198
2024-10-14 23:30:34 - Finish one epoch train: epoch 40, loss: 0.0917, time(s): 95.95
2024-10-14 23:30:36 - train: epoch 41, iter:0, loss: 0.1775, lr: 0.0006579634122155995
2024-10-14 23:31:05 - train: epoch 41, iter:20, loss: 0.0798, lr: 0.0006579634122155995
2024-10-14 23:31:32 - train: epoch 41, iter:40, loss: 0.0864, lr: 0.0006579634122155995
2024-10-14 23:32:00 - train: epoch 41, iter:60, loss: 0.0923, lr: 0.0006579634122155995
2024-10-14 23:32:11 - Finish one epoch train: epoch 41, loss: 0.0874, time(s): 96.18
2024-10-14 23:32:14 - train: epoch 42, iter:0, loss: 0.0895, lr: 0.000643100597489419
2024-10-14 23:32:42 - train: epoch 42, iter:20, loss: 0.0791, lr: 0.000643100597489419
2024-10-14 23:33:10 - train: epoch 42, iter:40, loss: 0.0747, lr: 0.000643100597489419
2024-10-14 23:33:37 - train: epoch 42, iter:60, loss: 0.0869, lr: 0.000643100597489419
2024-10-14 23:33:49 - Finish one epoch train: epoch 42, loss: 0.0842, time(s): 96.48
2024-10-14 23:33:52 - train: epoch 43, iter:0, loss: 0.0878, lr: 0.0006281014941466035
2024-10-14 23:34:20 - train: epoch 43, iter:20, loss: 0.0892, lr: 0.0006281014941466035
2024-10-14 23:34:47 - train: epoch 43, iter:40, loss: 0.0753, lr: 0.0006281014941466035
2024-10-14 23:35:14 - train: epoch 43, iter:60, loss: 0.0818, lr: 0.0006281014941466035
2024-10-14 23:35:26 - Finish one epoch train: epoch 43, loss: 0.0868, time(s): 95.84
2024-10-14 23:35:28 - train: epoch 44, iter:0, loss: 0.0706, lr: 0.000612980904491289
2024-10-14 23:35:56 - train: epoch 44, iter:20, loss: 0.1816, lr: 0.000612980904491289
2024-10-14 23:36:24 - train: epoch 44, iter:40, loss: 0.0766, lr: 0.000612980904491289
2024-10-14 23:36:52 - train: epoch 44, iter:60, loss: 0.0834, lr: 0.000612980904491289
2024-10-14 23:37:03 - Finish one epoch train: epoch 44, loss: 0.0902, time(s): 96.43
2024-10-14 23:37:06 - train: epoch 45, iter:0, loss: 0.0703, lr: 0.0005977537507199342
2024-10-14 23:37:33 - train: epoch 45, iter:20, loss: 0.1064, lr: 0.0005977537507199342
2024-10-14 23:38:01 - train: epoch 45, iter:40, loss: 0.0919, lr: 0.0005977537507199342
2024-10-14 23:38:29 - train: epoch 45, iter:60, loss: 0.0754, lr: 0.0005977537507199342
2024-10-14 23:38:40 - Finish one epoch train: epoch 45, loss: 0.0976, time(s): 95.88
2024-10-14 23:38:42 - train: epoch 46, iter:0, loss: 0.0927, lr: 0.0005824350601949147
2024-10-14 23:39:10 - train: epoch 46, iter:20, loss: 0.0813, lr: 0.0005824350601949147
2024-10-14 23:39:38 - train: epoch 46, iter:40, loss: 0.0936, lr: 0.0005824350601949147
2024-10-14 23:40:06 - train: epoch 46, iter:60, loss: 0.0801, lr: 0.0005824350601949147
2024-10-14 23:40:17 - Finish one epoch train: epoch 46, loss: 0.0891, time(s): 96.11
2024-10-14 23:40:19 - train: epoch 47, iter:0, loss: 0.1716, lr: 0.000567039950614331
2024-10-14 23:40:47 - train: epoch 47, iter:20, loss: 0.0678, lr: 0.000567039950614331
2024-10-14 23:41:15 - train: epoch 47, iter:40, loss: 0.0812, lr: 0.000567039950614331
2024-10-14 23:41:43 - train: epoch 47, iter:60, loss: 0.0629, lr: 0.000567039950614331
2024-10-14 23:41:54 - Finish one epoch train: epoch 47, loss: 0.0810, time(s): 96.27
2024-10-14 23:41:57 - train: epoch 48, iter:0, loss: 0.0811, lr: 0.0005515836150926649
2024-10-14 23:42:25 - train: epoch 48, iter:20, loss: 0.0836, lr: 0.0005515836150926649
2024-10-14 23:42:53 - train: epoch 48, iter:40, loss: 0.1080, lr: 0.0005515836150926649
2024-10-14 23:43:20 - train: epoch 48, iter:60, loss: 0.0721, lr: 0.0005515836150926649
2024-10-14 23:43:31 - Finish one epoch train: epoch 48, loss: 0.0897, time(s): 96.29
2024-10-14 23:43:34 - train: epoch 49, iter:0, loss: 0.0766, lr: 0.0005360813071670105
2024-10-14 23:44:01 - train: epoch 49, iter:20, loss: 0.0820, lr: 0.0005360813071670105
2024-10-14 23:44:29 - train: epoch 49, iter:40, loss: 0.0785, lr: 0.0005360813071670105
2024-10-14 23:44:57 - train: epoch 49, iter:60, loss: 0.1689, lr: 0.0005360813071670105
2024-10-14 23:45:08 - Finish one epoch train: epoch 49, loss: 0.0907, time(s): 95.72
2024-10-14 23:45:10 - train: epoch 50, iter:0, loss: 0.1122, lr: 0.0005205483257436738
2024-10-14 23:45:39 - train: epoch 50, iter:20, loss: 0.0715, lr: 0.0005205483257436738
2024-10-14 23:46:06 - train: epoch 50, iter:40, loss: 0.0712, lr: 0.0005205483257436738
2024-10-14 23:46:33 - train: epoch 50, iter:60, loss: 0.0655, lr: 0.0005205483257436738
2024-10-14 23:46:44 - Finish one epoch train: epoch 50, loss: 0.0819, time(s): 95.41
2024-10-14 23:48:47 - idx 0 case case0008 mean_dice 0.619277 mean_hd95 17.114845
2024-10-14 23:50:01 - idx 1 case case0022 mean_dice 0.848478 mean_hd95 7.843922
2024-10-14 23:51:26 - idx 2 case case0038 mean_dice 0.763211 mean_hd95 42.799740
2024-10-14 23:54:14 - idx 3 case case0036 mean_dice 0.815071 mean_hd95 17.711458
2024-10-14 23:56:18 - idx 4 case case0032 mean_dice 0.880180 mean_hd95 21.569914
2024-10-14 23:58:15 - idx 5 case case0002 mean_dice 0.870838 mean_hd95 7.097564
2024-10-14 23:59:36 - idx 6 case case0029 mean_dice 0.642361 mean_hd95 63.549942
2024-10-15 00:02:22 - idx 7 case case0003 mean_dice 0.674265 mean_hd95 97.806394
2024-10-15 00:04:24 - idx 8 case case0001 mean_dice 0.773027 mean_hd95 20.419714
2024-10-15 00:06:17 - idx 9 case case0004 mean_dice 0.799206 mean_hd95 8.053458
2024-10-15 00:07:26 - idx 10 case case0025 mean_dice 0.790636 mean_hd95 45.414290
2024-10-15 00:08:33 - idx 11 case case0035 mean_dice 0.869927 mean_hd95 3.470089
2024-10-15 00:08:33 - Mean class 1 mean_dice 0.851806 mean_hd95 16.650696
2024-10-15 00:08:33 - Mean class 2 mean_dice 0.604518 mean_hd95 29.885654
2024-10-15 00:08:33 - Mean class 3 mean_dice 0.821095 mean_hd95 51.798178
2024-10-15 00:08:33 - Mean class 4 mean_dice 0.784968 mean_hd95 32.801378
2024-10-15 00:08:33 - Mean class 5 mean_dice 0.928641 mean_hd95 33.189990
2024-10-15 00:08:33 - Mean class 6 mean_dice 0.596931 mean_hd95 13.796723
2024-10-15 00:08:33 - Mean class 7 mean_dice 0.853080 mean_hd95 33.884951
2024-10-15 00:08:33 - Mean class 8 mean_dice 0.789943 mean_hd95 23.226649
2024-10-15 00:08:33 - val epoch: 50, mean_dice: 0.7788729313463398, mean_hd95: 29.40427752639865, time(s): 1309.00
2024-10-15 00:08:36 - train: epoch 51, iter:0, loss: 0.0693, lr: 0.0005050000000000002
2024-10-15 00:09:02 - train: epoch 51, iter:20, loss: 0.0646, lr: 0.0005050000000000002
2024-10-15 00:09:29 - train: epoch 51, iter:40, loss: 0.0649, lr: 0.0005050000000000002
2024-10-15 00:09:56 - train: epoch 51, iter:60, loss: 0.0765, lr: 0.0005050000000000002
2024-10-15 00:10:06 - Finish one epoch train: epoch 51, loss: 0.0760, time(s): 92.08
2024-10-15 00:10:09 - train: epoch 52, iter:0, loss: 0.0850, lr: 0.0004894516742563267
2024-10-15 00:10:36 - train: epoch 52, iter:20, loss: 0.0840, lr: 0.0004894516742563267
2024-10-15 00:11:03 - train: epoch 52, iter:40, loss: 0.0623, lr: 0.0004894516742563267
2024-10-15 00:11:31 - train: epoch 52, iter:60, loss: 0.0814, lr: 0.0004894516742563267
2024-10-15 00:11:42 - Finish one epoch train: epoch 52, loss: 0.0718, time(s): 94.83
2024-10-15 00:11:45 - train: epoch 53, iter:0, loss: 0.0663, lr: 0.0004739186928329901
2024-10-15 00:12:13 - train: epoch 53, iter:20, loss: 0.0714, lr: 0.0004739186928329901
2024-10-15 00:12:40 - train: epoch 53, iter:40, loss: 0.0579, lr: 0.0004739186928329901
2024-10-15 00:13:07 - train: epoch 53, iter:60, loss: 0.0742, lr: 0.0004739186928329901
2024-10-15 00:13:18 - Finish one epoch train: epoch 53, loss: 0.0826, time(s): 95.10
2024-10-15 00:13:21 - train: epoch 54, iter:0, loss: 0.0613, lr: 0.00045841638490733556
2024-10-15 00:13:48 - train: epoch 54, iter:20, loss: 0.0787, lr: 0.00045841638490733556
2024-10-15 00:14:16 - train: epoch 54, iter:40, loss: 0.0672, lr: 0.00045841638490733556
2024-10-15 00:14:43 - train: epoch 54, iter:60, loss: 0.0790, lr: 0.00045841638490733556
2024-10-15 00:14:54 - Finish one epoch train: epoch 54, loss: 0.0837, time(s): 94.75
2024-10-15 00:14:56 - train: epoch 55, iter:0, loss: 0.0706, lr: 0.0004429600493856696
2024-10-15 00:15:24 - train: epoch 55, iter:20, loss: 0.0668, lr: 0.0004429600493856696
2024-10-15 00:15:51 - train: epoch 55, iter:40, loss: 0.0544, lr: 0.0004429600493856696
2024-10-15 00:16:18 - train: epoch 55, iter:60, loss: 0.0657, lr: 0.0004429600493856696
2024-10-15 00:16:29 - Finish one epoch train: epoch 55, loss: 0.0721, time(s): 93.97
2024-10-15 00:16:31 - train: epoch 56, iter:0, loss: 0.0791, lr: 0.0004275649398050859
2024-10-15 00:16:58 - train: epoch 56, iter:20, loss: 0.0818, lr: 0.0004275649398050859
2024-10-15 00:17:25 - train: epoch 56, iter:40, loss: 0.0657, lr: 0.0004275649398050859
2024-10-15 00:17:51 - train: epoch 56, iter:60, loss: 0.0645, lr: 0.0004275649398050859
2024-10-15 00:18:02 - Finish one epoch train: epoch 56, loss: 0.0754, time(s): 92.36
2024-10-15 00:18:04 - train: epoch 57, iter:0, loss: 0.0607, lr: 0.0004122462492800665
2024-10-15 00:18:31 - train: epoch 57, iter:20, loss: 0.0628, lr: 0.0004122462492800665
2024-10-15 00:18:58 - train: epoch 57, iter:40, loss: 0.0623, lr: 0.0004122462492800665
2024-10-15 00:19:25 - train: epoch 57, iter:60, loss: 0.0668, lr: 0.0004122462492800665
2024-10-15 00:19:36 - Finish one epoch train: epoch 57, loss: 0.0741, time(s): 93.11
2024-10-15 00:19:38 - train: epoch 58, iter:0, loss: 0.0632, lr: 0.00039701909550871175
2024-10-15 00:20:06 - train: epoch 58, iter:20, loss: 0.0771, lr: 0.00039701909550871175
2024-10-15 00:20:33 - train: epoch 58, iter:40, loss: 0.0551, lr: 0.00039701909550871175
2024-10-15 00:21:01 - train: epoch 58, iter:60, loss: 0.0633, lr: 0.00039701909550871175
2024-10-15 00:21:12 - Finish one epoch train: epoch 58, loss: 0.0840, time(s): 94.82
2024-10-15 00:21:14 - train: epoch 59, iter:0, loss: 0.0748, lr: 0.000381898505853397
2024-10-15 00:21:42 - train: epoch 59, iter:20, loss: 0.0625, lr: 0.000381898505853397
2024-10-15 00:22:09 - train: epoch 59, iter:40, loss: 0.0608, lr: 0.000381898505853397
2024-10-15 00:22:36 - train: epoch 59, iter:60, loss: 0.0755, lr: 0.000381898505853397
2024-10-15 00:22:47 - Finish one epoch train: epoch 59, loss: 0.0726, time(s): 94.93
2024-10-15 00:22:50 - train: epoch 60, iter:0, loss: 0.0681, lr: 0.00036689940251058173
2024-10-15 00:23:17 - train: epoch 60, iter:20, loss: 0.0641, lr: 0.00036689940251058173
2024-10-15 00:23:45 - train: epoch 60, iter:40, loss: 0.0641, lr: 0.00036689940251058173
2024-10-15 00:24:12 - train: epoch 60, iter:60, loss: 0.0731, lr: 0.00036689940251058173
2024-10-15 00:24:23 - Finish one epoch train: epoch 60, loss: 0.0796, time(s): 94.47
2024-10-15 00:24:25 - train: epoch 61, iter:0, loss: 0.0597, lr: 0.00035203658778440135
2024-10-15 00:24:52 - train: epoch 61, iter:20, loss: 0.0721, lr: 0.00035203658778440135
2024-10-15 00:25:20 - train: epoch 61, iter:40, loss: 0.0583, lr: 0.00035203658778440135
2024-10-15 00:25:47 - train: epoch 61, iter:60, loss: 0.0655, lr: 0.00035203658778440135
2024-10-15 00:25:58 - Finish one epoch train: epoch 61, loss: 0.0700, time(s): 94.76
2024-10-15 00:26:01 - train: epoch 62, iter:0, loss: 0.0737, lr: 0.00033732472947858096
2024-10-15 00:26:28 - train: epoch 62, iter:20, loss: 0.0629, lr: 0.00033732472947858096
2024-10-15 00:26:54 - train: epoch 62, iter:40, loss: 0.0528, lr: 0.00033732472947858096
2024-10-15 00:27:21 - train: epoch 62, iter:60, loss: 0.0583, lr: 0.00033732472947858096
2024-10-15 00:27:32 - Finish one epoch train: epoch 62, loss: 0.0738, time(s): 92.13
2024-10-15 00:27:34 - train: epoch 63, iter:0, loss: 0.0529, lr: 0.0003227783464210847
2024-10-15 00:28:01 - train: epoch 63, iter:20, loss: 0.0749, lr: 0.0003227783464210847
2024-10-15 00:28:28 - train: epoch 63, iter:40, loss: 0.0569, lr: 0.0003227783464210847
2024-10-15 00:28:55 - train: epoch 63, iter:60, loss: 0.0611, lr: 0.0003227783464210847
2024-10-15 00:29:06 - Finish one epoch train: epoch 63, loss: 0.0711, time(s): 94.04
2024-10-15 00:29:09 - train: epoch 64, iter:0, loss: 0.0613, lr: 0.0003084117941357837
2024-10-15 00:29:36 - train: epoch 64, iter:20, loss: 0.0581, lr: 0.0003084117941357837
2024-10-15 00:30:03 - train: epoch 64, iter:40, loss: 0.0704, lr: 0.0003084117941357837
2024-10-15 00:30:31 - train: epoch 64, iter:60, loss: 0.0658, lr: 0.0003084117941357837
2024-10-15 00:30:42 - Finish one epoch train: epoch 64, loss: 0.0705, time(s): 94.57
2024-10-15 00:30:44 - train: epoch 65, iter:0, loss: 0.0580, lr: 0.0002942392506752892
2024-10-15 00:31:12 - train: epoch 65, iter:20, loss: 0.0622, lr: 0.0002942392506752892
2024-10-15 00:31:39 - train: epoch 65, iter:40, loss: 0.0578, lr: 0.0002942392506752892
2024-10-15 00:32:06 - train: epoch 65, iter:60, loss: 0.0590, lr: 0.0002942392506752892
2024-10-15 00:32:17 - Finish one epoch train: epoch 65, loss: 0.0777, time(s): 94.30
2024-10-15 00:32:19 - train: epoch 66, iter:0, loss: 0.1595, lr: 0.0002802747026289245
2024-10-15 00:32:47 - train: epoch 66, iter:20, loss: 0.0594, lr: 0.0002802747026289245
2024-10-15 00:33:14 - train: epoch 66, iter:40, loss: 0.0570, lr: 0.0002802747026289245
2024-10-15 00:33:41 - train: epoch 66, iter:60, loss: 0.0584, lr: 0.0002802747026289245
2024-10-15 00:33:52 - Finish one epoch train: epoch 66, loss: 0.0729, time(s): 94.44
2024-10-15 00:33:55 - train: epoch 67, iter:0, loss: 0.0596, lr: 0.000266531931319651
2024-10-15 00:34:21 - train: epoch 67, iter:20, loss: 0.0604, lr: 0.000266531931319651
2024-10-15 00:34:48 - train: epoch 67, iter:40, loss: 0.0815, lr: 0.000266531931319651
2024-10-15 00:35:15 - train: epoch 67, iter:60, loss: 0.0632, lr: 0.000266531931319651
2024-10-15 00:35:26 - Finish one epoch train: epoch 67, loss: 0.0676, time(s): 92.56
2024-10-15 00:35:28 - train: epoch 68, iter:0, loss: 0.0635, lr: 0.0002530244992035663
2024-10-15 00:35:56 - train: epoch 68, iter:20, loss: 0.0651, lr: 0.0002530244992035663
2024-10-15 00:36:23 - train: epoch 68, iter:40, loss: 0.0525, lr: 0.0002530244992035663
2024-10-15 00:36:51 - train: epoch 68, iter:60, loss: 0.0628, lr: 0.0002530244992035663
2024-10-15 00:37:02 - Finish one epoch train: epoch 68, loss: 0.0712, time(s): 94.90
2024-10-15 00:37:04 - train: epoch 69, iter:0, loss: 0.0605, lr: 0.00023976573648539667
2024-10-15 00:37:32 - train: epoch 69, iter:20, loss: 0.0551, lr: 0.00023976573648539667
2024-10-15 00:37:59 - train: epoch 69, iter:40, loss: 0.0551, lr: 0.00023976573648539667
2024-10-15 00:38:26 - train: epoch 69, iter:60, loss: 0.0621, lr: 0.00023976573648539667
2024-10-15 00:38:37 - Finish one epoch train: epoch 69, loss: 0.0649, time(s): 94.96
2024-10-15 00:38:40 - train: epoch 70, iter:0, loss: 0.0628, lr: 0.00022676872796319544
2024-10-15 00:39:08 - train: epoch 70, iter:20, loss: 0.0703, lr: 0.00022676872796319544
2024-10-15 00:39:35 - train: epoch 70, iter:40, loss: 0.0458, lr: 0.00022676872796319544
2024-10-15 00:40:02 - train: epoch 70, iter:60, loss: 0.0575, lr: 0.00022676872796319544
2024-10-15 00:40:14 - Finish one epoch train: epoch 70, loss: 0.0616, time(s): 94.97
2024-10-15 00:40:16 - train: epoch 71, iter:0, loss: 0.0534, lr: 0.00021404630011522598
2024-10-15 00:40:44 - train: epoch 71, iter:20, loss: 0.0608, lr: 0.00021404630011522598
2024-10-15 00:41:11 - train: epoch 71, iter:40, loss: 0.0642, lr: 0.00021404630011522598
2024-10-15 00:41:39 - train: epoch 71, iter:60, loss: 0.0588, lr: 0.00021404630011522598
2024-10-15 00:41:50 - Finish one epoch train: epoch 71, loss: 0.0631, time(s): 94.95
2024-10-15 00:41:52 - train: epoch 72, iter:0, loss: 0.0527, lr: 0.00020161100844177672
2024-10-15 00:42:19 - train: epoch 72, iter:20, loss: 0.0631, lr: 0.00020161100844177672
2024-10-15 00:42:45 - train: epoch 72, iter:40, loss: 0.0585, lr: 0.00020161100844177672
2024-10-15 00:43:13 - train: epoch 72, iter:60, loss: 0.1471, lr: 0.00020161100844177672
2024-10-15 00:43:24 - Finish one epoch train: epoch 72, loss: 0.0644, time(s): 93.83
2024-10-15 00:43:27 - train: epoch 73, iter:0, loss: 0.0541, lr: 0.0001894751250743987
2024-10-15 00:43:54 - train: epoch 73, iter:20, loss: 0.0530, lr: 0.0001894751250743987
2024-10-15 00:44:21 - train: epoch 73, iter:40, loss: 0.0770, lr: 0.0001894751250743987
2024-10-15 00:44:49 - train: epoch 73, iter:60, loss: 0.0476, lr: 0.0001894751250743987
2024-10-15 00:45:00 - Finish one epoch train: epoch 73, loss: 0.0685, time(s): 94.61
2024-10-15 00:45:02 - train: epoch 74, iter:0, loss: 0.0615, lr: 0.00017765062666479255
2024-10-15 00:45:30 - train: epoch 74, iter:20, loss: 0.0547, lr: 0.00017765062666479255
2024-10-15 00:45:57 - train: epoch 74, iter:40, loss: 0.0595, lr: 0.00017765062666479255
2024-10-15 00:46:24 - train: epoch 74, iter:60, loss: 0.0502, lr: 0.00017765062666479255
2024-10-15 00:46:35 - Finish one epoch train: epoch 74, loss: 0.0569, time(s): 94.50
2024-10-15 00:46:38 - train: epoch 75, iter:0, loss: 0.0514, lr: 0.0001661491825652992
2024-10-15 00:47:06 - train: epoch 75, iter:20, loss: 0.0536, lr: 0.0001661491825652992
2024-10-15 00:47:33 - train: epoch 75, iter:40, loss: 0.0494, lr: 0.0001661491825652992
2024-10-15 00:48:01 - train: epoch 75, iter:60, loss: 0.0468, lr: 0.0001661491825652992
2024-10-15 00:48:12 - Finish one epoch train: epoch 75, loss: 0.0614, time(s): 95.42
2024-10-15 00:50:16 - idx 0 case case0008 mean_dice 0.654140 mean_hd95 12.332892
2024-10-15 00:51:27 - idx 1 case case0022 mean_dice 0.861990 mean_hd95 5.384094
2024-10-15 00:52:48 - idx 2 case case0038 mean_dice 0.772443 mean_hd95 41.159326
2024-10-15 00:55:28 - idx 3 case case0036 mean_dice 0.813588 mean_hd95 21.834112
2024-10-15 00:57:29 - idx 4 case case0032 mean_dice 0.891263 mean_hd95 4.792369
2024-10-15 00:59:23 - idx 5 case case0002 mean_dice 0.888532 mean_hd95 3.713525
2024-10-15 01:00:43 - idx 6 case case0029 mean_dice 0.694120 mean_hd95 64.144073
2024-10-15 01:03:33 - idx 7 case case0003 mean_dice 0.661577 mean_hd95 90.849275
2024-10-15 01:05:37 - idx 8 case case0001 mean_dice 0.742760 mean_hd95 24.083496
2024-10-15 01:07:31 - idx 9 case case0004 mean_dice 0.784591 mean_hd95 12.305824
2024-10-15 01:08:40 - idx 10 case case0025 mean_dice 0.783303 mean_hd95 28.077891
2024-10-15 01:09:45 - idx 11 case case0035 mean_dice 0.881805 mean_hd95 2.649440
2024-10-15 01:09:45 - Mean class 1 mean_dice 0.858636 mean_hd95 12.634011
2024-10-15 01:09:45 - Mean class 2 mean_dice 0.630829 mean_hd95 26.229263
2024-10-15 01:09:45 - Mean class 3 mean_dice 0.823743 mean_hd95 44.920590
2024-10-15 01:09:45 - Mean class 4 mean_dice 0.778189 mean_hd95 32.106917
2024-10-15 01:09:45 - Mean class 5 mean_dice 0.941936 mean_hd95 31.779859
2024-10-15 01:09:45 - Mean class 6 mean_dice 0.557715 mean_hd95 13.882081
2024-10-15 01:09:45 - Mean class 7 mean_dice 0.892669 mean_hd95 23.610009
2024-10-15 01:09:45 - Mean class 8 mean_dice 0.803026 mean_hd95 22.388149
2024-10-15 01:09:45 - val epoch: 75, mean_dice: 0.7858426883312648, mean_hd95: 25.943859730657618, time(s): 1293.42
2024-10-15 01:09:48 - train: epoch 76, iter:0, loss: 0.0535, lr: 0.00015498214331265912
2024-10-15 01:10:15 - train: epoch 76, iter:20, loss: 0.0536, lr: 0.00015498214331265912
2024-10-15 01:10:42 - train: epoch 76, iter:40, loss: 0.0546, lr: 0.00015498214331265912
2024-10-15 01:11:09 - train: epoch 76, iter:60, loss: 0.1116, lr: 0.00015498214331265912
2024-10-15 01:11:20 - Finish one epoch train: epoch 76, loss: 0.0616, time(s): 94.17
2024-10-15 01:11:22 - train: epoch 77, iter:0, loss: 0.0978, lr: 0.00014416052942640148
2024-10-15 01:11:50 - train: epoch 77, iter:20, loss: 0.1570, lr: 0.00014416052942640148
2024-10-15 01:12:17 - train: epoch 77, iter:40, loss: 0.0554, lr: 0.00014416052942640148
2024-10-15 01:12:44 - train: epoch 77, iter:60, loss: 0.0530, lr: 0.00014416052942640148
2024-10-15 01:12:55 - Finish one epoch train: epoch 77, loss: 0.0648, time(s): 94.49
2024-10-15 01:12:58 - train: epoch 78, iter:0, loss: 0.0536, lr: 0.00013369502053292258
2024-10-15 01:13:25 - train: epoch 78, iter:20, loss: 0.0512, lr: 0.00013369502053292258
2024-10-15 01:13:52 - train: epoch 78, iter:40, loss: 0.0571, lr: 0.00013369502053292258
2024-10-15 01:14:19 - train: epoch 78, iter:60, loss: 0.0627, lr: 0.00013369502053292258
2024-10-15 01:14:30 - Finish one epoch train: epoch 78, loss: 0.0611, time(s): 94.31
2024-10-15 01:14:33 - train: epoch 79, iter:0, loss: 0.0551, lr: 0.00012359594482598446
2024-10-15 01:15:00 - train: epoch 79, iter:20, loss: 0.1549, lr: 0.00012359594482598446
2024-10-15 01:15:27 - train: epoch 79, iter:40, loss: 0.0496, lr: 0.00012359594482598446
2024-10-15 01:15:55 - train: epoch 79, iter:60, loss: 0.0622, lr: 0.00012359594482598446
2024-10-15 01:16:06 - Finish one epoch train: epoch 79, loss: 0.0665, time(s): 95.17
2024-10-15 01:16:09 - train: epoch 80, iter:0, loss: 0.0474, lr: 0.00011387326887403332
2024-10-15 01:16:36 - train: epoch 80, iter:20, loss: 0.0677, lr: 0.00011387326887403332
2024-10-15 01:17:03 - train: epoch 80, iter:40, loss: 0.0536, lr: 0.00011387326887403332
2024-10-15 01:17:30 - train: epoch 80, iter:60, loss: 0.0473, lr: 0.00011387326887403332
2024-10-15 01:17:42 - Finish one epoch train: epoch 80, loss: 0.0659, time(s): 95.32
2024-10-15 01:17:45 - train: epoch 81, iter:0, loss: 0.0491, lr: 0.00010453658778440112
2024-10-15 01:18:12 - train: epoch 81, iter:20, loss: 0.0559, lr: 0.00010453658778440112
2024-10-15 01:18:40 - train: epoch 81, iter:40, loss: 0.1513, lr: 0.00010453658778440112
2024-10-15 01:19:07 - train: epoch 81, iter:60, loss: 0.0507, lr: 0.00010453658778440112
2024-10-15 01:19:18 - Finish one epoch train: epoch 81, loss: 0.0713, time(s): 94.73
2024-10-15 01:19:21 - train: epoch 82, iter:0, loss: 0.0632, lr: 9.5595115734092e-05
2024-10-15 01:19:48 - train: epoch 82, iter:20, loss: 0.1556, lr: 9.5595115734092e-05
2024-10-15 01:20:15 - train: epoch 82, iter:40, loss: 0.0529, lr: 9.5595115734092e-05
2024-10-15 01:20:42 - train: epoch 82, iter:60, loss: 0.0515, lr: 9.5595115734092e-05
2024-10-15 01:20:54 - Finish one epoch train: epoch 82, loss: 0.0712, time(s): 94.61
2024-10-15 01:20:56 - train: epoch 83, iter:0, loss: 0.0469, lr: 8.705767687650269e-05
2024-10-15 01:21:23 - train: epoch 83, iter:20, loss: 0.0542, lr: 8.705767687650269e-05
2024-10-15 01:21:51 - train: epoch 83, iter:40, loss: 0.0493, lr: 8.705767687650269e-05
2024-10-15 01:22:18 - train: epoch 83, iter:60, loss: 0.0525, lr: 8.705767687650269e-05
2024-10-15 01:22:29 - Finish one epoch train: epoch 83, loss: 0.0571, time(s): 94.74
2024-10-15 01:22:32 - train: epoch 84, iter:0, loss: 0.0554, lr: 7.893269663304787e-05
2024-10-15 01:22:59 - train: epoch 84, iter:20, loss: 0.0496, lr: 7.893269663304787e-05
2024-10-15 01:23:26 - train: epoch 84, iter:40, loss: 0.0536, lr: 7.893269663304787e-05
2024-10-15 01:23:53 - train: epoch 84, iter:60, loss: 0.0504, lr: 7.893269663304787e-05
2024-10-15 01:24:04 - Finish one epoch train: epoch 84, loss: 0.0625, time(s): 94.27
2024-10-15 01:24:07 - train: epoch 85, iter:0, loss: 0.0460, lr: 7.122819337828756e-05
2024-10-15 01:24:34 - train: epoch 85, iter:20, loss: 0.0568, lr: 7.122819337828756e-05
2024-10-15 01:25:02 - train: epoch 85, iter:40, loss: 0.0460, lr: 7.122819337828756e-05
2024-10-15 01:25:29 - train: epoch 85, iter:60, loss: 0.0510, lr: 7.122819337828756e-05
2024-10-15 01:25:40 - Finish one epoch train: epoch 85, loss: 0.0671, time(s): 94.92
2024-10-15 01:25:42 - train: epoch 86, iter:0, loss: 0.0507, lr: 6.395177052675798e-05
2024-10-15 01:26:10 - train: epoch 86, iter:20, loss: 0.0424, lr: 6.395177052675798e-05
2024-10-15 01:26:37 - train: epoch 86, iter:40, loss: 0.0528, lr: 6.395177052675798e-05
2024-10-15 01:27:05 - train: epoch 86, iter:60, loss: 0.0550, lr: 6.395177052675798e-05
2024-10-15 01:27:15 - Finish one epoch train: epoch 86, loss: 0.0611, time(s): 94.57
2024-10-15 01:27:18 - train: epoch 87, iter:0, loss: 0.0525, lr: 5.711060902932045e-05
2024-10-15 01:27:45 - train: epoch 87, iter:20, loss: 0.0509, lr: 5.711060902932045e-05
2024-10-15 01:28:12 - train: epoch 87, iter:40, loss: 0.0549, lr: 5.711060902932045e-05
2024-10-15 01:28:40 - train: epoch 87, iter:60, loss: 0.0572, lr: 5.711060902932045e-05
2024-10-15 01:28:51 - Finish one epoch train: epoch 87, loss: 0.0584, time(s): 95.11
2024-10-15 01:28:54 - train: epoch 88, iter:0, loss: 0.0506, lr: 5.071146028642948e-05
2024-10-15 01:29:21 - train: epoch 88, iter:20, loss: 0.0526, lr: 5.071146028642948e-05
2024-10-15 01:29:48 - train: epoch 88, iter:40, loss: 0.0518, lr: 5.071146028642948e-05
2024-10-15 01:30:16 - train: epoch 88, iter:60, loss: 0.0501, lr: 5.071146028642948e-05
2024-10-15 01:30:27 - Finish one epoch train: epoch 88, loss: 0.0566, time(s): 94.62
2024-10-15 01:30:29 - train: epoch 89, iter:0, loss: 0.2598, lr: 4.476063948531561e-05
2024-10-15 01:30:57 - train: epoch 89, iter:20, loss: 0.0551, lr: 4.476063948531561e-05
2024-10-15 01:31:24 - train: epoch 89, iter:40, loss: 0.0561, lr: 4.476063948531561e-05
2024-10-15 01:31:51 - train: epoch 89, iter:60, loss: 0.0383, lr: 4.476063948531561e-05
2024-10-15 01:32:02 - Finish one epoch train: epoch 89, loss: 0.0621, time(s): 94.46
2024-10-15 01:32:05 - train: epoch 90, iter:0, loss: 0.1013, lr: 3.9264019367658426e-05
2024-10-15 01:32:32 - train: epoch 90, iter:20, loss: 0.0438, lr: 3.9264019367658426e-05
2024-10-15 01:33:00 - train: epoch 90, iter:40, loss: 0.0524, lr: 3.9264019367658426e-05
2024-10-15 01:33:27 - train: epoch 90, iter:60, loss: 0.0441, lr: 3.9264019367658426e-05
2024-10-15 01:33:38 - Finish one epoch train: epoch 90, loss: 0.0557, time(s): 95.24
2024-10-15 01:33:41 - train: epoch 91, iter:0, loss: 0.0465, lr: 3.4227024433899026e-05
2024-10-15 01:34:09 - train: epoch 91, iter:20, loss: 0.0470, lr: 3.4227024433899026e-05
2024-10-15 01:34:36 - train: epoch 91, iter:40, loss: 0.0479, lr: 3.4227024433899026e-05
2024-10-15 01:35:03 - train: epoch 91, iter:60, loss: 0.0545, lr: 3.4227024433899026e-05
2024-10-15 01:35:14 - Finish one epoch train: epoch 91, loss: 0.0537, time(s): 94.74
2024-10-15 01:35:17 - train: epoch 92, iter:0, loss: 0.0486, lr: 2.9654625589913258e-05
2024-10-15 01:35:44 - train: epoch 92, iter:20, loss: 0.0781, lr: 2.9654625589913258e-05
2024-10-15 01:36:11 - train: epoch 92, iter:40, loss: 0.0477, lr: 2.9654625589913258e-05
2024-10-15 01:36:38 - train: epoch 92, iter:60, loss: 0.0504, lr: 2.9654625589913258e-05
2024-10-15 01:36:49 - Finish one epoch train: epoch 92, loss: 0.0600, time(s): 93.77
2024-10-15 01:36:51 - train: epoch 93, iter:0, loss: 0.0503, lr: 2.5551335241327692e-05
2024-10-15 01:37:19 - train: epoch 93, iter:20, loss: 0.0485, lr: 2.5551335241327692e-05
2024-10-15 01:37:45 - train: epoch 93, iter:40, loss: 0.0492, lr: 2.5551335241327692e-05
2024-10-15 01:38:13 - train: epoch 93, iter:60, loss: 0.0517, lr: 2.5551335241327692e-05
2024-10-15 01:38:24 - Finish one epoch train: epoch 93, loss: 0.0679, time(s): 93.83
2024-10-15 01:38:26 - train: epoch 94, iter:0, loss: 0.0459, lr: 2.192120284032009e-05
2024-10-15 01:38:53 - train: epoch 94, iter:20, loss: 0.0515, lr: 2.192120284032009e-05
2024-10-15 01:39:21 - train: epoch 94, iter:40, loss: 0.0530, lr: 2.192120284032009e-05
2024-10-15 01:39:49 - train: epoch 94, iter:60, loss: 0.0553, lr: 2.192120284032009e-05
2024-10-15 01:40:00 - Finish one epoch train: epoch 94, loss: 0.0646, time(s): 95.08
2024-10-15 01:40:02 - train: epoch 95, iter:0, loss: 0.0674, lr: 1.8767810889299096e-05
2024-10-15 01:40:30 - train: epoch 95, iter:20, loss: 0.0494, lr: 1.8767810889299096e-05
2024-10-15 01:40:57 - train: epoch 95, iter:40, loss: 0.0412, lr: 1.8767810889299096e-05
2024-10-15 01:41:24 - train: epoch 95, iter:60, loss: 0.0502, lr: 1.8767810889299096e-05
2024-10-15 01:41:35 - Finish one epoch train: epoch 95, loss: 0.0623, time(s): 94.91
2024-10-15 01:41:38 - train: epoch 96, iter:0, loss: 0.0771, lr: 1.609427140540687e-05
2024-10-15 01:42:05 - train: epoch 96, iter:20, loss: 0.0535, lr: 1.609427140540687e-05
2024-10-15 01:42:32 - train: epoch 96, iter:40, loss: 0.0511, lr: 1.609427140540687e-05
2024-10-15 01:42:59 - train: epoch 96, iter:60, loss: 0.0580, lr: 1.609427140540687e-05
2024-10-15 01:43:10 - Finish one epoch train: epoch 96, loss: 0.0613, time(s): 93.65
2024-10-15 01:43:12 - train: epoch 97, iter:0, loss: 0.0510, lr: 1.3903222849333514e-05
2024-10-15 01:43:39 - train: epoch 97, iter:20, loss: 0.0482, lr: 1.3903222849333514e-05
2024-10-15 01:44:06 - train: epoch 97, iter:40, loss: 0.0505, lr: 1.3903222849333514e-05
2024-10-15 01:44:33 - train: epoch 97, iter:60, loss: 0.0510, lr: 1.3903222849333514e-05
2024-10-15 01:44:44 - Finish one epoch train: epoch 97, loss: 0.0589, time(s): 93.75
2024-10-15 01:44:47 - train: epoch 98, iter:0, loss: 0.0521, lr: 1.2196827521475406e-05
2024-10-15 01:45:14 - train: epoch 98, iter:20, loss: 0.0541, lr: 1.2196827521475406e-05
2024-10-15 01:45:42 - train: epoch 98, iter:40, loss: 0.0529, lr: 1.2196827521475406e-05
2024-10-15 01:46:09 - train: epoch 98, iter:60, loss: 0.0500, lr: 1.2196827521475406e-05
2024-10-15 01:46:20 - Finish one epoch train: epoch 98, loss: 0.0531, time(s): 95.18
2024-10-15 01:46:23 - train: epoch 99, iter:0, loss: 0.0502, lr: 1.097676942800558e-05
2024-10-15 01:46:50 - train: epoch 99, iter:20, loss: 0.0464, lr: 1.097676942800558e-05
2024-10-15 01:47:18 - train: epoch 99, iter:40, loss: 0.0586, lr: 1.097676942800558e-05
2024-10-15 01:47:45 - train: epoch 99, iter:60, loss: 0.0482, lr: 1.097676942800558e-05
2024-10-15 01:47:56 - Finish one epoch train: epoch 99, loss: 0.0611, time(s): 94.60
2024-10-15 01:47:59 - train: epoch 100, iter:0, loss: 0.0474, lr: 1.024425261896286e-05
2024-10-15 01:48:26 - train: epoch 100, iter:20, loss: 0.0535, lr: 1.024425261896286e-05
2024-10-15 01:48:53 - train: epoch 100, iter:40, loss: 0.1353, lr: 1.024425261896286e-05
2024-10-15 01:49:20 - train: epoch 100, iter:60, loss: 0.0493, lr: 1.024425261896286e-05
2024-10-15 01:49:31 - Finish one epoch train: epoch 100, loss: 0.0551, time(s): 93.51
2024-10-15 01:51:32 - idx 0 case case0008 mean_dice 0.657024 mean_hd95 13.542791
2024-10-15 01:52:47 - idx 1 case case0022 mean_dice 0.861362 mean_hd95 7.273898
2024-10-15 01:54:07 - idx 2 case case0038 mean_dice 0.783996 mean_hd95 33.327143
2024-10-15 01:56:47 - idx 3 case case0036 mean_dice 0.824969 mean_hd95 21.150807
2024-10-15 01:58:50 - idx 4 case case0032 mean_dice 0.881027 mean_hd95 22.159109
2024-10-15 02:00:48 - idx 5 case case0002 mean_dice 0.890211 mean_hd95 3.223072
2024-10-15 02:02:08 - idx 6 case case0029 mean_dice 0.698211 mean_hd95 64.315903
2024-10-15 02:05:04 - idx 7 case case0003 mean_dice 0.664233 mean_hd95 97.230384
2024-10-15 02:07:12 - idx 8 case case0001 mean_dice 0.747517 mean_hd95 24.056639
2024-10-15 02:09:08 - idx 9 case case0004 mean_dice 0.788959 mean_hd95 12.313858
2024-10-15 02:10:17 - idx 10 case case0025 mean_dice 0.792461 mean_hd95 10.197688
2024-10-15 02:11:25 - idx 11 case case0035 mean_dice 0.879676 mean_hd95 2.777909
2024-10-15 02:11:25 - Mean class 1 mean_dice 0.860961 mean_hd95 14.903084
2024-10-15 02:11:25 - Mean class 2 mean_dice 0.649738 mean_hd95 24.845886
2024-10-15 02:11:25 - Mean class 3 mean_dice 0.828848 mean_hd95 42.362829
2024-10-15 02:11:25 - Mean class 4 mean_dice 0.777262 mean_hd95 32.389725
2024-10-15 02:11:25 - Mean class 5 mean_dice 0.941029 mean_hd95 35.392967
2024-10-15 02:11:25 - Mean class 6 mean_dice 0.586207 mean_hd95 14.545780
2024-10-15 02:11:25 - Mean class 7 mean_dice 0.880096 mean_hd95 24.992825
2024-10-15 02:11:25 - Mean class 8 mean_dice 0.788958 mean_hd95 18.279705
2024-10-15 02:11:25 - val epoch: 100, mean_dice: 0.7891372733126197, mean_hd95: 25.96410004706357, time(s): 1314.07
2024-10-15 02:13:33 - idx 0 case case0008 mean_dice 0.652547 mean_hd95 14.575611
2024-10-15 02:14:55 - idx 1 case case0022 mean_dice 0.860409 mean_hd95 8.922000
2024-10-15 02:16:21 - idx 2 case case0038 mean_dice 0.777931 mean_hd95 20.484755
2024-10-15 02:19:07 - idx 3 case case0036 mean_dice 0.826730 mean_hd95 19.823952
2024-10-15 02:21:15 - idx 4 case case0032 mean_dice 0.877161 mean_hd95 22.240469
2024-10-15 02:23:16 - idx 5 case case0002 mean_dice 0.889178 mean_hd95 3.029929
2024-10-15 02:24:40 - idx 6 case case0029 mean_dice 0.692022 mean_hd95 65.531406
2024-10-15 02:27:38 - idx 7 case case0003 mean_dice 0.668870 mean_hd95 95.842175
2024-10-15 02:29:57 - idx 8 case case0001 mean_dice 0.742649 mean_hd95 23.660560
