2024-10-13 17:51:42 - #----------Config info----------#
2024-10-13 17:51:42 - network: vmunet,
2024-10-13 17:51:42 - model_config: {'num_classes': 9, 'input_channels': 3, 'depths': [2, 2, 2, 2], 'depths_decoder': [2, 2, 2, 1], 'drop_path_rate': 0.2, 'load_ckpt_path': '/root/autodl-tmp/Medical_Project/data/pre_trained_weights/vmamba_small_e238_ema.pth'},
2024-10-13 17:51:42 - datasets_name: synapse,
2024-10-13 17:51:42 - input_size_h: 224,
2024-10-13 17:51:42 - input_size_w: 224,
2024-10-13 17:51:42 - data_path: /root/autodl-tmp/Medical_Project/data/synapse/project_TransUNet/data/Synapse/train_npz,
2024-10-13 17:51:42 - datasets: <class 'datasets.dataset.Synapse_dataset'>,
2024-10-13 17:51:42 - list_dir: /root/autodl-tmp/Medical_Project/data/synapse/project_TransUNet/TransUNet/lists/lists_Synapse,
2024-10-13 17:51:42 - volume_path: /root/autodl-tmp/Medical_Project/data/synapse/project_TransUNet/data/Synapse/test_vol_h5,
2024-10-13 17:51:42 - pretrained_path: ,
2024-10-13 17:51:42 - num_classes: 9,
2024-10-13 17:51:42 - loss_weight: [1, 1],
2024-10-13 17:51:42 - criterion: CeDiceLoss(
  (celoss): CrossEntropyLoss()
  (diceloss): nDiceLoss()
),
2024-10-13 17:51:42 - z_spacing: 1,
2024-10-13 17:51:42 - input_channels: 3,
2024-10-13 17:51:42 - distributed: False,
2024-10-13 17:51:42 - local_rank: -1,
2024-10-13 17:51:42 - num_workers: 0,
2024-10-13 17:51:42 - seed: 2222,
2024-10-13 17:51:42 - world_size: None,
2024-10-13 17:51:42 - rank: None,
2024-10-13 17:51:42 - amp: False,
2024-10-13 17:51:42 - batch_size: 32,
2024-10-13 17:51:42 - epochs: 100,
2024-10-13 17:51:42 - work_dir: results/vmunet_synapse_Sunday_13_October_2024_17h_51m_42s/,
2024-10-13 17:51:42 - print_interval: 20,
2024-10-13 17:51:42 - val_interval: 25,
2024-10-13 17:51:42 - test_weights_path: ,
2024-10-13 17:51:42 - threshold: 0.5,
2024-10-13 17:51:42 - opt: AdamW,
2024-10-13 17:51:42 - lr: 0.001,
2024-10-13 17:51:42 - betas: (0.9, 0.999),
2024-10-13 17:51:42 - eps: 1e-08,
2024-10-13 17:51:42 - weight_decay: 0.01,
2024-10-13 17:51:42 - amsgrad: False,
2024-10-13 17:51:42 - sch: CosineAnnealingLR,
2024-10-13 17:51:42 - T_max: 100,
2024-10-13 17:51:42 - eta_min: 1e-05,
2024-10-13 17:51:42 - last_epoch: -1,
2024-10-13 17:51:45 - train: epoch 1, iter:0, loss: 3.1672, lr: 0.001
2024-10-13 17:52:09 - train: epoch 1, iter:20, loss: 0.9065, lr: 0.001
2024-10-13 17:52:33 - train: epoch 1, iter:40, loss: 0.6397, lr: 0.001
2024-10-13 17:52:56 - train: epoch 1, iter:60, loss: 0.6397, lr: 0.001
2024-10-13 17:53:06 - Finish one epoch train: epoch 1, loss: 0.8530, time(s): 81.88
2024-10-13 17:53:08 - train: epoch 2, iter:0, loss: 0.5036, lr: 0.0009997557473810372
2024-10-13 17:53:31 - train: epoch 2, iter:20, loss: 0.4844, lr: 0.0009997557473810372
2024-10-13 17:53:54 - train: epoch 2, iter:40, loss: 0.4480, lr: 0.0009997557473810372
2024-10-13 17:54:17 - train: epoch 2, iter:60, loss: 0.3677, lr: 0.0009997557473810372
2024-10-13 17:54:26 - Finish one epoch train: epoch 2, loss: 0.4803, time(s): 79.80
2024-10-13 17:54:28 - train: epoch 3, iter:0, loss: 0.3405, lr: 0.0009990232305719946
2024-10-13 17:54:52 - train: epoch 3, iter:20, loss: 0.4224, lr: 0.0009990232305719946
2024-10-13 17:55:15 - train: epoch 3, iter:40, loss: 0.4043, lr: 0.0009990232305719946
2024-10-13 17:55:38 - train: epoch 3, iter:60, loss: 0.3325, lr: 0.0009990232305719946
2024-10-13 17:55:48 - Finish one epoch train: epoch 3, loss: 0.3622, time(s): 80.33
2024-10-13 17:55:50 - train: epoch 4, iter:0, loss: 0.2918, lr: 0.0009978031724785247
2024-10-13 17:56:13 - train: epoch 4, iter:20, loss: 0.2441, lr: 0.0009978031724785247
2024-10-13 17:56:36 - train: epoch 4, iter:40, loss: 0.3184, lr: 0.0009978031724785247
2024-10-13 17:56:59 - train: epoch 4, iter:60, loss: 0.2977, lr: 0.0009978031724785247
2024-10-13 17:57:08 - Finish one epoch train: epoch 4, loss: 0.3075, time(s): 79.75
2024-10-13 17:57:11 - train: epoch 5, iter:0, loss: 0.2637, lr: 0.0009960967771506667
2024-10-13 17:57:34 - train: epoch 5, iter:20, loss: 0.2945, lr: 0.0009960967771506667
2024-10-13 17:57:57 - train: epoch 5, iter:40, loss: 0.3195, lr: 0.0009960967771506667
2024-10-13 17:58:20 - train: epoch 5, iter:60, loss: 0.3200, lr: 0.0009960967771506667
2024-10-13 17:58:30 - Finish one epoch train: epoch 5, loss: 0.2566, time(s): 80.39
2024-10-13 17:58:32 - train: epoch 6, iter:0, loss: 0.2503, lr: 0.0009939057285945933
2024-10-13 17:58:55 - train: epoch 6, iter:20, loss: 0.2253, lr: 0.0009939057285945933
2024-10-13 17:59:18 - train: epoch 6, iter:40, loss: 0.2380, lr: 0.0009939057285945933
2024-10-13 17:59:41 - train: epoch 6, iter:60, loss: 0.1881, lr: 0.0009939057285945933
2024-10-13 17:59:50 - Finish one epoch train: epoch 6, loss: 0.2344, time(s): 79.56
2024-10-13 17:59:53 - train: epoch 7, iter:0, loss: 0.2065, lr: 0.0009912321891107012
2024-10-13 18:00:16 - train: epoch 7, iter:20, loss: 0.2133, lr: 0.0009912321891107012
2024-10-13 18:00:39 - train: epoch 7, iter:40, loss: 0.1810, lr: 0.0009912321891107012
2024-10-13 18:01:02 - train: epoch 7, iter:60, loss: 0.2650, lr: 0.0009912321891107012
2024-10-13 18:01:11 - Finish one epoch train: epoch 7, loss: 0.2009, time(s): 79.95
2024-10-13 18:01:14 - train: epoch 8, iter:0, loss: 0.2680, lr: 0.0009880787971596802
2024-10-13 18:01:37 - train: epoch 8, iter:20, loss: 0.1767, lr: 0.0009880787971596802
2024-10-13 18:02:00 - train: epoch 8, iter:40, loss: 0.2048, lr: 0.0009880787971596802
2024-10-13 18:02:23 - train: epoch 8, iter:60, loss: 0.2061, lr: 0.0009880787971596802
2024-10-13 18:02:33 - Finish one epoch train: epoch 8, loss: 0.2017, time(s): 80.26
2024-10-13 18:02:35 - train: epoch 9, iter:0, loss: 0.2418, lr: 0.0009844486647586726
2024-10-13 18:02:58 - train: epoch 9, iter:20, loss: 0.1769, lr: 0.0009844486647586726
2024-10-13 18:03:21 - train: epoch 9, iter:40, loss: 0.1655, lr: 0.0009844486647586726
2024-10-13 18:03:44 - train: epoch 9, iter:60, loss: 0.1476, lr: 0.0009844486647586726
2024-10-13 18:03:53 - Finish one epoch train: epoch 9, loss: 0.1801, time(s): 79.96
2024-10-13 18:03:55 - train: epoch 10, iter:0, loss: 0.1485, lr: 0.000980345374410087
2024-10-13 18:04:19 - train: epoch 10, iter:20, loss: 0.1813, lr: 0.000980345374410087
2024-10-13 18:04:42 - train: epoch 10, iter:40, loss: 0.1573, lr: 0.000980345374410087
2024-10-13 18:05:06 - train: epoch 10, iter:60, loss: 0.1516, lr: 0.000980345374410087
2024-10-13 18:05:15 - Finish one epoch train: epoch 10, loss: 0.1809, time(s): 80.60
2024-10-13 18:05:17 - train: epoch 11, iter:0, loss: 0.1326, lr: 0.0009757729755661012
2024-10-13 18:05:40 - train: epoch 11, iter:20, loss: 0.1583, lr: 0.0009757729755661012
2024-10-13 18:06:03 - train: epoch 11, iter:40, loss: 0.1858, lr: 0.0009757729755661012
2024-10-13 18:06:26 - train: epoch 11, iter:60, loss: 0.1299, lr: 0.0009757729755661012
2024-10-13 18:06:36 - Finish one epoch train: epoch 11, loss: 0.1685, time(s): 79.97
2024-10-13 18:06:38 - train: epoch 12, iter:0, loss: 0.1330, lr: 0.0009707359806323418
2024-10-13 18:07:01 - train: epoch 12, iter:20, loss: 0.1341, lr: 0.0009707359806323418
2024-10-13 18:07:24 - train: epoch 12, iter:40, loss: 0.1466, lr: 0.0009707359806323418
2024-10-13 18:07:47 - train: epoch 12, iter:60, loss: 0.1783, lr: 0.0009707359806323418
2024-10-13 18:07:57 - Finish one epoch train: epoch 12, loss: 0.1632, time(s): 80.21
2024-10-13 18:07:59 - train: epoch 13, iter:0, loss: 0.1718, lr: 0.0009652393605146846
2024-10-13 18:08:22 - train: epoch 13, iter:20, loss: 0.1610, lr: 0.0009652393605146846
2024-10-13 18:08:46 - train: epoch 13, iter:40, loss: 0.1276, lr: 0.0009652393605146846
2024-10-13 18:09:09 - train: epoch 13, iter:60, loss: 0.1548, lr: 0.0009652393605146846
2024-10-13 18:09:18 - Finish one epoch train: epoch 13, loss: 0.1704, time(s): 80.31
2024-10-13 18:09:20 - train: epoch 14, iter:0, loss: 0.1220, lr: 0.0009592885397135708
2024-10-13 18:09:43 - train: epoch 14, iter:20, loss: 0.1732, lr: 0.0009592885397135708
2024-10-13 18:10:06 - train: epoch 14, iter:40, loss: 0.0981, lr: 0.0009592885397135708
2024-10-13 18:10:29 - train: epoch 14, iter:60, loss: 0.1156, lr: 0.0009592885397135708
2024-10-13 18:10:39 - Finish one epoch train: epoch 14, loss: 0.1386, time(s): 79.83
2024-10-13 18:10:41 - train: epoch 15, iter:0, loss: 0.2109, lr: 0.0009528893909706799
2024-10-13 18:11:04 - train: epoch 15, iter:20, loss: 0.1323, lr: 0.0009528893909706799
2024-10-13 18:11:27 - train: epoch 15, iter:40, loss: 0.1282, lr: 0.0009528893909706799
2024-10-13 18:11:51 - train: epoch 15, iter:60, loss: 0.1258, lr: 0.0009528893909706799
2024-10-13 18:12:00 - Finish one epoch train: epoch 15, loss: 0.1409, time(s): 80.67
2024-10-13 18:12:02 - train: epoch 16, iter:0, loss: 0.2241, lr: 0.0009460482294732424
2024-10-13 18:12:25 - train: epoch 16, iter:20, loss: 0.1383, lr: 0.0009460482294732424
2024-10-13 18:12:49 - train: epoch 16, iter:40, loss: 0.1150, lr: 0.0009460482294732424
2024-10-13 18:13:12 - train: epoch 16, iter:60, loss: 0.2220, lr: 0.0009460482294732424
2024-10-13 18:13:21 - Finish one epoch train: epoch 16, loss: 0.1307, time(s): 80.04
2024-10-13 18:13:23 - train: epoch 17, iter:0, loss: 0.1160, lr: 0.0009387718066217127
2024-10-13 18:13:46 - train: epoch 17, iter:20, loss: 0.0822, lr: 0.0009387718066217127
2024-10-13 18:14:09 - train: epoch 17, iter:40, loss: 0.1070, lr: 0.0009387718066217127
2024-10-13 18:14:33 - train: epoch 17, iter:60, loss: 0.1051, lr: 0.0009387718066217127
2024-10-13 18:14:42 - Finish one epoch train: epoch 17, loss: 0.1248, time(s): 80.01
2024-10-13 18:14:44 - train: epoch 18, iter:0, loss: 0.0958, lr: 0.0009310673033669524
2024-10-13 18:15:07 - train: epoch 18, iter:20, loss: 0.1153, lr: 0.0009310673033669524
2024-10-13 18:15:30 - train: epoch 18, iter:40, loss: 0.1442, lr: 0.0009310673033669524
2024-10-13 18:15:54 - train: epoch 18, iter:60, loss: 0.0795, lr: 0.0009310673033669524
2024-10-13 18:16:03 - Finish one epoch train: epoch 18, loss: 0.1294, time(s): 79.47
2024-10-13 18:16:05 - train: epoch 19, iter:0, loss: 0.1154, lr: 0.0009229423231234977
2024-10-13 18:16:27 - train: epoch 19, iter:20, loss: 0.1375, lr: 0.0009229423231234977
2024-10-13 18:16:51 - train: epoch 19, iter:40, loss: 0.1117, lr: 0.0009229423231234977
2024-10-13 18:17:13 - train: epoch 19, iter:60, loss: 0.1132, lr: 0.0009229423231234977
2024-10-13 18:17:23 - Finish one epoch train: epoch 19, loss: 0.1191, time(s): 79.41
2024-10-13 18:17:25 - train: epoch 20, iter:0, loss: 0.1896, lr: 0.0009144048842659084
2024-10-13 18:17:48 - train: epoch 20, iter:20, loss: 0.1090, lr: 0.0009144048842659084
2024-10-13 18:18:11 - train: epoch 20, iter:40, loss: 0.1069, lr: 0.0009144048842659084
2024-10-13 18:18:34 - train: epoch 20, iter:60, loss: 0.1151, lr: 0.0009144048842659084
2024-10-13 18:18:44 - Finish one epoch train: epoch 20, loss: 0.1241, time(s): 79.97
2024-10-13 18:18:46 - train: epoch 21, iter:0, loss: 0.2066, lr: 0.0009054634122155993
2024-10-13 18:19:09 - train: epoch 21, iter:20, loss: 0.1018, lr: 0.0009054634122155993
2024-10-13 18:19:32 - train: epoch 21, iter:40, loss: 0.1055, lr: 0.0009054634122155993
2024-10-13 18:19:55 - train: epoch 21, iter:60, loss: 0.1165, lr: 0.0009054634122155993
2024-10-13 18:20:05 - Finish one epoch train: epoch 21, loss: 0.1119, time(s): 80.10
2024-10-13 18:20:07 - train: epoch 22, iter:0, loss: 0.1269, lr: 0.000896126731125967
2024-10-13 18:20:30 - train: epoch 22, iter:20, loss: 0.1099, lr: 0.000896126731125967
2024-10-13 18:20:54 - train: epoch 22, iter:40, loss: 0.1088, lr: 0.000896126731125967
2024-10-13 18:21:17 - train: epoch 22, iter:60, loss: 0.0952, lr: 0.000896126731125967
2024-10-13 18:21:26 - Finish one epoch train: epoch 22, loss: 0.1122, time(s): 80.51
2024-10-13 18:21:28 - train: epoch 23, iter:0, loss: 0.1783, lr: 0.000886404055174016
2024-10-13 18:21:52 - train: epoch 23, iter:20, loss: 0.1085, lr: 0.000886404055174016
2024-10-13 18:22:15 - train: epoch 23, iter:40, loss: 0.0865, lr: 0.000886404055174016
2024-10-13 18:22:38 - train: epoch 23, iter:60, loss: 0.1000, lr: 0.000886404055174016
2024-10-13 18:22:48 - Finish one epoch train: epoch 23, loss: 0.1153, time(s): 80.64
2024-10-13 18:22:50 - train: epoch 24, iter:0, loss: 0.1148, lr: 0.0008763049794670778
2024-10-13 18:23:13 - train: epoch 24, iter:20, loss: 0.0993, lr: 0.0008763049794670778
2024-10-13 18:23:36 - train: epoch 24, iter:40, loss: 0.1563, lr: 0.0008763049794670778
2024-10-13 18:23:59 - train: epoch 24, iter:60, loss: 0.1030, lr: 0.0008763049794670778
2024-10-13 18:24:09 - Finish one epoch train: epoch 24, loss: 0.1111, time(s): 80.21
2024-10-13 18:24:11 - train: epoch 25, iter:0, loss: 0.1038, lr: 0.000865839470573599
2024-10-13 18:24:34 - train: epoch 25, iter:20, loss: 0.1002, lr: 0.000865839470573599
2024-10-13 18:24:57 - train: epoch 25, iter:40, loss: 0.0987, lr: 0.000865839470573599
2024-10-13 18:25:20 - train: epoch 25, iter:60, loss: 0.0982, lr: 0.000865839470573599
2024-10-13 18:25:30 - Finish one epoch train: epoch 25, loss: 0.1089, time(s): 79.86
2024-10-13 18:27:23 - idx 0 case case0008 mean_dice 0.633100 mean_hd95 29.792134
2024-10-13 18:28:37 - idx 1 case case0022 mean_dice 0.884513 mean_hd95 21.202591
2024-10-13 18:29:58 - idx 2 case case0038 mean_dice 0.829938 mean_hd95 8.255936
2024-10-13 18:32:28 - idx 3 case case0036 mean_dice 0.791541 mean_hd95 26.478714
2024-10-13 18:34:17 - idx 4 case case0032 mean_dice 0.876558 mean_hd95 13.121916
2024-10-13 18:36:02 - idx 5 case case0002 mean_dice 0.846910 mean_hd95 23.819473
2024-10-13 18:37:23 - idx 6 case case0029 mean_dice 0.729481 mean_hd95 40.029449
2024-10-13 18:40:03 - idx 7 case case0003 mean_dice 0.556232 mean_hd95 108.280991
2024-10-13 18:41:55 - idx 8 case case0001 mean_dice 0.764568 mean_hd95 14.311427
2024-10-13 18:43:39 - idx 9 case case0004 mean_dice 0.779160 mean_hd95 24.093276
2024-10-13 18:44:47 - idx 10 case case0025 mean_dice 0.739806 mean_hd95 43.155900
2024-10-13 18:45:50 - idx 11 case case0035 mean_dice 0.857334 mean_hd95 4.180845
2024-10-13 18:45:50 - Mean class 1 mean_dice 0.860039 mean_hd95 7.135252
2024-10-13 18:45:50 - Mean class 2 mean_dice 0.663590 mean_hd95 38.422901
2024-10-13 18:45:50 - Mean class 3 mean_dice 0.782282 mean_hd95 61.428476
2024-10-13 18:45:50 - Mean class 4 mean_dice 0.741794 mean_hd95 46.410107
2024-10-13 18:45:50 - Mean class 5 mean_dice 0.937045 mean_hd95 16.323936
2024-10-13 18:45:50 - Mean class 6 mean_dice 0.555940 mean_hd95 17.243298
2024-10-13 18:45:50 - Mean class 7 mean_dice 0.866999 mean_hd95 31.014296
2024-10-13 18:45:50 - Mean class 8 mean_dice 0.785072 mean_hd95 19.836835
2024-10-13 18:45:50 - val epoch: 25, mean_dice: 0.7740950815501029, mean_hd95: 29.726887676730023, time(s): 1220.30
2024-10-13 18:45:52 - train: epoch 26, iter:0, loss: 0.0955, lr: 0.0008550178566873413
2024-10-13 18:46:15 - train: epoch 26, iter:20, loss: 0.0991, lr: 0.0008550178566873413
2024-10-13 18:46:38 - train: epoch 26, iter:40, loss: 0.1044, lr: 0.0008550178566873413
2024-10-13 18:47:01 - train: epoch 26, iter:60, loss: 0.1004, lr: 0.0008550178566873413
2024-10-13 18:47:10 - Finish one epoch train: epoch 26, loss: 0.0959, time(s): 79.42
2024-10-13 18:47:12 - train: epoch 27, iter:0, loss: 0.0827, lr: 0.0008438508174347012
2024-10-13 18:47:35 - train: epoch 27, iter:20, loss: 0.0978, lr: 0.0008438508174347012
2024-10-13 18:47:59 - train: epoch 27, iter:40, loss: 0.0908, lr: 0.0008438508174347012
2024-10-13 18:48:22 - train: epoch 27, iter:60, loss: 0.1064, lr: 0.0008438508174347012
2024-10-13 18:48:31 - Finish one epoch train: epoch 27, loss: 0.1133, time(s): 79.42
2024-10-13 18:48:33 - train: epoch 28, iter:0, loss: 0.0985, lr: 0.000832349373335208
2024-10-13 18:48:56 - train: epoch 28, iter:20, loss: 0.0983, lr: 0.000832349373335208
2024-10-13 18:49:19 - train: epoch 28, iter:40, loss: 0.0791, lr: 0.000832349373335208
2024-10-13 18:49:42 - train: epoch 28, iter:60, loss: 0.0885, lr: 0.000832349373335208
2024-10-13 18:49:51 - Finish one epoch train: epoch 28, loss: 0.0997, time(s): 79.81
2024-10-13 18:49:53 - train: epoch 29, iter:0, loss: 0.1111, lr: 0.0008205248749256018
2024-10-13 18:50:16 - train: epoch 29, iter:20, loss: 0.0898, lr: 0.0008205248749256018
2024-10-13 18:50:39 - train: epoch 29, iter:40, loss: 0.1110, lr: 0.0008205248749256018
2024-10-13 18:51:03 - train: epoch 29, iter:60, loss: 0.0909, lr: 0.0008205248749256018
2024-10-13 18:51:12 - Finish one epoch train: epoch 29, loss: 0.0992, time(s): 80.08
2024-10-13 18:51:14 - train: epoch 30, iter:0, loss: 0.1022, lr: 0.0008083889915582238
2024-10-13 18:51:37 - train: epoch 30, iter:20, loss: 0.0978, lr: 0.0008083889915582238
2024-10-13 18:52:00 - train: epoch 30, iter:40, loss: 0.0900, lr: 0.0008083889915582238
2024-10-13 18:52:24 - train: epoch 30, iter:60, loss: 0.0832, lr: 0.0008083889915582238
2024-10-13 18:52:33 - Finish one epoch train: epoch 30, loss: 0.0967, time(s): 80.22
2024-10-13 18:52:35 - train: epoch 31, iter:0, loss: 0.0877, lr: 0.0007959536998847747
2024-10-13 18:52:58 - train: epoch 31, iter:20, loss: 0.0920, lr: 0.0007959536998847747
2024-10-13 18:53:21 - train: epoch 31, iter:40, loss: 0.0626, lr: 0.0007959536998847747
2024-10-13 18:53:46 - train: epoch 31, iter:60, loss: 0.0812, lr: 0.0007959536998847747
2024-10-13 18:53:55 - Finish one epoch train: epoch 31, loss: 0.0947, time(s): 81.44
2024-10-13 18:53:58 - train: epoch 32, iter:0, loss: 0.0723, lr: 0.0007832312720368051
2024-10-13 18:54:21 - train: epoch 32, iter:20, loss: 0.1604, lr: 0.0007832312720368051
2024-10-13 18:54:44 - train: epoch 32, iter:40, loss: 0.0676, lr: 0.0007832312720368051
2024-10-13 18:55:07 - train: epoch 32, iter:60, loss: 0.0735, lr: 0.0007832312720368051
2024-10-13 18:55:17 - Finish one epoch train: epoch 32, loss: 0.0828, time(s): 80.48
2024-10-13 18:55:19 - train: epoch 33, iter:0, loss: 0.0687, lr: 0.0007702342635146037
2024-10-13 18:55:42 - train: epoch 33, iter:20, loss: 0.0696, lr: 0.0007702342635146037
2024-10-13 18:56:06 - train: epoch 33, iter:40, loss: 0.0719, lr: 0.0007702342635146037
2024-10-13 18:56:29 - train: epoch 33, iter:60, loss: 0.0705, lr: 0.0007702342635146037
2024-10-13 18:56:38 - Finish one epoch train: epoch 33, loss: 0.0880, time(s): 79.76
2024-10-13 18:56:40 - train: epoch 34, iter:0, loss: 0.0730, lr: 0.0007569755007964342
2024-10-13 18:57:03 - train: epoch 34, iter:20, loss: 0.0802, lr: 0.0007569755007964342
2024-10-13 18:57:26 - train: epoch 34, iter:40, loss: 0.0761, lr: 0.0007569755007964342
2024-10-13 18:57:48 - train: epoch 34, iter:60, loss: 0.0729, lr: 0.0007569755007964342
2024-10-13 18:57:58 - Finish one epoch train: epoch 34, loss: 0.0921, time(s): 79.67
2024-10-13 18:58:00 - train: epoch 35, iter:0, loss: 0.0694, lr: 0.0007434680686803494
2024-10-13 18:58:24 - train: epoch 35, iter:20, loss: 0.0794, lr: 0.0007434680686803494
2024-10-13 18:58:47 - train: epoch 35, iter:40, loss: 0.0699, lr: 0.0007434680686803494
2024-10-13 18:59:10 - train: epoch 35, iter:60, loss: 0.1196, lr: 0.0007434680686803494
2024-10-13 18:59:19 - Finish one epoch train: epoch 35, loss: 0.0827, time(s): 79.86
2024-10-13 18:59:21 - train: epoch 36, iter:0, loss: 0.0783, lr: 0.0007297252973710761
2024-10-13 18:59:44 - train: epoch 36, iter:20, loss: 0.1007, lr: 0.0007297252973710761
2024-10-13 19:00:07 - train: epoch 36, iter:40, loss: 0.0712, lr: 0.0007297252973710761
2024-10-13 19:00:31 - train: epoch 36, iter:60, loss: 0.0694, lr: 0.0007297252973710761
2024-10-13 19:00:40 - Finish one epoch train: epoch 36, loss: 0.0927, time(s): 80.43
2024-10-13 19:00:42 - train: epoch 37, iter:0, loss: 0.0785, lr: 0.0007157607493247114
2024-10-13 19:01:05 - train: epoch 37, iter:20, loss: 0.0812, lr: 0.0007157607493247114
2024-10-13 19:01:28 - train: epoch 37, iter:40, loss: 0.0666, lr: 0.0007157607493247114
2024-10-13 19:01:51 - train: epoch 37, iter:60, loss: 0.0713, lr: 0.0007157607493247114
2024-10-13 19:02:00 - Finish one epoch train: epoch 37, loss: 0.0841, time(s): 79.34
2024-10-13 19:02:02 - train: epoch 38, iter:0, loss: 0.0894, lr: 0.0007015882058642168
2024-10-13 19:02:26 - train: epoch 38, iter:20, loss: 0.0735, lr: 0.0007015882058642168
2024-10-13 19:02:49 - train: epoch 38, iter:40, loss: 0.0796, lr: 0.0007015882058642168
2024-10-13 19:03:12 - train: epoch 38, iter:60, loss: 0.0837, lr: 0.0007015882058642168
2024-10-13 19:03:21 - Finish one epoch train: epoch 38, loss: 0.0853, time(s): 80.59
2024-10-13 19:03:23 - train: epoch 39, iter:0, loss: 0.0654, lr: 0.0006872216535789162
2024-10-13 19:03:46 - train: epoch 39, iter:20, loss: 0.0702, lr: 0.0006872216535789162
2024-10-13 19:04:10 - train: epoch 39, iter:40, loss: 0.0754, lr: 0.0006872216535789162
2024-10-13 19:04:33 - train: epoch 39, iter:60, loss: 0.0849, lr: 0.0006872216535789162
2024-10-13 19:04:42 - Finish one epoch train: epoch 39, loss: 0.0831, time(s): 80.03
2024-10-13 19:04:44 - train: epoch 40, iter:0, loss: 0.0655, lr: 0.0006726752705214198
2024-10-13 19:05:08 - train: epoch 40, iter:20, loss: 0.0671, lr: 0.0006726752705214198
2024-10-13 19:05:31 - train: epoch 40, iter:40, loss: 0.0777, lr: 0.0006726752705214198
2024-10-13 19:05:54 - train: epoch 40, iter:60, loss: 0.0522, lr: 0.0006726752705214198
2024-10-13 19:06:04 - Finish one epoch train: epoch 40, loss: 0.0867, time(s): 80.84
2024-10-13 19:06:06 - train: epoch 41, iter:0, loss: 0.0624, lr: 0.0006579634122155995
2024-10-13 19:06:29 - train: epoch 41, iter:20, loss: 0.0797, lr: 0.0006579634122155995
2024-10-13 19:06:52 - train: epoch 41, iter:40, loss: 0.0987, lr: 0.0006579634122155995
2024-10-13 19:07:15 - train: epoch 41, iter:60, loss: 0.1033, lr: 0.0006579634122155995
2024-10-13 19:07:24 - Finish one epoch train: epoch 41, loss: 0.0763, time(s): 79.14
2024-10-13 19:07:26 - train: epoch 42, iter:0, loss: 0.0692, lr: 0.000643100597489419
2024-10-13 19:07:49 - train: epoch 42, iter:20, loss: 0.0602, lr: 0.000643100597489419
2024-10-13 19:08:12 - train: epoch 42, iter:40, loss: 0.0842, lr: 0.000643100597489419
2024-10-13 19:08:35 - train: epoch 42, iter:60, loss: 0.0673, lr: 0.000643100597489419
2024-10-13 19:08:44 - Finish one epoch train: epoch 42, loss: 0.0850, time(s): 79.19
2024-10-13 19:08:46 - train: epoch 43, iter:0, loss: 0.0630, lr: 0.0006281014941466035
2024-10-13 19:09:09 - train: epoch 43, iter:20, loss: 0.0765, lr: 0.0006281014941466035
2024-10-13 19:09:32 - train: epoch 43, iter:40, loss: 0.0831, lr: 0.0006281014941466035
2024-10-13 19:09:56 - train: epoch 43, iter:60, loss: 0.0811, lr: 0.0006281014941466035
2024-10-13 19:10:05 - Finish one epoch train: epoch 43, loss: 0.0861, time(s): 80.45
2024-10-13 19:10:07 - train: epoch 44, iter:0, loss: 0.0610, lr: 0.000612980904491289
2024-10-13 19:10:31 - train: epoch 44, iter:20, loss: 0.0620, lr: 0.000612980904491289
2024-10-13 19:10:54 - train: epoch 44, iter:40, loss: 0.0682, lr: 0.000612980904491289
2024-10-13 19:11:17 - train: epoch 44, iter:60, loss: 0.0863, lr: 0.000612980904491289
2024-10-13 19:11:27 - Finish one epoch train: epoch 44, loss: 0.0945, time(s): 80.71
2024-10-13 19:11:29 - train: epoch 45, iter:0, loss: 0.0785, lr: 0.0005977537507199342
2024-10-13 19:11:51 - train: epoch 45, iter:20, loss: 0.0797, lr: 0.0005977537507199342
2024-10-13 19:12:15 - train: epoch 45, iter:40, loss: 0.0691, lr: 0.0005977537507199342
2024-10-13 19:12:38 - train: epoch 45, iter:60, loss: 0.0594, lr: 0.0005977537507199342
2024-10-13 19:12:48 - Finish one epoch train: epoch 45, loss: 0.0882, time(s): 80.22
2024-10-13 19:12:49 - train: epoch 46, iter:0, loss: 0.0682, lr: 0.0005824350601949147
2024-10-13 19:13:13 - train: epoch 46, iter:20, loss: 0.0723, lr: 0.0005824350601949147
2024-10-13 19:13:36 - train: epoch 46, iter:40, loss: 0.0772, lr: 0.0005824350601949147
2024-10-13 19:13:59 - train: epoch 46, iter:60, loss: 0.0679, lr: 0.0005824350601949147
2024-10-13 19:14:08 - Finish one epoch train: epoch 46, loss: 0.0800, time(s): 79.89
2024-10-13 19:14:10 - train: epoch 47, iter:0, loss: 0.0587, lr: 0.000567039950614331
2024-10-13 19:14:34 - train: epoch 47, iter:20, loss: 0.0606, lr: 0.000567039950614331
2024-10-13 19:14:57 - train: epoch 47, iter:40, loss: 0.0635, lr: 0.000567039950614331
2024-10-13 19:15:19 - train: epoch 47, iter:60, loss: 0.0634, lr: 0.000567039950614331
2024-10-13 19:15:29 - Finish one epoch train: epoch 47, loss: 0.0767, time(s): 79.80
2024-10-13 19:15:31 - train: epoch 48, iter:0, loss: 0.0657, lr: 0.0005515836150926649
2024-10-13 19:15:54 - train: epoch 48, iter:20, loss: 0.0671, lr: 0.0005515836150926649
2024-10-13 19:16:17 - train: epoch 48, iter:40, loss: 0.0738, lr: 0.0005515836150926649
2024-10-13 19:16:40 - train: epoch 48, iter:60, loss: 0.0742, lr: 0.0005515836150926649
2024-10-13 19:16:49 - Finish one epoch train: epoch 48, loss: 0.0724, time(s): 79.71
2024-10-13 19:16:51 - train: epoch 49, iter:0, loss: 0.0720, lr: 0.0005360813071670105
2024-10-13 19:17:14 - train: epoch 49, iter:20, loss: 0.0715, lr: 0.0005360813071670105
2024-10-13 19:17:37 - train: epoch 49, iter:40, loss: 0.1224, lr: 0.0005360813071670105
2024-10-13 19:18:00 - train: epoch 49, iter:60, loss: 0.0679, lr: 0.0005360813071670105
2024-10-13 19:18:09 - Finish one epoch train: epoch 49, loss: 0.0743, time(s): 78.82
2024-10-13 19:18:11 - train: epoch 50, iter:0, loss: 0.0684, lr: 0.0005205483257436738
2024-10-13 19:18:34 - train: epoch 50, iter:20, loss: 0.0704, lr: 0.0005205483257436738
2024-10-13 19:18:57 - train: epoch 50, iter:40, loss: 0.0684, lr: 0.0005205483257436738
2024-10-13 19:19:20 - train: epoch 50, iter:60, loss: 0.0645, lr: 0.0005205483257436738
2024-10-13 19:19:30 - Finish one epoch train: epoch 50, loss: 0.0792, time(s): 79.71
2024-10-13 19:21:18 - idx 0 case case0008 mean_dice 0.680856 mean_hd95 12.161516
2024-10-13 19:22:27 - idx 1 case case0022 mean_dice 0.893468 mean_hd95 5.438838
2024-10-13 19:23:44 - idx 2 case case0038 mean_dice 0.841491 mean_hd95 8.807875
2024-10-13 19:26:12 - idx 3 case case0036 mean_dice 0.852156 mean_hd95 13.987677
2024-10-13 19:27:57 - idx 4 case case0032 mean_dice 0.892362 mean_hd95 4.774113
2024-10-13 19:29:40 - idx 5 case case0002 mean_dice 0.868504 mean_hd95 21.435799
2024-10-13 19:30:55 - idx 6 case case0029 mean_dice 0.782448 mean_hd95 7.192615
2024-10-13 19:33:30 - idx 7 case case0003 mean_dice 0.600659 mean_hd95 104.758701
2024-10-13 19:35:19 - idx 8 case case0001 mean_dice 0.777435 mean_hd95 17.822418
2024-10-13 19:37:03 - idx 9 case case0004 mean_dice 0.731885 mean_hd95 28.551952
2024-10-13 19:38:11 - idx 10 case case0025 mean_dice 0.771443 mean_hd95 44.899112
2024-10-13 19:39:15 - idx 11 case case0035 mean_dice 0.898964 mean_hd95 2.493856
2024-10-13 19:39:15 - Mean class 1 mean_dice 0.865921 mean_hd95 8.326674
2024-10-13 19:39:15 - Mean class 2 mean_dice 0.675155 mean_hd95 36.283944
2024-10-13 19:39:15 - Mean class 3 mean_dice 0.831672 mean_hd95 39.310263
2024-10-13 19:39:15 - Mean class 4 mean_dice 0.779895 mean_hd95 25.054354
2024-10-13 19:39:15 - Mean class 5 mean_dice 0.938935 mean_hd95 20.201761
2024-10-13 19:39:15 - Mean class 6 mean_dice 0.624196 mean_hd95 11.476572
2024-10-13 19:39:15 - Mean class 7 mean_dice 0.886936 mean_hd95 23.114738
2024-10-13 19:39:15 - Mean class 8 mean_dice 0.791737 mean_hd95 17.781342
2024-10-13 19:39:15 - val epoch: 50, mean_dice: 0.7993059201770455, mean_hd95: 22.693706026997518, time(s): 1184.99
2024-10-13 19:39:16 - train: epoch 51, iter:0, loss: 0.0610, lr: 0.0005050000000000002
2024-10-13 19:39:39 - train: epoch 51, iter:20, loss: 0.0586, lr: 0.0005050000000000002
2024-10-13 19:40:02 - train: epoch 51, iter:40, loss: 0.0641, lr: 0.0005050000000000002
2024-10-13 19:40:26 - train: epoch 51, iter:60, loss: 0.0794, lr: 0.0005050000000000002
2024-10-13 19:40:35 - Finish one epoch train: epoch 51, loss: 0.0824, time(s): 79.53
2024-10-13 19:40:37 - train: epoch 52, iter:0, loss: 0.0710, lr: 0.0004894516742563267
2024-10-13 19:41:00 - train: epoch 52, iter:20, loss: 0.0577, lr: 0.0004894516742563267
2024-10-13 19:41:23 - train: epoch 52, iter:40, loss: 0.0561, lr: 0.0004894516742563267
2024-10-13 19:41:46 - train: epoch 52, iter:60, loss: 0.0671, lr: 0.0004894516742563267
2024-10-13 19:41:56 - Finish one epoch train: epoch 52, loss: 0.0697, time(s): 80.08
2024-10-13 19:41:58 - train: epoch 53, iter:0, loss: 0.0625, lr: 0.0004739186928329901
2024-10-13 19:42:21 - train: epoch 53, iter:20, loss: 0.0698, lr: 0.0004739186928329901
2024-10-13 19:42:44 - train: epoch 53, iter:40, loss: 0.0614, lr: 0.0004739186928329901
2024-10-13 19:43:08 - train: epoch 53, iter:60, loss: 0.0790, lr: 0.0004739186928329901
2024-10-13 19:43:17 - Finish one epoch train: epoch 53, loss: 0.0685, time(s): 80.33
2024-10-13 19:43:20 - train: epoch 54, iter:0, loss: 0.0648, lr: 0.00045841638490733556
2024-10-13 19:43:42 - train: epoch 54, iter:20, loss: 0.0568, lr: 0.00045841638490733556
2024-10-13 19:44:05 - train: epoch 54, iter:40, loss: 0.0721, lr: 0.00045841638490733556
2024-10-13 19:44:28 - train: epoch 54, iter:60, loss: 0.0678, lr: 0.00045841638490733556
2024-10-13 19:44:38 - Finish one epoch train: epoch 54, loss: 0.0676, time(s): 79.47
2024-10-13 19:44:40 - train: epoch 55, iter:0, loss: 0.0515, lr: 0.0004429600493856696
2024-10-13 19:45:03 - train: epoch 55, iter:20, loss: 0.0669, lr: 0.0004429600493856696
2024-10-13 19:45:26 - train: epoch 55, iter:40, loss: 0.0708, lr: 0.0004429600493856696
2024-10-13 19:45:49 - train: epoch 55, iter:60, loss: 0.0673, lr: 0.0004429600493856696
2024-10-13 19:45:58 - Finish one epoch train: epoch 55, loss: 0.0698, time(s): 79.40
2024-10-13 19:46:00 - train: epoch 56, iter:0, loss: 0.0518, lr: 0.0004275649398050859
2024-10-13 19:46:24 - train: epoch 56, iter:20, loss: 0.0715, lr: 0.0004275649398050859
2024-10-13 19:46:47 - train: epoch 56, iter:40, loss: 0.0705, lr: 0.0004275649398050859
2024-10-13 19:47:10 - train: epoch 56, iter:60, loss: 0.0558, lr: 0.0004275649398050859
2024-10-13 19:47:19 - Finish one epoch train: epoch 56, loss: 0.0711, time(s): 80.58
2024-10-13 19:47:21 - train: epoch 57, iter:0, loss: 0.0762, lr: 0.0004122462492800665
2024-10-13 19:47:44 - train: epoch 57, iter:20, loss: 0.1767, lr: 0.0004122462492800665
2024-10-13 19:48:07 - train: epoch 57, iter:40, loss: 0.0628, lr: 0.0004122462492800665
2024-10-13 19:48:30 - train: epoch 57, iter:60, loss: 0.0636, lr: 0.0004122462492800665
2024-10-13 19:48:40 - Finish one epoch train: epoch 57, loss: 0.0829, time(s): 79.53
2024-10-13 19:48:42 - train: epoch 58, iter:0, loss: 0.0621, lr: 0.00039701909550871175
2024-10-13 19:49:05 - train: epoch 58, iter:20, loss: 0.0685, lr: 0.00039701909550871175
2024-10-13 19:49:28 - train: epoch 58, iter:40, loss: 0.0551, lr: 0.00039701909550871175
2024-10-13 19:49:51 - train: epoch 58, iter:60, loss: 0.0599, lr: 0.00039701909550871175
2024-10-13 19:50:00 - Finish one epoch train: epoch 58, loss: 0.0695, time(s): 79.54
2024-10-13 19:50:02 - train: epoch 59, iter:0, loss: 0.0620, lr: 0.000381898505853397
2024-10-13 19:50:25 - train: epoch 59, iter:20, loss: 0.0524, lr: 0.000381898505853397
2024-10-13 19:50:48 - train: epoch 59, iter:40, loss: 0.0574, lr: 0.000381898505853397
2024-10-13 19:51:12 - train: epoch 59, iter:60, loss: 0.0501, lr: 0.000381898505853397
2024-10-13 19:51:21 - Finish one epoch train: epoch 59, loss: 0.0727, time(s): 79.83
2024-10-13 19:51:23 - train: epoch 60, iter:0, loss: 0.1679, lr: 0.00036689940251058173
2024-10-13 19:51:46 - train: epoch 60, iter:20, loss: 0.1651, lr: 0.00036689940251058173
2024-10-13 19:52:09 - train: epoch 60, iter:40, loss: 0.0591, lr: 0.00036689940251058173
2024-10-13 19:52:32 - train: epoch 60, iter:60, loss: 0.0536, lr: 0.00036689940251058173
2024-10-13 19:52:41 - Finish one epoch train: epoch 60, loss: 0.0806, time(s): 79.90
2024-10-13 19:52:43 - train: epoch 61, iter:0, loss: 0.0540, lr: 0.00035203658778440135
2024-10-13 19:53:07 - train: epoch 61, iter:20, loss: 0.0826, lr: 0.00035203658778440135
2024-10-13 19:53:30 - train: epoch 61, iter:40, loss: 0.0552, lr: 0.00035203658778440135
2024-10-13 19:53:53 - train: epoch 61, iter:60, loss: 0.0543, lr: 0.00035203658778440135
2024-10-13 19:54:02 - Finish one epoch train: epoch 61, loss: 0.0680, time(s): 79.82
2024-10-13 19:54:04 - train: epoch 62, iter:0, loss: 0.0555, lr: 0.00033732472947858096
2024-10-13 19:54:27 - train: epoch 62, iter:20, loss: 0.0622, lr: 0.00033732472947858096
2024-10-13 19:54:50 - train: epoch 62, iter:40, loss: 0.0545, lr: 0.00033732472947858096
2024-10-13 19:55:13 - train: epoch 62, iter:60, loss: 0.0558, lr: 0.00033732472947858096
2024-10-13 19:55:22 - Finish one epoch train: epoch 62, loss: 0.0663, time(s): 79.04
2024-10-13 19:55:24 - train: epoch 63, iter:0, loss: 0.0590, lr: 0.0003227783464210847
2024-10-13 19:55:48 - train: epoch 63, iter:20, loss: 0.0592, lr: 0.0003227783464210847
2024-10-13 19:56:11 - train: epoch 63, iter:40, loss: 0.0548, lr: 0.0003227783464210847
2024-10-13 19:56:34 - train: epoch 63, iter:60, loss: 0.0750, lr: 0.0003227783464210847
2024-10-13 19:56:43 - Finish one epoch train: epoch 63, loss: 0.0756, time(s): 80.26
2024-10-13 19:56:45 - train: epoch 64, iter:0, loss: 0.0743, lr: 0.0003084117941357837
2024-10-13 19:57:08 - train: epoch 64, iter:20, loss: 0.0685, lr: 0.0003084117941357837
2024-10-13 19:57:31 - train: epoch 64, iter:40, loss: 0.0691, lr: 0.0003084117941357837
2024-10-13 19:57:54 - train: epoch 64, iter:60, loss: 0.0506, lr: 0.0003084117941357837
2024-10-13 19:58:04 - Finish one epoch train: epoch 64, loss: 0.0669, time(s): 79.45
2024-10-13 19:58:06 - train: epoch 65, iter:0, loss: 0.0536, lr: 0.0002942392506752892
2024-10-13 19:58:29 - train: epoch 65, iter:20, loss: 0.0602, lr: 0.0002942392506752892
2024-10-13 19:58:52 - train: epoch 65, iter:40, loss: 0.0489, lr: 0.0002942392506752892
2024-10-13 19:59:15 - train: epoch 65, iter:60, loss: 0.1577, lr: 0.0002942392506752892
2024-10-13 19:59:24 - Finish one epoch train: epoch 65, loss: 0.0642, time(s): 80.03
2024-10-13 19:59:27 - train: epoch 66, iter:0, loss: 0.0554, lr: 0.0002802747026289245
2024-10-13 19:59:49 - train: epoch 66, iter:20, loss: 0.0580, lr: 0.0002802747026289245
2024-10-13 20:00:12 - train: epoch 66, iter:40, loss: 0.0660, lr: 0.0002802747026289245
2024-10-13 20:00:36 - train: epoch 66, iter:60, loss: 0.0602, lr: 0.0002802747026289245
2024-10-13 20:00:45 - Finish one epoch train: epoch 66, loss: 0.0611, time(s): 79.99
2024-10-13 20:00:48 - train: epoch 67, iter:0, loss: 0.0521, lr: 0.000266531931319651
2024-10-13 20:01:11 - train: epoch 67, iter:20, loss: 0.0660, lr: 0.000266531931319651
2024-10-13 20:01:34 - train: epoch 67, iter:40, loss: 0.0671, lr: 0.000266531931319651
2024-10-13 20:01:57 - train: epoch 67, iter:60, loss: 0.0593, lr: 0.000266531931319651
2024-10-13 20:02:06 - Finish one epoch train: epoch 67, loss: 0.0715, time(s): 79.65
2024-10-13 20:02:08 - train: epoch 68, iter:0, loss: 0.0537, lr: 0.0002530244992035663
2024-10-13 20:02:31 - train: epoch 68, iter:20, loss: 0.0621, lr: 0.0002530244992035663
2024-10-13 20:02:54 - train: epoch 68, iter:40, loss: 0.0595, lr: 0.0002530244992035663
2024-10-13 20:03:17 - train: epoch 68, iter:60, loss: 0.0511, lr: 0.0002530244992035663
2024-10-13 20:03:27 - Finish one epoch train: epoch 68, loss: 0.0615, time(s): 79.88
2024-10-13 20:03:29 - train: epoch 69, iter:0, loss: 0.0461, lr: 0.00023976573648539667
2024-10-13 20:03:52 - train: epoch 69, iter:20, loss: 0.0521, lr: 0.00023976573648539667
2024-10-13 20:04:17 - train: epoch 69, iter:40, loss: 0.0591, lr: 0.00023976573648539667
2024-10-13 20:04:42 - train: epoch 69, iter:60, loss: 0.0563, lr: 0.00023976573648539667
2024-10-13 20:04:51 - Finish one epoch train: epoch 69, loss: 0.0626, time(s): 83.78
2024-10-13 20:04:53 - train: epoch 70, iter:0, loss: 0.0547, lr: 0.00022676872796319544
2024-10-13 20:05:16 - train: epoch 70, iter:20, loss: 0.0522, lr: 0.00022676872796319544
2024-10-13 20:05:39 - train: epoch 70, iter:40, loss: 0.0629, lr: 0.00022676872796319544
2024-10-13 20:06:02 - train: epoch 70, iter:60, loss: 0.0566, lr: 0.00022676872796319544
2024-10-13 20:06:12 - Finish one epoch train: epoch 70, loss: 0.0697, time(s): 79.81
2024-10-13 20:06:14 - train: epoch 71, iter:0, loss: 0.0544, lr: 0.00021404630011522598
2024-10-13 20:06:37 - train: epoch 71, iter:20, loss: 0.0522, lr: 0.00021404630011522598
2024-10-13 20:07:00 - train: epoch 71, iter:40, loss: 0.0571, lr: 0.00021404630011522598
2024-10-13 20:07:23 - train: epoch 71, iter:60, loss: 0.0582, lr: 0.00021404630011522598
2024-10-13 20:07:32 - Finish one epoch train: epoch 71, loss: 0.0590, time(s): 79.87
2024-10-13 20:07:35 - train: epoch 72, iter:0, loss: 0.0497, lr: 0.00020161100844177672
2024-10-13 20:07:58 - train: epoch 72, iter:20, loss: 0.0523, lr: 0.00020161100844177672
2024-10-13 20:08:21 - train: epoch 72, iter:40, loss: 0.0547, lr: 0.00020161100844177672
2024-10-13 20:08:44 - train: epoch 72, iter:60, loss: 0.0522, lr: 0.00020161100844177672
2024-10-13 20:08:54 - Finish one epoch train: epoch 72, loss: 0.0762, time(s): 80.10
2024-10-13 20:08:55 - train: epoch 73, iter:0, loss: 0.0618, lr: 0.0001894751250743987
2024-10-13 20:09:19 - train: epoch 73, iter:20, loss: 0.0680, lr: 0.0001894751250743987
2024-10-13 20:09:42 - train: epoch 73, iter:40, loss: 0.0498, lr: 0.0001894751250743987
2024-10-13 20:10:05 - train: epoch 73, iter:60, loss: 0.0625, lr: 0.0001894751250743987
2024-10-13 20:10:14 - Finish one epoch train: epoch 73, loss: 0.0538, time(s): 80.03
2024-10-13 20:10:17 - train: epoch 74, iter:0, loss: 0.0404, lr: 0.00017765062666479255
2024-10-13 20:10:40 - train: epoch 74, iter:20, loss: 0.0568, lr: 0.00017765062666479255
2024-10-13 20:11:03 - train: epoch 74, iter:40, loss: 0.0613, lr: 0.00017765062666479255
2024-10-13 20:11:26 - train: epoch 74, iter:60, loss: 0.0569, lr: 0.00017765062666479255
2024-10-13 20:11:35 - Finish one epoch train: epoch 74, loss: 0.0601, time(s): 79.31
2024-10-13 20:11:37 - train: epoch 75, iter:0, loss: 0.0444, lr: 0.0001661491825652992
2024-10-13 20:12:00 - train: epoch 75, iter:20, loss: 0.0508, lr: 0.0001661491825652992
2024-10-13 20:12:23 - train: epoch 75, iter:40, loss: 0.0480, lr: 0.0001661491825652992
2024-10-13 20:12:46 - train: epoch 75, iter:60, loss: 0.0554, lr: 0.0001661491825652992
2024-10-13 20:12:56 - Finish one epoch train: epoch 75, loss: 0.0592, time(s): 80.41
2024-10-13 20:14:47 - idx 0 case case0008 mean_dice 0.655030 mean_hd95 11.472715
2024-10-13 20:15:57 - idx 1 case case0022 mean_dice 0.896653 mean_hd95 5.469605
2024-10-13 20:17:17 - idx 2 case case0038 mean_dice 0.829854 mean_hd95 9.624351
2024-10-13 20:19:52 - idx 3 case case0036 mean_dice 0.816873 mean_hd95 23.923948
2024-10-13 20:21:44 - idx 4 case case0032 mean_dice 0.896607 mean_hd95 4.748555
2024-10-13 20:23:29 - idx 5 case case0002 mean_dice 0.873289 mean_hd95 20.558749
2024-10-13 20:24:47 - idx 6 case case0029 mean_dice 0.765963 mean_hd95 24.610026
2024-10-13 20:27:25 - idx 7 case case0003 mean_dice 0.548251 mean_hd95 107.246664
2024-10-13 20:29:16 - idx 8 case case0001 mean_dice 0.787933 mean_hd95 16.581835
2024-10-13 20:30:59 - idx 9 case case0004 mean_dice 0.769636 mean_hd95 28.519493
2024-10-13 20:32:09 - idx 10 case case0025 mean_dice 0.785628 mean_hd95 46.039975
2024-10-13 20:33:17 - idx 11 case case0035 mean_dice 0.894531 mean_hd95 13.294950
2024-10-13 20:33:17 - Mean class 1 mean_dice 0.868537 mean_hd95 7.588052
2024-10-13 20:33:17 - Mean class 2 mean_dice 0.668729 mean_hd95 36.874663
2024-10-13 20:33:17 - Mean class 3 mean_dice 0.801988 mean_hd95 62.953943
2024-10-13 20:33:17 - Mean class 4 mean_dice 0.769393 mean_hd95 24.920140
2024-10-13 20:33:17 - Mean class 5 mean_dice 0.941779 mean_hd95 22.301093
2024-10-13 20:33:17 - Mean class 6 mean_dice 0.615515 mean_hd95 12.346569
2024-10-13 20:33:17 - Mean class 7 mean_dice 0.889231 mean_hd95 24.656863
2024-10-13 20:33:17 - Mean class 8 mean_dice 0.791661 mean_hd95 16.419254
2024-10-13 20:33:17 - val epoch: 75, mean_dice: 0.7933540920007593, mean_hd95: 26.007572073400304, time(s): 1221.38
2024-10-13 20:33:19 - train: epoch 76, iter:0, loss: 0.0527, lr: 0.00015498214331265912
2024-10-13 20:33:43 - train: epoch 76, iter:20, loss: 0.0523, lr: 0.00015498214331265912
2024-10-13 20:34:06 - train: epoch 76, iter:40, loss: 0.0504, lr: 0.00015498214331265912
2024-10-13 20:34:29 - train: epoch 76, iter:60, loss: 0.0923, lr: 0.00015498214331265912
2024-10-13 20:34:38 - Finish one epoch train: epoch 76, loss: 0.0657, time(s): 80.18
2024-10-13 20:34:40 - train: epoch 77, iter:0, loss: 0.0499, lr: 0.00014416052942640148
2024-10-13 20:35:03 - train: epoch 77, iter:20, loss: 0.0504, lr: 0.00014416052942640148
2024-10-13 20:35:27 - train: epoch 77, iter:40, loss: 0.0534, lr: 0.00014416052942640148
2024-10-13 20:35:50 - train: epoch 77, iter:60, loss: 0.0555, lr: 0.00014416052942640148
2024-10-13 20:36:00 - Finish one epoch train: epoch 77, loss: 0.0563, time(s): 80.43
2024-10-13 20:36:01 - train: epoch 78, iter:0, loss: 0.0435, lr: 0.00013369502053292258
2024-10-13 20:36:25 - train: epoch 78, iter:20, loss: 0.0582, lr: 0.00013369502053292258
2024-10-13 20:36:48 - train: epoch 78, iter:40, loss: 0.0492, lr: 0.00013369502053292258
2024-10-13 20:37:11 - train: epoch 78, iter:60, loss: 0.0608, lr: 0.00013369502053292258
2024-10-13 20:37:21 - Finish one epoch train: epoch 78, loss: 0.0619, time(s): 80.43
2024-10-13 20:37:23 - train: epoch 79, iter:0, loss: 0.0548, lr: 0.00012359594482598446
2024-10-13 20:37:46 - train: epoch 79, iter:20, loss: 0.0443, lr: 0.00012359594482598446
2024-10-13 20:38:09 - train: epoch 79, iter:40, loss: 0.0557, lr: 0.00012359594482598446
2024-10-13 20:38:32 - train: epoch 79, iter:60, loss: 0.0517, lr: 0.00012359594482598446
2024-10-13 20:38:42 - Finish one epoch train: epoch 79, loss: 0.0508, time(s): 80.24
2024-10-13 20:38:44 - train: epoch 80, iter:0, loss: 0.0588, lr: 0.00011387326887403332
2024-10-13 20:39:07 - train: epoch 80, iter:20, loss: 0.0600, lr: 0.00011387326887403332
2024-10-13 20:39:31 - train: epoch 80, iter:40, loss: 0.0491, lr: 0.00011387326887403332
2024-10-13 20:39:56 - train: epoch 80, iter:60, loss: 0.0631, lr: 0.00011387326887403332
2024-10-13 20:40:05 - Finish one epoch train: epoch 80, loss: 0.0537, time(s): 82.56
2024-10-13 20:40:07 - train: epoch 81, iter:0, loss: 0.0483, lr: 0.00010453658778440112
2024-10-13 20:40:31 - train: epoch 81, iter:20, loss: 0.0595, lr: 0.00010453658778440112
2024-10-13 20:40:54 - train: epoch 81, iter:40, loss: 0.0530, lr: 0.00010453658778440112
2024-10-13 20:41:17 - train: epoch 81, iter:60, loss: 0.0540, lr: 0.00010453658778440112
2024-10-13 20:41:26 - Finish one epoch train: epoch 81, loss: 0.0576, time(s): 80.40
2024-10-13 20:41:28 - train: epoch 82, iter:0, loss: 0.0424, lr: 9.5595115734092e-05
2024-10-13 20:41:52 - train: epoch 82, iter:20, loss: 0.0471, lr: 9.5595115734092e-05
2024-10-13 20:42:15 - train: epoch 82, iter:40, loss: 0.0471, lr: 9.5595115734092e-05
2024-10-13 20:42:38 - train: epoch 82, iter:60, loss: 0.0506, lr: 9.5595115734092e-05
2024-10-13 20:42:48 - Finish one epoch train: epoch 82, loss: 0.0540, time(s): 80.70
2024-10-13 20:42:50 - train: epoch 83, iter:0, loss: 0.0402, lr: 8.705767687650269e-05
2024-10-13 20:43:13 - train: epoch 83, iter:20, loss: 0.0477, lr: 8.705767687650269e-05
2024-10-13 20:43:36 - train: epoch 83, iter:40, loss: 0.0456, lr: 8.705767687650269e-05
2024-10-13 20:43:59 - train: epoch 83, iter:60, loss: 0.0543, lr: 8.705767687650269e-05
2024-10-13 20:44:09 - Finish one epoch train: epoch 83, loss: 0.0548, time(s): 80.37
2024-10-13 20:44:11 - train: epoch 84, iter:0, loss: 0.0520, lr: 7.893269663304787e-05
2024-10-13 20:44:34 - train: epoch 84, iter:20, loss: 0.0511, lr: 7.893269663304787e-05
2024-10-13 20:44:57 - train: epoch 84, iter:40, loss: 0.0483, lr: 7.893269663304787e-05
2024-10-13 20:45:19 - train: epoch 84, iter:60, loss: 0.0468, lr: 7.893269663304787e-05
2024-10-13 20:45:29 - Finish one epoch train: epoch 84, loss: 0.0689, time(s): 78.89
2024-10-13 20:45:31 - train: epoch 85, iter:0, loss: 0.0451, lr: 7.122819337828756e-05
2024-10-13 20:45:54 - train: epoch 85, iter:20, loss: 0.0559, lr: 7.122819337828756e-05
2024-10-13 20:46:17 - train: epoch 85, iter:40, loss: 0.0552, lr: 7.122819337828756e-05
2024-10-13 20:46:40 - train: epoch 85, iter:60, loss: 0.0433, lr: 7.122819337828756e-05
2024-10-13 20:46:50 - Finish one epoch train: epoch 85, loss: 0.0516, time(s): 80.25
2024-10-13 20:46:52 - train: epoch 86, iter:0, loss: 0.0566, lr: 6.395177052675798e-05
2024-10-13 20:47:15 - train: epoch 86, iter:20, loss: 0.0452, lr: 6.395177052675798e-05
2024-10-13 20:47:38 - train: epoch 86, iter:40, loss: 0.0615, lr: 6.395177052675798e-05
2024-10-13 20:48:01 - train: epoch 86, iter:60, loss: 0.0451, lr: 6.395177052675798e-05
2024-10-13 20:48:10 - Finish one epoch train: epoch 86, loss: 0.0569, time(s): 79.65
2024-10-13 20:48:12 - train: epoch 87, iter:0, loss: 0.1466, lr: 5.711060902932045e-05
2024-10-13 20:48:36 - train: epoch 87, iter:20, loss: 0.0493, lr: 5.711060902932045e-05
2024-10-13 20:48:59 - train: epoch 87, iter:40, loss: 0.0485, lr: 5.711060902932045e-05
2024-10-13 20:49:21 - train: epoch 87, iter:60, loss: 0.0471, lr: 5.711060902932045e-05
2024-10-13 20:49:31 - Finish one epoch train: epoch 87, loss: 0.0578, time(s): 80.39
2024-10-13 20:49:33 - train: epoch 88, iter:0, loss: 0.0491, lr: 5.071146028642948e-05
2024-10-13 20:49:57 - train: epoch 88, iter:20, loss: 0.0577, lr: 5.071146028642948e-05
2024-10-13 20:50:20 - train: epoch 88, iter:40, loss: 0.0540, lr: 5.071146028642948e-05
2024-10-13 20:50:43 - train: epoch 88, iter:60, loss: 0.0401, lr: 5.071146028642948e-05
2024-10-13 20:50:52 - Finish one epoch train: epoch 88, loss: 0.0568, time(s): 80.35
2024-10-13 20:50:54 - train: epoch 89, iter:0, loss: 0.0421, lr: 4.476063948531561e-05
2024-10-13 20:51:17 - train: epoch 89, iter:20, loss: 0.0612, lr: 4.476063948531561e-05
2024-10-13 20:51:40 - train: epoch 89, iter:40, loss: 0.0566, lr: 4.476063948531561e-05
2024-10-13 20:52:03 - train: epoch 89, iter:60, loss: 0.0531, lr: 4.476063948531561e-05
2024-10-13 20:52:13 - Finish one epoch train: epoch 89, loss: 0.0557, time(s): 79.54
2024-10-13 20:52:15 - train: epoch 90, iter:0, loss: 0.0482, lr: 3.9264019367658426e-05
2024-10-13 20:52:38 - train: epoch 90, iter:20, loss: 0.0414, lr: 3.9264019367658426e-05
2024-10-13 20:53:01 - train: epoch 90, iter:40, loss: 0.0399, lr: 3.9264019367658426e-05
2024-10-13 20:53:24 - train: epoch 90, iter:60, loss: 0.0523, lr: 3.9264019367658426e-05
2024-10-13 20:53:33 - Finish one epoch train: epoch 90, loss: 0.0613, time(s): 79.87
2024-10-13 20:53:35 - train: epoch 91, iter:0, loss: 0.0519, lr: 3.4227024433899026e-05
2024-10-13 20:53:59 - train: epoch 91, iter:20, loss: 0.0887, lr: 3.4227024433899026e-05
2024-10-13 20:54:22 - train: epoch 91, iter:40, loss: 0.0491, lr: 3.4227024433899026e-05
2024-10-13 20:54:45 - train: epoch 91, iter:60, loss: 0.0588, lr: 3.4227024433899026e-05
2024-10-13 20:54:54 - Finish one epoch train: epoch 91, loss: 0.0547, time(s): 80.17
2024-10-13 20:54:56 - train: epoch 92, iter:0, loss: 0.0482, lr: 2.9654625589913258e-05
2024-10-13 20:55:19 - train: epoch 92, iter:20, loss: 0.0503, lr: 2.9654625589913258e-05
2024-10-13 20:55:42 - train: epoch 92, iter:40, loss: 0.0485, lr: 2.9654625589913258e-05
2024-10-13 20:56:05 - train: epoch 92, iter:60, loss: 0.0531, lr: 2.9654625589913258e-05
2024-10-13 20:56:15 - Finish one epoch train: epoch 92, loss: 0.0544, time(s): 79.55
2024-10-13 20:56:17 - train: epoch 93, iter:0, loss: 0.0440, lr: 2.5551335241327692e-05
2024-10-13 20:56:41 - train: epoch 93, iter:20, loss: 0.0442, lr: 2.5551335241327692e-05
2024-10-13 20:57:05 - train: epoch 93, iter:40, loss: 0.0510, lr: 2.5551335241327692e-05
2024-10-13 20:57:28 - train: epoch 93, iter:60, loss: 0.0517, lr: 2.5551335241327692e-05
2024-10-13 20:57:37 - Finish one epoch train: epoch 93, loss: 0.0544, time(s): 81.62
2024-10-13 20:57:39 - train: epoch 94, iter:0, loss: 0.0425, lr: 2.192120284032009e-05
2024-10-13 20:58:02 - train: epoch 94, iter:20, loss: 0.0466, lr: 2.192120284032009e-05
2024-10-13 20:58:25 - train: epoch 94, iter:40, loss: 0.1612, lr: 2.192120284032009e-05
2024-10-13 20:58:48 - train: epoch 94, iter:60, loss: 0.0416, lr: 2.192120284032009e-05
2024-10-13 20:58:57 - Finish one epoch train: epoch 94, loss: 0.0550, time(s): 79.68
2024-10-13 20:58:59 - train: epoch 95, iter:0, loss: 0.0557, lr: 1.8767810889299096e-05
2024-10-13 20:59:23 - train: epoch 95, iter:20, loss: 0.0415, lr: 1.8767810889299096e-05
2024-10-13 20:59:46 - train: epoch 95, iter:40, loss: 0.0398, lr: 1.8767810889299096e-05
2024-10-13 21:00:09 - train: epoch 95, iter:60, loss: 0.0506, lr: 1.8767810889299096e-05
2024-10-13 21:00:18 - Finish one epoch train: epoch 95, loss: 0.0528, time(s): 80.17
2024-10-13 21:00:20 - train: epoch 96, iter:0, loss: 0.0550, lr: 1.609427140540687e-05
2024-10-13 21:00:43 - train: epoch 96, iter:20, loss: 0.0457, lr: 1.609427140540687e-05
2024-10-13 21:01:06 - train: epoch 96, iter:40, loss: 0.0442, lr: 1.609427140540687e-05
2024-10-13 21:01:29 - train: epoch 96, iter:60, loss: 0.0437, lr: 1.609427140540687e-05
2024-10-13 21:01:38 - Finish one epoch train: epoch 96, loss: 0.0564, time(s): 79.23
2024-10-13 21:01:40 - train: epoch 97, iter:0, loss: 0.1489, lr: 1.3903222849333514e-05
2024-10-13 21:02:03 - train: epoch 97, iter:20, loss: 0.0509, lr: 1.3903222849333514e-05
2024-10-13 21:02:27 - train: epoch 97, iter:40, loss: 0.0478, lr: 1.3903222849333514e-05
2024-10-13 21:02:50 - train: epoch 97, iter:60, loss: 0.0452, lr: 1.3903222849333514e-05
2024-10-13 21:02:59 - Finish one epoch train: epoch 97, loss: 0.0502, time(s): 79.80
2024-10-13 21:03:01 - train: epoch 98, iter:0, loss: 0.0521, lr: 1.2196827521475406e-05
2024-10-13 21:03:25 - train: epoch 98, iter:20, loss: 0.0427, lr: 1.2196827521475406e-05
2024-10-13 21:03:48 - train: epoch 98, iter:40, loss: 0.0460, lr: 1.2196827521475406e-05
2024-10-13 21:04:11 - train: epoch 98, iter:60, loss: 0.0702, lr: 1.2196827521475406e-05
2024-10-13 21:04:20 - Finish one epoch train: epoch 98, loss: 0.0627, time(s): 80.04
2024-10-13 21:04:22 - train: epoch 99, iter:0, loss: 0.0425, lr: 1.097676942800558e-05
2024-10-13 21:04:45 - train: epoch 99, iter:20, loss: 0.0482, lr: 1.097676942800558e-05
2024-10-13 21:05:08 - train: epoch 99, iter:40, loss: 0.0546, lr: 1.097676942800558e-05
2024-10-13 21:05:31 - train: epoch 99, iter:60, loss: 0.0452, lr: 1.097676942800558e-05
2024-10-13 21:05:40 - Finish one epoch train: epoch 99, loss: 0.0650, time(s): 79.65
2024-10-13 21:05:42 - train: epoch 100, iter:0, loss: 0.0517, lr: 1.024425261896286e-05
2024-10-13 21:06:06 - train: epoch 100, iter:20, loss: 0.0373, lr: 1.024425261896286e-05
2024-10-13 21:06:29 - train: epoch 100, iter:40, loss: 0.0489, lr: 1.024425261896286e-05
2024-10-13 21:06:52 - train: epoch 100, iter:60, loss: 0.0484, lr: 1.024425261896286e-05
2024-10-13 21:07:01 - Finish one epoch train: epoch 100, loss: 0.0481, time(s): 79.95
2024-10-13 21:08:50 - idx 0 case case0008 mean_dice 0.649524 mean_hd95 11.437024
2024-10-13 21:09:58 - idx 1 case case0022 mean_dice 0.899231 mean_hd95 2.995462
2024-10-13 21:11:16 - idx 2 case case0038 mean_dice 0.832382 mean_hd95 9.897136
2024-10-13 21:13:48 - idx 3 case case0036 mean_dice 0.824085 mean_hd95 19.800105
2024-10-13 21:15:35 - idx 4 case case0032 mean_dice 0.899052 mean_hd95 4.263927
2024-10-13 21:17:20 - idx 5 case case0002 mean_dice 0.873963 mean_hd95 21.060755
2024-10-13 21:18:39 - idx 6 case case0029 mean_dice 0.754595 mean_hd95 25.289025
2024-10-13 21:21:23 - idx 7 case case0003 mean_dice 0.554877 mean_hd95 105.957995
2024-10-13 21:23:19 - idx 8 case case0001 mean_dice 0.786665 mean_hd95 10.617328
2024-10-13 21:25:04 - idx 9 case case0004 mean_dice 0.782662 mean_hd95 25.903878
2024-10-13 21:26:13 - idx 10 case case0025 mean_dice 0.793834 mean_hd95 44.628139
2024-10-13 21:27:18 - idx 11 case case0035 mean_dice 0.900599 mean_hd95 2.453943
2024-10-13 21:27:18 - Mean class 1 mean_dice 0.872662 mean_hd95 8.425918
2024-10-13 21:27:18 - Mean class 2 mean_dice 0.680281 mean_hd95 34.975182
2024-10-13 21:27:18 - Mean class 3 mean_dice 0.807662 mean_hd95 53.626626
2024-10-13 21:27:18 - Mean class 4 mean_dice 0.777171 mean_hd95 20.448435
2024-10-13 21:27:18 - Mean class 5 mean_dice 0.943860 mean_hd95 18.998772
2024-10-13 21:27:18 - Mean class 6 mean_dice 0.597630 mean_hd95 13.036095
2024-10-13 21:27:18 - Mean class 7 mean_dice 0.896117 mean_hd95 24.070143
2024-10-13 21:27:18 - Mean class 8 mean_dice 0.792261 mean_hd95 15.955306
2024-10-13 21:27:18 - val epoch: 100, mean_dice: 0.7959555837977685, mean_hd95: 23.692059652359507, time(s): 1216.64
2024-10-13 21:29:11 - idx 0 case case0008 mean_dice 0.649524 mean_hd95 11.437024
2024-10-13 21:30:24 - idx 1 case case0022 mean_dice 0.899231 mean_hd95 2.995462
2024-10-13 21:31:45 - idx 2 case case0038 mean_dice 0.832382 mean_hd95 9.897136
2024-10-13 21:34:22 - idx 3 case case0036 mean_dice 0.824085 mean_hd95 19.800105
2024-10-13 21:36:12 - idx 4 case case0032 mean_dice 0.899052 mean_hd95 4.263927
2024-10-13 21:37:57 - idx 5 case case0002 mean_dice 0.873963 mean_hd95 21.060755
2024-10-13 21:39:17 - idx 6 case case0029 mean_dice 0.754595 mean_hd95 25.289025
2024-10-13 21:41:57 - idx 7 case case0003 mean_dice 0.554877 mean_hd95 105.957995
2024-10-13 21:43:52 - idx 8 case case0001 mean_dice 0.786665 mean_hd95 10.617328
2024-10-13 21:45:39 - idx 9 case case0004 mean_dice 0.782662 mean_hd95 25.903878
2024-10-13 21:46:48 - idx 10 case case0025 mean_dice 0.793834 mean_hd95 44.628139
2024-10-13 21:47:53 - idx 11 case case0035 mean_dice 0.900599 mean_hd95 2.453943
2024-10-13 21:47:53 - Mean class 1 mean_dice 0.872662 mean_hd95 8.425918
2024-10-13 21:47:53 - Mean class 2 mean_dice 0.680281 mean_hd95 34.975182
2024-10-13 21:47:53 - Mean class 3 mean_dice 0.807662 mean_hd95 53.626626
2024-10-13 21:47:53 - Mean class 4 mean_dice 0.777171 mean_hd95 20.448435
2024-10-13 21:47:53 - Mean class 5 mean_dice 0.943860 mean_hd95 18.998772
2024-10-13 21:47:53 - Mean class 6 mean_dice 0.597630 mean_hd95 13.036095
2024-10-13 21:47:53 - Mean class 7 mean_dice 0.896117 mean_hd95 24.070143
2024-10-13 21:47:53 - Mean class 8 mean_dice 0.792261 mean_hd95 15.955306
2024-10-13 21:47:53 - val epoch: 100, mean_dice: 0.7959555837977685, mean_hd95: 23.692059652359507, time(s): 1234.57
