2024-09-25 20:48:19 - #----------Config info----------#
2024-09-25 20:48:19 - network: vmunet,
2024-09-25 20:48:19 - model_config: {'num_classes': 9, 'input_channels': 3, 'depths': [2, 2, 2, 2], 'depths_decoder': [2, 2, 2, 1], 'drop_path_rate': 0.2, 'load_ckpt_path': '/root/autodl-tmp/Medical_Project/data/pre_trained_weights/vmamba_small_e238_ema.pth'},
2024-09-25 20:48:19 - datasets_name: synapse,
2024-09-25 20:48:19 - input_size_h: 224,
2024-09-25 20:48:19 - input_size_w: 224,
2024-09-25 20:48:19 - data_path: /root/autodl-tmp/Medical_Project/data/synapse/project_TransUNet/data/Synapse/train_npz,
2024-09-25 20:48:19 - datasets: <class 'datasets.dataset.Synapse_dataset'>,
2024-09-25 20:48:19 - list_dir: /root/autodl-tmp/Medical_Project/data/synapse/project_TransUNet/TransUNet/lists/lists_Synapse,
2024-09-25 20:48:19 - volume_path: /root/autodl-tmp/Medical_Project/data/synapse/project_TransUNet/data/Synapse/test_vol_h5,
2024-09-25 20:48:19 - pretrained_path: ,
2024-09-25 20:48:19 - num_classes: 9,
2024-09-25 20:48:19 - loss_weight: [1, 1],
2024-09-25 20:48:19 - criterion: CeDiceLoss(
  (celoss): CrossEntropyLoss()
  (diceloss): nDiceLoss()
),
2024-09-25 20:48:19 - z_spacing: 1,
2024-09-25 20:48:19 - input_channels: 3,
2024-09-25 20:48:19 - distributed: False,
2024-09-25 20:48:19 - local_rank: -1,
2024-09-25 20:48:19 - num_workers: 0,
2024-09-25 20:48:19 - seed: 42,
2024-09-25 20:48:19 - world_size: None,
2024-09-25 20:48:19 - rank: None,
2024-09-25 20:48:19 - amp: False,
2024-09-25 20:48:19 - batch_size: 32,
2024-09-25 20:48:19 - epochs: 300,
2024-09-25 20:48:19 - work_dir: results/vmunet_synapse_Wednesday_25_September_2024_20h_48m_19s/,
2024-09-25 20:48:19 - print_interval: 20,
2024-09-25 20:48:19 - val_interval: 30,
2024-09-25 20:48:19 - test_weights_path: ,
2024-09-25 20:48:19 - threshold: 0.5,
2024-09-25 20:48:19 - opt: AdamW,
2024-09-25 20:48:19 - lr: 0.001,
2024-09-25 20:48:19 - betas: (0.9, 0.999),
2024-09-25 20:48:19 - eps: 1e-08,
2024-09-25 20:48:19 - weight_decay: 0.01,
2024-09-25 20:48:19 - amsgrad: False,
2024-09-25 20:48:19 - sch: CosineAnnealingLR,
2024-09-25 20:48:19 - T_max: 100,
2024-09-25 20:48:19 - eta_min: 1e-05,
2024-09-25 20:48:19 - last_epoch: -1,
2024-09-25 20:48:22 - train: epoch 1, iter:0, loss: 3.5633, lr: 0.001
2024-09-25 20:48:45 - train: epoch 1, iter:20, loss: 0.8343, lr: 0.001
2024-09-25 20:49:08 - train: epoch 1, iter:40, loss: 0.7233, lr: 0.001
2024-09-25 20:49:32 - train: epoch 1, iter:60, loss: 0.6503, lr: 0.001
2024-09-25 20:49:41 - Finish one epoch train: epoch 1, loss: 0.9578, time(s): 80.75
2024-09-25 20:49:43 - train: epoch 2, iter:0, loss: 0.5932, lr: 0.0009997557473810372
2024-09-25 20:50:04 - train: epoch 2, iter:20, loss: 0.5841, lr: 0.0009997557473810372
2024-09-25 20:50:26 - train: epoch 2, iter:40, loss: 0.4951, lr: 0.0009997557473810372
2024-09-25 20:50:47 - train: epoch 2, iter:60, loss: 0.5304, lr: 0.0009997557473810372
2024-09-25 20:50:56 - Finish one epoch train: epoch 2, loss: 0.5381, time(s): 74.16
2024-09-25 20:50:58 - train: epoch 3, iter:0, loss: 0.4136, lr: 0.0009990232305719946
2024-09-25 20:51:19 - train: epoch 3, iter:20, loss: 0.4227, lr: 0.0009990232305719946
2024-09-25 20:51:40 - train: epoch 3, iter:40, loss: 0.3687, lr: 0.0009990232305719946
2024-09-25 20:52:01 - train: epoch 3, iter:60, loss: 0.2596, lr: 0.0009990232305719946
2024-09-25 20:52:10 - Finish one epoch train: epoch 3, loss: 0.3864, time(s): 72.97
2024-09-25 20:52:12 - train: epoch 4, iter:0, loss: 0.4232, lr: 0.0009978031724785247
2024-09-25 20:52:33 - train: epoch 4, iter:20, loss: 0.2704, lr: 0.0009978031724785247
2024-09-25 20:52:54 - train: epoch 4, iter:40, loss: 0.2297, lr: 0.0009978031724785247
2024-09-25 20:53:15 - train: epoch 4, iter:60, loss: 0.2932, lr: 0.0009978031724785247
2024-09-25 20:53:24 - Finish one epoch train: epoch 4, loss: 0.3168, time(s): 72.89
2024-09-25 20:53:26 - train: epoch 5, iter:0, loss: 0.2193, lr: 0.0009960967771506667
2024-09-25 20:53:47 - train: epoch 5, iter:20, loss: 0.2671, lr: 0.0009960967771506667
2024-09-25 20:54:09 - train: epoch 5, iter:40, loss: 0.2509, lr: 0.0009960967771506667
2024-09-25 20:54:30 - train: epoch 5, iter:60, loss: 0.2506, lr: 0.0009960967771506667
2024-09-25 20:54:39 - Finish one epoch train: epoch 5, loss: 0.2679, time(s): 73.89
2024-09-25 20:54:41 - train: epoch 6, iter:0, loss: 0.3027, lr: 0.0009939057285945933
2024-09-25 20:55:02 - train: epoch 6, iter:20, loss: 0.2652, lr: 0.0009939057285945933
2024-09-25 20:55:23 - train: epoch 6, iter:40, loss: 0.2496, lr: 0.0009939057285945933
2024-09-25 20:55:45 - train: epoch 6, iter:60, loss: 0.2495, lr: 0.0009939057285945933
2024-09-25 20:55:53 - Finish one epoch train: epoch 6, loss: 0.2422, time(s): 73.57
2024-09-25 20:55:55 - train: epoch 7, iter:0, loss: 0.2448, lr: 0.0009912321891107012
2024-09-25 20:56:16 - train: epoch 7, iter:20, loss: 0.2611, lr: 0.0009912321891107012
2024-09-25 20:56:38 - train: epoch 7, iter:40, loss: 0.2214, lr: 0.0009912321891107012
2024-09-25 20:56:59 - train: epoch 7, iter:60, loss: 0.1688, lr: 0.0009912321891107012
2024-09-25 20:57:07 - Finish one epoch train: epoch 7, loss: 0.2186, time(s): 73.32
2024-09-25 20:57:09 - train: epoch 8, iter:0, loss: 0.2183, lr: 0.0009880787971596802
2024-09-25 20:57:31 - train: epoch 8, iter:20, loss: 0.1877, lr: 0.0009880787971596802
2024-09-25 20:57:52 - train: epoch 8, iter:40, loss: 0.2131, lr: 0.0009880787971596802
2024-09-25 20:58:13 - train: epoch 8, iter:60, loss: 0.1567, lr: 0.0009880787971596802
2024-09-25 20:58:21 - Finish one epoch train: epoch 8, loss: 0.1872, time(s): 73.03
2024-09-25 20:58:23 - train: epoch 9, iter:0, loss: 0.2000, lr: 0.0009844486647586726
2024-09-25 20:58:44 - train: epoch 9, iter:20, loss: 0.1854, lr: 0.0009844486647586726
2024-09-25 20:59:06 - train: epoch 9, iter:40, loss: 0.1582, lr: 0.0009844486647586726
2024-09-25 20:59:27 - train: epoch 9, iter:60, loss: 0.1689, lr: 0.0009844486647586726
2024-09-25 20:59:35 - Finish one epoch train: epoch 9, loss: 0.1914, time(s): 73.17
2024-09-25 20:59:37 - train: epoch 10, iter:0, loss: 0.2142, lr: 0.000980345374410087
2024-09-25 20:59:59 - train: epoch 10, iter:20, loss: 0.1720, lr: 0.000980345374410087
2024-09-25 21:00:20 - train: epoch 10, iter:40, loss: 0.1423, lr: 0.000980345374410087
2024-09-25 21:00:41 - train: epoch 10, iter:60, loss: 0.1357, lr: 0.000980345374410087
2024-09-25 21:00:50 - Finish one epoch train: epoch 10, loss: 0.1699, time(s): 73.77
2024-09-25 21:00:52 - train: epoch 11, iter:0, loss: 0.1495, lr: 0.0009757729755661012
2024-09-25 21:01:13 - train: epoch 11, iter:20, loss: 0.1269, lr: 0.0009757729755661012
2024-09-25 21:01:34 - train: epoch 11, iter:40, loss: 0.1794, lr: 0.0009757729755661012
2024-09-25 21:01:55 - train: epoch 11, iter:60, loss: 0.2186, lr: 0.0009757729755661012
2024-09-25 21:02:04 - Finish one epoch train: epoch 11, loss: 0.1536, time(s): 72.99
2024-09-25 21:02:06 - train: epoch 12, iter:0, loss: 0.1153, lr: 0.0009707359806323418
2024-09-25 21:02:27 - train: epoch 12, iter:20, loss: 0.1336, lr: 0.0009707359806323418
2024-09-25 21:02:48 - train: epoch 12, iter:40, loss: 0.1554, lr: 0.0009707359806323418
2024-09-25 21:03:09 - train: epoch 12, iter:60, loss: 0.1169, lr: 0.0009707359806323418
2024-09-25 21:03:18 - Finish one epoch train: epoch 12, loss: 0.1350, time(s): 73.02
2024-09-25 21:03:20 - train: epoch 13, iter:0, loss: 0.1202, lr: 0.0009652393605146846
2024-09-25 21:03:41 - train: epoch 13, iter:20, loss: 0.1292, lr: 0.0009652393605146846
2024-09-25 21:04:02 - train: epoch 13, iter:40, loss: 0.1062, lr: 0.0009652393605146846
2024-09-25 21:04:24 - train: epoch 13, iter:60, loss: 0.1268, lr: 0.0009652393605146846
2024-09-25 21:04:33 - Finish one epoch train: epoch 13, loss: 0.1318, time(s): 73.69
2024-09-25 21:04:35 - train: epoch 14, iter:0, loss: 0.1504, lr: 0.0009592885397135708
2024-09-25 21:04:56 - train: epoch 14, iter:20, loss: 0.1253, lr: 0.0009592885397135708
2024-09-25 21:05:17 - train: epoch 14, iter:40, loss: 0.0998, lr: 0.0009592885397135708
2024-09-25 21:05:39 - train: epoch 14, iter:60, loss: 0.1093, lr: 0.0009592885397135708
2024-09-25 21:05:48 - Finish one epoch train: epoch 14, loss: 0.1315, time(s): 74.42
2024-09-25 21:05:50 - train: epoch 15, iter:0, loss: 0.1548, lr: 0.0009528893909706799
2024-09-25 21:06:13 - train: epoch 15, iter:20, loss: 0.1186, lr: 0.0009528893909706799
2024-09-25 21:06:35 - train: epoch 15, iter:40, loss: 0.1338, lr: 0.0009528893909706799
2024-09-25 21:06:58 - train: epoch 15, iter:60, loss: 0.1079, lr: 0.0009528893909706799
2024-09-25 21:07:06 - Finish one epoch train: epoch 15, loss: 0.1287, time(s): 77.51
2024-09-25 21:07:08 - train: epoch 16, iter:0, loss: 0.1216, lr: 0.0009460482294732424
2024-09-25 21:07:30 - train: epoch 16, iter:20, loss: 0.1249, lr: 0.0009460482294732424
2024-09-25 21:07:51 - train: epoch 16, iter:40, loss: 0.1057, lr: 0.0009460482294732424
2024-09-25 21:08:12 - train: epoch 16, iter:60, loss: 0.0992, lr: 0.0009460482294732424
2024-09-25 21:08:21 - Finish one epoch train: epoch 16, loss: 0.1313, time(s): 73.43
2024-09-25 21:08:23 - train: epoch 17, iter:0, loss: 0.1140, lr: 0.0009387718066217127
2024-09-25 21:08:43 - train: epoch 17, iter:20, loss: 0.0980, lr: 0.0009387718066217127
2024-09-25 21:09:04 - train: epoch 17, iter:40, loss: 0.1110, lr: 0.0009387718066217127
2024-09-25 21:09:25 - train: epoch 17, iter:60, loss: 0.1417, lr: 0.0009387718066217127
2024-09-25 21:09:34 - Finish one epoch train: epoch 17, loss: 0.1260, time(s): 72.71
2024-09-25 21:09:36 - train: epoch 18, iter:0, loss: 0.1318, lr: 0.0009310673033669524
2024-09-25 21:09:58 - train: epoch 18, iter:20, loss: 0.1079, lr: 0.0009310673033669524
2024-09-25 21:10:19 - train: epoch 18, iter:40, loss: 0.1099, lr: 0.0009310673033669524
2024-09-25 21:10:41 - train: epoch 18, iter:60, loss: 0.1044, lr: 0.0009310673033669524
2024-09-25 21:10:49 - Finish one epoch train: epoch 18, loss: 0.1178, time(s): 74.24
2024-09-25 21:10:51 - train: epoch 19, iter:0, loss: 0.1220, lr: 0.0009229423231234977
2024-09-25 21:11:13 - train: epoch 19, iter:20, loss: 0.2685, lr: 0.0009229423231234977
2024-09-25 21:11:35 - train: epoch 19, iter:40, loss: 0.1026, lr: 0.0009229423231234977
2024-09-25 21:11:56 - train: epoch 19, iter:60, loss: 0.1299, lr: 0.0009229423231234977
2024-09-25 21:12:04 - Finish one epoch train: epoch 19, loss: 0.1320, time(s): 74.08
2024-09-25 21:12:06 - train: epoch 20, iter:0, loss: 0.2037, lr: 0.0009144048842659084
2024-09-25 21:12:28 - train: epoch 20, iter:20, loss: 0.1257, lr: 0.0009144048842659084
2024-09-25 21:12:49 - train: epoch 20, iter:40, loss: 0.0960, lr: 0.0009144048842659084
2024-09-25 21:13:10 - train: epoch 20, iter:60, loss: 0.1361, lr: 0.0009144048842659084
2024-09-25 21:13:19 - Finish one epoch train: epoch 20, loss: 0.1366, time(s): 73.72
2024-09-25 21:13:21 - train: epoch 21, iter:0, loss: 0.1354, lr: 0.0009054634122155993
2024-09-25 21:13:42 - train: epoch 21, iter:20, loss: 0.1092, lr: 0.0009054634122155993
2024-09-25 21:14:03 - train: epoch 21, iter:40, loss: 0.1117, lr: 0.0009054634122155993
2024-09-25 21:14:24 - train: epoch 21, iter:60, loss: 0.1050, lr: 0.0009054634122155993
2024-09-25 21:14:33 - Finish one epoch train: epoch 21, loss: 0.1287, time(s): 73.39
2024-09-25 21:14:35 - train: epoch 22, iter:0, loss: 0.1307, lr: 0.000896126731125967
2024-09-25 21:14:56 - train: epoch 22, iter:20, loss: 0.0984, lr: 0.000896126731125967
2024-09-25 21:15:17 - train: epoch 22, iter:40, loss: 0.0858, lr: 0.000896126731125967
2024-09-25 21:15:38 - train: epoch 22, iter:60, loss: 0.1029, lr: 0.000896126731125967
2024-09-25 21:15:47 - Finish one epoch train: epoch 22, loss: 0.1147, time(s): 72.93
2024-09-25 21:15:49 - train: epoch 23, iter:0, loss: 0.0872, lr: 0.000886404055174016
2024-09-25 21:16:10 - train: epoch 23, iter:20, loss: 0.1000, lr: 0.000886404055174016
2024-09-25 21:16:31 - train: epoch 23, iter:40, loss: 0.0998, lr: 0.000886404055174016
2024-09-25 21:16:52 - train: epoch 23, iter:60, loss: 0.0983, lr: 0.000886404055174016
2024-09-25 21:17:01 - Finish one epoch train: epoch 23, loss: 0.1060, time(s): 73.43
2024-09-25 21:17:03 - train: epoch 24, iter:0, loss: 0.0912, lr: 0.0008763049794670778
2024-09-25 21:17:24 - train: epoch 24, iter:20, loss: 0.0847, lr: 0.0008763049794670778
2024-09-25 21:17:45 - train: epoch 24, iter:40, loss: 0.0956, lr: 0.0008763049794670778
2024-09-25 21:18:07 - train: epoch 24, iter:60, loss: 0.0784, lr: 0.0008763049794670778
2024-09-25 21:18:15 - Finish one epoch train: epoch 24, loss: 0.0992, time(s): 73.52
2024-09-25 21:18:17 - train: epoch 25, iter:0, loss: 0.0854, lr: 0.000865839470573599
2024-09-25 21:18:39 - train: epoch 25, iter:20, loss: 0.0922, lr: 0.000865839470573599
2024-09-25 21:19:00 - train: epoch 25, iter:40, loss: 0.0842, lr: 0.000865839470573599
2024-09-25 21:19:22 - train: epoch 25, iter:60, loss: 0.0797, lr: 0.000865839470573599
2024-09-25 21:19:30 - Finish one epoch train: epoch 25, loss: 0.0971, time(s): 73.88
2024-09-25 21:19:32 - train: epoch 26, iter:0, loss: 0.0858, lr: 0.0008550178566873413
2024-09-25 21:19:54 - train: epoch 26, iter:20, loss: 0.0778, lr: 0.0008550178566873413
2024-09-25 21:20:15 - train: epoch 26, iter:40, loss: 0.0958, lr: 0.0008550178566873413
2024-09-25 21:20:36 - train: epoch 26, iter:60, loss: 0.1431, lr: 0.0008550178566873413
2024-09-25 21:20:45 - Finish one epoch train: epoch 26, loss: 0.1024, time(s): 73.66
2024-09-25 21:20:47 - train: epoch 27, iter:0, loss: 0.1077, lr: 0.0008438508174347012
2024-09-25 21:21:08 - train: epoch 27, iter:20, loss: 0.0819, lr: 0.0008438508174347012
2024-09-25 21:21:29 - train: epoch 27, iter:40, loss: 0.0805, lr: 0.0008438508174347012
2024-09-25 21:21:50 - train: epoch 27, iter:60, loss: 0.0796, lr: 0.0008438508174347012
2024-09-25 21:21:59 - Finish one epoch train: epoch 27, loss: 0.1029, time(s): 73.39
2024-09-25 21:22:01 - train: epoch 28, iter:0, loss: 0.1241, lr: 0.000832349373335208
2024-09-25 21:22:22 - train: epoch 28, iter:20, loss: 0.0767, lr: 0.000832349373335208
2024-09-25 21:22:43 - train: epoch 28, iter:40, loss: 0.0752, lr: 0.000832349373335208
2024-09-25 21:23:05 - train: epoch 28, iter:60, loss: 0.0879, lr: 0.000832349373335208
2024-09-25 21:23:14 - Finish one epoch train: epoch 28, loss: 0.0939, time(s): 74.20
2024-09-25 21:23:16 - train: epoch 29, iter:0, loss: 0.0721, lr: 0.0008205248749256018
2024-09-25 21:23:37 - train: epoch 29, iter:20, loss: 0.0756, lr: 0.0008205248749256018
2024-09-25 21:23:58 - train: epoch 29, iter:40, loss: 0.0818, lr: 0.0008205248749256018
2024-09-25 21:24:19 - train: epoch 29, iter:60, loss: 0.0647, lr: 0.0008205248749256018
2024-09-25 21:24:28 - Finish one epoch train: epoch 29, loss: 0.0882, time(s): 73.00
2024-09-25 21:24:30 - train: epoch 30, iter:0, loss: 0.0719, lr: 0.0008083889915582238
2024-09-25 21:24:51 - train: epoch 30, iter:20, loss: 0.0760, lr: 0.0008083889915582238
2024-09-25 21:25:12 - train: epoch 30, iter:40, loss: 0.0638, lr: 0.0008083889915582238
2024-09-25 21:25:33 - train: epoch 30, iter:60, loss: 0.0927, lr: 0.0008083889915582238
2024-09-25 21:25:42 - Finish one epoch train: epoch 30, loss: 0.0898, time(s): 73.46
2024-09-25 21:27:34 - idx 0 case case0008 mean_dice 0.603901 mean_hd95 15.122119
2024-09-25 21:28:40 - idx 1 case case0022 mean_dice 0.887636 mean_hd95 3.620945
2024-09-25 21:29:56 - idx 2 case case0038 mean_dice 0.748202 mean_hd95 16.218050
2024-09-25 21:32:25 - idx 3 case case0036 mean_dice 0.795982 mean_hd95 63.849148
2024-09-25 21:34:13 - idx 4 case case0032 mean_dice 0.750101 mean_hd95 36.595872
2024-09-25 21:35:54 - idx 5 case case0002 mean_dice 0.851091 mean_hd95 6.756374
2024-09-25 21:37:10 - idx 6 case case0029 mean_dice 0.682973 mean_hd95 61.390431
2024-09-25 21:39:50 - idx 7 case case0003 mean_dice 0.515742 mean_hd95 122.218400
2024-09-25 21:41:41 - idx 8 case case0001 mean_dice 0.763093 mean_hd95 29.405990
2024-09-25 21:43:23 - idx 9 case case0004 mean_dice 0.766575 mean_hd95 69.527179
2024-09-25 21:44:28 - idx 10 case case0025 mean_dice 0.679476 mean_hd95 32.029227
2024-09-25 21:45:26 - idx 11 case case0035 mean_dice 0.862310 mean_hd95 3.355621
2024-09-25 21:45:26 - Mean class 1 mean_dice 0.865793 mean_hd95 3.665366
2024-09-25 21:45:26 - Mean class 2 mean_dice 0.617877 mean_hd95 53.435669
2024-09-25 21:45:26 - Mean class 3 mean_dice 0.787955 mean_hd95 40.034212
2024-09-25 21:45:26 - Mean class 4 mean_dice 0.688734 mean_hd95 34.850777
2024-09-25 21:45:26 - Mean class 5 mean_dice 0.917207 mean_hd95 21.137236
2024-09-25 21:45:26 - Mean class 6 mean_dice 0.615995 mean_hd95 13.934889
2024-09-25 21:45:26 - Mean class 7 mean_dice 0.746215 mean_hd95 117.777258
2024-09-25 21:45:26 - Mean class 8 mean_dice 0.698277 mean_hd95 21.890832
2024-09-25 21:45:26 - val epoch: 30, mean_dice: 0.742256775793739, mean_hd95: 38.34077975237767, time(s): 1184.19
2024-09-25 21:45:28 - train: epoch 31, iter:0, loss: 0.0766, lr: 0.0007959536998847747
2024-09-25 21:45:50 - train: epoch 31, iter:20, loss: 0.0754, lr: 0.0007959536998847747
2024-09-25 21:46:11 - train: epoch 31, iter:40, loss: 0.0693, lr: 0.0007959536998847747
2024-09-25 21:46:32 - train: epoch 31, iter:60, loss: 0.0749, lr: 0.0007959536998847747
2024-09-25 21:46:40 - Finish one epoch train: epoch 31, loss: 0.0900, time(s): 73.21
2024-09-25 21:46:42 - train: epoch 32, iter:0, loss: 0.0728, lr: 0.0007832312720368051
2024-09-25 21:47:03 - train: epoch 32, iter:20, loss: 0.0836, lr: 0.0007832312720368051
2024-09-25 21:47:24 - train: epoch 32, iter:40, loss: 0.1020, lr: 0.0007832312720368051
2024-09-25 21:47:45 - train: epoch 32, iter:60, loss: 0.0658, lr: 0.0007832312720368051
2024-09-25 21:47:54 - Finish one epoch train: epoch 32, loss: 0.0960, time(s): 73.03
2024-09-25 21:47:56 - train: epoch 33, iter:0, loss: 0.0725, lr: 0.0007702342635146037
2024-09-25 21:48:17 - train: epoch 33, iter:20, loss: 0.0786, lr: 0.0007702342635146037
2024-09-25 21:48:39 - train: epoch 33, iter:40, loss: 0.0726, lr: 0.0007702342635146037
2024-09-25 21:49:00 - train: epoch 33, iter:60, loss: 0.0709, lr: 0.0007702342635146037
2024-09-25 21:49:08 - Finish one epoch train: epoch 33, loss: 0.0750, time(s): 73.76
2024-09-25 21:49:10 - train: epoch 34, iter:0, loss: 0.0623, lr: 0.0007569755007964342
2024-09-25 21:49:31 - train: epoch 34, iter:20, loss: 0.0780, lr: 0.0007569755007964342
2024-09-25 21:49:53 - train: epoch 34, iter:40, loss: 0.0834, lr: 0.0007569755007964342
2024-09-25 21:50:14 - train: epoch 34, iter:60, loss: 0.0638, lr: 0.0007569755007964342
2024-09-25 21:50:23 - Finish one epoch train: epoch 34, loss: 0.0781, time(s): 73.35
2024-09-25 21:50:24 - train: epoch 35, iter:0, loss: 0.0685, lr: 0.0007434680686803494
2024-09-25 21:50:46 - train: epoch 35, iter:20, loss: 0.1078, lr: 0.0007434680686803494
2024-09-25 21:51:07 - train: epoch 35, iter:40, loss: 0.0797, lr: 0.0007434680686803494
2024-09-25 21:51:28 - train: epoch 35, iter:60, loss: 0.0657, lr: 0.0007434680686803494
2024-09-25 21:51:37 - Finish one epoch train: epoch 35, loss: 0.0915, time(s): 73.69
2024-09-25 21:51:39 - train: epoch 36, iter:0, loss: 0.0553, lr: 0.0007297252973710761
2024-09-25 21:52:00 - train: epoch 36, iter:20, loss: 0.0776, lr: 0.0007297252973710761
2024-09-25 21:52:21 - train: epoch 36, iter:40, loss: 0.0644, lr: 0.0007297252973710761
2024-09-25 21:52:42 - train: epoch 36, iter:60, loss: 0.0667, lr: 0.0007297252973710761
2024-09-25 21:52:51 - Finish one epoch train: epoch 36, loss: 0.0824, time(s): 73.24
2024-09-25 21:52:53 - train: epoch 37, iter:0, loss: 0.0816, lr: 0.0007157607493247114
2024-09-25 21:53:14 - train: epoch 37, iter:20, loss: 0.0871, lr: 0.0007157607493247114
2024-09-25 21:53:36 - train: epoch 37, iter:40, loss: 0.0854, lr: 0.0007157607493247114
2024-09-25 21:53:58 - train: epoch 37, iter:60, loss: 0.0804, lr: 0.0007157607493247114
2024-09-25 21:54:07 - Finish one epoch train: epoch 37, loss: 0.0945, time(s): 75.28
2024-09-25 21:54:09 - train: epoch 38, iter:0, loss: 0.0826, lr: 0.0007015882058642168
2024-09-25 21:54:30 - train: epoch 38, iter:20, loss: 0.0799, lr: 0.0007015882058642168
2024-09-25 21:54:53 - train: epoch 38, iter:40, loss: 0.0738, lr: 0.0007015882058642168
2024-09-25 21:55:14 - train: epoch 38, iter:60, loss: 0.0933, lr: 0.0007015882058642168
2024-09-25 21:55:23 - Finish one epoch train: epoch 38, loss: 0.0850, time(s): 74.95
2024-09-25 21:55:24 - train: epoch 39, iter:0, loss: 0.0937, lr: 0.0006872216535789162
2024-09-25 21:55:46 - train: epoch 39, iter:20, loss: 0.0878, lr: 0.0006872216535789162
2024-09-25 21:56:07 - train: epoch 39, iter:40, loss: 0.0706, lr: 0.0006872216535789162
2024-09-25 21:56:30 - train: epoch 39, iter:60, loss: 0.0700, lr: 0.0006872216535789162
2024-09-25 21:56:39 - Finish one epoch train: epoch 39, loss: 0.0883, time(s): 75.28
2024-09-25 21:56:40 - train: epoch 40, iter:0, loss: 0.1116, lr: 0.0006726752705214198
2024-09-25 21:57:01 - train: epoch 40, iter:20, loss: 0.0635, lr: 0.0006726752705214198
2024-09-25 21:57:22 - train: epoch 40, iter:40, loss: 0.0775, lr: 0.0006726752705214198
2024-09-25 21:57:43 - train: epoch 40, iter:60, loss: 0.1059, lr: 0.0006726752705214198
2024-09-25 21:57:52 - Finish one epoch train: epoch 40, loss: 0.0860, time(s): 72.82
2024-09-25 21:57:54 - train: epoch 41, iter:0, loss: 0.0851, lr: 0.0006579634122155995
2024-09-25 21:58:15 - train: epoch 41, iter:20, loss: 0.0584, lr: 0.0006579634122155995
2024-09-25 21:58:36 - train: epoch 41, iter:40, loss: 0.0679, lr: 0.0006579634122155995
2024-09-25 21:58:57 - train: epoch 41, iter:60, loss: 0.0697, lr: 0.0006579634122155995
2024-09-25 21:59:06 - Finish one epoch train: epoch 41, loss: 0.0763, time(s): 73.26
2024-09-25 21:59:08 - train: epoch 42, iter:0, loss: 0.0627, lr: 0.000643100597489419
2024-09-25 21:59:29 - train: epoch 42, iter:20, loss: 0.0711, lr: 0.000643100597489419
2024-09-25 21:59:51 - train: epoch 42, iter:40, loss: 0.0628, lr: 0.000643100597489419
2024-09-25 22:00:12 - train: epoch 42, iter:60, loss: 0.0629, lr: 0.000643100597489419
2024-09-25 22:00:20 - Finish one epoch train: epoch 42, loss: 0.0797, time(s): 73.64
2024-09-25 22:00:22 - train: epoch 43, iter:0, loss: 0.0605, lr: 0.0006281014941466035
2024-09-25 22:00:43 - train: epoch 43, iter:20, loss: 0.0600, lr: 0.0006281014941466035
2024-09-25 22:01:05 - train: epoch 43, iter:40, loss: 0.0669, lr: 0.0006281014941466035
2024-09-25 22:01:27 - train: epoch 43, iter:60, loss: 0.1696, lr: 0.0006281014941466035
2024-09-25 22:01:36 - Finish one epoch train: epoch 43, loss: 0.0796, time(s): 74.56
2024-09-25 22:01:37 - train: epoch 44, iter:0, loss: 0.0579, lr: 0.000612980904491289
2024-09-25 22:02:00 - train: epoch 44, iter:20, loss: 0.0802, lr: 0.000612980904491289
2024-09-25 22:02:22 - train: epoch 44, iter:40, loss: 0.0624, lr: 0.000612980904491289
2024-09-25 22:02:44 - train: epoch 44, iter:60, loss: 0.0565, lr: 0.000612980904491289
2024-09-25 22:02:53 - Finish one epoch train: epoch 44, loss: 0.0730, time(s): 76.34
2024-09-25 22:02:55 - train: epoch 45, iter:0, loss: 0.0621, lr: 0.0005977537507199342
2024-09-25 22:03:16 - train: epoch 45, iter:20, loss: 0.0552, lr: 0.0005977537507199342
2024-09-25 22:03:38 - train: epoch 45, iter:40, loss: 0.0598, lr: 0.0005977537507199342
2024-09-25 22:03:59 - train: epoch 45, iter:60, loss: 0.0599, lr: 0.0005977537507199342
2024-09-25 22:04:08 - Finish one epoch train: epoch 45, loss: 0.0780, time(s): 73.88
2024-09-25 22:04:09 - train: epoch 46, iter:0, loss: 0.0520, lr: 0.0005824350601949147
2024-09-25 22:04:31 - train: epoch 46, iter:20, loss: 0.0685, lr: 0.0005824350601949147
2024-09-25 22:04:52 - train: epoch 46, iter:40, loss: 0.0704, lr: 0.0005824350601949147
2024-09-25 22:05:13 - train: epoch 46, iter:60, loss: 0.0804, lr: 0.0005824350601949147
2024-09-25 22:05:22 - Finish one epoch train: epoch 46, loss: 0.0766, time(s): 73.44
2024-09-25 22:05:23 - train: epoch 47, iter:0, loss: 0.1664, lr: 0.000567039950614331
2024-09-25 22:05:44 - train: epoch 47, iter:20, loss: 0.0578, lr: 0.000567039950614331
2024-09-25 22:06:06 - train: epoch 47, iter:40, loss: 0.0609, lr: 0.000567039950614331
2024-09-25 22:06:27 - train: epoch 47, iter:60, loss: 0.0602, lr: 0.000567039950614331
2024-09-25 22:06:35 - Finish one epoch train: epoch 47, loss: 0.0778, time(s): 73.04
2024-09-25 22:06:37 - train: epoch 48, iter:0, loss: 0.0522, lr: 0.0005515836150926649
2024-09-25 22:06:59 - train: epoch 48, iter:20, loss: 0.0636, lr: 0.0005515836150926649
2024-09-25 22:07:20 - train: epoch 48, iter:40, loss: 0.0584, lr: 0.0005515836150926649
2024-09-25 22:07:41 - train: epoch 48, iter:60, loss: 0.0542, lr: 0.0005515836150926649
2024-09-25 22:07:50 - Finish one epoch train: epoch 48, loss: 0.0746, time(s): 73.62
2024-09-25 22:07:52 - train: epoch 49, iter:0, loss: 0.0872, lr: 0.0005360813071670105
2024-09-25 22:08:13 - train: epoch 49, iter:20, loss: 0.0672, lr: 0.0005360813071670105
2024-09-25 22:08:34 - train: epoch 49, iter:40, loss: 0.0696, lr: 0.0005360813071670105
2024-09-25 22:08:55 - train: epoch 49, iter:60, loss: 0.0691, lr: 0.0005360813071670105
2024-09-25 22:09:03 - Finish one epoch train: epoch 49, loss: 0.0663, time(s): 72.83
2024-09-25 22:09:05 - train: epoch 50, iter:0, loss: 0.0654, lr: 0.0005205483257436738
2024-09-25 22:09:27 - train: epoch 50, iter:20, loss: 0.0594, lr: 0.0005205483257436738
2024-09-25 22:09:49 - train: epoch 50, iter:40, loss: 0.1106, lr: 0.0005205483257436738
2024-09-25 22:10:11 - train: epoch 50, iter:60, loss: 0.0542, lr: 0.0005205483257436738
2024-09-25 22:10:20 - Finish one epoch train: epoch 50, loss: 0.0668, time(s): 75.36
2024-09-25 22:10:21 - train: epoch 51, iter:0, loss: 0.0556, lr: 0.0005050000000000002
2024-09-25 22:10:43 - train: epoch 51, iter:20, loss: 0.1682, lr: 0.0005050000000000002
2024-09-25 22:11:07 - train: epoch 51, iter:40, loss: 0.0526, lr: 0.0005050000000000002
2024-09-25 22:11:34 - train: epoch 51, iter:60, loss: 0.0557, lr: 0.0005050000000000002
2024-09-25 22:11:44 - Finish one epoch train: epoch 51, loss: 0.0666, time(s): 83.68
2024-09-25 22:11:46 - train: epoch 52, iter:0, loss: 0.0642, lr: 0.0004894516742563267
2024-09-25 22:12:07 - train: epoch 52, iter:20, loss: 0.0613, lr: 0.0004894516742563267
2024-09-25 22:12:29 - train: epoch 52, iter:40, loss: 0.0594, lr: 0.0004894516742563267
2024-09-25 22:12:50 - train: epoch 52, iter:60, loss: 0.0554, lr: 0.0004894516742563267
2024-09-25 22:12:59 - Finish one epoch train: epoch 52, loss: 0.0670, time(s): 73.91
2024-09-25 22:13:00 - train: epoch 53, iter:0, loss: 0.0543, lr: 0.0004739186928329901
2024-09-25 22:13:22 - train: epoch 53, iter:20, loss: 0.0661, lr: 0.0004739186928329901
2024-09-25 22:13:43 - train: epoch 53, iter:40, loss: 0.0634, lr: 0.0004739186928329901
2024-09-25 22:14:04 - train: epoch 53, iter:60, loss: 0.0666, lr: 0.0004739186928329901
2024-09-25 22:14:13 - Finish one epoch train: epoch 53, loss: 0.0675, time(s): 73.78
2024-09-25 22:14:15 - train: epoch 54, iter:0, loss: 0.0605, lr: 0.00045841638490733556
2024-09-25 22:14:36 - train: epoch 54, iter:20, loss: 0.0677, lr: 0.00045841638490733556
2024-09-25 22:14:58 - train: epoch 54, iter:40, loss: 0.0546, lr: 0.00045841638490733556
2024-09-25 22:15:19 - train: epoch 54, iter:60, loss: 0.0587, lr: 0.00045841638490733556
2024-09-25 22:15:28 - Finish one epoch train: epoch 54, loss: 0.0713, time(s): 73.77
2024-09-25 22:15:29 - train: epoch 55, iter:0, loss: 0.0604, lr: 0.0004429600493856696
2024-09-25 22:15:51 - train: epoch 55, iter:20, loss: 0.0595, lr: 0.0004429600493856696
2024-09-25 22:16:12 - train: epoch 55, iter:40, loss: 0.0464, lr: 0.0004429600493856696
2024-09-25 22:16:33 - train: epoch 55, iter:60, loss: 0.0609, lr: 0.0004429600493856696
2024-09-25 22:16:42 - Finish one epoch train: epoch 55, loss: 0.0659, time(s): 73.86
2024-09-25 22:16:44 - train: epoch 56, iter:0, loss: 0.0803, lr: 0.0004275649398050859
2024-09-25 22:17:05 - train: epoch 56, iter:20, loss: 0.0546, lr: 0.0004275649398050859
2024-09-25 22:17:27 - train: epoch 56, iter:40, loss: 0.0631, lr: 0.0004275649398050859
2024-09-25 22:17:49 - train: epoch 56, iter:60, loss: 0.0572, lr: 0.0004275649398050859
2024-09-25 22:17:58 - Finish one epoch train: epoch 56, loss: 0.0674, time(s): 74.72
2024-09-25 22:17:59 - train: epoch 57, iter:0, loss: 0.0550, lr: 0.0004122462492800665
2024-09-25 22:18:22 - train: epoch 57, iter:20, loss: 0.0606, lr: 0.0004122462492800665
2024-09-25 22:18:44 - train: epoch 57, iter:40, loss: 0.0587, lr: 0.0004122462492800665
2024-09-25 22:19:07 - train: epoch 57, iter:60, loss: 0.0597, lr: 0.0004122462492800665
2024-09-25 22:19:16 - Finish one epoch train: epoch 57, loss: 0.0693, time(s): 77.27
2024-09-25 22:19:17 - train: epoch 58, iter:0, loss: 0.0513, lr: 0.00039701909550871175
2024-09-25 22:19:39 - train: epoch 58, iter:20, loss: 0.0459, lr: 0.00039701909550871175
2024-09-25 22:20:00 - train: epoch 58, iter:40, loss: 0.0576, lr: 0.00039701909550871175
2024-09-25 22:20:21 - train: epoch 58, iter:60, loss: 0.0557, lr: 0.00039701909550871175
2024-09-25 22:20:30 - Finish one epoch train: epoch 58, loss: 0.0661, time(s): 73.27
2024-09-25 22:20:31 - train: epoch 59, iter:0, loss: 0.0535, lr: 0.000381898505853397
2024-09-25 22:20:52 - train: epoch 59, iter:20, loss: 0.0538, lr: 0.000381898505853397
2024-09-25 22:21:14 - train: epoch 59, iter:40, loss: 0.0505, lr: 0.000381898505853397
2024-09-25 22:21:35 - train: epoch 59, iter:60, loss: 0.0770, lr: 0.000381898505853397
2024-09-25 22:21:44 - Finish one epoch train: epoch 59, loss: 0.0718, time(s): 73.29
2024-09-25 22:21:45 - train: epoch 60, iter:0, loss: 0.0581, lr: 0.00036689940251058173
2024-09-25 22:22:07 - train: epoch 60, iter:20, loss: 0.0600, lr: 0.00036689940251058173
2024-09-25 22:22:29 - train: epoch 60, iter:40, loss: 0.0544, lr: 0.00036689940251058173
2024-09-25 22:22:50 - train: epoch 60, iter:60, loss: 0.0554, lr: 0.00036689940251058173
2024-09-25 22:22:59 - Finish one epoch train: epoch 60, loss: 0.0610, time(s): 74.86
2024-09-25 22:24:47 - idx 0 case case0008 mean_dice 0.640012 mean_hd95 13.518658
2024-09-25 22:25:54 - idx 1 case case0022 mean_dice 0.864444 mean_hd95 26.671963
2024-09-25 22:27:09 - idx 2 case case0038 mean_dice 0.812313 mean_hd95 24.773517
2024-09-25 22:29:33 - idx 3 case case0036 mean_dice 0.840789 mean_hd95 17.056470
2024-09-25 22:31:19 - idx 4 case case0032 mean_dice 0.890274 mean_hd95 4.738269
2024-09-25 22:32:59 - idx 5 case case0002 mean_dice 0.832003 mean_hd95 43.598148
2024-09-25 22:34:08 - idx 6 case case0029 mean_dice 0.744026 mean_hd95 43.821215
2024-09-25 22:36:43 - idx 7 case case0003 mean_dice 0.590756 mean_hd95 107.585050
2024-09-25 22:38:36 - idx 8 case case0001 mean_dice 0.784847 mean_hd95 19.049812
2024-09-25 22:40:20 - idx 9 case case0004 mean_dice 0.725732 mean_hd95 33.687629
2024-09-25 22:41:21 - idx 10 case case0025 mean_dice 0.783681 mean_hd95 30.580113
2024-09-25 22:42:20 - idx 11 case case0035 mean_dice 0.879887 mean_hd95 23.582364
2024-09-25 22:42:20 - Mean class 1 mean_dice 0.875371 mean_hd95 9.561089
2024-09-25 22:42:20 - Mean class 2 mean_dice 0.694484 mean_hd95 27.376448
2024-09-25 22:42:20 - Mean class 3 mean_dice 0.733241 mean_hd95 50.509371
2024-09-25 22:42:20 - Mean class 4 mean_dice 0.741879 mean_hd95 87.555735
2024-09-25 22:42:20 - Mean class 5 mean_dice 0.941763 mean_hd95 31.681953
2024-09-25 22:42:20 - Mean class 6 mean_dice 0.627373 mean_hd95 12.335569
2024-09-25 22:42:20 - Mean class 7 mean_dice 0.873677 mean_hd95 24.260220
2024-09-25 22:42:20 - Mean class 8 mean_dice 0.771387 mean_hd95 15.828421
2024-09-25 22:42:20 - val epoch: 60, mean_dice: 0.7823969464429231, mean_hd95: 32.3886007195655, time(s): 1160.44
2024-09-25 22:42:22 - train: epoch 61, iter:0, loss: 0.0533, lr: 0.00035203658778440135
2024-09-25 22:42:43 - train: epoch 61, iter:20, loss: 0.0470, lr: 0.00035203658778440135
2024-09-25 22:43:05 - train: epoch 61, iter:40, loss: 0.0687, lr: 0.00035203658778440135
2024-09-25 22:43:26 - train: epoch 61, iter:60, loss: 0.1536, lr: 0.00035203658778440135
2024-09-25 22:43:35 - Finish one epoch train: epoch 61, loss: 0.0623, time(s): 74.07
2024-09-25 22:43:36 - train: epoch 62, iter:0, loss: 0.0492, lr: 0.00033732472947858096
2024-09-25 22:43:58 - train: epoch 62, iter:20, loss: 0.0534, lr: 0.00033732472947858096
2024-09-25 22:44:19 - train: epoch 62, iter:40, loss: 0.0587, lr: 0.00033732472947858096
2024-09-25 22:44:41 - train: epoch 62, iter:60, loss: 0.0688, lr: 0.00033732472947858096
2024-09-25 22:44:49 - Finish one epoch train: epoch 62, loss: 0.0570, time(s): 73.67
2024-09-25 22:44:51 - train: epoch 63, iter:0, loss: 0.0572, lr: 0.0003227783464210847
2024-09-25 22:45:12 - train: epoch 63, iter:20, loss: 0.0592, lr: 0.0003227783464210847
2024-09-25 22:45:34 - train: epoch 63, iter:40, loss: 0.0499, lr: 0.0003227783464210847
2024-09-25 22:45:55 - train: epoch 63, iter:60, loss: 0.0472, lr: 0.0003227783464210847
2024-09-25 22:46:03 - Finish one epoch train: epoch 63, loss: 0.0711, time(s): 73.35
2024-09-25 22:46:05 - train: epoch 64, iter:0, loss: 0.0530, lr: 0.0003084117941357837
2024-09-25 22:46:26 - train: epoch 64, iter:20, loss: 0.0612, lr: 0.0003084117941357837
2024-09-25 22:46:48 - train: epoch 64, iter:40, loss: 0.0556, lr: 0.0003084117941357837
2024-09-25 22:47:09 - train: epoch 64, iter:60, loss: 0.0594, lr: 0.0003084117941357837
2024-09-25 22:47:18 - Finish one epoch train: epoch 64, loss: 0.0604, time(s): 73.76
2024-09-25 22:47:20 - train: epoch 65, iter:0, loss: 0.0455, lr: 0.0002942392506752892
2024-09-25 22:47:41 - train: epoch 65, iter:20, loss: 0.0824, lr: 0.0002942392506752892
2024-09-25 22:48:02 - train: epoch 65, iter:40, loss: 0.0546, lr: 0.0002942392506752892
2024-09-25 22:48:23 - train: epoch 65, iter:60, loss: 0.0482, lr: 0.0002942392506752892
2024-09-25 22:48:31 - Finish one epoch train: epoch 65, loss: 0.0690, time(s): 72.89
2024-09-25 22:48:33 - train: epoch 66, iter:0, loss: 0.0441, lr: 0.0002802747026289245
2024-09-25 22:48:54 - train: epoch 66, iter:20, loss: 0.0431, lr: 0.0002802747026289245
2024-09-25 22:49:16 - train: epoch 66, iter:40, loss: 0.0589, lr: 0.0002802747026289245
2024-09-25 22:49:37 - train: epoch 66, iter:60, loss: 0.0475, lr: 0.0002802747026289245
2024-09-25 22:49:46 - Finish one epoch train: epoch 66, loss: 0.0589, time(s): 73.47
2024-09-25 22:49:47 - train: epoch 67, iter:0, loss: 0.0461, lr: 0.000266531931319651
2024-09-25 22:50:09 - train: epoch 67, iter:20, loss: 0.0396, lr: 0.000266531931319651
2024-09-25 22:50:31 - train: epoch 67, iter:40, loss: 0.0529, lr: 0.000266531931319651
2024-09-25 22:50:52 - train: epoch 67, iter:60, loss: 0.0628, lr: 0.000266531931319651
2024-09-25 22:51:01 - Finish one epoch train: epoch 67, loss: 0.0614, time(s): 74.59
2024-09-25 22:51:03 - train: epoch 68, iter:0, loss: 0.0435, lr: 0.0002530244992035663
2024-09-25 22:51:24 - train: epoch 68, iter:20, loss: 0.0640, lr: 0.0002530244992035663
2024-09-25 22:51:45 - train: epoch 68, iter:40, loss: 0.0502, lr: 0.0002530244992035663
2024-09-25 22:52:07 - train: epoch 68, iter:60, loss: 0.0525, lr: 0.0002530244992035663
2024-09-25 22:52:15 - Finish one epoch train: epoch 68, loss: 0.0619, time(s): 73.84
2024-09-25 22:52:17 - train: epoch 69, iter:0, loss: 0.0492, lr: 0.00023976573648539667
2024-09-25 22:52:38 - train: epoch 69, iter:20, loss: 0.0517, lr: 0.00023976573648539667
2024-09-25 22:52:59 - train: epoch 69, iter:40, loss: 0.0537, lr: 0.00023976573648539667
2024-09-25 22:53:20 - train: epoch 69, iter:60, loss: 0.0488, lr: 0.00023976573648539667
2024-09-25 22:53:29 - Finish one epoch train: epoch 69, loss: 0.0577, time(s): 72.71
2024-09-25 22:53:31 - train: epoch 70, iter:0, loss: 0.0491, lr: 0.00022676872796319544
2024-09-25 22:53:52 - train: epoch 70, iter:20, loss: 0.0610, lr: 0.00022676872796319544
2024-09-25 22:54:13 - train: epoch 70, iter:40, loss: 0.0448, lr: 0.00022676872796319544
2024-09-25 22:54:34 - train: epoch 70, iter:60, loss: 0.0534, lr: 0.00022676872796319544
2024-09-25 22:54:43 - Finish one epoch train: epoch 70, loss: 0.0612, time(s): 73.67
2024-09-25 22:54:45 - train: epoch 71, iter:0, loss: 0.0491, lr: 0.00021404630011522598
2024-09-25 22:55:06 - train: epoch 71, iter:20, loss: 0.0445, lr: 0.00021404630011522598
2024-09-25 22:55:27 - train: epoch 71, iter:40, loss: 0.0542, lr: 0.00021404630011522598
2024-09-25 22:55:48 - train: epoch 71, iter:60, loss: 0.0505, lr: 0.00021404630011522598
2024-09-25 22:55:57 - Finish one epoch train: epoch 71, loss: 0.0588, time(s): 73.29
2024-09-25 22:55:59 - train: epoch 72, iter:0, loss: 0.0447, lr: 0.00020161100844177672
2024-09-25 22:56:20 - train: epoch 72, iter:20, loss: 0.0553, lr: 0.00020161100844177672
2024-09-25 22:56:41 - train: epoch 72, iter:40, loss: 0.0594, lr: 0.00020161100844177672
2024-09-25 22:57:03 - train: epoch 72, iter:60, loss: 0.0434, lr: 0.00020161100844177672
2024-09-25 22:57:11 - Finish one epoch train: epoch 72, loss: 0.0629, time(s): 73.21
2024-09-25 22:57:13 - train: epoch 73, iter:0, loss: 0.0463, lr: 0.0001894751250743987
2024-09-25 22:57:34 - train: epoch 73, iter:20, loss: 0.1512, lr: 0.0001894751250743987
2024-09-25 22:57:55 - train: epoch 73, iter:40, loss: 0.0454, lr: 0.0001894751250743987
2024-09-25 22:58:17 - train: epoch 73, iter:60, loss: 0.0444, lr: 0.0001894751250743987
2024-09-25 22:58:25 - Finish one epoch train: epoch 73, loss: 0.0624, time(s): 73.77
2024-09-25 22:58:27 - train: epoch 74, iter:0, loss: 0.0428, lr: 0.00017765062666479255
2024-09-25 22:58:50 - train: epoch 74, iter:20, loss: 0.0541, lr: 0.00017765062666479255
2024-09-25 22:59:12 - train: epoch 74, iter:40, loss: 0.0407, lr: 0.00017765062666479255
2024-09-25 22:59:33 - train: epoch 74, iter:60, loss: 0.0637, lr: 0.00017765062666479255
2024-09-25 22:59:42 - Finish one epoch train: epoch 74, loss: 0.0561, time(s): 75.96
2024-09-25 22:59:44 - train: epoch 75, iter:0, loss: 0.0445, lr: 0.0001661491825652992
2024-09-25 23:00:05 - train: epoch 75, iter:20, loss: 0.0482, lr: 0.0001661491825652992
2024-09-25 23:00:26 - train: epoch 75, iter:40, loss: 0.0453, lr: 0.0001661491825652992
2024-09-25 23:00:47 - train: epoch 75, iter:60, loss: 0.0559, lr: 0.0001661491825652992
2024-09-25 23:00:56 - Finish one epoch train: epoch 75, loss: 0.0578, time(s): 73.00
2024-09-25 23:00:58 - train: epoch 76, iter:0, loss: 0.0543, lr: 0.00015498214331265912
2024-09-25 23:01:19 - train: epoch 76, iter:20, loss: 0.0462, lr: 0.00015498214331265912
2024-09-25 23:01:40 - train: epoch 76, iter:40, loss: 0.0460, lr: 0.00015498214331265912
2024-09-25 23:02:01 - train: epoch 76, iter:60, loss: 0.0472, lr: 0.00015498214331265912
2024-09-25 23:02:10 - Finish one epoch train: epoch 76, loss: 0.0579, time(s): 73.04
2024-09-25 23:02:12 - train: epoch 77, iter:0, loss: 0.0453, lr: 0.00014416052942640148
2024-09-25 23:02:33 - train: epoch 77, iter:20, loss: 0.0470, lr: 0.00014416052942640148
2024-09-25 23:02:55 - train: epoch 77, iter:40, loss: 0.0438, lr: 0.00014416052942640148
2024-09-25 23:03:17 - train: epoch 77, iter:60, loss: 0.0459, lr: 0.00014416052942640148
2024-09-25 23:03:25 - Finish one epoch train: epoch 77, loss: 0.0533, time(s): 74.89
2024-09-25 23:03:27 - train: epoch 78, iter:0, loss: 0.0432, lr: 0.00013369502053292258
2024-09-25 23:03:49 - train: epoch 78, iter:20, loss: 0.0471, lr: 0.00013369502053292258
2024-09-25 23:04:10 - train: epoch 78, iter:40, loss: 0.0484, lr: 0.00013369502053292258
2024-09-25 23:04:31 - train: epoch 78, iter:60, loss: 0.0451, lr: 0.00013369502053292258
2024-09-25 23:04:39 - Finish one epoch train: epoch 78, loss: 0.0541, time(s): 72.79
2024-09-25 23:04:41 - train: epoch 79, iter:0, loss: 0.0457, lr: 0.00012359594482598446
2024-09-25 23:05:02 - train: epoch 79, iter:20, loss: 0.0493, lr: 0.00012359594482598446
2024-09-25 23:05:23 - train: epoch 79, iter:40, loss: 0.0455, lr: 0.00012359594482598446
2024-09-25 23:05:44 - train: epoch 79, iter:60, loss: 0.0483, lr: 0.00012359594482598446
2024-09-25 23:05:53 - Finish one epoch train: epoch 79, loss: 0.0583, time(s): 73.46
2024-09-25 23:05:55 - train: epoch 80, iter:0, loss: 0.0481, lr: 0.00011387326887403332
2024-09-25 23:06:16 - train: epoch 80, iter:20, loss: 0.1438, lr: 0.00011387326887403332
2024-09-25 23:06:37 - train: epoch 80, iter:40, loss: 0.0464, lr: 0.00011387326887403332
2024-09-25 23:06:58 - train: epoch 80, iter:60, loss: 0.0485, lr: 0.00011387326887403332
2024-09-25 23:07:07 - Finish one epoch train: epoch 80, loss: 0.0576, time(s): 72.88
2024-09-25 23:07:09 - train: epoch 81, iter:0, loss: 0.0388, lr: 0.00010453658778440112
2024-09-25 23:07:32 - train: epoch 81, iter:20, loss: 0.0532, lr: 0.00010453658778440112
2024-09-25 23:07:59 - train: epoch 81, iter:40, loss: 0.0475, lr: 0.00010453658778440112
2024-09-25 23:08:26 - train: epoch 81, iter:60, loss: 0.0434, lr: 0.00010453658778440112
2024-09-25 23:08:37 - Finish one epoch train: epoch 81, loss: 0.0560, time(s): 89.16
2024-09-25 23:08:39 - train: epoch 82, iter:0, loss: 0.0393, lr: 9.5595115734092e-05
2024-09-25 23:09:00 - train: epoch 82, iter:20, loss: 0.1493, lr: 9.5595115734092e-05
2024-09-25 23:09:21 - train: epoch 82, iter:40, loss: 0.0534, lr: 9.5595115734092e-05
2024-09-25 23:09:43 - train: epoch 82, iter:60, loss: 0.0473, lr: 9.5595115734092e-05
2024-09-25 23:09:51 - Finish one epoch train: epoch 82, loss: 0.0544, time(s): 73.42
2024-09-25 23:09:53 - train: epoch 83, iter:0, loss: 0.0463, lr: 8.705767687650269e-05
2024-09-25 23:10:14 - train: epoch 83, iter:20, loss: 0.0497, lr: 8.705767687650269e-05
2024-09-25 23:10:35 - train: epoch 83, iter:40, loss: 0.0390, lr: 8.705767687650269e-05
2024-09-25 23:10:56 - train: epoch 83, iter:60, loss: 0.0444, lr: 8.705767687650269e-05
2024-09-25 23:11:05 - Finish one epoch train: epoch 83, loss: 0.0567, time(s): 73.26
2024-09-25 23:11:07 - train: epoch 84, iter:0, loss: 0.0399, lr: 7.893269663304787e-05
2024-09-25 23:11:28 - train: epoch 84, iter:20, loss: 0.0508, lr: 7.893269663304787e-05
2024-09-25 23:11:49 - train: epoch 84, iter:40, loss: 0.0430, lr: 7.893269663304787e-05
2024-09-25 23:12:10 - train: epoch 84, iter:60, loss: 0.0533, lr: 7.893269663304787e-05
2024-09-25 23:12:19 - Finish one epoch train: epoch 84, loss: 0.0527, time(s): 73.18
2024-09-25 23:12:21 - train: epoch 85, iter:0, loss: 0.0358, lr: 7.122819337828756e-05
2024-09-25 23:12:42 - train: epoch 85, iter:20, loss: 0.0467, lr: 7.122819337828756e-05
2024-09-25 23:13:04 - train: epoch 85, iter:40, loss: 0.0620, lr: 7.122819337828756e-05
2024-09-25 23:13:25 - train: epoch 85, iter:60, loss: 0.0464, lr: 7.122819337828756e-05
2024-09-25 23:13:33 - Finish one epoch train: epoch 85, loss: 0.0502, time(s): 73.58
2024-09-25 23:13:35 - train: epoch 86, iter:0, loss: 0.0413, lr: 6.395177052675798e-05
2024-09-25 23:13:57 - train: epoch 86, iter:20, loss: 0.0452, lr: 6.395177052675798e-05
2024-09-25 23:14:18 - train: epoch 86, iter:40, loss: 0.0506, lr: 6.395177052675798e-05
2024-09-25 23:14:39 - train: epoch 86, iter:60, loss: 0.0578, lr: 6.395177052675798e-05
2024-09-25 23:14:48 - Finish one epoch train: epoch 86, loss: 0.0583, time(s): 73.26
2024-09-25 23:14:49 - train: epoch 87, iter:0, loss: 0.0504, lr: 5.711060902932045e-05
2024-09-25 23:15:11 - train: epoch 87, iter:20, loss: 0.0434, lr: 5.711060902932045e-05
2024-09-25 23:15:32 - train: epoch 87, iter:40, loss: 0.0471, lr: 5.711060902932045e-05
2024-09-25 23:15:54 - train: epoch 87, iter:60, loss: 0.0526, lr: 5.711060902932045e-05
2024-09-25 23:16:03 - Finish one epoch train: epoch 87, loss: 0.0520, time(s): 74.44
2024-09-25 23:16:04 - train: epoch 88, iter:0, loss: 0.0406, lr: 5.071146028642948e-05
2024-09-25 23:16:26 - train: epoch 88, iter:20, loss: 0.0464, lr: 5.071146028642948e-05
2024-09-25 23:16:47 - train: epoch 88, iter:40, loss: 0.0451, lr: 5.071146028642948e-05
2024-09-25 23:17:08 - train: epoch 88, iter:60, loss: 0.0428, lr: 5.071146028642948e-05
2024-09-25 23:17:17 - Finish one epoch train: epoch 88, loss: 0.0568, time(s): 73.46
2024-09-25 23:17:19 - train: epoch 89, iter:0, loss: 0.0411, lr: 4.476063948531561e-05
2024-09-25 23:17:40 - train: epoch 89, iter:20, loss: 0.0480, lr: 4.476063948531561e-05
2024-09-25 23:18:01 - train: epoch 89, iter:40, loss: 0.0426, lr: 4.476063948531561e-05
2024-09-25 23:18:23 - train: epoch 89, iter:60, loss: 0.0361, lr: 4.476063948531561e-05
2024-09-25 23:18:32 - Finish one epoch train: epoch 89, loss: 0.0571, time(s): 74.01
2024-09-25 23:18:33 - train: epoch 90, iter:0, loss: 0.0454, lr: 3.9264019367658426e-05
2024-09-25 23:18:54 - train: epoch 90, iter:20, loss: 0.0388, lr: 3.9264019367658426e-05
2024-09-25 23:19:16 - train: epoch 90, iter:40, loss: 0.1545, lr: 3.9264019367658426e-05
2024-09-25 23:19:37 - train: epoch 90, iter:60, loss: 0.0429, lr: 3.9264019367658426e-05
2024-09-25 23:19:46 - Finish one epoch train: epoch 90, loss: 0.0598, time(s): 73.58
2024-09-25 23:21:40 - idx 0 case case0008 mean_dice 0.642323 mean_hd95 11.985388
2024-09-25 23:22:46 - idx 1 case case0022 mean_dice 0.910598 mean_hd95 2.377003
2024-09-25 23:23:59 - idx 2 case case0038 mean_dice 0.801017 mean_hd95 26.381384
2024-09-25 23:26:29 - idx 3 case case0036 mean_dice 0.843296 mean_hd95 15.217992
2024-09-25 23:28:22 - idx 4 case case0032 mean_dice 0.891439 mean_hd95 6.061754
2024-09-25 23:30:10 - idx 5 case case0002 mean_dice 0.877577 mean_hd95 5.874903
2024-09-25 23:31:22 - idx 6 case case0029 mean_dice 0.797950 mean_hd95 25.746210
2024-09-25 23:34:02 - idx 7 case case0003 mean_dice 0.670558 mean_hd95 105.708779
2024-09-25 23:36:00 - idx 8 case case0001 mean_dice 0.781935 mean_hd95 20.179628
2024-09-25 23:37:48 - idx 9 case case0004 mean_dice 0.794281 mean_hd95 11.012914
2024-09-25 23:38:51 - idx 10 case case0025 mean_dice 0.804785 mean_hd95 26.318480
2024-09-25 23:39:52 - idx 11 case case0035 mean_dice 0.893508 mean_hd95 2.496555
2024-09-25 23:39:52 - Mean class 1 mean_dice 0.876105 mean_hd95 10.936543
2024-09-25 23:39:52 - Mean class 2 mean_dice 0.692103 mean_hd95 26.890925
2024-09-25 23:39:52 - Mean class 3 mean_dice 0.841860 mean_hd95 31.403144
2024-09-25 23:39:52 - Mean class 4 mean_dice 0.811041 mean_hd95 28.058288
2024-09-25 23:39:52 - Mean class 5 mean_dice 0.945691 mean_hd95 20.875308
2024-09-25 23:39:52 - Mean class 6 mean_dice 0.635670 mean_hd95 11.307952
2024-09-25 23:39:52 - Mean class 7 mean_dice 0.875251 mean_hd95 27.646985
2024-09-25 23:39:52 - Mean class 8 mean_dice 0.795124 mean_hd95 15.788183
2024-09-25 23:39:52 - val epoch: 90, mean_dice: 0.8091057125139642, mean_hd95: 21.613415851551427, time(s): 1205.72
2024-09-25 23:39:53 - train: epoch 91, iter:0, loss: 0.0429, lr: 3.4227024433899026e-05
2024-09-25 23:40:15 - train: epoch 91, iter:20, loss: 0.0400, lr: 3.4227024433899026e-05
2024-09-25 23:40:36 - train: epoch 91, iter:40, loss: 0.1449, lr: 3.4227024433899026e-05
2024-09-25 23:40:57 - train: epoch 91, iter:60, loss: 0.0447, lr: 3.4227024433899026e-05
2024-09-25 23:41:06 - Finish one epoch train: epoch 91, loss: 0.0515, time(s): 73.22
2024-09-25 23:41:07 - train: epoch 92, iter:0, loss: 0.0399, lr: 2.9654625589913258e-05
2024-09-25 23:41:28 - train: epoch 92, iter:20, loss: 0.0459, lr: 2.9654625589913258e-05
2024-09-25 23:41:50 - train: epoch 92, iter:40, loss: 0.0379, lr: 2.9654625589913258e-05
2024-09-25 23:42:11 - train: epoch 92, iter:60, loss: 0.0432, lr: 2.9654625589913258e-05
2024-09-25 23:42:20 - Finish one epoch train: epoch 92, loss: 0.0497, time(s): 73.77
2024-09-25 23:42:22 - train: epoch 93, iter:0, loss: 0.0470, lr: 2.5551335241327692e-05
2024-09-25 23:42:43 - train: epoch 93, iter:20, loss: 0.1493, lr: 2.5551335241327692e-05
2024-09-25 23:43:04 - train: epoch 93, iter:40, loss: 0.0424, lr: 2.5551335241327692e-05
2024-09-25 23:43:26 - train: epoch 93, iter:60, loss: 0.0440, lr: 2.5551335241327692e-05
2024-09-25 23:43:34 - Finish one epoch train: epoch 93, loss: 0.0491, time(s): 73.45
2024-09-25 23:43:36 - train: epoch 94, iter:0, loss: 0.0426, lr: 2.192120284032009e-05
2024-09-25 23:43:58 - train: epoch 94, iter:20, loss: 0.0447, lr: 2.192120284032009e-05
2024-09-25 23:44:20 - train: epoch 94, iter:40, loss: 0.0531, lr: 2.192120284032009e-05
2024-09-25 23:44:42 - train: epoch 94, iter:60, loss: 0.0432, lr: 2.192120284032009e-05
2024-09-25 23:44:51 - Finish one epoch train: epoch 94, loss: 0.0560, time(s): 75.84
2024-09-25 23:44:53 - train: epoch 95, iter:0, loss: 0.0396, lr: 1.8767810889299096e-05
2024-09-25 23:45:15 - train: epoch 95, iter:20, loss: 0.0468, lr: 1.8767810889299096e-05
2024-09-25 23:45:36 - train: epoch 95, iter:40, loss: 0.0440, lr: 1.8767810889299096e-05
2024-09-25 23:45:57 - train: epoch 95, iter:60, loss: 0.0396, lr: 1.8767810889299096e-05
2024-09-25 23:46:06 - Finish one epoch train: epoch 95, loss: 0.0469, time(s): 74.11
2024-09-25 23:46:08 - train: epoch 96, iter:0, loss: 0.0408, lr: 1.609427140540687e-05
2024-09-25 23:46:29 - train: epoch 96, iter:20, loss: 0.0404, lr: 1.609427140540687e-05
2024-09-25 23:46:50 - train: epoch 96, iter:40, loss: 0.0475, lr: 1.609427140540687e-05
2024-09-25 23:47:11 - train: epoch 96, iter:60, loss: 0.0502, lr: 1.609427140540687e-05
2024-09-25 23:47:19 - Finish one epoch train: epoch 96, loss: 0.0584, time(s): 72.10
2024-09-25 23:47:21 - train: epoch 97, iter:0, loss: 0.0479, lr: 1.3903222849333514e-05
2024-09-25 23:47:42 - train: epoch 97, iter:20, loss: 0.0392, lr: 1.3903222849333514e-05
2024-09-25 23:48:05 - train: epoch 97, iter:40, loss: 0.0476, lr: 1.3903222849333514e-05
2024-09-25 23:48:27 - train: epoch 97, iter:60, loss: 0.0417, lr: 1.3903222849333514e-05
2024-09-25 23:48:36 - Finish one epoch train: epoch 97, loss: 0.0504, time(s): 76.32
2024-09-25 23:48:38 - train: epoch 98, iter:0, loss: 0.0447, lr: 1.2196827521475406e-05
2024-09-25 23:48:59 - train: epoch 98, iter:20, loss: 0.0678, lr: 1.2196827521475406e-05
2024-09-25 23:49:20 - train: epoch 98, iter:40, loss: 0.0421, lr: 1.2196827521475406e-05
2024-09-25 23:49:41 - train: epoch 98, iter:60, loss: 0.0344, lr: 1.2196827521475406e-05
2024-09-25 23:49:50 - Finish one epoch train: epoch 98, loss: 0.0587, time(s): 72.97
2024-09-25 23:49:51 - train: epoch 99, iter:0, loss: 0.0471, lr: 1.097676942800558e-05
2024-09-25 23:50:13 - train: epoch 99, iter:20, loss: 0.0415, lr: 1.097676942800558e-05
2024-09-25 23:50:34 - train: epoch 99, iter:40, loss: 0.0494, lr: 1.097676942800558e-05
2024-09-25 23:50:55 - train: epoch 99, iter:60, loss: 0.0461, lr: 1.097676942800558e-05
2024-09-25 23:51:04 - Finish one epoch train: epoch 99, loss: 0.0523, time(s): 73.51
2024-09-25 23:51:06 - train: epoch 100, iter:0, loss: 0.0504, lr: 1.024425261896286e-05
2024-09-25 23:51:27 - train: epoch 100, iter:20, loss: 0.0413, lr: 1.024425261896286e-05
2024-09-25 23:51:48 - train: epoch 100, iter:40, loss: 0.0646, lr: 1.024425261896286e-05
2024-09-25 23:52:09 - train: epoch 100, iter:60, loss: 0.0457, lr: 1.024425261896286e-05
2024-09-25 23:52:18 - Finish one epoch train: epoch 100, loss: 0.0516, time(s): 72.93
2024-09-25 23:52:19 - train: epoch 101, iter:0, loss: 0.0446, lr: 1e-05
2024-09-25 23:52:40 - train: epoch 101, iter:20, loss: 0.0457, lr: 1e-05
2024-09-25 23:53:01 - train: epoch 101, iter:40, loss: 0.0418, lr: 1e-05
