2024-10-03 20:34:11 - #----------Config info----------#
2024-10-03 20:34:11 - network: vmunet,
2024-10-03 20:34:11 - model_config: {'num_classes': 9, 'input_channels': 3, 'depths': [2, 2, 2, 2], 'depths_decoder': [2, 2, 2, 1], 'drop_path_rate': 0.2, 'load_ckpt_path': '/root/autodl-tmp/Medical_Project/data/pre_trained_weights/vmamba_small_e238_ema.pth'},
2024-10-03 20:34:11 - datasets_name: synapse,
2024-10-03 20:34:11 - input_size_h: 224,
2024-10-03 20:34:11 - input_size_w: 224,
2024-10-03 20:34:11 - data_path: /root/autodl-tmp/Medical_Project/data/synapse/project_TransUNet/data/Synapse/train_npz,
2024-10-03 20:34:11 - datasets: <class 'datasets.dataset.Synapse_dataset'>,
2024-10-03 20:34:11 - list_dir: /root/autodl-tmp/Medical_Project/data/synapse/project_TransUNet/TransUNet/lists/lists_Synapse,
2024-10-03 20:34:11 - volume_path: /root/autodl-tmp/Medical_Project/data/synapse/project_TransUNet/data/Synapse/test_vol_h5,
2024-10-03 20:34:11 - pretrained_path: ,
2024-10-03 20:34:11 - num_classes: 9,
2024-10-03 20:34:11 - loss_weight: [1, 1],
2024-10-03 20:34:11 - criterion: CeDiceLoss(
  (celoss): CrossEntropyLoss()
  (diceloss): nDiceLoss()
),
2024-10-03 20:34:11 - z_spacing: 1,
2024-10-03 20:34:11 - input_channels: 3,
2024-10-03 20:34:11 - distributed: False,
2024-10-03 20:34:11 - local_rank: -1,
2024-10-03 20:34:11 - num_workers: 0,
2024-10-03 20:34:11 - seed: 2222,
2024-10-03 20:34:11 - world_size: None,
2024-10-03 20:34:11 - rank: None,
2024-10-03 20:34:11 - amp: False,
2024-10-03 20:34:11 - batch_size: 32,
2024-10-03 20:34:11 - epochs: 100,
2024-10-03 20:34:11 - work_dir: results/vmunet_synapse_Thursday_03_October_2024_20h_34m_11s/,
2024-10-03 20:34:11 - print_interval: 20,
2024-10-03 20:34:11 - val_interval: 10,
2024-10-03 20:34:11 - test_weights_path: ,
2024-10-03 20:34:11 - threshold: 0.5,
2024-10-03 20:34:11 - opt: AdamW,
2024-10-03 20:34:11 - lr: 0.001,
2024-10-03 20:34:11 - betas: (0.9, 0.999),
2024-10-03 20:34:11 - eps: 1e-08,
2024-10-03 20:34:11 - weight_decay: 0.01,
2024-10-03 20:34:11 - amsgrad: False,
2024-10-03 20:34:11 - sch: CosineAnnealingLR,
2024-10-03 20:34:11 - T_max: 100,
2024-10-03 20:34:11 - eta_min: 1e-05,
2024-10-03 20:34:11 - last_epoch: -1,
2024-10-03 20:34:14 - train: epoch 1, iter:0, loss: 3.3165, lr: 0.001
2024-10-03 20:34:37 - train: epoch 1, iter:20, loss: 0.9307, lr: 0.001
2024-10-03 20:35:00 - train: epoch 1, iter:40, loss: 0.7156, lr: 0.001
2024-10-03 20:35:24 - train: epoch 1, iter:60, loss: 0.6314, lr: 0.001
2024-10-03 20:35:36 - Finish one epoch train: epoch 1, loss: 0.9044, time(s): 82.57
2024-10-03 20:35:38 - train: epoch 2, iter:0, loss: 0.6849, lr: 0.0009997557473810372
2024-10-03 20:36:06 - train: epoch 2, iter:20, loss: 0.4972, lr: 0.0009997557473810372
2024-10-03 20:36:34 - train: epoch 2, iter:40, loss: 0.5258, lr: 0.0009997557473810372
2024-10-03 20:37:02 - train: epoch 2, iter:60, loss: 0.4324, lr: 0.0009997557473810372
2024-10-03 20:37:14 - Finish one epoch train: epoch 2, loss: 0.5104, time(s): 97.08
2024-10-03 20:37:16 - train: epoch 3, iter:0, loss: 0.5119, lr: 0.0009990232305719946
2024-10-03 20:37:38 - train: epoch 3, iter:20, loss: 0.3352, lr: 0.0009990232305719946
2024-10-03 20:38:01 - train: epoch 3, iter:40, loss: 0.3613, lr: 0.0009990232305719946
2024-10-03 20:38:24 - train: epoch 3, iter:60, loss: 0.3866, lr: 0.0009990232305719946
2024-10-03 20:38:33 - Finish one epoch train: epoch 3, loss: 0.4070, time(s): 78.60
2024-10-03 20:38:35 - train: epoch 4, iter:0, loss: 0.3106, lr: 0.0009978031724785247
2024-10-03 20:38:58 - train: epoch 4, iter:20, loss: 0.2986, lr: 0.0009978031724785247
2024-10-03 20:39:21 - train: epoch 4, iter:40, loss: 0.3840, lr: 0.0009978031724785247
2024-10-03 20:39:45 - train: epoch 4, iter:60, loss: 0.2407, lr: 0.0009978031724785247
2024-10-03 20:39:54 - Finish one epoch train: epoch 4, loss: 0.3190, time(s): 79.82
2024-10-03 20:39:56 - train: epoch 5, iter:0, loss: 0.2757, lr: 0.0009960967771506667
2024-10-03 20:40:19 - train: epoch 5, iter:20, loss: 0.2786, lr: 0.0009960967771506667
2024-10-03 20:40:42 - train: epoch 5, iter:40, loss: 0.2483, lr: 0.0009960967771506667
2024-10-03 20:41:05 - train: epoch 5, iter:60, loss: 0.2470, lr: 0.0009960967771506667
2024-10-03 20:41:15 - Finish one epoch train: epoch 5, loss: 0.2651, time(s): 79.84
2024-10-03 20:41:17 - train: epoch 6, iter:0, loss: 0.3054, lr: 0.0009939057285945933
2024-10-03 20:41:39 - train: epoch 6, iter:20, loss: 0.2942, lr: 0.0009939057285945933
2024-10-03 20:42:02 - train: epoch 6, iter:40, loss: 0.2598, lr: 0.0009939057285945933
2024-10-03 20:42:24 - train: epoch 6, iter:60, loss: 0.2758, lr: 0.0009939057285945933
2024-10-03 20:42:33 - Finish one epoch train: epoch 6, loss: 0.2517, time(s): 77.20
2024-10-03 20:42:35 - train: epoch 7, iter:0, loss: 0.2060, lr: 0.0009912321891107012
2024-10-03 20:42:58 - train: epoch 7, iter:20, loss: 0.2877, lr: 0.0009912321891107012
2024-10-03 20:43:20 - train: epoch 7, iter:40, loss: 0.2024, lr: 0.0009912321891107012
2024-10-03 20:43:42 - train: epoch 7, iter:60, loss: 0.1831, lr: 0.0009912321891107012
2024-10-03 20:43:51 - Finish one epoch train: epoch 7, loss: 0.2293, time(s): 77.20
2024-10-03 20:43:53 - train: epoch 8, iter:0, loss: 0.2071, lr: 0.0009880787971596802
2024-10-03 20:44:15 - train: epoch 8, iter:20, loss: 0.1930, lr: 0.0009880787971596802
2024-10-03 20:44:38 - train: epoch 8, iter:40, loss: 0.2087, lr: 0.0009880787971596802
2024-10-03 20:45:00 - train: epoch 8, iter:60, loss: 0.2056, lr: 0.0009880787971596802
2024-10-03 20:45:09 - Finish one epoch train: epoch 8, loss: 0.2173, time(s): 77.24
2024-10-03 20:45:12 - train: epoch 9, iter:0, loss: 0.1482, lr: 0.0009844486647586726
2024-10-03 20:45:34 - train: epoch 9, iter:20, loss: 0.1830, lr: 0.0009844486647586726
2024-10-03 20:45:57 - train: epoch 9, iter:40, loss: 0.1558, lr: 0.0009844486647586726
2024-10-03 20:46:19 - train: epoch 9, iter:60, loss: 0.1683, lr: 0.0009844486647586726
2024-10-03 20:46:28 - Finish one epoch train: epoch 9, loss: 0.2015, time(s): 77.74
2024-10-03 20:46:30 - train: epoch 10, iter:0, loss: 0.1734, lr: 0.000980345374410087
2024-10-03 20:46:53 - train: epoch 10, iter:20, loss: 0.1376, lr: 0.000980345374410087
2024-10-03 20:47:15 - train: epoch 10, iter:40, loss: 0.1620, lr: 0.000980345374410087
2024-10-03 20:47:37 - train: epoch 10, iter:60, loss: 0.1689, lr: 0.000980345374410087
2024-10-03 20:47:47 - Finish one epoch train: epoch 10, loss: 0.1805, time(s): 77.37
2024-10-03 20:49:37 - idx 0 case case0008 mean_dice 0.554410 mean_hd95 17.596468
2024-10-03 20:50:41 - idx 1 case case0022 mean_dice 0.811139 mean_hd95 25.214260
2024-10-03 20:51:54 - idx 2 case case0038 mean_dice 0.739286 mean_hd95 7.901727
2024-10-03 20:54:20 - idx 3 case case0036 mean_dice 0.765611 mean_hd95 20.237055
2024-10-03 20:56:07 - idx 4 case case0032 mean_dice 0.821558 mean_hd95 7.445675
2024-10-03 20:57:47 - idx 5 case case0002 mean_dice 0.825682 mean_hd95 4.534795
2024-10-03 20:58:59 - idx 6 case case0029 mean_dice 0.541464 mean_hd95 71.094953
2024-10-03 21:01:35 - idx 7 case case0003 mean_dice 0.571936 mean_hd95 102.910981
2024-10-03 21:03:25 - idx 8 case case0001 mean_dice 0.728698 mean_hd95 20.814284
2024-10-03 21:05:05 - idx 9 case case0004 mean_dice 0.691349 mean_hd95 33.525240
2024-10-03 21:06:08 - idx 10 case case0025 mean_dice 0.681584 mean_hd95 44.263147
2024-10-03 21:07:10 - idx 11 case case0035 mean_dice 0.789053 mean_hd95 5.878264
2024-10-03 21:07:10 - Mean class 1 mean_dice 0.781704 mean_hd95 11.334197
2024-10-03 21:07:10 - Mean class 2 mean_dice 0.503754 mean_hd95 40.427906
2024-10-03 21:07:10 - Mean class 3 mean_dice 0.734868 mean_hd95 46.258402
2024-10-03 21:07:10 - Mean class 4 mean_dice 0.708872 mean_hd95 50.958879
2024-10-03 21:07:10 - Mean class 5 mean_dice 0.916650 mean_hd95 19.948394
2024-10-03 21:07:10 - Mean class 6 mean_dice 0.484840 mean_hd95 17.587091
2024-10-03 21:07:10 - Mean class 7 mean_dice 0.849304 mean_hd95 34.224113
2024-10-03 21:07:10 - Mean class 8 mean_dice 0.701188 mean_hd95 20.205585
2024-10-03 21:07:10 - val epoch: 10, mean_dice: 0.7101474601933535, mean_hd95: 30.118070758252653, time(s): 1163.20
2024-10-03 21:07:12 - train: epoch 11, iter:0, loss: 0.1534, lr: 0.0009757729755661012
2024-10-03 21:07:34 - train: epoch 11, iter:20, loss: 0.1963, lr: 0.0009757729755661012
2024-10-03 21:07:57 - train: epoch 11, iter:40, loss: 0.1449, lr: 0.0009757729755661012
2024-10-03 21:08:20 - train: epoch 11, iter:60, loss: 0.1949, lr: 0.0009757729755661012
2024-10-03 21:08:29 - Finish one epoch train: epoch 11, loss: 0.1724, time(s): 78.54
2024-10-03 21:08:31 - train: epoch 12, iter:0, loss: 0.1347, lr: 0.0009707359806323418
2024-10-03 21:08:54 - train: epoch 12, iter:20, loss: 0.1138, lr: 0.0009707359806323418
2024-10-03 21:09:17 - train: epoch 12, iter:40, loss: 0.1313, lr: 0.0009707359806323418
2024-10-03 21:09:40 - train: epoch 12, iter:60, loss: 0.1429, lr: 0.0009707359806323418
2024-10-03 21:09:49 - Finish one epoch train: epoch 12, loss: 0.1610, time(s): 78.34
2024-10-03 21:09:51 - train: epoch 13, iter:0, loss: 0.1517, lr: 0.0009652393605146846
2024-10-03 21:10:13 - train: epoch 13, iter:20, loss: 0.1643, lr: 0.0009652393605146846
2024-10-03 21:10:36 - train: epoch 13, iter:40, loss: 0.1378, lr: 0.0009652393605146846
2024-10-03 21:10:58 - train: epoch 13, iter:60, loss: 0.1189, lr: 0.0009652393605146846
2024-10-03 21:11:07 - Finish one epoch train: epoch 13, loss: 0.1616, time(s): 77.41
2024-10-03 21:11:09 - train: epoch 14, iter:0, loss: 0.1267, lr: 0.0009592885397135708
2024-10-03 21:11:31 - train: epoch 14, iter:20, loss: 0.2336, lr: 0.0009592885397135708
2024-10-03 21:11:54 - train: epoch 14, iter:40, loss: 0.1926, lr: 0.0009592885397135708
2024-10-03 21:12:16 - train: epoch 14, iter:60, loss: 0.1257, lr: 0.0009592885397135708
2024-10-03 21:12:25 - Finish one epoch train: epoch 14, loss: 0.1377, time(s): 77.34
2024-10-03 21:12:27 - train: epoch 15, iter:0, loss: 0.1243, lr: 0.0009528893909706799
2024-10-03 21:12:50 - train: epoch 15, iter:20, loss: 0.2518, lr: 0.0009528893909706799
2024-10-03 21:13:12 - train: epoch 15, iter:40, loss: 0.1144, lr: 0.0009528893909706799
2024-10-03 21:13:34 - train: epoch 15, iter:60, loss: 0.2184, lr: 0.0009528893909706799
2024-10-03 21:13:44 - Finish one epoch train: epoch 15, loss: 0.1345, time(s): 77.37
2024-10-03 21:13:46 - train: epoch 16, iter:0, loss: 0.1171, lr: 0.0009460482294732424
2024-10-03 21:14:08 - train: epoch 16, iter:20, loss: 0.1480, lr: 0.0009460482294732424
2024-10-03 21:14:31 - train: epoch 16, iter:40, loss: 0.1318, lr: 0.0009460482294732424
2024-10-03 21:14:53 - train: epoch 16, iter:60, loss: 0.1174, lr: 0.0009460482294732424
2024-10-03 21:15:02 - Finish one epoch train: epoch 16, loss: 0.1424, time(s): 77.23
2024-10-03 21:15:04 - train: epoch 17, iter:0, loss: 0.1028, lr: 0.0009387718066217127
2024-10-03 21:15:26 - train: epoch 17, iter:20, loss: 0.1309, lr: 0.0009387718066217127
2024-10-03 21:15:48 - train: epoch 17, iter:40, loss: 0.1520, lr: 0.0009387718066217127
2024-10-03 21:16:11 - train: epoch 17, iter:60, loss: 0.1345, lr: 0.0009387718066217127
2024-10-03 21:16:20 - Finish one epoch train: epoch 17, loss: 0.1294, time(s): 77.31
2024-10-03 21:16:22 - train: epoch 18, iter:0, loss: 0.1110, lr: 0.0009310673033669524
2024-10-03 21:16:45 - train: epoch 18, iter:20, loss: 0.1327, lr: 0.0009310673033669524
2024-10-03 21:17:07 - train: epoch 18, iter:40, loss: 0.1243, lr: 0.0009310673033669524
2024-10-03 21:17:30 - train: epoch 18, iter:60, loss: 0.1222, lr: 0.0009310673033669524
2024-10-03 21:17:39 - Finish one epoch train: epoch 18, loss: 0.1312, time(s): 78.14
2024-10-03 21:17:41 - train: epoch 19, iter:0, loss: 0.1812, lr: 0.0009229423231234977
2024-10-03 21:18:03 - train: epoch 19, iter:20, loss: 0.1509, lr: 0.0009229423231234977
2024-10-03 21:18:26 - train: epoch 19, iter:40, loss: 0.1620, lr: 0.0009229423231234977
2024-10-03 21:18:49 - train: epoch 19, iter:60, loss: 0.1487, lr: 0.0009229423231234977
2024-10-03 21:18:58 - Finish one epoch train: epoch 19, loss: 0.1464, time(s): 77.68
2024-10-03 21:18:59 - train: epoch 20, iter:0, loss: 0.1209, lr: 0.0009144048842659084
2024-10-03 21:19:22 - train: epoch 20, iter:20, loss: 0.1269, lr: 0.0009144048842659084
2024-10-03 21:19:45 - train: epoch 20, iter:40, loss: 0.1055, lr: 0.0009144048842659084
2024-10-03 21:20:08 - train: epoch 20, iter:60, loss: 0.1924, lr: 0.0009144048842659084
2024-10-03 21:20:17 - Finish one epoch train: epoch 20, loss: 0.1169, time(s): 78.46
2024-10-03 21:22:08 - idx 0 case case0008 mean_dice 0.593713 mean_hd95 24.313173
2024-10-03 21:23:16 - idx 1 case case0022 mean_dice 0.838168 mean_hd95 9.839465
2024-10-03 21:24:29 - idx 2 case case0038 mean_dice 0.778719 mean_hd95 14.275925
2024-10-03 21:26:59 - idx 3 case case0036 mean_dice 0.759825 mean_hd95 24.478781
2024-10-03 21:28:44 - idx 4 case case0032 mean_dice 0.840237 mean_hd95 9.692150
2024-10-03 21:30:24 - idx 5 case case0002 mean_dice 0.824945 mean_hd95 7.327490
2024-10-03 21:31:35 - idx 6 case case0029 mean_dice 0.667682 mean_hd95 50.233222
2024-10-03 21:34:13 - idx 7 case case0003 mean_dice 0.674665 mean_hd95 103.584765
2024-10-03 21:36:08 - idx 8 case case0001 mean_dice 0.733748 mean_hd95 36.676949
2024-10-03 21:37:55 - idx 9 case case0004 mean_dice 0.755521 mean_hd95 29.817761
2024-10-03 21:38:59 - idx 10 case case0025 mean_dice 0.797625 mean_hd95 26.196110
2024-10-03 21:39:59 - idx 11 case case0035 mean_dice 0.833259 mean_hd95 5.028367
2024-10-03 21:39:59 - Mean class 1 mean_dice 0.843611 mean_hd95 7.959479
2024-10-03 21:39:59 - Mean class 2 mean_dice 0.540648 mean_hd95 55.925814
2024-10-03 21:39:59 - Mean class 3 mean_dice 0.809870 mean_hd95 52.598193
2024-10-03 21:39:59 - Mean class 4 mean_dice 0.761981 mean_hd95 36.474635
2024-10-03 21:39:59 - Mean class 5 mean_dice 0.925854 mean_hd95 23.263439
2024-10-03 21:39:59 - Mean class 6 mean_dice 0.545297 mean_hd95 17.233451
2024-10-03 21:39:59 - Mean class 7 mean_dice 0.882353 mean_hd95 10.457400
2024-10-03 21:39:59 - Mean class 8 mean_dice 0.755790 mean_hd95 23.730361
2024-10-03 21:39:59 - val epoch: 20, mean_dice: 0.7581755964053029, mean_hd95: 28.455346540521262, time(s): 1181.76
2024-10-03 21:40:01 - train: epoch 21, iter:0, loss: 0.1016, lr: 0.0009054634122155993
2024-10-03 21:40:23 - train: epoch 21, iter:20, loss: 0.0815, lr: 0.0009054634122155993
2024-10-03 21:40:45 - train: epoch 21, iter:40, loss: 0.0991, lr: 0.0009054634122155993
2024-10-03 21:41:08 - train: epoch 21, iter:60, loss: 0.0882, lr: 0.0009054634122155993
2024-10-03 21:41:17 - Finish one epoch train: epoch 21, loss: 0.1070, time(s): 76.98
2024-10-03 21:41:19 - train: epoch 22, iter:0, loss: 0.0836, lr: 0.000896126731125967
2024-10-03 21:41:41 - train: epoch 22, iter:20, loss: 0.0904, lr: 0.000896126731125967
2024-10-03 21:42:04 - train: epoch 22, iter:40, loss: 0.0823, lr: 0.000896126731125967
2024-10-03 21:42:26 - train: epoch 22, iter:60, loss: 0.1311, lr: 0.000896126731125967
2024-10-03 21:42:36 - Finish one epoch train: epoch 22, loss: 0.1213, time(s): 77.90
2024-10-03 21:42:37 - train: epoch 23, iter:0, loss: 0.1049, lr: 0.000886404055174016
2024-10-03 21:43:00 - train: epoch 23, iter:20, loss: 0.1021, lr: 0.000886404055174016
2024-10-03 21:43:23 - train: epoch 23, iter:40, loss: 0.1097, lr: 0.000886404055174016
2024-10-03 21:43:45 - train: epoch 23, iter:60, loss: 0.1923, lr: 0.000886404055174016
2024-10-03 21:43:54 - Finish one epoch train: epoch 23, loss: 0.1102, time(s): 78.14
2024-10-03 21:43:56 - train: epoch 24, iter:0, loss: 0.0861, lr: 0.0008763049794670778
2024-10-03 21:44:19 - train: epoch 24, iter:20, loss: 0.1043, lr: 0.0008763049794670778
2024-10-03 21:44:41 - train: epoch 24, iter:40, loss: 0.1302, lr: 0.0008763049794670778
2024-10-03 21:45:04 - train: epoch 24, iter:60, loss: 0.0952, lr: 0.0008763049794670778
2024-10-03 21:45:13 - Finish one epoch train: epoch 24, loss: 0.1163, time(s): 77.75
2024-10-03 21:45:15 - train: epoch 25, iter:0, loss: 0.1097, lr: 0.000865839470573599
2024-10-03 21:45:37 - train: epoch 25, iter:20, loss: 0.1137, lr: 0.000865839470573599
2024-10-03 21:46:00 - train: epoch 25, iter:40, loss: 0.1011, lr: 0.000865839470573599
2024-10-03 21:46:22 - train: epoch 25, iter:60, loss: 0.1119, lr: 0.000865839470573599
2024-10-03 21:46:32 - Finish one epoch train: epoch 25, loss: 0.1083, time(s): 77.89
2024-10-03 21:46:33 - train: epoch 26, iter:0, loss: 0.0900, lr: 0.0008550178566873413
2024-10-03 21:46:56 - train: epoch 26, iter:20, loss: 0.0954, lr: 0.0008550178566873413
2024-10-03 21:47:18 - train: epoch 26, iter:40, loss: 0.1970, lr: 0.0008550178566873413
2024-10-03 21:47:41 - train: epoch 26, iter:60, loss: 0.1327, lr: 0.0008550178566873413
2024-10-03 21:47:50 - Finish one epoch train: epoch 26, loss: 0.1078, time(s): 77.40
2024-10-03 21:47:51 - train: epoch 27, iter:0, loss: 0.1202, lr: 0.0008438508174347012
2024-10-03 21:48:14 - train: epoch 27, iter:20, loss: 0.0837, lr: 0.0008438508174347012
2024-10-03 21:48:37 - train: epoch 27, iter:40, loss: 0.0926, lr: 0.0008438508174347012
2024-10-03 21:48:59 - train: epoch 27, iter:60, loss: 0.1067, lr: 0.0008438508174347012
2024-10-03 21:49:08 - Finish one epoch train: epoch 27, loss: 0.1058, time(s): 77.63
2024-10-03 21:49:10 - train: epoch 28, iter:0, loss: 0.0850, lr: 0.000832349373335208
2024-10-03 21:49:33 - train: epoch 28, iter:20, loss: 0.1788, lr: 0.000832349373335208
2024-10-03 21:49:55 - train: epoch 28, iter:40, loss: 0.1122, lr: 0.000832349373335208
2024-10-03 21:50:18 - train: epoch 28, iter:60, loss: 0.1115, lr: 0.000832349373335208
2024-10-03 21:50:27 - Finish one epoch train: epoch 28, loss: 0.1176, time(s): 78.21
2024-10-03 21:50:29 - train: epoch 29, iter:0, loss: 0.1134, lr: 0.0008205248749256018
2024-10-03 21:50:55 - train: epoch 29, iter:20, loss: 0.0716, lr: 0.0008205248749256018
2024-10-03 21:51:20 - train: epoch 29, iter:40, loss: 0.0919, lr: 0.0008205248749256018
2024-10-03 21:51:46 - train: epoch 29, iter:60, loss: 0.0853, lr: 0.0008205248749256018
2024-10-03 21:51:57 - Finish one epoch train: epoch 29, loss: 0.1088, time(s): 88.65
2024-10-03 21:51:59 - train: epoch 30, iter:0, loss: 0.0871, lr: 0.0008083889915582238
2024-10-03 21:52:22 - train: epoch 30, iter:20, loss: 0.0916, lr: 0.0008083889915582238
2024-10-03 21:52:44 - train: epoch 30, iter:40, loss: 0.0833, lr: 0.0008083889915582238
2024-10-03 21:53:07 - train: epoch 30, iter:60, loss: 0.0832, lr: 0.0008083889915582238
2024-10-03 21:53:17 - Finish one epoch train: epoch 30, loss: 0.1035, time(s): 79.24
2024-10-03 21:55:23 - idx 0 case case0008 mean_dice 0.566370 mean_hd95 13.882437
2024-10-03 21:56:32 - idx 1 case case0022 mean_dice 0.864993 mean_hd95 7.742627
2024-10-03 21:57:46 - idx 2 case case0038 mean_dice 0.773375 mean_hd95 13.138786
2024-10-03 22:00:14 - idx 3 case case0036 mean_dice 0.815179 mean_hd95 25.790359
2024-10-03 22:02:04 - idx 4 case case0032 mean_dice 0.856055 mean_hd95 6.572285
2024-10-03 22:03:47 - idx 5 case case0002 mean_dice 0.855746 mean_hd95 5.688292
2024-10-03 22:04:59 - idx 6 case case0029 mean_dice 0.588466 mean_hd95 76.072841
2024-10-03 22:07:38 - idx 7 case case0003 mean_dice 0.598245 mean_hd95 123.294724
2024-10-03 22:09:35 - idx 8 case case0001 mean_dice 0.740502 mean_hd95 35.459148
2024-10-03 22:11:21 - idx 9 case case0004 mean_dice 0.738006 mean_hd95 11.204526
2024-10-03 22:12:24 - idx 10 case case0025 mean_dice 0.712146 mean_hd95 24.054567
2024-10-03 22:13:24 - idx 11 case case0035 mean_dice 0.858262 mean_hd95 4.183662
2024-10-03 22:13:24 - Mean class 1 mean_dice 0.858313 mean_hd95 11.695130
2024-10-03 22:13:24 - Mean class 2 mean_dice 0.610663 mean_hd95 38.145623
2024-10-03 22:13:24 - Mean class 3 mean_dice 0.747205 mean_hd95 29.492794
2024-10-03 22:13:24 - Mean class 4 mean_dice 0.720918 mean_hd95 48.740965
2024-10-03 22:13:24 - Mean class 5 mean_dice 0.927822 mean_hd95 25.540475
2024-10-03 22:13:24 - Mean class 6 mean_dice 0.473745 mean_hd95 20.190416
2024-10-03 22:13:24 - Mean class 7 mean_dice 0.837641 mean_hd95 38.369089
2024-10-03 22:13:24 - Mean class 8 mean_dice 0.801923 mean_hd95 19.215012
2024-10-03 22:13:24 - val epoch: 30, mean_dice: 0.7472787140281565, mean_hd95: 28.923687917213112, time(s): 1206.71
2024-10-03 22:13:26 - train: epoch 31, iter:0, loss: 0.0854, lr: 0.0007959536998847747
2024-10-03 22:13:49 - train: epoch 31, iter:20, loss: 0.1669, lr: 0.0007959536998847747
2024-10-03 22:14:11 - train: epoch 31, iter:40, loss: 0.0839, lr: 0.0007959536998847747
2024-10-03 22:14:34 - train: epoch 31, iter:60, loss: 0.0756, lr: 0.0007959536998847747
2024-10-03 22:14:43 - Finish one epoch train: epoch 31, loss: 0.1026, time(s): 78.86
2024-10-03 22:14:46 - train: epoch 32, iter:0, loss: 0.0693, lr: 0.0007832312720368051
2024-10-03 22:15:09 - train: epoch 32, iter:20, loss: 0.0967, lr: 0.0007832312720368051
2024-10-03 22:15:31 - train: epoch 32, iter:40, loss: 0.0678, lr: 0.0007832312720368051
2024-10-03 22:15:54 - train: epoch 32, iter:60, loss: 0.0753, lr: 0.0007832312720368051
2024-10-03 22:16:03 - Finish one epoch train: epoch 32, loss: 0.0945, time(s): 78.96
2024-10-03 22:16:06 - train: epoch 33, iter:0, loss: 0.0713, lr: 0.0007702342635146037
2024-10-03 22:16:28 - train: epoch 33, iter:20, loss: 0.1003, lr: 0.0007702342635146037
2024-10-03 22:16:51 - train: epoch 33, iter:40, loss: 0.1060, lr: 0.0007702342635146037
2024-10-03 22:17:14 - train: epoch 33, iter:60, loss: 0.0789, lr: 0.0007702342635146037
2024-10-03 22:17:23 - Finish one epoch train: epoch 33, loss: 0.0974, time(s): 78.23
2024-10-03 22:17:25 - train: epoch 34, iter:0, loss: 0.0715, lr: 0.0007569755007964342
2024-10-03 22:17:47 - train: epoch 34, iter:20, loss: 0.0902, lr: 0.0007569755007964342
2024-10-03 22:18:12 - train: epoch 34, iter:40, loss: 0.1362, lr: 0.0007569755007964342
2024-10-03 22:18:39 - train: epoch 34, iter:60, loss: 0.0870, lr: 0.0007569755007964342
2024-10-03 22:18:51 - Finish one epoch train: epoch 34, loss: 0.1042, time(s): 87.20
2024-10-03 22:18:53 - train: epoch 35, iter:0, loss: 0.0839, lr: 0.0007434680686803494
2024-10-03 22:19:16 - train: epoch 35, iter:20, loss: 0.0687, lr: 0.0007434680686803494
2024-10-03 22:19:39 - train: epoch 35, iter:40, loss: 0.0800, lr: 0.0007434680686803494
2024-10-03 22:20:02 - train: epoch 35, iter:60, loss: 0.0884, lr: 0.0007434680686803494
2024-10-03 22:20:11 - Finish one epoch train: epoch 35, loss: 0.0927, time(s): 79.72
2024-10-03 22:20:13 - train: epoch 36, iter:0, loss: 0.0772, lr: 0.0007297252973710761
2024-10-03 22:20:36 - train: epoch 36, iter:20, loss: 0.0835, lr: 0.0007297252973710761
2024-10-03 22:20:59 - train: epoch 36, iter:40, loss: 0.0907, lr: 0.0007297252973710761
2024-10-03 22:21:22 - train: epoch 36, iter:60, loss: 0.0730, lr: 0.0007297252973710761
2024-10-03 22:21:31 - Finish one epoch train: epoch 36, loss: 0.0999, time(s): 79.21
2024-10-03 22:21:33 - train: epoch 37, iter:0, loss: 0.0935, lr: 0.0007157607493247114
2024-10-03 22:21:56 - train: epoch 37, iter:20, loss: 0.1031, lr: 0.0007157607493247114
2024-10-03 22:22:18 - train: epoch 37, iter:40, loss: 0.0895, lr: 0.0007157607493247114
2024-10-03 22:22:41 - train: epoch 37, iter:60, loss: 0.0888, lr: 0.0007157607493247114
2024-10-03 22:22:50 - Finish one epoch train: epoch 37, loss: 0.0968, time(s): 78.07
2024-10-03 22:22:52 - train: epoch 38, iter:0, loss: 0.0651, lr: 0.0007015882058642168
2024-10-03 22:23:15 - train: epoch 38, iter:20, loss: 0.0729, lr: 0.0007015882058642168
2024-10-03 22:23:38 - train: epoch 38, iter:40, loss: 0.1877, lr: 0.0007015882058642168
2024-10-03 22:24:00 - train: epoch 38, iter:60, loss: 0.0787, lr: 0.0007015882058642168
2024-10-03 22:24:09 - Finish one epoch train: epoch 38, loss: 0.0899, time(s): 78.39
2024-10-03 22:24:11 - train: epoch 39, iter:0, loss: 0.0701, lr: 0.0006872216535789162
2024-10-03 22:24:34 - train: epoch 39, iter:20, loss: 0.0842, lr: 0.0006872216535789162
2024-10-03 22:24:56 - train: epoch 39, iter:40, loss: 0.0881, lr: 0.0006872216535789162
2024-10-03 22:25:19 - train: epoch 39, iter:60, loss: 0.0665, lr: 0.0006872216535789162
2024-10-03 22:25:28 - Finish one epoch train: epoch 39, loss: 0.0806, time(s): 77.92
2024-10-03 22:25:30 - train: epoch 40, iter:0, loss: 0.0693, lr: 0.0006726752705214198
2024-10-03 22:25:53 - train: epoch 40, iter:20, loss: 0.0604, lr: 0.0006726752705214198
2024-10-03 22:26:15 - train: epoch 40, iter:40, loss: 0.0780, lr: 0.0006726752705214198
2024-10-03 22:26:38 - train: epoch 40, iter:60, loss: 0.0692, lr: 0.0006726752705214198
2024-10-03 22:26:47 - Finish one epoch train: epoch 40, loss: 0.0845, time(s): 77.47
2024-10-03 22:28:40 - idx 0 case case0008 mean_dice 0.645428 mean_hd95 15.709749
2024-10-03 22:29:46 - idx 1 case case0022 mean_dice 0.878639 mean_hd95 6.827701
2024-10-03 22:30:57 - idx 2 case case0038 mean_dice 0.802179 mean_hd95 37.830773
2024-10-03 22:33:24 - idx 3 case case0036 mean_dice 0.818939 mean_hd95 21.225265
2024-10-03 22:35:16 - idx 4 case case0032 mean_dice 0.883871 mean_hd95 4.645113
2024-10-03 22:37:04 - idx 5 case case0002 mean_dice 0.849377 mean_hd95 40.335742
2024-10-03 22:38:15 - idx 6 case case0029 mean_dice 0.770969 mean_hd95 61.012989
2024-10-03 22:40:55 - idx 7 case case0003 mean_dice 0.601801 mean_hd95 126.091729
2024-10-03 22:42:51 - idx 8 case case0001 mean_dice 0.794986 mean_hd95 33.293462
2024-10-03 22:44:37 - idx 9 case case0004 mean_dice 0.757150 mean_hd95 27.390925
2024-10-03 22:45:39 - idx 10 case case0025 mean_dice 0.834826 mean_hd95 24.850413
2024-10-03 22:46:37 - idx 11 case case0035 mean_dice 0.846316 mean_hd95 8.978338
2024-10-03 22:46:37 - Mean class 1 mean_dice 0.862385 mean_hd95 14.938876
2024-10-03 22:46:37 - Mean class 2 mean_dice 0.676270 mean_hd95 45.251192
2024-10-03 22:46:37 - Mean class 3 mean_dice 0.793225 mean_hd95 46.120969
2024-10-03 22:46:37 - Mean class 4 mean_dice 0.758075 mean_hd95 51.926519
2024-10-03 22:46:37 - Mean class 5 mean_dice 0.937658 mean_hd95 19.166157
2024-10-03 22:46:37 - Mean class 6 mean_dice 0.619000 mean_hd95 13.948040
2024-10-03 22:46:37 - Mean class 7 mean_dice 0.882744 mean_hd95 60.730389
2024-10-03 22:46:37 - Mean class 8 mean_dice 0.793630 mean_hd95 20.045990
2024-10-03 22:46:37 - val epoch: 40, mean_dice: 0.7903733115319671, mean_hd95: 34.01601657637137, time(s): 1189.87
2024-10-03 22:46:39 - train: epoch 41, iter:0, loss: 0.0680, lr: 0.0006579634122155995
2024-10-03 22:47:01 - train: epoch 41, iter:20, loss: 0.0617, lr: 0.0006579634122155995
2024-10-03 22:47:23 - train: epoch 41, iter:40, loss: 0.0667, lr: 0.0006579634122155995
2024-10-03 22:47:46 - train: epoch 41, iter:60, loss: 0.0803, lr: 0.0006579634122155995
2024-10-03 22:47:55 - Finish one epoch train: epoch 41, loss: 0.0900, time(s): 77.11
2024-10-03 22:47:56 - train: epoch 42, iter:0, loss: 0.0797, lr: 0.000643100597489419
2024-10-03 22:48:19 - train: epoch 42, iter:20, loss: 0.0839, lr: 0.000643100597489419
2024-10-03 22:48:41 - train: epoch 42, iter:40, loss: 0.0794, lr: 0.000643100597489419
2024-10-03 22:49:04 - train: epoch 42, iter:60, loss: 0.0664, lr: 0.000643100597489419
2024-10-03 22:49:13 - Finish one epoch train: epoch 42, loss: 0.0898, time(s): 77.92
2024-10-03 22:49:15 - train: epoch 43, iter:0, loss: 0.0786, lr: 0.0006281014941466035
2024-10-03 22:49:39 - train: epoch 43, iter:20, loss: 0.0680, lr: 0.0006281014941466035
2024-10-03 22:50:01 - train: epoch 43, iter:40, loss: 0.0811, lr: 0.0006281014941466035
2024-10-03 22:50:24 - train: epoch 43, iter:60, loss: 0.0702, lr: 0.0006281014941466035
2024-10-03 22:50:33 - Finish one epoch train: epoch 43, loss: 0.0877, time(s): 79.03
2024-10-03 22:50:35 - train: epoch 44, iter:0, loss: 0.0615, lr: 0.000612980904491289
2024-10-03 22:50:59 - train: epoch 44, iter:20, loss: 0.0816, lr: 0.000612980904491289
2024-10-03 22:51:22 - train: epoch 44, iter:40, loss: 0.0626, lr: 0.000612980904491289
2024-10-03 22:51:45 - train: epoch 44, iter:60, loss: 0.0654, lr: 0.000612980904491289
2024-10-03 22:51:54 - Finish one epoch train: epoch 44, loss: 0.0868, time(s): 80.25
2024-10-03 22:51:56 - train: epoch 45, iter:0, loss: 0.0792, lr: 0.0005977537507199342
2024-10-03 22:52:19 - train: epoch 45, iter:20, loss: 0.0584, lr: 0.0005977537507199342
2024-10-03 22:52:41 - train: epoch 45, iter:40, loss: 0.0756, lr: 0.0005977537507199342
2024-10-03 22:53:04 - train: epoch 45, iter:60, loss: 0.0641, lr: 0.0005977537507199342
2024-10-03 22:53:13 - Finish one epoch train: epoch 45, loss: 0.0764, time(s): 77.83
2024-10-03 22:53:15 - train: epoch 46, iter:0, loss: 0.0670, lr: 0.0005824350601949147
2024-10-03 22:53:38 - train: epoch 46, iter:20, loss: 0.0571, lr: 0.0005824350601949147
2024-10-03 22:54:01 - train: epoch 46, iter:40, loss: 0.0950, lr: 0.0005824350601949147
2024-10-03 22:54:24 - train: epoch 46, iter:60, loss: 0.1682, lr: 0.0005824350601949147
2024-10-03 22:54:33 - Finish one epoch train: epoch 46, loss: 0.0841, time(s): 79.51
2024-10-03 22:54:35 - train: epoch 47, iter:0, loss: 0.0619, lr: 0.000567039950614331
2024-10-03 22:55:01 - train: epoch 47, iter:20, loss: 0.0615, lr: 0.000567039950614331
2024-10-03 22:55:26 - train: epoch 47, iter:40, loss: 0.0638, lr: 0.000567039950614331
2024-10-03 22:55:52 - train: epoch 47, iter:60, loss: 0.0627, lr: 0.000567039950614331
2024-10-03 22:56:03 - Finish one epoch train: epoch 47, loss: 0.0830, time(s): 88.78
2024-10-03 22:56:05 - train: epoch 48, iter:0, loss: 0.1569, lr: 0.0005515836150926649
2024-10-03 22:56:31 - train: epoch 48, iter:20, loss: 0.0626, lr: 0.0005515836150926649
2024-10-03 22:56:56 - train: epoch 48, iter:40, loss: 0.0662, lr: 0.0005515836150926649
2024-10-03 22:57:22 - train: epoch 48, iter:60, loss: 0.0687, lr: 0.0005515836150926649
2024-10-03 22:57:31 - Finish one epoch train: epoch 48, loss: 0.0735, time(s): 87.49
2024-10-03 22:57:33 - train: epoch 49, iter:0, loss: 0.0621, lr: 0.0005360813071670105
2024-10-03 22:57:56 - train: epoch 49, iter:20, loss: 0.0674, lr: 0.0005360813071670105
2024-10-03 22:58:18 - train: epoch 49, iter:40, loss: 0.0775, lr: 0.0005360813071670105
2024-10-03 22:58:41 - train: epoch 49, iter:60, loss: 0.0770, lr: 0.0005360813071670105
2024-10-03 22:58:50 - Finish one epoch train: epoch 49, loss: 0.0778, time(s): 77.62
2024-10-03 22:58:52 - train: epoch 50, iter:0, loss: 0.0784, lr: 0.0005205483257436738
2024-10-03 22:59:14 - train: epoch 50, iter:20, loss: 0.0714, lr: 0.0005205483257436738
2024-10-03 22:59:37 - train: epoch 50, iter:40, loss: 0.0626, lr: 0.0005205483257436738
2024-10-03 23:00:00 - train: epoch 50, iter:60, loss: 0.0691, lr: 0.0005205483257436738
2024-10-03 23:00:09 - Finish one epoch train: epoch 50, loss: 0.0783, time(s): 78.01
2024-10-03 23:02:00 - idx 0 case case0008 mean_dice 0.654338 mean_hd95 12.158889
2024-10-03 23:03:04 - idx 1 case case0022 mean_dice 0.888733 mean_hd95 7.067819
2024-10-03 23:04:15 - idx 2 case case0038 mean_dice 0.796088 mean_hd95 11.982199
2024-10-03 23:06:41 - idx 3 case case0036 mean_dice 0.798666 mean_hd95 18.190345
2024-10-03 23:08:32 - idx 4 case case0032 mean_dice 0.886722 mean_hd95 4.995434
2024-10-03 23:10:16 - idx 5 case case0002 mean_dice 0.865653 mean_hd95 4.931228
2024-10-03 23:11:30 - idx 6 case case0029 mean_dice 0.735041 mean_hd95 38.093376
2024-10-03 23:14:13 - idx 7 case case0003 mean_dice 0.757991 mean_hd95 91.880358
2024-10-03 23:16:15 - idx 8 case case0001 mean_dice 0.776921 mean_hd95 27.768755
2024-10-03 23:18:26 - idx 9 case case0004 mean_dice 0.751244 mean_hd95 8.063768
2024-10-03 23:19:45 - idx 10 case case0025 mean_dice 0.804612 mean_hd95 11.504685
2024-10-03 23:20:44 - idx 11 case case0035 mean_dice 0.888585 mean_hd95 3.109343
2024-10-03 23:20:44 - Mean class 1 mean_dice 0.868828 mean_hd95 13.295231
2024-10-03 23:20:44 - Mean class 2 mean_dice 0.625777 mean_hd95 25.557135
2024-10-03 23:20:44 - Mean class 3 mean_dice 0.854142 mean_hd95 18.681528
2024-10-03 23:20:44 - Mean class 4 mean_dice 0.816231 mean_hd95 35.083885
2024-10-03 23:20:44 - Mean class 5 mean_dice 0.941497 mean_hd95 25.229366
2024-10-03 23:20:44 - Mean class 6 mean_dice 0.608879 mean_hd95 16.123597
2024-10-03 23:20:44 - Mean class 7 mean_dice 0.885180 mean_hd95 7.668564
2024-10-03 23:20:44 - Mean class 8 mean_dice 0.802529 mean_hd95 18.191495
2024-10-03 23:20:44 - val epoch: 50, mean_dice: 0.8003828644346864, mean_hd95: 19.978849960666412, time(s): 1235.12
2024-10-03 23:20:46 - train: epoch 51, iter:0, loss: 0.0734, lr: 0.0005050000000000002
2024-10-03 23:21:08 - train: epoch 51, iter:20, loss: 0.0993, lr: 0.0005050000000000002
2024-10-03 23:21:30 - train: epoch 51, iter:40, loss: 0.1640, lr: 0.0005050000000000002
2024-10-03 23:21:52 - train: epoch 51, iter:60, loss: 0.0782, lr: 0.0005050000000000002
2024-10-03 23:22:01 - Finish one epoch train: epoch 51, loss: 0.0796, time(s): 76.91
2024-10-03 23:22:03 - train: epoch 52, iter:0, loss: 0.0639, lr: 0.0004894516742563267
2024-10-03 23:22:26 - train: epoch 52, iter:20, loss: 0.0629, lr: 0.0004894516742563267
2024-10-03 23:22:48 - train: epoch 52, iter:40, loss: 0.0665, lr: 0.0004894516742563267
2024-10-03 23:23:11 - train: epoch 52, iter:60, loss: 0.0718, lr: 0.0004894516742563267
2024-10-03 23:23:20 - Finish one epoch train: epoch 52, loss: 0.0705, time(s): 77.84
2024-10-03 23:23:22 - train: epoch 53, iter:0, loss: 0.0598, lr: 0.0004739186928329901
2024-10-03 23:23:46 - train: epoch 53, iter:20, loss: 0.0604, lr: 0.0004739186928329901
2024-10-03 23:24:09 - train: epoch 53, iter:40, loss: 0.0771, lr: 0.0004739186928329901
2024-10-03 23:24:31 - train: epoch 53, iter:60, loss: 0.0506, lr: 0.0004739186928329901
2024-10-03 23:24:40 - Finish one epoch train: epoch 53, loss: 0.0726, time(s): 79.40
2024-10-03 23:24:43 - train: epoch 54, iter:0, loss: 0.0673, lr: 0.00045841638490733556
2024-10-03 23:25:11 - train: epoch 54, iter:20, loss: 0.0715, lr: 0.00045841638490733556
2024-10-03 23:25:38 - train: epoch 54, iter:40, loss: 0.0572, lr: 0.00045841638490733556
2024-10-03 23:26:06 - train: epoch 54, iter:60, loss: 0.0585, lr: 0.00045841638490733556
2024-10-03 23:26:18 - Finish one epoch train: epoch 54, loss: 0.0675, time(s): 96.40
2024-10-03 23:26:20 - train: epoch 55, iter:0, loss: 0.0538, lr: 0.0004429600493856696
2024-10-03 23:26:42 - train: epoch 55, iter:20, loss: 0.0884, lr: 0.0004429600493856696
2024-10-03 23:27:05 - train: epoch 55, iter:40, loss: 0.0531, lr: 0.0004429600493856696
2024-10-03 23:27:27 - train: epoch 55, iter:60, loss: 0.0648, lr: 0.0004429600493856696
2024-10-03 23:27:36 - Finish one epoch train: epoch 55, loss: 0.0767, time(s): 77.21
2024-10-03 23:27:38 - train: epoch 56, iter:0, loss: 0.0785, lr: 0.0004275649398050859
2024-10-03 23:28:00 - train: epoch 56, iter:20, loss: 0.0611, lr: 0.0004275649398050859
2024-10-03 23:28:23 - train: epoch 56, iter:40, loss: 0.0716, lr: 0.0004275649398050859
2024-10-03 23:28:45 - train: epoch 56, iter:60, loss: 0.0693, lr: 0.0004275649398050859
2024-10-03 23:28:54 - Finish one epoch train: epoch 56, loss: 0.0713, time(s): 77.34
2024-10-03 23:28:56 - train: epoch 57, iter:0, loss: 0.0625, lr: 0.0004122462492800665
2024-10-03 23:29:18 - train: epoch 57, iter:20, loss: 0.0709, lr: 0.0004122462492800665
2024-10-03 23:29:43 - train: epoch 57, iter:40, loss: 0.0720, lr: 0.0004122462492800665
2024-10-03 23:30:09 - train: epoch 57, iter:60, loss: 0.0582, lr: 0.0004122462492800665
2024-10-03 23:30:18 - Finish one epoch train: epoch 57, loss: 0.0829, time(s): 83.26
2024-10-03 23:30:20 - train: epoch 58, iter:0, loss: 0.0634, lr: 0.00039701909550871175
2024-10-03 23:30:42 - train: epoch 58, iter:20, loss: 0.0600, lr: 0.00039701909550871175
2024-10-03 23:31:05 - train: epoch 58, iter:40, loss: 0.0584, lr: 0.00039701909550871175
2024-10-03 23:31:28 - train: epoch 58, iter:60, loss: 0.0651, lr: 0.00039701909550871175
2024-10-03 23:31:37 - Finish one epoch train: epoch 58, loss: 0.0816, time(s): 78.12
2024-10-03 23:31:39 - train: epoch 59, iter:0, loss: 0.0654, lr: 0.000381898505853397
2024-10-03 23:32:02 - train: epoch 59, iter:20, loss: 0.0705, lr: 0.000381898505853397
2024-10-03 23:32:24 - train: epoch 59, iter:40, loss: 0.0601, lr: 0.000381898505853397
2024-10-03 23:32:51 - train: epoch 59, iter:60, loss: 0.0573, lr: 0.000381898505853397
2024-10-03 23:33:01 - Finish one epoch train: epoch 59, loss: 0.0692, time(s): 83.73
2024-10-03 23:33:03 - train: epoch 60, iter:0, loss: 0.0610, lr: 0.00036689940251058173
2024-10-03 23:33:26 - train: epoch 60, iter:20, loss: 0.0619, lr: 0.00036689940251058173
2024-10-03 23:33:48 - train: epoch 60, iter:40, loss: 0.0525, lr: 0.00036689940251058173
2024-10-03 23:34:10 - train: epoch 60, iter:60, loss: 0.1601, lr: 0.00036689940251058173
2024-10-03 23:34:19 - Finish one epoch train: epoch 60, loss: 0.0698, time(s): 76.95
2024-10-03 23:36:04 - idx 0 case case0008 mean_dice 0.660750 mean_hd95 8.631169
2024-10-03 23:37:12 - idx 1 case case0022 mean_dice 0.888525 mean_hd95 4.628637
2024-10-03 23:38:39 - idx 2 case case0038 mean_dice 0.816285 mean_hd95 9.445431
2024-10-03 23:41:26 - idx 3 case case0036 mean_dice 0.843221 mean_hd95 13.622077
2024-10-03 23:43:16 - idx 4 case case0032 mean_dice 0.891681 mean_hd95 4.496424
2024-10-03 23:44:59 - idx 5 case case0002 mean_dice 0.859293 mean_hd95 6.818983
2024-10-03 23:46:10 - idx 6 case case0029 mean_dice 0.755711 mean_hd95 41.429536
2024-10-03 23:48:46 - idx 7 case case0003 mean_dice 0.744932 mean_hd95 99.504385
2024-10-03 23:50:36 - idx 8 case case0001 mean_dice 0.768131 mean_hd95 30.345177
2024-10-03 23:52:18 - idx 9 case case0004 mean_dice 0.784988 mean_hd95 25.020604
2024-10-03 23:53:20 - idx 10 case case0025 mean_dice 0.776866 mean_hd95 12.084454
2024-10-03 23:54:18 - idx 11 case case0035 mean_dice 0.884224 mean_hd95 3.003798
2024-10-03 23:54:18 - Mean class 1 mean_dice 0.866013 mean_hd95 12.320934
2024-10-03 23:54:18 - Mean class 2 mean_dice 0.685553 mean_hd95 45.334389
2024-10-03 23:54:18 - Mean class 3 mean_dice 0.853532 mean_hd95 26.875580
2024-10-03 23:54:18 - Mean class 4 mean_dice 0.770084 mean_hd95 33.931032
2024-10-03 23:54:18 - Mean class 5 mean_dice 0.944306 mean_hd95 18.199452
2024-10-03 23:54:18 - Mean class 6 mean_dice 0.630423 mean_hd95 12.568495
2024-10-03 23:54:18 - Mean class 7 mean_dice 0.902764 mean_hd95 8.098042
2024-10-03 23:54:18 - Mean class 8 mean_dice 0.797062 mean_hd95 15.359191
2024-10-03 23:54:18 - val epoch: 60, mean_dice: 0.8062171746923944, mean_hd95: 21.585889580859206, time(s): 1198.97
2024-10-03 23:54:20 - train: epoch 61, iter:0, loss: 0.0597, lr: 0.00035203658778440135
2024-10-03 23:54:43 - train: epoch 61, iter:20, loss: 0.0470, lr: 0.00035203658778440135
2024-10-03 23:55:05 - train: epoch 61, iter:40, loss: 0.0583, lr: 0.00035203658778440135
2024-10-03 23:55:28 - train: epoch 61, iter:60, loss: 0.0535, lr: 0.00035203658778440135
2024-10-03 23:55:37 - Finish one epoch train: epoch 61, loss: 0.0665, time(s): 78.39
2024-10-03 23:55:40 - train: epoch 62, iter:0, loss: 0.0680, lr: 0.00033732472947858096
2024-10-03 23:56:02 - train: epoch 62, iter:20, loss: 0.0561, lr: 0.00033732472947858096
2024-10-03 23:56:24 - train: epoch 62, iter:40, loss: 0.0517, lr: 0.00033732472947858096
2024-10-03 23:56:47 - train: epoch 62, iter:60, loss: 0.0636, lr: 0.00033732472947858096
2024-10-03 23:56:56 - Finish one epoch train: epoch 62, loss: 0.0616, time(s): 77.30
2024-10-03 23:56:58 - train: epoch 63, iter:0, loss: 0.0622, lr: 0.0003227783464210847
2024-10-03 23:57:20 - train: epoch 63, iter:20, loss: 0.0617, lr: 0.0003227783464210847
2024-10-03 23:57:43 - train: epoch 63, iter:40, loss: 0.0687, lr: 0.0003227783464210847
2024-10-03 23:58:05 - train: epoch 63, iter:60, loss: 0.0547, lr: 0.0003227783464210847
2024-10-03 23:58:15 - Finish one epoch train: epoch 63, loss: 0.0722, time(s): 78.20
2024-10-03 23:58:17 - train: epoch 64, iter:0, loss: 0.0489, lr: 0.0003084117941357837
2024-10-03 23:58:39 - train: epoch 64, iter:20, loss: 0.0623, lr: 0.0003084117941357837
2024-10-03 23:59:01 - train: epoch 64, iter:40, loss: 0.0491, lr: 0.0003084117941357837
2024-10-03 23:59:24 - train: epoch 64, iter:60, loss: 0.1548, lr: 0.0003084117941357837
2024-10-03 23:59:33 - Finish one epoch train: epoch 64, loss: 0.0713, time(s): 77.14
2024-10-03 23:59:35 - train: epoch 65, iter:0, loss: 0.0501, lr: 0.0002942392506752892
2024-10-03 23:59:57 - train: epoch 65, iter:20, loss: 0.0739, lr: 0.0002942392506752892
2024-10-04 00:00:19 - train: epoch 65, iter:40, loss: 0.0546, lr: 0.0002942392506752892
2024-10-04 00:00:42 - train: epoch 65, iter:60, loss: 0.0582, lr: 0.0002942392506752892
2024-10-04 00:00:51 - Finish one epoch train: epoch 65, loss: 0.0697, time(s): 77.69
2024-10-04 00:00:53 - train: epoch 66, iter:0, loss: 0.0486, lr: 0.0002802747026289245
2024-10-04 00:01:16 - train: epoch 66, iter:20, loss: 0.0572, lr: 0.0002802747026289245
2024-10-04 00:01:39 - train: epoch 66, iter:40, loss: 0.0554, lr: 0.0002802747026289245
2024-10-04 00:02:01 - train: epoch 66, iter:60, loss: 0.0449, lr: 0.0002802747026289245
2024-10-04 00:02:11 - Finish one epoch train: epoch 66, loss: 0.0690, time(s): 78.85
2024-10-04 00:02:13 - train: epoch 67, iter:0, loss: 0.0517, lr: 0.000266531931319651
2024-10-04 00:02:35 - train: epoch 67, iter:20, loss: 0.0468, lr: 0.000266531931319651
2024-10-04 00:02:58 - train: epoch 67, iter:40, loss: 0.1522, lr: 0.000266531931319651
2024-10-04 00:03:20 - train: epoch 67, iter:60, loss: 0.0610, lr: 0.000266531931319651
2024-10-04 00:03:30 - Finish one epoch train: epoch 67, loss: 0.0724, time(s): 77.90
2024-10-04 00:03:31 - train: epoch 68, iter:0, loss: 0.0593, lr: 0.0002530244992035663
2024-10-04 00:03:54 - train: epoch 68, iter:20, loss: 0.0530, lr: 0.0002530244992035663
2024-10-04 00:04:16 - train: epoch 68, iter:40, loss: 0.0496, lr: 0.0002530244992035663
2024-10-04 00:04:39 - train: epoch 68, iter:60, loss: 0.0704, lr: 0.0002530244992035663
2024-10-04 00:04:48 - Finish one epoch train: epoch 68, loss: 0.0724, time(s): 78.17
2024-10-04 00:04:50 - train: epoch 69, iter:0, loss: 0.0657, lr: 0.00023976573648539667
2024-10-04 00:05:13 - train: epoch 69, iter:20, loss: 0.0523, lr: 0.00023976573648539667
2024-10-04 00:05:36 - train: epoch 69, iter:40, loss: 0.0589, lr: 0.00023976573648539667
2024-10-04 00:05:59 - train: epoch 69, iter:60, loss: 0.0451, lr: 0.00023976573648539667
2024-10-04 00:06:08 - Finish one epoch train: epoch 69, loss: 0.0572, time(s): 78.92
2024-10-04 00:06:10 - train: epoch 70, iter:0, loss: 0.0521, lr: 0.00022676872796319544
2024-10-04 00:06:33 - train: epoch 70, iter:20, loss: 0.0481, lr: 0.00022676872796319544
2024-10-04 00:06:55 - train: epoch 70, iter:40, loss: 0.0642, lr: 0.00022676872796319544
2024-10-04 00:07:18 - train: epoch 70, iter:60, loss: 0.0488, lr: 0.00022676872796319544
2024-10-04 00:07:27 - Finish one epoch train: epoch 70, loss: 0.0638, time(s): 77.82
2024-10-04 00:09:19 - idx 0 case case0008 mean_dice 0.672953 mean_hd95 9.728232
2024-10-04 00:10:26 - idx 1 case case0022 mean_dice 0.877758 mean_hd95 7.540203
2024-10-04 00:11:38 - idx 2 case case0038 mean_dice 0.796945 mean_hd95 11.275753
2024-10-04 00:14:17 - idx 3 case case0036 mean_dice 0.846651 mean_hd95 17.067402
2024-10-04 00:16:20 - idx 4 case case0032 mean_dice 0.901563 mean_hd95 3.781741
2024-10-04 00:18:14 - idx 5 case case0002 mean_dice 0.869790 mean_hd95 6.355977
2024-10-04 00:19:34 - idx 6 case case0029 mean_dice 0.731314 mean_hd95 50.744609
2024-10-04 00:22:12 - idx 7 case case0003 mean_dice 0.756478 mean_hd95 94.191105
2024-10-04 00:24:06 - idx 8 case case0001 mean_dice 0.784728 mean_hd95 28.006997
2024-10-04 00:26:03 - idx 9 case case0004 mean_dice 0.748644 mean_hd95 26.088574
2024-10-04 00:27:04 - idx 10 case case0025 mean_dice 0.816640 mean_hd95 10.320279
2024-10-04 00:28:03 - idx 11 case case0035 mean_dice 0.879094 mean_hd95 2.797030
2024-10-04 00:28:03 - Mean class 1 mean_dice 0.864662 mean_hd95 13.683244
2024-10-04 00:28:03 - Mean class 2 mean_dice 0.668881 mean_hd95 43.420493
2024-10-04 00:28:03 - Mean class 3 mean_dice 0.863155 mean_hd95 28.724896
2024-10-04 00:28:03 - Mean class 4 mean_dice 0.805686 mean_hd95 34.143526
2024-10-04 00:28:03 - Mean class 5 mean_dice 0.943490 mean_hd95 22.649732
2024-10-04 00:28:03 - Mean class 6 mean_dice 0.619801 mean_hd95 11.692662
2024-10-04 00:28:03 - Mean class 7 mean_dice 0.893460 mean_hd95 9.247612
2024-10-04 00:28:03 - Mean class 8 mean_dice 0.795903 mean_hd95 15.036436
2024-10-04 00:28:03 - val epoch: 70, mean_dice: 0.8068797355226893, mean_hd95: 22.324825149250763, time(s): 1236.05
2024-10-04 00:28:05 - train: epoch 71, iter:0, loss: 0.0527, lr: 0.00021404630011522598
2024-10-04 00:28:27 - train: epoch 71, iter:20, loss: 0.0456, lr: 0.00021404630011522598
2024-10-04 00:28:50 - train: epoch 71, iter:40, loss: 0.0528, lr: 0.00021404630011522598
2024-10-04 00:29:19 - train: epoch 71, iter:60, loss: 0.0553, lr: 0.00021404630011522598
2024-10-04 00:29:30 - Finish one epoch train: epoch 71, loss: 0.0709, time(s): 86.10
2024-10-04 00:29:32 - train: epoch 72, iter:0, loss: 0.0516, lr: 0.00020161100844177672
2024-10-04 00:29:54 - train: epoch 72, iter:20, loss: 0.0564, lr: 0.00020161100844177672
2024-10-04 00:30:16 - train: epoch 72, iter:40, loss: 0.0515, lr: 0.00020161100844177672
2024-10-04 00:30:39 - train: epoch 72, iter:60, loss: 0.0621, lr: 0.00020161100844177672
2024-10-04 00:30:48 - Finish one epoch train: epoch 72, loss: 0.0704, time(s): 77.46
2024-10-04 00:30:50 - train: epoch 73, iter:0, loss: 0.0481, lr: 0.0001894751250743987
2024-10-04 00:31:13 - train: epoch 73, iter:20, loss: 0.0472, lr: 0.0001894751250743987
2024-10-04 00:31:35 - train: epoch 73, iter:40, loss: 0.0528, lr: 0.0001894751250743987
2024-10-04 00:31:57 - train: epoch 73, iter:60, loss: 0.0522, lr: 0.0001894751250743987
2024-10-04 00:32:06 - Finish one epoch train: epoch 73, loss: 0.0635, time(s): 77.33
2024-10-04 00:32:08 - train: epoch 74, iter:0, loss: 0.0487, lr: 0.00017765062666479255
2024-10-04 00:32:31 - train: epoch 74, iter:20, loss: 0.0554, lr: 0.00017765062666479255
2024-10-04 00:32:53 - train: epoch 74, iter:40, loss: 0.0505, lr: 0.00017765062666479255
2024-10-04 00:33:15 - train: epoch 74, iter:60, loss: 0.0493, lr: 0.00017765062666479255
2024-10-04 00:33:24 - Finish one epoch train: epoch 74, loss: 0.0599, time(s): 77.24
2024-10-04 00:33:26 - train: epoch 75, iter:0, loss: 0.0451, lr: 0.0001661491825652992
2024-10-04 00:33:49 - train: epoch 75, iter:20, loss: 0.0568, lr: 0.0001661491825652992
2024-10-04 00:34:11 - train: epoch 75, iter:40, loss: 0.0673, lr: 0.0001661491825652992
2024-10-04 00:34:33 - train: epoch 75, iter:60, loss: 0.0430, lr: 0.0001661491825652992
2024-10-04 00:34:43 - Finish one epoch train: epoch 75, loss: 0.0608, time(s): 77.83
2024-10-04 00:34:45 - train: epoch 76, iter:0, loss: 0.0547, lr: 0.00015498214331265912
2024-10-04 00:35:07 - train: epoch 76, iter:20, loss: 0.0573, lr: 0.00015498214331265912
2024-10-04 00:35:30 - train: epoch 76, iter:40, loss: 0.0506, lr: 0.00015498214331265912
2024-10-04 00:35:52 - train: epoch 76, iter:60, loss: 0.0542, lr: 0.00015498214331265912
2024-10-04 00:36:01 - Finish one epoch train: epoch 76, loss: 0.0609, time(s): 77.74
2024-10-04 00:36:03 - train: epoch 77, iter:0, loss: 0.0486, lr: 0.00014416052942640148
2024-10-04 00:36:26 - train: epoch 77, iter:20, loss: 0.0493, lr: 0.00014416052942640148
2024-10-04 00:36:48 - train: epoch 77, iter:40, loss: 0.0496, lr: 0.00014416052942640148
2024-10-04 00:37:11 - train: epoch 77, iter:60, loss: 0.0708, lr: 0.00014416052942640148
2024-10-04 00:37:20 - Finish one epoch train: epoch 77, loss: 0.0674, time(s): 77.70
2024-10-04 00:37:22 - train: epoch 78, iter:0, loss: 0.0518, lr: 0.00013369502053292258
2024-10-04 00:37:44 - train: epoch 78, iter:20, loss: 0.0464, lr: 0.00013369502053292258
2024-10-04 00:38:09 - train: epoch 78, iter:40, loss: 0.0484, lr: 0.00013369502053292258
2024-10-04 00:38:36 - train: epoch 78, iter:60, loss: 0.0604, lr: 0.00013369502053292258
2024-10-04 00:38:48 - Finish one epoch train: epoch 78, loss: 0.0583, time(s): 87.29
2024-10-04 00:38:50 - train: epoch 79, iter:0, loss: 0.0385, lr: 0.00012359594482598446
2024-10-04 00:39:12 - train: epoch 79, iter:20, loss: 0.0522, lr: 0.00012359594482598446
2024-10-04 00:39:35 - train: epoch 79, iter:40, loss: 0.0480, lr: 0.00012359594482598446
2024-10-04 00:39:59 - train: epoch 79, iter:60, loss: 0.0541, lr: 0.00012359594482598446
2024-10-04 00:40:10 - Finish one epoch train: epoch 79, loss: 0.0551, time(s): 81.31
2024-10-04 00:40:12 - train: epoch 80, iter:0, loss: 0.0653, lr: 0.00011387326887403332
2024-10-04 00:40:35 - train: epoch 80, iter:20, loss: 0.0450, lr: 0.00011387326887403332
2024-10-04 00:40:57 - train: epoch 80, iter:40, loss: 0.0461, lr: 0.00011387326887403332
2024-10-04 00:41:20 - train: epoch 80, iter:60, loss: 0.0432, lr: 0.00011387326887403332
2024-10-04 00:41:30 - Finish one epoch train: epoch 80, loss: 0.0578, time(s): 78.34
2024-10-04 00:43:22 - idx 0 case case0008 mean_dice 0.660824 mean_hd95 11.296344
2024-10-04 00:44:28 - idx 1 case case0022 mean_dice 0.885417 mean_hd95 9.670786
2024-10-04 00:45:40 - idx 2 case case0038 mean_dice 0.819536 mean_hd95 9.696660
2024-10-04 00:48:09 - idx 3 case case0036 mean_dice 0.836424 mean_hd95 16.786901
2024-10-04 00:50:00 - idx 4 case case0032 mean_dice 0.897402 mean_hd95 4.432615
2024-10-04 00:51:44 - idx 5 case case0002 mean_dice 0.877572 mean_hd95 4.860902
2024-10-04 00:52:53 - idx 6 case case0029 mean_dice 0.755767 mean_hd95 37.642706
2024-10-04 00:55:25 - idx 7 case case0003 mean_dice 0.742906 mean_hd95 93.177603
2024-10-04 00:57:20 - idx 8 case case0001 mean_dice 0.781880 mean_hd95 17.474820
2024-10-04 00:59:05 - idx 9 case case0004 mean_dice 0.753308 mean_hd95 25.975999
2024-10-04 01:00:17 - idx 10 case case0025 mean_dice 0.823708 mean_hd95 9.434485
2024-10-04 01:01:26 - idx 11 case case0035 mean_dice 0.890591 mean_hd95 2.708201
2024-10-04 01:01:26 - Mean class 1 mean_dice 0.868554 mean_hd95 11.828238
2024-10-04 01:01:26 - Mean class 2 mean_dice 0.681628 mean_hd95 35.092956
2024-10-04 01:01:26 - Mean class 3 mean_dice 0.853472 mean_hd95 27.334136
2024-10-04 01:01:26 - Mean class 4 mean_dice 0.806760 mean_hd95 34.427130
2024-10-04 01:01:26 - Mean class 5 mean_dice 0.945180 mean_hd95 18.798959
2024-10-04 01:01:26 - Mean class 6 mean_dice 0.631552 mean_hd95 11.711304
2024-10-04 01:01:26 - Mean class 7 mean_dice 0.903714 mean_hd95 8.434156
2024-10-04 01:01:26 - Mean class 8 mean_dice 0.792697 mean_hd95 14.478469
2024-10-04 01:01:26 - val epoch: 80, mean_dice: 0.8104445477609495, mean_hd95: 20.263168517854144, time(s): 1196.71
2024-10-04 01:01:28 - train: epoch 81, iter:0, loss: 0.0473, lr: 0.00010453658778440112
2024-10-04 01:01:51 - train: epoch 81, iter:20, loss: 0.0416, lr: 0.00010453658778440112
2024-10-04 01:02:13 - train: epoch 81, iter:40, loss: 0.0611, lr: 0.00010453658778440112
2024-10-04 01:02:35 - train: epoch 81, iter:60, loss: 0.0459, lr: 0.00010453658778440112
2024-10-04 01:02:45 - Finish one epoch train: epoch 81, loss: 0.0555, time(s): 77.50
2024-10-04 01:02:47 - train: epoch 82, iter:0, loss: 0.0487, lr: 9.5595115734092e-05
2024-10-04 01:03:09 - train: epoch 82, iter:20, loss: 0.0481, lr: 9.5595115734092e-05
2024-10-04 01:03:32 - train: epoch 82, iter:40, loss: 0.0420, lr: 9.5595115734092e-05
2024-10-04 01:03:54 - train: epoch 82, iter:60, loss: 0.0387, lr: 9.5595115734092e-05
2024-10-04 01:04:03 - Finish one epoch train: epoch 82, loss: 0.0600, time(s): 77.78
2024-10-04 01:04:05 - train: epoch 83, iter:0, loss: 0.0393, lr: 8.705767687650269e-05
2024-10-04 01:04:27 - train: epoch 83, iter:20, loss: 0.0541, lr: 8.705767687650269e-05
2024-10-04 01:04:50 - train: epoch 83, iter:40, loss: 0.0451, lr: 8.705767687650269e-05
2024-10-04 01:05:12 - train: epoch 83, iter:60, loss: 0.0477, lr: 8.705767687650269e-05
2024-10-04 01:05:22 - Finish one epoch train: epoch 83, loss: 0.0543, time(s): 77.65
2024-10-04 01:05:24 - train: epoch 84, iter:0, loss: 0.0434, lr: 7.893269663304787e-05
2024-10-04 01:05:49 - train: epoch 84, iter:20, loss: 0.0561, lr: 7.893269663304787e-05
2024-10-04 01:06:14 - train: epoch 84, iter:40, loss: 0.0473, lr: 7.893269663304787e-05
2024-10-04 01:06:39 - train: epoch 84, iter:60, loss: 0.0458, lr: 7.893269663304787e-05
2024-10-04 01:06:49 - Finish one epoch train: epoch 84, loss: 0.0622, time(s): 86.11
2024-10-04 01:06:51 - train: epoch 85, iter:0, loss: 0.0493, lr: 7.122819337828756e-05
2024-10-04 01:07:15 - train: epoch 85, iter:20, loss: 0.0515, lr: 7.122819337828756e-05
2024-10-04 01:07:38 - train: epoch 85, iter:40, loss: 0.0495, lr: 7.122819337828756e-05
2024-10-04 01:08:00 - train: epoch 85, iter:60, loss: 0.0460, lr: 7.122819337828756e-05
2024-10-04 01:08:09 - Finish one epoch train: epoch 85, loss: 0.0595, time(s): 79.94
2024-10-04 01:08:11 - train: epoch 86, iter:0, loss: 0.0416, lr: 6.395177052675798e-05
2024-10-04 01:08:34 - train: epoch 86, iter:20, loss: 0.0462, lr: 6.395177052675798e-05
2024-10-04 01:08:56 - train: epoch 86, iter:40, loss: 0.0403, lr: 6.395177052675798e-05
2024-10-04 01:09:19 - train: epoch 86, iter:60, loss: 0.0543, lr: 6.395177052675798e-05
2024-10-04 01:09:28 - Finish one epoch train: epoch 86, loss: 0.0637, time(s): 77.69
2024-10-04 01:09:30 - train: epoch 87, iter:0, loss: 0.0446, lr: 5.711060902932045e-05
2024-10-04 01:09:52 - train: epoch 87, iter:20, loss: 0.0636, lr: 5.711060902932045e-05
2024-10-04 01:10:14 - train: epoch 87, iter:40, loss: 0.0458, lr: 5.711060902932045e-05
2024-10-04 01:10:37 - train: epoch 87, iter:60, loss: 0.0474, lr: 5.711060902932045e-05
2024-10-04 01:10:46 - Finish one epoch train: epoch 87, loss: 0.0604, time(s): 77.12
2024-10-04 01:10:48 - train: epoch 88, iter:0, loss: 0.0424, lr: 5.071146028642948e-05
2024-10-04 01:11:10 - train: epoch 88, iter:20, loss: 0.0488, lr: 5.071146028642948e-05
2024-10-04 01:11:33 - train: epoch 88, iter:40, loss: 0.0471, lr: 5.071146028642948e-05
2024-10-04 01:11:55 - train: epoch 88, iter:60, loss: 0.0464, lr: 5.071146028642948e-05
2024-10-04 01:12:04 - Finish one epoch train: epoch 88, loss: 0.0629, time(s): 77.36
2024-10-04 01:12:06 - train: epoch 89, iter:0, loss: 0.0476, lr: 4.476063948531561e-05
2024-10-04 01:12:28 - train: epoch 89, iter:20, loss: 0.0497, lr: 4.476063948531561e-05
2024-10-04 01:12:50 - train: epoch 89, iter:40, loss: 0.0486, lr: 4.476063948531561e-05
2024-10-04 01:13:13 - train: epoch 89, iter:60, loss: 0.0579, lr: 4.476063948531561e-05
2024-10-04 01:13:22 - Finish one epoch train: epoch 89, loss: 0.0537, time(s): 77.19
2024-10-04 01:13:24 - train: epoch 90, iter:0, loss: 0.0646, lr: 3.9264019367658426e-05
2024-10-04 01:13:47 - train: epoch 90, iter:20, loss: 0.0515, lr: 3.9264019367658426e-05
2024-10-04 01:14:09 - train: epoch 90, iter:40, loss: 0.0453, lr: 3.9264019367658426e-05
2024-10-04 01:14:32 - train: epoch 90, iter:60, loss: 0.0474, lr: 3.9264019367658426e-05
2024-10-04 01:14:41 - Finish one epoch train: epoch 90, loss: 0.0606, time(s): 78.03
2024-10-04 01:16:37 - idx 0 case case0008 mean_dice 0.666239 mean_hd95 9.971769
2024-10-04 01:17:46 - idx 1 case case0022 mean_dice 0.884260 mean_hd95 9.445979
2024-10-04 01:19:03 - idx 2 case case0038 mean_dice 0.812056 mean_hd95 9.731817
2024-10-04 01:21:34 - idx 3 case case0036 mean_dice 0.834658 mean_hd95 15.331175
2024-10-04 01:23:24 - idx 4 case case0032 mean_dice 0.897436 mean_hd95 4.647046
2024-10-04 01:25:11 - idx 5 case case0002 mean_dice 0.877809 mean_hd95 4.619833
2024-10-04 01:26:25 - idx 6 case case0029 mean_dice 0.744745 mean_hd95 42.983903
2024-10-04 01:29:08 - idx 7 case case0003 mean_dice 0.733538 mean_hd95 95.626999
2024-10-04 01:31:05 - idx 8 case case0001 mean_dice 0.785091 mean_hd95 21.154237
2024-10-04 01:32:52 - idx 9 case case0004 mean_dice 0.756267 mean_hd95 25.865480
2024-10-04 01:33:58 - idx 10 case case0025 mean_dice 0.804119 mean_hd95 11.760404
2024-10-04 01:35:01 - idx 11 case case0035 mean_dice 0.889000 mean_hd95 2.924978
2024-10-04 01:35:01 - Mean class 1 mean_dice 0.868030 mean_hd95 12.851340
2024-10-04 01:35:01 - Mean class 2 mean_dice 0.687663 mean_hd95 40.884731
2024-10-04 01:35:01 - Mean class 3 mean_dice 0.848503 mean_hd95 29.458687
2024-10-04 01:35:01 - Mean class 4 mean_dice 0.783501 mean_hd95 34.788129
2024-10-04 01:35:01 - Mean class 5 mean_dice 0.946445 mean_hd95 15.712584
2024-10-04 01:35:01 - Mean class 6 mean_dice 0.627127 mean_hd95 11.732615
2024-10-04 01:35:01 - Mean class 7 mean_dice 0.904533 mean_hd95 8.552678
2024-10-04 01:35:01 - Mean class 8 mean_dice 0.791011 mean_hd95 15.394982
2024-10-04 01:35:01 - val epoch: 90, mean_dice: 0.8071015491035554, mean_hd95: 21.171968331171055, time(s): 1219.95
2024-10-04 01:35:03 - train: epoch 91, iter:0, loss: 0.0423, lr: 3.4227024433899026e-05
2024-10-04 01:35:26 - train: epoch 91, iter:20, loss: 0.0421, lr: 3.4227024433899026e-05
2024-10-04 01:35:48 - train: epoch 91, iter:40, loss: 0.0434, lr: 3.4227024433899026e-05
2024-10-04 01:36:11 - train: epoch 91, iter:60, loss: 0.0447, lr: 3.4227024433899026e-05
2024-10-04 01:36:20 - Finish one epoch train: epoch 91, loss: 0.0639, time(s): 78.41
2024-10-04 01:36:22 - train: epoch 92, iter:0, loss: 0.0437, lr: 2.9654625589913258e-05
2024-10-04 01:36:46 - train: epoch 92, iter:20, loss: 0.0461, lr: 2.9654625589913258e-05
2024-10-04 01:37:12 - train: epoch 92, iter:40, loss: 0.0538, lr: 2.9654625589913258e-05
2024-10-04 01:37:38 - train: epoch 92, iter:60, loss: 0.0493, lr: 2.9654625589913258e-05
2024-10-04 01:37:48 - Finish one epoch train: epoch 92, loss: 0.0544, time(s): 86.95
2024-10-04 01:37:50 - train: epoch 93, iter:0, loss: 0.1490, lr: 2.5551335241327692e-05
2024-10-04 01:38:12 - train: epoch 93, iter:20, loss: 0.0522, lr: 2.5551335241327692e-05
2024-10-04 01:38:34 - train: epoch 93, iter:40, loss: 0.0541, lr: 2.5551335241327692e-05
2024-10-04 01:38:57 - train: epoch 93, iter:60, loss: 0.0483, lr: 2.5551335241327692e-05
2024-10-04 01:39:06 - Finish one epoch train: epoch 93, loss: 0.0565, time(s): 77.48
2024-10-04 01:39:08 - train: epoch 94, iter:0, loss: 0.0369, lr: 2.192120284032009e-05
2024-10-04 01:39:30 - train: epoch 94, iter:20, loss: 0.0429, lr: 2.192120284032009e-05
2024-10-04 01:39:53 - train: epoch 94, iter:40, loss: 0.0471, lr: 2.192120284032009e-05
2024-10-04 01:40:16 - train: epoch 94, iter:60, loss: 0.0537, lr: 2.192120284032009e-05
2024-10-04 01:40:25 - Finish one epoch train: epoch 94, loss: 0.0579, time(s): 78.10
2024-10-04 01:40:27 - train: epoch 95, iter:0, loss: 0.0488, lr: 1.8767810889299096e-05
2024-10-04 01:40:50 - train: epoch 95, iter:20, loss: 0.0444, lr: 1.8767810889299096e-05
2024-10-04 01:41:12 - train: epoch 95, iter:40, loss: 0.0516, lr: 1.8767810889299096e-05
2024-10-04 01:41:34 - train: epoch 95, iter:60, loss: 0.0502, lr: 1.8767810889299096e-05
2024-10-04 01:41:44 - Finish one epoch train: epoch 95, loss: 0.0626, time(s): 78.16
2024-10-04 01:41:46 - train: epoch 96, iter:0, loss: 0.0523, lr: 1.609427140540687e-05
2024-10-04 01:42:08 - train: epoch 96, iter:20, loss: 0.0501, lr: 1.609427140540687e-05
2024-10-04 01:42:30 - train: epoch 96, iter:40, loss: 0.0488, lr: 1.609427140540687e-05
2024-10-04 01:42:53 - train: epoch 96, iter:60, loss: 0.0465, lr: 1.609427140540687e-05
2024-10-04 01:43:02 - Finish one epoch train: epoch 96, loss: 0.0583, time(s): 77.32
2024-10-04 01:43:04 - train: epoch 97, iter:0, loss: 0.0420, lr: 1.3903222849333514e-05
2024-10-04 01:43:26 - train: epoch 97, iter:20, loss: 0.0413, lr: 1.3903222849333514e-05
2024-10-04 01:43:48 - train: epoch 97, iter:40, loss: 0.0436, lr: 1.3903222849333514e-05
2024-10-04 01:44:11 - train: epoch 97, iter:60, loss: 0.0529, lr: 1.3903222849333514e-05
2024-10-04 01:44:20 - Finish one epoch train: epoch 97, loss: 0.0528, time(s): 77.39
2024-10-04 01:44:22 - train: epoch 98, iter:0, loss: 0.0443, lr: 1.2196827521475406e-05
2024-10-04 01:44:45 - train: epoch 98, iter:20, loss: 0.0443, lr: 1.2196827521475406e-05
2024-10-04 01:45:07 - train: epoch 98, iter:40, loss: 0.0584, lr: 1.2196827521475406e-05
2024-10-04 01:45:30 - train: epoch 98, iter:60, loss: 0.0426, lr: 1.2196827521475406e-05
2024-10-04 01:45:39 - Finish one epoch train: epoch 98, loss: 0.0513, time(s): 78.12
2024-10-04 01:45:41 - train: epoch 99, iter:0, loss: 0.0495, lr: 1.097676942800558e-05
2024-10-04 01:46:04 - train: epoch 99, iter:20, loss: 0.0473, lr: 1.097676942800558e-05
2024-10-04 01:46:29 - train: epoch 99, iter:40, loss: 0.0438, lr: 1.097676942800558e-05
2024-10-04 01:46:55 - train: epoch 99, iter:60, loss: 0.0443, lr: 1.097676942800558e-05
2024-10-04 01:47:05 - Finish one epoch train: epoch 99, loss: 0.0481, time(s): 84.61
2024-10-04 01:47:07 - train: epoch 100, iter:0, loss: 0.0464, lr: 1.024425261896286e-05
2024-10-04 01:47:29 - train: epoch 100, iter:20, loss: 0.0431, lr: 1.024425261896286e-05
2024-10-04 01:47:52 - train: epoch 100, iter:40, loss: 0.0469, lr: 1.024425261896286e-05
2024-10-04 01:48:14 - train: epoch 100, iter:60, loss: 0.0445, lr: 1.024425261896286e-05
2024-10-04 01:48:23 - Finish one epoch train: epoch 100, loss: 0.0553, time(s): 77.31
2024-10-04 01:50:13 - idx 0 case case0008 mean_dice 0.669586 mean_hd95 9.830094
2024-10-04 01:51:21 - idx 1 case case0022 mean_dice 0.888705 mean_hd95 8.030750
2024-10-04 01:52:41 - idx 2 case case0038 mean_dice 0.810840 mean_hd95 9.738581
2024-10-04 01:55:17 - idx 3 case case0036 mean_dice 0.836109 mean_hd95 15.627865
2024-10-04 01:57:06 - idx 4 case case0032 mean_dice 0.896980 mean_hd95 4.386456
2024-10-04 01:58:52 - idx 5 case case0002 mean_dice 0.878931 mean_hd95 4.903166
2024-10-04 02:00:05 - idx 6 case case0029 mean_dice 0.747389 mean_hd95 41.257028
2024-10-04 02:02:45 - idx 7 case case0003 mean_dice 0.751853 mean_hd95 94.894147
2024-10-04 02:04:42 - idx 8 case case0001 mean_dice 0.789117 mean_hd95 12.045958
2024-10-04 02:06:28 - idx 9 case case0004 mean_dice 0.763826 mean_hd95 26.528168
2024-10-04 02:07:30 - idx 10 case case0025 mean_dice 0.809913 mean_hd95 10.967893
2024-10-04 02:08:31 - idx 11 case case0035 mean_dice 0.886970 mean_hd95 2.867714
2024-10-04 02:08:31 - Mean class 1 mean_dice 0.870216 mean_hd95 12.367408
2024-10-04 02:08:31 - Mean class 2 mean_dice 0.689954 mean_hd95 35.253004
2024-10-04 02:08:31 - Mean class 3 mean_dice 0.855529 mean_hd95 29.502777
2024-10-04 02:08:31 - Mean class 4 mean_dice 0.799287 mean_hd95 32.849413
2024-10-04 02:08:31 - Mean class 5 mean_dice 0.946062 mean_hd95 15.134234
2024-10-04 02:08:31 - Mean class 6 mean_dice 0.626196 mean_hd95 11.695597
2024-10-04 02:08:31 - Mean class 7 mean_dice 0.908166 mean_hd95 8.578998
2024-10-04 02:08:31 - Mean class 8 mean_dice 0.791402 mean_hd95 15.337115
2024-10-04 02:08:31 - val epoch: 100, mean_dice: 0.8108514415652894, mean_hd95: 20.08981825376144, time(s): 1207.13
2024-10-04 02:10:30 - idx 0 case case0008 mean_dice 0.666733 mean_hd95 10.401723
2024-10-04 02:11:39 - idx 1 case case0022 mean_dice 0.887911 mean_hd95 8.473131
2024-10-04 02:12:56 - idx 2 case case0038 mean_dice 0.812264 mean_hd95 9.626344
2024-10-04 02:15:34 - idx 3 case case0036 mean_dice 0.836280 mean_hd95 15.695556
2024-10-04 02:17:29 - idx 4 case case0032 mean_dice 0.897527 mean_hd95 4.506950
2024-10-04 02:19:13 - idx 5 case case0002 mean_dice 0.878906 mean_hd95 4.784221
2024-10-04 02:20:30 - idx 6 case case0029 mean_dice 0.744453 mean_hd95 41.297846
2024-10-04 02:23:13 - idx 7 case case0003 mean_dice 0.753893 mean_hd95 72.392976
2024-10-04 02:25:07 - idx 8 case case0001 mean_dice 0.789832 mean_hd95 11.693820
2024-10-04 02:26:49 - idx 9 case case0004 mean_dice 0.766024 mean_hd95 25.113821
2024-10-04 02:27:55 - idx 10 case case0025 mean_dice 0.808464 mean_hd95 11.344695
2024-10-04 02:28:57 - idx 11 case case0035 mean_dice 0.886417 mean_hd95 2.903491
2024-10-04 02:28:57 - Mean class 1 mean_dice 0.869348 mean_hd95 12.742778
2024-10-04 02:28:57 - Mean class 2 mean_dice 0.691401 mean_hd95 19.459209
2024-10-04 02:28:57 - Mean class 3 mean_dice 0.855398 mean_hd95 29.817638
2024-10-04 02:28:57 - Mean class 4 mean_dice 0.800356 mean_hd95 33.109347
2024-10-04 02:28:57 - Mean class 5 mean_dice 0.946729 mean_hd95 15.086277
2024-10-04 02:28:57 - Mean class 6 mean_dice 0.622805 mean_hd95 11.612413
2024-10-04 02:28:57 - Mean class 7 mean_dice 0.906603 mean_hd95 8.314825
2024-10-04 02:28:57 - Mean class 8 mean_dice 0.793162 mean_hd95 15.347228
2024-10-04 02:28:57 - val epoch: 100, mean_dice: 0.8107253806911734, mean_hd95: 18.18621453487937, time(s): 1225.99
