2024-08-17 20:01:23 - #----------Config info----------#
2024-08-17 20:01:23 - network: vmunet,
2024-08-17 20:01:23 - model_config: {'num_classes': 1, 'input_channels': 3, 'depths': [2, 2, 2, 2], 'depths_decoder': [2, 2, 2, 1], 'drop_path_rate': 0.2, 'load_ckpt_path': '/root/autodl-tmp/medcial/data/pre_trained_weights/vmamba_small_e238_ema.pth'},
2024-08-17 20:01:23 - datasets: isic18,
2024-08-17 20:01:23 - data_path: /root/autodl-tmp/medcial/data/isic2018/,
2024-08-17 20:01:23 - criterion: BceDiceLoss(
  (bce): BCELoss(
    (bceloss): BCELoss()
  )
  (dice): DiceLoss()
),
2024-08-17 20:01:23 - pretrained_path: ./pre_trained/,
2024-08-17 20:01:23 - num_classes: 1,
2024-08-17 20:01:23 - input_size_h: 256,
2024-08-17 20:01:23 - input_size_w: 256,
2024-08-17 20:01:23 - input_channels: 3,
2024-08-17 20:01:23 - distributed: False,
2024-08-17 20:01:23 - local_rank: -1,
2024-08-17 20:01:23 - num_workers: 0,
2024-08-17 20:01:23 - seed: 42,
2024-08-17 20:01:23 - world_size: None,
2024-08-17 20:01:23 - rank: None,
2024-08-17 20:01:23 - amp: False,
2024-08-17 20:01:23 - gpu_id: 0,
2024-08-17 20:01:23 - batch_size: 32,
2024-08-17 20:01:23 - epochs: 300,
2024-08-17 20:01:23 - work_dir: results/vmunet_isic18_Saturday_17_August_2024_20h_01m_23s/,
2024-08-17 20:01:23 - print_interval: 20,
2024-08-17 20:01:23 - val_interval: 30,
2024-08-17 20:01:23 - save_interval: 30,
2024-08-17 20:01:23 - threshold: 0.5,
2024-08-17 20:01:23 - train_transformer: Compose(
    <utils.myNormalize object at 0x7f61eea122c0>
    <utils.myToTensor object at 0x7f61eea12320>
    <utils.myRandomHorizontalFlip object at 0x7f61eea12350>
    <utils.myRandomVerticalFlip object at 0x7f61eea123b0>
    <utils.myRandomRotation object at 0x7f61eea12410>
    <utils.myResize object at 0x7f61eea12470>
),
2024-08-17 20:01:23 - test_transformer: Compose(
    <utils.myNormalize object at 0x7f61eea12560>
    <utils.myToTensor object at 0x7f61eea125c0>
    <utils.myResize object at 0x7f61eea125f0>
),
2024-08-17 20:01:23 - opt: AdamW,
2024-08-17 20:01:23 - lr: 0.001,
2024-08-17 20:01:23 - betas: (0.9, 0.999),
2024-08-17 20:01:23 - eps: 1e-08,
2024-08-17 20:01:23 - weight_decay: 0.01,
2024-08-17 20:01:23 - amsgrad: False,
2024-08-17 20:01:23 - sch: CosineAnnealingLR,
2024-08-17 20:01:23 - T_max: 50,
2024-08-17 20:01:23 - eta_min: 1e-05,
2024-08-17 20:01:23 - last_epoch: -1,
2024-08-17 20:01:25 - flops: 4.111859712, params: 22.037737, Total params: : 27.4276
2024-08-17 20:01:26 - train: epoch 1, iter:0, loss: 1.4353, lr: 0.001
2024-08-17 20:01:44 - train: epoch 1, iter:20, loss: 1.0907, lr: 0.001
2024-08-17 20:02:02 - train: epoch 1, iter:40, loss: 0.9112, lr: 0.001
2024-08-17 20:02:32 - val epoch: 1, loss: 0.5296
2024-08-17 20:02:34 - train: epoch 2, iter:0, loss: 0.5267, lr: 0.0009990232305719944
2024-08-17 20:02:52 - train: epoch 2, iter:20, loss: 0.4904, lr: 0.0009990232305719944
2024-08-17 20:03:10 - train: epoch 2, iter:40, loss: 0.4774, lr: 0.0009990232305719944
2024-08-17 20:03:41 - val epoch: 2, loss: 0.4933
2024-08-17 20:03:43 - train: epoch 3, iter:0, loss: 0.3429, lr: 0.0009960967771506664
2024-08-17 20:04:01 - train: epoch 3, iter:20, loss: 0.3663, lr: 0.0009960967771506664
2024-08-17 20:04:20 - train: epoch 3, iter:40, loss: 0.3611, lr: 0.0009960967771506664
2024-08-17 20:04:50 - val epoch: 3, loss: 0.4140
2024-08-17 20:04:52 - train: epoch 4, iter:0, loss: 0.3668, lr: 0.0009912321891107007
2024-08-17 20:05:10 - train: epoch 4, iter:20, loss: 0.3396, lr: 0.0009912321891107007
2024-08-17 20:05:28 - train: epoch 4, iter:40, loss: 0.3265, lr: 0.0009912321891107007
2024-08-17 20:05:59 - val epoch: 4, loss: 0.4453
2024-08-17 20:06:00 - train: epoch 5, iter:0, loss: 0.4221, lr: 0.0009844486647586721
2024-08-17 20:06:18 - train: epoch 5, iter:20, loss: 0.3386, lr: 0.0009844486647586721
2024-08-17 20:06:36 - train: epoch 5, iter:40, loss: 0.3330, lr: 0.0009844486647586721
2024-08-17 20:07:07 - val epoch: 5, loss: 0.3897
2024-08-17 20:07:08 - train: epoch 6, iter:0, loss: 0.3012, lr: 0.0009757729755661009
2024-08-17 20:07:26 - train: epoch 6, iter:20, loss: 0.2658, lr: 0.0009757729755661009
2024-08-17 20:07:44 - train: epoch 6, iter:40, loss: 0.2762, lr: 0.0009757729755661009
2024-08-17 20:08:15 - val epoch: 6, loss: 0.3495
2024-08-17 20:08:17 - train: epoch 7, iter:0, loss: 0.4155, lr: 0.0009652393605146842
2024-08-17 20:08:35 - train: epoch 7, iter:20, loss: 0.2760, lr: 0.0009652393605146842
2024-08-17 20:08:53 - train: epoch 7, iter:40, loss: 0.2920, lr: 0.0009652393605146842
2024-08-17 20:09:23 - val epoch: 7, loss: 0.3555
2024-08-17 20:09:25 - train: epoch 8, iter:0, loss: 0.2147, lr: 0.0009528893909706795
2024-08-17 20:09:43 - train: epoch 8, iter:20, loss: 0.2738, lr: 0.0009528893909706795
2024-08-17 20:10:01 - train: epoch 8, iter:40, loss: 0.2649, lr: 0.0009528893909706795
2024-08-17 20:10:31 - val epoch: 8, loss: 0.3338
2024-08-17 20:10:33 - train: epoch 9, iter:0, loss: 0.2177, lr: 0.0009387718066217122
2024-08-17 20:10:51 - train: epoch 9, iter:20, loss: 0.2379, lr: 0.0009387718066217122
2024-08-17 20:11:09 - train: epoch 9, iter:40, loss: 0.2667, lr: 0.0009387718066217122
2024-08-17 20:11:39 - val epoch: 9, loss: 0.3295
2024-08-17 20:11:41 - train: epoch 10, iter:0, loss: 0.1771, lr: 0.0009229423231234972
2024-08-17 20:11:59 - train: epoch 10, iter:20, loss: 0.2361, lr: 0.0009229423231234972
2024-08-17 20:12:16 - train: epoch 10, iter:40, loss: 0.2546, lr: 0.0009229423231234972
2024-08-17 20:12:46 - val epoch: 10, loss: 0.3452
2024-08-17 20:12:48 - train: epoch 11, iter:0, loss: 0.3130, lr: 0.0009054634122155987
2024-08-17 20:13:06 - train: epoch 11, iter:20, loss: 0.2349, lr: 0.0009054634122155987
2024-08-17 20:13:24 - train: epoch 11, iter:40, loss: 0.2431, lr: 0.0009054634122155987
2024-08-17 20:13:54 - val epoch: 11, loss: 0.3491
2024-08-17 20:13:55 - train: epoch 12, iter:0, loss: 0.1756, lr: 0.0008864040551740153
2024-08-17 20:14:13 - train: epoch 12, iter:20, loss: 0.2238, lr: 0.0008864040551740153
2024-08-17 20:14:31 - train: epoch 12, iter:40, loss: 0.2313, lr: 0.0008864040551740153
2024-08-17 20:15:04 - val epoch: 12, loss: 0.3399
2024-08-17 20:15:06 - train: epoch 13, iter:0, loss: 0.2398, lr: 0.0008658394705735984
2024-08-17 20:15:24 - train: epoch 13, iter:20, loss: 0.2641, lr: 0.0008658394705735984
2024-08-17 20:15:42 - train: epoch 13, iter:40, loss: 0.2562, lr: 0.0008658394705735984
2024-08-17 20:16:12 - val epoch: 13, loss: 0.3516
2024-08-17 20:16:13 - train: epoch 14, iter:0, loss: 0.2321, lr: 0.0008438508174347006
2024-08-17 20:16:31 - train: epoch 14, iter:20, loss: 0.2212, lr: 0.0008438508174347006
2024-08-17 20:16:49 - train: epoch 14, iter:40, loss: 0.2339, lr: 0.0008438508174347006
2024-08-17 20:17:19 - val epoch: 14, loss: 0.3126
2024-08-17 20:17:21 - train: epoch 15, iter:0, loss: 0.2194, lr: 0.000820524874925601
2024-08-17 20:17:39 - train: epoch 15, iter:20, loss: 0.2028, lr: 0.000820524874925601
2024-08-17 20:17:57 - train: epoch 15, iter:40, loss: 0.2181, lr: 0.000820524874925601
2024-08-17 20:18:27 - val epoch: 15, loss: 0.3451
2024-08-17 20:18:29 - train: epoch 16, iter:0, loss: 0.2359, lr: 0.000795953699884774
2024-08-17 20:18:47 - train: epoch 16, iter:20, loss: 0.2593, lr: 0.000795953699884774
2024-08-17 20:19:05 - train: epoch 16, iter:40, loss: 0.2395, lr: 0.000795953699884774
2024-08-17 20:19:35 - val epoch: 16, loss: 0.3223
2024-08-17 20:19:37 - train: epoch 17, iter:0, loss: 0.2218, lr: 0.000770234263514603
2024-08-17 20:19:54 - train: epoch 17, iter:20, loss: 0.2318, lr: 0.000770234263514603
2024-08-17 20:20:12 - train: epoch 17, iter:40, loss: 0.2269, lr: 0.000770234263514603
2024-08-17 20:20:42 - val epoch: 17, loss: 0.3171
2024-08-17 20:20:44 - train: epoch 18, iter:0, loss: 0.2161, lr: 0.0007434680686803488
2024-08-17 20:21:02 - train: epoch 18, iter:20, loss: 0.2200, lr: 0.0007434680686803488
2024-08-17 20:21:20 - train: epoch 18, iter:40, loss: 0.2201, lr: 0.0007434680686803488
2024-08-17 20:21:50 - val epoch: 18, loss: 0.3185
2024-08-17 20:21:52 - train: epoch 19, iter:0, loss: 0.2419, lr: 0.0007157607493247108
2024-08-17 20:22:10 - train: epoch 19, iter:20, loss: 0.2086, lr: 0.0007157607493247108
2024-08-17 20:22:29 - train: epoch 19, iter:40, loss: 0.2215, lr: 0.0007157607493247108
2024-08-17 20:23:00 - val epoch: 19, loss: 0.3111
2024-08-17 20:23:02 - train: epoch 20, iter:0, loss: 0.1907, lr: 0.0006872216535789154
2024-08-17 20:23:20 - train: epoch 20, iter:20, loss: 0.2174, lr: 0.0006872216535789154
2024-08-17 20:23:38 - train: epoch 20, iter:40, loss: 0.2111, lr: 0.0006872216535789154
2024-08-17 20:24:09 - val epoch: 20, loss: 0.3401
2024-08-17 20:24:10 - train: epoch 21, iter:0, loss: 0.2184, lr: 0.0006579634122155987
2024-08-17 20:24:29 - train: epoch 21, iter:20, loss: 0.2184, lr: 0.0006579634122155987
2024-08-17 20:24:47 - train: epoch 21, iter:40, loss: 0.2196, lr: 0.0006579634122155987
2024-08-17 20:25:19 - val epoch: 21, loss: 0.3025
2024-08-17 20:25:20 - train: epoch 22, iter:0, loss: 0.1862, lr: 0.0006281014941466028
2024-08-17 20:25:39 - train: epoch 22, iter:20, loss: 0.2016, lr: 0.0006281014941466028
2024-08-17 20:25:58 - train: epoch 22, iter:40, loss: 0.2014, lr: 0.0006281014941466028
2024-08-17 20:26:29 - val epoch: 22, loss: 0.3061
2024-08-17 20:26:30 - train: epoch 23, iter:0, loss: 0.2397, lr: 0.0005977537507199335
2024-08-17 20:26:48 - train: epoch 23, iter:20, loss: 0.1893, lr: 0.0005977537507199335
2024-08-17 20:27:06 - train: epoch 23, iter:40, loss: 0.1937, lr: 0.0005977537507199335
2024-08-17 20:27:36 - val epoch: 23, loss: 0.3135
2024-08-17 20:27:38 - train: epoch 24, iter:0, loss: 0.1943, lr: 0.0005670399506143305
2024-08-17 20:27:56 - train: epoch 24, iter:20, loss: 0.1900, lr: 0.0005670399506143305
2024-08-17 20:28:14 - train: epoch 24, iter:40, loss: 0.1906, lr: 0.0005670399506143305
2024-08-17 20:28:45 - val epoch: 24, loss: 0.2996
2024-08-17 20:28:47 - train: epoch 25, iter:0, loss: 0.1454, lr: 0.0005360813071670099
2024-08-17 20:29:06 - train: epoch 25, iter:20, loss: 0.1729, lr: 0.0005360813071670099
2024-08-17 20:29:24 - train: epoch 25, iter:40, loss: 0.1883, lr: 0.0005360813071670099
2024-08-17 20:29:56 - val epoch: 25, loss: 0.3038
2024-08-17 20:29:57 - train: epoch 26, iter:0, loss: 0.1486, lr: 0.0005049999999999998
2024-08-17 20:30:16 - train: epoch 26, iter:20, loss: 0.1748, lr: 0.0005049999999999998
2024-08-17 20:30:34 - train: epoch 26, iter:40, loss: 0.1806, lr: 0.0005049999999999998
2024-08-17 20:31:05 - val epoch: 26, loss: 0.2892
2024-08-17 20:31:07 - train: epoch 27, iter:0, loss: 0.1889, lr: 0.0004739186928329897
2024-08-17 20:31:25 - train: epoch 27, iter:20, loss: 0.1759, lr: 0.0004739186928329897
2024-08-17 20:31:43 - train: epoch 27, iter:40, loss: 0.1890, lr: 0.0004739186928329897
2024-08-17 20:32:14 - val epoch: 27, loss: 0.2984
2024-08-17 20:32:15 - train: epoch 28, iter:0, loss: 0.1566, lr: 0.0004429600493856692
2024-08-17 20:32:33 - train: epoch 28, iter:20, loss: 0.2014, lr: 0.0004429600493856692
2024-08-17 20:32:52 - train: epoch 28, iter:40, loss: 0.1931, lr: 0.0004429600493856692
2024-08-17 20:33:23 - val epoch: 28, loss: 0.3105
2024-08-17 20:33:25 - train: epoch 29, iter:0, loss: 0.1925, lr: 0.0004122462492800661
2024-08-17 20:33:43 - train: epoch 29, iter:20, loss: 0.1891, lr: 0.0004122462492800661
2024-08-17 20:34:01 - train: epoch 29, iter:40, loss: 0.1827, lr: 0.0004122462492800661
2024-08-17 20:34:32 - val epoch: 29, loss: 0.3044
2024-08-17 20:34:34 - train: epoch 30, iter:0, loss: 0.2255, lr: 0.0003818985058533967
2024-08-17 20:34:52 - train: epoch 30, iter:20, loss: 0.1795, lr: 0.0003818985058533967
2024-08-17 20:35:11 - train: epoch 30, iter:40, loss: 0.1764, lr: 0.0003818985058533967
2024-08-17 20:36:11 - val epoch: 30, loss: 0.3141, miou: 0.7909710476962046, f1_or_dsc: 0.8832873638171441, accuracy: 0.9444731910630028,                 specificity: 0.9706226842853982, sensitivity: 0.8631951937031982, confusion_matrix: [[38886539  1176958]
 [ 1763358 11126233]]
2024-08-17 20:36:12 - train: epoch 31, iter:0, loss: 0.2600, lr: 0.00035203658778440103
2024-08-17 20:36:30 - train: epoch 31, iter:20, loss: 0.1772, lr: 0.00035203658778440103
2024-08-17 20:36:48 - train: epoch 31, iter:40, loss: 0.1829, lr: 0.00035203658778440103
2024-08-17 20:37:19 - val epoch: 31, loss: 0.3139
2024-08-17 20:37:20 - train: epoch 32, iter:0, loss: 0.1987, lr: 0.00032277834642108444
2024-08-17 20:37:38 - train: epoch 32, iter:20, loss: 0.1822, lr: 0.00032277834642108444
2024-08-17 20:37:56 - train: epoch 32, iter:40, loss: 0.1745, lr: 0.00032277834642108444
2024-08-17 20:38:26 - val epoch: 32, loss: 0.3046
2024-08-17 20:38:28 - train: epoch 33, iter:0, loss: 0.1651, lr: 0.0002942392506752889
2024-08-17 20:38:46 - train: epoch 33, iter:20, loss: 0.1728, lr: 0.0002942392506752889
2024-08-17 20:39:04 - train: epoch 33, iter:40, loss: 0.1714, lr: 0.0002942392506752889
2024-08-17 20:39:33 - val epoch: 33, loss: 0.3008
2024-08-17 20:39:35 - train: epoch 34, iter:0, loss: 0.1601, lr: 0.00026653193131965077
2024-08-17 20:39:53 - train: epoch 34, iter:20, loss: 0.1725, lr: 0.00026653193131965077
2024-08-17 20:40:11 - train: epoch 34, iter:40, loss: 0.1793, lr: 0.00026653193131965077
2024-08-17 20:40:41 - val epoch: 34, loss: 0.3017
2024-08-17 20:40:43 - train: epoch 35, iter:0, loss: 0.3886, lr: 0.00023976573648539642
2024-08-17 20:41:01 - train: epoch 35, iter:20, loss: 0.1724, lr: 0.00023976573648539642
2024-08-17 20:41:18 - train: epoch 35, iter:40, loss: 0.1670, lr: 0.00023976573648539642
2024-08-17 20:41:48 - val epoch: 35, loss: 0.2863
2024-08-17 20:41:49 - train: epoch 36, iter:0, loss: 0.1493, lr: 0.00021404630011522574
2024-08-17 20:42:07 - train: epoch 36, iter:20, loss: 0.1681, lr: 0.00021404630011522574
2024-08-17 20:42:25 - train: epoch 36, iter:40, loss: 0.1706, lr: 0.00021404630011522574
2024-08-17 20:42:54 - val epoch: 36, loss: 0.2988
2024-08-17 20:42:55 - train: epoch 37, iter:0, loss: 0.1156, lr: 0.00018947512507439847
2024-08-17 20:43:13 - train: epoch 37, iter:20, loss: 0.1699, lr: 0.00018947512507439847
2024-08-17 20:43:31 - train: epoch 37, iter:40, loss: 0.1645, lr: 0.00018947512507439847
2024-08-17 20:44:01 - val epoch: 37, loss: 0.2846
2024-08-17 20:44:02 - train: epoch 38, iter:0, loss: 0.1761, lr: 0.000166149182565299
2024-08-17 20:44:20 - train: epoch 38, iter:20, loss: 0.1679, lr: 0.000166149182565299
2024-08-17 20:44:38 - train: epoch 38, iter:40, loss: 0.1633, lr: 0.000166149182565299
2024-08-17 20:45:07 - val epoch: 38, loss: 0.2896
2024-08-17 20:45:09 - train: epoch 39, iter:0, loss: 0.1381, lr: 0.00014416052942640132
2024-08-17 20:45:27 - train: epoch 39, iter:20, loss: 0.1521, lr: 0.00014416052942640132
2024-08-17 20:45:45 - train: epoch 39, iter:40, loss: 0.1584, lr: 0.00014416052942640132
2024-08-17 20:46:14 - val epoch: 39, loss: 0.2985
2024-08-17 20:46:16 - train: epoch 40, iter:0, loss: 0.1652, lr: 0.00012359594482598432
2024-08-17 20:46:33 - train: epoch 40, iter:20, loss: 0.1648, lr: 0.00012359594482598432
2024-08-17 20:46:51 - train: epoch 40, iter:40, loss: 0.1599, lr: 0.00012359594482598432
2024-08-17 20:47:21 - val epoch: 40, loss: 0.2936
2024-08-17 20:47:22 - train: epoch 41, iter:0, loss: 0.1512, lr: 0.00010453658778440102
2024-08-17 20:47:40 - train: epoch 41, iter:20, loss: 0.1577, lr: 0.00010453658778440102
2024-08-17 20:47:58 - train: epoch 41, iter:40, loss: 0.1605, lr: 0.00010453658778440102
2024-08-17 20:48:28 - val epoch: 41, loss: 0.2970
2024-08-17 20:48:30 - train: epoch 42, iter:0, loss: 0.1782, lr: 8.70576768765026e-05
2024-08-17 20:48:47 - train: epoch 42, iter:20, loss: 0.1619, lr: 8.70576768765026e-05
2024-08-17 20:49:05 - train: epoch 42, iter:40, loss: 0.1565, lr: 8.70576768765026e-05
2024-08-17 20:49:34 - val epoch: 42, loss: 0.2935
2024-08-17 20:49:36 - train: epoch 43, iter:0, loss: 0.1419, lr: 7.12281933782875e-05
2024-08-17 20:49:54 - train: epoch 43, iter:20, loss: 0.1592, lr: 7.12281933782875e-05
2024-08-17 20:50:12 - train: epoch 43, iter:40, loss: 0.1521, lr: 7.12281933782875e-05
2024-08-17 20:50:41 - val epoch: 43, loss: 0.2943
2024-08-17 20:50:42 - train: epoch 44, iter:0, loss: 0.1519, lr: 5.71106090293204e-05
2024-08-17 20:51:00 - train: epoch 44, iter:20, loss: 0.1630, lr: 5.71106090293204e-05
2024-08-17 20:51:18 - train: epoch 44, iter:40, loss: 0.1548, lr: 5.71106090293204e-05
2024-08-17 20:51:48 - val epoch: 44, loss: 0.2996
2024-08-17 20:51:49 - train: epoch 45, iter:0, loss: 0.1133, lr: 4.4760639485315563e-05
2024-08-17 20:52:07 - train: epoch 45, iter:20, loss: 0.1408, lr: 4.4760639485315563e-05
2024-08-17 20:52:25 - train: epoch 45, iter:40, loss: 0.1496, lr: 4.4760639485315563e-05
2024-08-17 20:52:55 - val epoch: 45, loss: 0.2999
2024-08-17 20:52:57 - train: epoch 46, iter:0, loss: 0.1412, lr: 3.422702443389899e-05
2024-08-17 20:53:15 - train: epoch 46, iter:20, loss: 0.1573, lr: 3.422702443389899e-05
2024-08-17 20:53:32 - train: epoch 46, iter:40, loss: 0.1594, lr: 3.422702443389899e-05
2024-08-17 20:54:03 - val epoch: 46, loss: 0.2982
2024-08-17 20:54:04 - train: epoch 47, iter:0, loss: 0.1322, lr: 2.5551335241327665e-05
2024-08-17 20:54:23 - train: epoch 47, iter:20, loss: 0.1500, lr: 2.5551335241327665e-05
2024-08-17 20:54:41 - train: epoch 47, iter:40, loss: 0.1503, lr: 2.5551335241327665e-05
2024-08-17 20:55:10 - val epoch: 47, loss: 0.2991
2024-08-17 20:55:12 - train: epoch 48, iter:0, loss: 0.1667, lr: 1.876781088929908e-05
2024-08-17 20:55:30 - train: epoch 48, iter:20, loss: 0.1499, lr: 1.876781088929908e-05
2024-08-17 20:55:47 - train: epoch 48, iter:40, loss: 0.1477, lr: 1.876781088929908e-05
2024-08-17 20:56:17 - val epoch: 48, loss: 0.2992
2024-08-17 20:56:19 - train: epoch 49, iter:0, loss: 0.1556, lr: 1.3903222849333505e-05
2024-08-17 20:56:36 - train: epoch 49, iter:20, loss: 0.1492, lr: 1.3903222849333505e-05
2024-08-17 20:56:54 - train: epoch 49, iter:40, loss: 0.1470, lr: 1.3903222849333505e-05
2024-08-17 20:57:24 - val epoch: 49, loss: 0.2995
2024-08-17 20:57:25 - train: epoch 50, iter:0, loss: 0.1737, lr: 1.0976769428005579e-05
2024-08-17 20:57:43 - train: epoch 50, iter:20, loss: 0.1536, lr: 1.0976769428005579e-05
2024-08-17 20:58:01 - train: epoch 50, iter:40, loss: 0.1530, lr: 1.0976769428005579e-05
2024-08-17 20:58:31 - val epoch: 50, loss: 0.2994
2024-08-17 20:58:33 - train: epoch 51, iter:0, loss: 0.1512, lr: 1e-05
2024-08-17 20:58:50 - train: epoch 51, iter:20, loss: 0.1621, lr: 1e-05
2024-08-17 20:59:08 - train: epoch 51, iter:40, loss: 0.1563, lr: 1e-05
2024-08-17 20:59:38 - val epoch: 51, loss: 0.2985
2024-08-17 20:59:39 - train: epoch 52, iter:0, loss: 0.1810, lr: 1.0976769428005579e-05
2024-08-17 20:59:57 - train: epoch 52, iter:20, loss: 0.1575, lr: 1.0976769428005579e-05
2024-08-17 21:00:15 - train: epoch 52, iter:40, loss: 0.1521, lr: 1.0976769428005579e-05
2024-08-17 21:00:45 - val epoch: 52, loss: 0.2993
2024-08-17 21:00:46 - train: epoch 53, iter:0, loss: 0.1489, lr: 1.3903222849333451e-05
2024-08-17 21:01:04 - train: epoch 53, iter:20, loss: 0.1519, lr: 1.3903222849333451e-05
2024-08-17 21:01:22 - train: epoch 53, iter:40, loss: 0.1529, lr: 1.3903222849333451e-05
2024-08-17 21:01:52 - val epoch: 53, loss: 0.2997
2024-08-17 21:01:53 - train: epoch 54, iter:0, loss: 0.1422, lr: 1.8767810889299133e-05
2024-08-17 21:02:11 - train: epoch 54, iter:20, loss: 0.1438, lr: 1.8767810889299133e-05
2024-08-17 21:02:29 - train: epoch 54, iter:40, loss: 0.1515, lr: 1.8767810889299133e-05
2024-08-17 21:02:59 - val epoch: 54, loss: 0.2986
2024-08-17 21:03:00 - train: epoch 55, iter:0, loss: 0.1674, lr: 2.555133524132755e-05
2024-08-17 21:03:18 - train: epoch 55, iter:20, loss: 0.1458, lr: 2.555133524132755e-05
2024-08-17 21:03:36 - train: epoch 55, iter:40, loss: 0.1494, lr: 2.555133524132755e-05
2024-08-17 21:04:07 - val epoch: 55, loss: 0.2997
2024-08-17 21:04:08 - train: epoch 56, iter:0, loss: 0.1563, lr: 3.422702443389893e-05
2024-08-17 21:04:26 - train: epoch 56, iter:20, loss: 0.1517, lr: 3.422702443389893e-05
2024-08-17 21:04:44 - train: epoch 56, iter:40, loss: 0.1490, lr: 3.422702443389893e-05
2024-08-17 21:05:14 - val epoch: 56, loss: 0.3001
2024-08-17 21:05:15 - train: epoch 57, iter:0, loss: 0.2356, lr: 4.47606394853155e-05
2024-08-17 21:05:33 - train: epoch 57, iter:20, loss: 0.1499, lr: 4.47606394853155e-05
2024-08-17 21:05:51 - train: epoch 57, iter:40, loss: 0.1472, lr: 4.47606394853155e-05
2024-08-17 21:06:21 - val epoch: 57, loss: 0.3025
2024-08-17 21:06:23 - train: epoch 58, iter:0, loss: 0.1289, lr: 5.711060902932022e-05
2024-08-17 21:06:41 - train: epoch 58, iter:20, loss: 0.1509, lr: 5.711060902932022e-05
2024-08-17 21:06:58 - train: epoch 58, iter:40, loss: 0.1471, lr: 5.711060902932022e-05
2024-08-17 21:07:29 - val epoch: 58, loss: 0.3023
2024-08-17 21:07:30 - train: epoch 59, iter:0, loss: 0.1696, lr: 7.122819337828753e-05
2024-08-17 21:07:49 - train: epoch 59, iter:20, loss: 0.1507, lr: 7.122819337828753e-05
2024-08-17 21:08:07 - train: epoch 59, iter:40, loss: 0.1457, lr: 7.122819337828753e-05
2024-08-17 21:08:37 - val epoch: 59, loss: 0.3028
2024-08-17 21:08:38 - train: epoch 60, iter:0, loss: 0.1361, lr: 8.705767687650243e-05
2024-08-17 21:08:56 - train: epoch 60, iter:20, loss: 0.1484, lr: 8.705767687650243e-05
2024-08-17 21:09:14 - train: epoch 60, iter:40, loss: 0.1487, lr: 8.705767687650243e-05
2024-08-17 21:10:13 - val epoch: 60, loss: 0.3030, miou: 0.8020731360716961, f1_or_dsc: 0.8901671303087283, accuracy: 0.946907931035108,                 specificity: 0.967187337640546, sensitivity: 0.8838753688926204, confusion_matrix: [[38748907  1314590]
 [ 1496799 11392792]]
2024-08-17 21:10:14 - train: epoch 61, iter:0, loss: 0.1245, lr: 0.00010453658778440077
2024-08-17 21:10:32 - train: epoch 61, iter:20, loss: 0.1433, lr: 0.00010453658778440077
2024-08-17 21:10:50 - train: epoch 61, iter:40, loss: 0.1457, lr: 0.00010453658778440077
2024-08-17 21:11:20 - val epoch: 61, loss: 0.3046
2024-08-17 21:11:22 - train: epoch 62, iter:0, loss: 0.1365, lr: 0.00012359594482598424
2024-08-17 21:11:41 - train: epoch 62, iter:20, loss: 0.1642, lr: 0.00012359594482598424
2024-08-17 21:11:59 - train: epoch 62, iter:40, loss: 0.1611, lr: 0.00012359594482598424
2024-08-17 21:12:30 - val epoch: 62, loss: 0.2969
2024-08-17 21:12:32 - train: epoch 63, iter:0, loss: 0.1390, lr: 0.00014416052942640108
2024-08-17 21:12:50 - train: epoch 63, iter:20, loss: 0.1554, lr: 0.00014416052942640108
2024-08-17 21:13:08 - train: epoch 63, iter:40, loss: 0.1598, lr: 0.00014416052942640108
2024-08-17 21:13:39 - val epoch: 63, loss: 0.3016
2024-08-17 21:13:40 - train: epoch 64, iter:0, loss: 0.1440, lr: 0.00016614918256529902
2024-08-17 21:13:58 - train: epoch 64, iter:20, loss: 0.1481, lr: 0.00016614918256529902
2024-08-17 21:14:17 - train: epoch 64, iter:40, loss: 0.1488, lr: 0.00016614918256529902
2024-08-17 21:14:47 - val epoch: 64, loss: 0.2919
2024-08-17 21:14:48 - train: epoch 65, iter:0, loss: 0.1335, lr: 0.00018947512507439852
2024-08-17 21:15:06 - train: epoch 65, iter:20, loss: 0.1519, lr: 0.00018947512507439852
2024-08-17 21:15:25 - train: epoch 65, iter:40, loss: 0.1492, lr: 0.00018947512507439852
2024-08-17 21:15:55 - val epoch: 65, loss: 0.3215
2024-08-17 21:15:57 - train: epoch 66, iter:0, loss: 0.1309, lr: 0.00021404630011522558
2024-08-17 21:16:15 - train: epoch 66, iter:20, loss: 0.1545, lr: 0.00021404630011522558
2024-08-17 21:16:33 - train: epoch 66, iter:40, loss: 0.1552, lr: 0.00021404630011522558
2024-08-17 21:17:03 - val epoch: 66, loss: 0.3040
2024-08-17 21:17:05 - train: epoch 67, iter:0, loss: 0.1301, lr: 0.00023976573648539664
2024-08-17 21:17:23 - train: epoch 67, iter:20, loss: 0.1557, lr: 0.00023976573648539664
2024-08-17 21:17:41 - train: epoch 67, iter:40, loss: 0.1586, lr: 0.00023976573648539664
2024-08-17 21:18:11 - val epoch: 67, loss: 0.3172
2024-08-17 21:18:13 - train: epoch 68, iter:0, loss: 0.1446, lr: 0.00026653193131965077
2024-08-17 21:18:31 - train: epoch 68, iter:20, loss: 0.1565, lr: 0.00026653193131965077
2024-08-17 21:18:49 - train: epoch 68, iter:40, loss: 0.1559, lr: 0.00026653193131965077
2024-08-17 21:19:19 - val epoch: 68, loss: 0.3115
2024-08-17 21:19:20 - train: epoch 69, iter:0, loss: 0.1432, lr: 0.000294239250675289
2024-08-17 21:19:39 - train: epoch 69, iter:20, loss: 0.1631, lr: 0.000294239250675289
2024-08-17 21:19:57 - train: epoch 69, iter:40, loss: 0.1593, lr: 0.000294239250675289
2024-08-17 21:20:28 - val epoch: 69, loss: 0.3137
2024-08-17 21:20:29 - train: epoch 70, iter:0, loss: 0.2102, lr: 0.0003227783464210842
2024-08-17 21:20:47 - train: epoch 70, iter:20, loss: 0.1636, lr: 0.0003227783464210842
2024-08-17 21:21:05 - train: epoch 70, iter:40, loss: 0.1557, lr: 0.0003227783464210842
2024-08-17 21:21:35 - val epoch: 70, loss: 0.3306
2024-08-17 21:21:37 - train: epoch 71, iter:0, loss: 0.1499, lr: 0.00035203658778440065
2024-08-17 21:21:55 - train: epoch 71, iter:20, loss: 0.1601, lr: 0.00035203658778440065
2024-08-17 21:22:13 - train: epoch 71, iter:40, loss: 0.1657, lr: 0.00035203658778440065
2024-08-17 21:22:43 - val epoch: 71, loss: 0.3550
2024-08-17 21:22:44 - train: epoch 72, iter:0, loss: 0.1427, lr: 0.00038189850585339675
2024-08-17 21:23:02 - train: epoch 72, iter:20, loss: 0.1732, lr: 0.00038189850585339675
2024-08-17 21:23:20 - train: epoch 72, iter:40, loss: 0.1756, lr: 0.00038189850585339675
2024-08-17 21:23:50 - val epoch: 72, loss: 0.3295
2024-08-17 21:23:52 - train: epoch 73, iter:0, loss: 0.1753, lr: 0.000412246249280066
2024-08-17 21:24:10 - train: epoch 73, iter:20, loss: 0.1864, lr: 0.000412246249280066
2024-08-17 21:24:28 - train: epoch 73, iter:40, loss: 0.1859, lr: 0.000412246249280066
2024-08-17 21:24:58 - val epoch: 73, loss: 0.4082
2024-08-17 21:24:59 - train: epoch 74, iter:0, loss: 0.2154, lr: 0.00044296004938566884
2024-08-17 21:25:17 - train: epoch 74, iter:20, loss: 0.1781, lr: 0.00044296004938566884
2024-08-17 21:25:35 - train: epoch 74, iter:40, loss: 0.1750, lr: 0.00044296004938566884
2024-08-17 21:26:05 - val epoch: 74, loss: 0.3296
2024-08-17 21:26:06 - train: epoch 75, iter:0, loss: 0.1737, lr: 0.0004739186928329896
2024-08-17 21:26:24 - train: epoch 75, iter:20, loss: 0.1814, lr: 0.0004739186928329896
2024-08-17 21:26:42 - train: epoch 75, iter:40, loss: 0.1827, lr: 0.0004739186928329896
2024-08-17 21:27:12 - val epoch: 75, loss: 0.3255
2024-08-17 21:27:13 - train: epoch 76, iter:0, loss: 0.1140, lr: 0.0005049999999999995
2024-08-17 21:27:31 - train: epoch 76, iter:20, loss: 0.1791, lr: 0.0005049999999999995
2024-08-17 21:27:49 - train: epoch 76, iter:40, loss: 0.1891, lr: 0.0005049999999999995
2024-08-17 21:28:19 - val epoch: 76, loss: 0.3081
2024-08-17 21:28:21 - train: epoch 77, iter:0, loss: 0.1515, lr: 0.0005360813071670094
2024-08-17 21:28:38 - train: epoch 77, iter:20, loss: 0.2017, lr: 0.0005360813071670094
2024-08-17 21:28:56 - train: epoch 77, iter:40, loss: 0.1926, lr: 0.0005360813071670094
2024-08-17 21:29:26 - val epoch: 77, loss: 0.3065
2024-08-17 21:29:28 - train: epoch 78, iter:0, loss: 0.1828, lr: 0.0005670399506143302
2024-08-17 21:29:45 - train: epoch 78, iter:20, loss: 0.1773, lr: 0.0005670399506143302
2024-08-17 21:30:03 - train: epoch 78, iter:40, loss: 0.1818, lr: 0.0005670399506143302
2024-08-17 21:30:33 - val epoch: 78, loss: 0.3210
2024-08-17 21:30:35 - train: epoch 79, iter:0, loss: 0.2022, lr: 0.0005977537507199331
2024-08-17 21:30:53 - train: epoch 79, iter:20, loss: 0.1774, lr: 0.0005977537507199331
2024-08-17 21:31:11 - train: epoch 79, iter:40, loss: 0.1761, lr: 0.0005977537507199331
2024-08-17 21:31:41 - val epoch: 79, loss: 0.3319
2024-08-17 21:31:43 - train: epoch 80, iter:0, loss: 0.2058, lr: 0.0006281014941466026
2024-08-17 21:32:01 - train: epoch 80, iter:20, loss: 0.1902, lr: 0.0006281014941466026
2024-08-17 21:32:18 - train: epoch 80, iter:40, loss: 0.1839, lr: 0.0006281014941466026
2024-08-17 21:32:48 - val epoch: 80, loss: 0.3143
2024-08-17 21:32:50 - train: epoch 81, iter:0, loss: 0.1208, lr: 0.0006579634122155983
2024-08-17 21:33:08 - train: epoch 81, iter:20, loss: 0.1907, lr: 0.0006579634122155983
2024-08-17 21:33:26 - train: epoch 81, iter:40, loss: 0.1850, lr: 0.0006579634122155983
2024-08-17 21:33:56 - val epoch: 81, loss: 0.3432
2024-08-17 21:33:58 - train: epoch 82, iter:0, loss: 0.1833, lr: 0.0006872216535789147
2024-08-17 21:34:16 - train: epoch 82, iter:20, loss: 0.1864, lr: 0.0006872216535789147
2024-08-17 21:34:34 - train: epoch 82, iter:40, loss: 0.1730, lr: 0.0006872216535789147
2024-08-17 21:35:04 - val epoch: 82, loss: 0.4003
2024-08-17 21:35:05 - train: epoch 83, iter:0, loss: 0.1770, lr: 0.00071576074932471
2024-08-17 21:35:23 - train: epoch 83, iter:20, loss: 0.2786, lr: 0.00071576074932471
2024-08-17 21:35:41 - train: epoch 83, iter:40, loss: 0.2669, lr: 0.00071576074932471
2024-08-17 21:36:11 - val epoch: 83, loss: 0.3502
2024-08-17 21:36:12 - train: epoch 84, iter:0, loss: 0.2370, lr: 0.0007434680686803487
2024-08-17 21:36:30 - train: epoch 84, iter:20, loss: 0.3243, lr: 0.0007434680686803487
2024-08-17 21:36:48 - train: epoch 84, iter:40, loss: 0.3001, lr: 0.0007434680686803487
2024-08-17 21:37:18 - val epoch: 84, loss: 0.3575
2024-08-17 21:37:20 - train: epoch 85, iter:0, loss: 0.2197, lr: 0.0007702342635146029
2024-08-17 21:37:38 - train: epoch 85, iter:20, loss: 0.2484, lr: 0.0007702342635146029
2024-08-17 21:37:56 - train: epoch 85, iter:40, loss: 0.2520, lr: 0.0007702342635146029
2024-08-17 21:38:26 - val epoch: 85, loss: 0.3542
2024-08-17 21:38:27 - train: epoch 86, iter:0, loss: 0.3454, lr: 0.0007959536998847737
2024-08-17 21:38:45 - train: epoch 86, iter:20, loss: 0.2462, lr: 0.0007959536998847737
2024-08-17 21:39:04 - train: epoch 86, iter:40, loss: 0.2264, lr: 0.0007959536998847737
2024-08-17 21:39:35 - val epoch: 86, loss: 0.3303
2024-08-17 21:39:36 - train: epoch 87, iter:0, loss: 0.1555, lr: 0.0008205248749256007
2024-08-17 21:39:54 - train: epoch 87, iter:20, loss: 0.2176, lr: 0.0008205248749256007
2024-08-17 21:40:12 - train: epoch 87, iter:40, loss: 0.2265, lr: 0.0008205248749256007
2024-08-17 21:40:42 - val epoch: 87, loss: 0.3470
2024-08-17 21:40:44 - train: epoch 88, iter:0, loss: 0.2905, lr: 0.0008438508174347
2024-08-17 21:41:02 - train: epoch 88, iter:20, loss: 0.2364, lr: 0.0008438508174347
2024-08-17 21:41:20 - train: epoch 88, iter:40, loss: 0.2152, lr: 0.0008438508174347
2024-08-17 21:41:50 - val epoch: 88, loss: 0.3312
2024-08-17 21:41:51 - train: epoch 89, iter:0, loss: 0.1474, lr: 0.0008658394705735981
2024-08-17 21:42:10 - train: epoch 89, iter:20, loss: 0.2299, lr: 0.0008658394705735981
2024-08-17 21:42:29 - train: epoch 89, iter:40, loss: 0.2245, lr: 0.0008658394705735981
2024-08-17 21:42:59 - val epoch: 89, loss: 0.3363
2024-08-17 21:43:00 - train: epoch 90, iter:0, loss: 0.1695, lr: 0.0008864040551740152
2024-08-17 21:43:18 - train: epoch 90, iter:20, loss: 0.1845, lr: 0.0008864040551740152
2024-08-17 21:43:36 - train: epoch 90, iter:40, loss: 0.1944, lr: 0.0008864040551740152
2024-08-17 21:44:36 - val epoch: 90, loss: 0.3167, miou: 0.7801546545218468, f1_or_dsc: 0.8765021090051279, accuracy: 0.9425474110216198,                 specificity: 0.9763191665470441, sensitivity: 0.8375778564269417, confusion_matrix: [[39114760   948737]
 [ 2093555 10796036]]
2024-08-17 21:44:37 - train: epoch 91, iter:0, loss: 0.2439, lr: 0.0009054634122155985
2024-08-17 21:44:55 - train: epoch 91, iter:20, loss: 0.2143, lr: 0.0009054634122155985
2024-08-17 21:45:13 - train: epoch 91, iter:40, loss: 0.2086, lr: 0.0009054634122155985
2024-08-17 21:45:43 - val epoch: 91, loss: 0.3345
2024-08-17 21:45:45 - train: epoch 92, iter:0, loss: 0.3141, lr: 0.0009229423231234969
2024-08-17 21:46:02 - train: epoch 92, iter:20, loss: 0.1913, lr: 0.0009229423231234969
2024-08-17 21:46:20 - train: epoch 92, iter:40, loss: 0.1934, lr: 0.0009229423231234969
2024-08-17 21:46:50 - val epoch: 92, loss: 0.3303
2024-08-17 21:46:51 - train: epoch 93, iter:0, loss: 0.2201, lr: 0.0009387718066217117
2024-08-17 21:47:09 - train: epoch 93, iter:20, loss: 0.2087, lr: 0.0009387718066217117
2024-08-17 21:47:27 - train: epoch 93, iter:40, loss: 0.2112, lr: 0.0009387718066217117
2024-08-17 21:47:57 - val epoch: 93, loss: 0.3348
2024-08-17 21:47:59 - train: epoch 94, iter:0, loss: 0.1822, lr: 0.000952889390970679
2024-08-17 21:48:16 - train: epoch 94, iter:20, loss: 0.1867, lr: 0.000952889390970679
2024-08-17 21:48:34 - train: epoch 94, iter:40, loss: 0.1954, lr: 0.000952889390970679
2024-08-17 21:49:04 - val epoch: 94, loss: 0.3300
2024-08-17 21:49:06 - train: epoch 95, iter:0, loss: 0.1574, lr: 0.0009652393605146838
2024-08-17 21:49:24 - train: epoch 95, iter:20, loss: 0.2182, lr: 0.0009652393605146838
2024-08-17 21:49:41 - train: epoch 95, iter:40, loss: 0.2073, lr: 0.0009652393605146838
2024-08-17 21:50:11 - val epoch: 95, loss: 0.3882
2024-08-17 21:50:13 - train: epoch 96, iter:0, loss: 0.2372, lr: 0.0009757729755661003
2024-08-17 21:50:30 - train: epoch 96, iter:20, loss: 0.2649, lr: 0.0009757729755661003
2024-08-17 21:50:49 - train: epoch 96, iter:40, loss: 0.2730, lr: 0.0009757729755661003
2024-08-17 21:51:32 - val epoch: 96, loss: 0.3588
2024-08-17 21:51:33 - train: epoch 97, iter:0, loss: 0.2605, lr: 0.0009844486647586715
2024-08-17 21:51:51 - train: epoch 97, iter:20, loss: 0.2411, lr: 0.0009844486647586715
2024-08-17 21:52:09 - train: epoch 97, iter:40, loss: 0.2272, lr: 0.0009844486647586715
2024-08-17 21:52:50 - val epoch: 97, loss: 0.3321
2024-08-17 21:52:51 - train: epoch 98, iter:0, loss: 0.1516, lr: 0.0009912321891107
2024-08-17 21:53:09 - train: epoch 98, iter:20, loss: 0.2124, lr: 0.0009912321891107
2024-08-17 21:53:27 - train: epoch 98, iter:40, loss: 0.2145, lr: 0.0009912321891107
2024-08-17 21:53:57 - val epoch: 98, loss: 0.5005
2024-08-17 21:53:59 - train: epoch 99, iter:0, loss: 0.3220, lr: 0.0009960967771506656
2024-08-17 21:54:17 - train: epoch 99, iter:20, loss: 0.2512, lr: 0.0009960967771506656
2024-08-17 21:54:35 - train: epoch 99, iter:40, loss: 0.2516, lr: 0.0009960967771506656
2024-08-17 21:55:05 - val epoch: 99, loss: 0.3463
2024-08-17 21:55:06 - train: epoch 100, iter:0, loss: 0.2017, lr: 0.0009990232305719935
2024-08-17 21:55:24 - train: epoch 100, iter:20, loss: 0.2193, lr: 0.0009990232305719935
2024-08-17 21:55:42 - train: epoch 100, iter:40, loss: 0.2130, lr: 0.0009990232305719935
2024-08-17 21:56:12 - val epoch: 100, loss: 0.3076
2024-08-17 21:56:14 - train: epoch 101, iter:0, loss: 0.2153, lr: 0.0009999999999999992
2024-08-17 21:56:32 - train: epoch 101, iter:20, loss: 0.1946, lr: 0.0009999999999999992
2024-08-17 21:56:50 - train: epoch 101, iter:40, loss: 0.2071, lr: 0.0009999999999999992
2024-08-17 21:57:20 - val epoch: 101, loss: 0.3092
2024-08-17 21:57:21 - train: epoch 102, iter:0, loss: 0.1850, lr: 0.0009990232305719935
2024-08-17 21:57:39 - train: epoch 102, iter:20, loss: 0.2024, lr: 0.0009990232305719935
2024-08-17 21:57:57 - train: epoch 102, iter:40, loss: 0.1969, lr: 0.0009990232305719935
2024-08-17 21:58:38 - val epoch: 102, loss: 0.3328
2024-08-17 21:58:39 - train: epoch 103, iter:0, loss: 0.1498, lr: 0.0009960967771506656
2024-08-17 21:58:57 - train: epoch 103, iter:20, loss: 0.1892, lr: 0.0009960967771506656
2024-08-17 21:59:15 - train: epoch 103, iter:40, loss: 0.1916, lr: 0.0009960967771506656
2024-08-17 21:59:45 - val epoch: 103, loss: 0.3010
2024-08-17 21:59:46 - train: epoch 104, iter:0, loss: 0.1425, lr: 0.0009912321891106998
2024-08-17 22:00:04 - train: epoch 104, iter:20, loss: 0.2172, lr: 0.0009912321891106998
2024-08-17 22:00:22 - train: epoch 104, iter:40, loss: 0.1977, lr: 0.0009912321891106998
2024-08-17 22:00:52 - val epoch: 104, loss: 0.3045
2024-08-17 22:00:54 - train: epoch 105, iter:0, loss: 0.1906, lr: 0.0009844486647586713
2024-08-17 22:01:12 - train: epoch 105, iter:20, loss: 0.1888, lr: 0.0009844486647586713
2024-08-17 22:01:31 - train: epoch 105, iter:40, loss: 0.1839, lr: 0.0009844486647586713
2024-08-17 22:02:01 - val epoch: 105, loss: 0.3320
2024-08-17 22:02:02 - train: epoch 106, iter:0, loss: 0.3504, lr: 0.0009757729755661
2024-08-17 22:02:20 - train: epoch 106, iter:20, loss: 0.2079, lr: 0.0009757729755661
2024-08-17 22:02:38 - train: epoch 106, iter:40, loss: 0.2045, lr: 0.0009757729755661
2024-08-17 22:03:07 - val epoch: 106, loss: 0.3175
2024-08-17 22:03:09 - train: epoch 107, iter:0, loss: 0.1456, lr: 0.0009652393605146834
2024-08-17 22:03:27 - train: epoch 107, iter:20, loss: 0.1833, lr: 0.0009652393605146834
2024-08-17 22:03:45 - train: epoch 107, iter:40, loss: 0.1789, lr: 0.0009652393605146834
2024-08-17 22:04:15 - val epoch: 107, loss: 0.3252
2024-08-17 22:04:16 - train: epoch 108, iter:0, loss: 0.2126, lr: 0.0009528893909706787
2024-08-17 22:04:34 - train: epoch 108, iter:20, loss: 0.1778, lr: 0.0009528893909706787
2024-08-17 22:04:52 - train: epoch 108, iter:40, loss: 0.1986, lr: 0.0009528893909706787
2024-08-17 22:05:22 - val epoch: 108, loss: 0.2994
2024-08-17 22:05:24 - train: epoch 109, iter:0, loss: 0.2070, lr: 0.0009387718066217116
2024-08-17 22:05:42 - train: epoch 109, iter:20, loss: 0.1932, lr: 0.0009387718066217116
2024-08-17 22:06:00 - train: epoch 109, iter:40, loss: 0.1995, lr: 0.0009387718066217116
2024-08-17 22:06:30 - val epoch: 109, loss: 0.3657
2024-08-17 22:06:31 - train: epoch 110, iter:0, loss: 0.2149, lr: 0.0009229423231234967
2024-08-17 22:06:50 - train: epoch 110, iter:20, loss: 0.1935, lr: 0.0009229423231234967
2024-08-17 22:07:10 - train: epoch 110, iter:40, loss: 0.1847, lr: 0.0009229423231234967
2024-08-17 22:07:49 - val epoch: 110, loss: 0.3182
2024-08-17 22:07:51 - train: epoch 111, iter:0, loss: 0.1717, lr: 0.0009054634122155979
2024-08-17 22:08:09 - train: epoch 111, iter:20, loss: 0.1894, lr: 0.0009054634122155979
2024-08-17 22:08:27 - train: epoch 111, iter:40, loss: 0.1827, lr: 0.0009054634122155979
2024-08-17 22:08:57 - val epoch: 111, loss: 0.3624
2024-08-17 22:08:58 - train: epoch 112, iter:0, loss: 0.1427, lr: 0.0008864040551740146
2024-08-17 22:09:16 - train: epoch 112, iter:20, loss: 0.2092, lr: 0.0008864040551740146
2024-08-17 22:09:34 - train: epoch 112, iter:40, loss: 0.1938, lr: 0.0008864040551740146
2024-08-17 22:10:04 - val epoch: 112, loss: 0.3212
2024-08-17 22:10:06 - train: epoch 113, iter:0, loss: 0.2218, lr: 0.0008658394705735977
2024-08-17 22:10:24 - train: epoch 113, iter:20, loss: 0.1824, lr: 0.0008658394705735977
2024-08-17 22:10:42 - train: epoch 113, iter:40, loss: 0.1818, lr: 0.0008658394705735977
2024-08-17 22:11:12 - val epoch: 113, loss: 0.3116
2024-08-17 22:11:13 - train: epoch 114, iter:0, loss: 0.1837, lr: 0.0008438508174347002
2024-08-17 22:11:31 - train: epoch 114, iter:20, loss: 0.1851, lr: 0.0008438508174347002
2024-08-17 22:11:49 - train: epoch 114, iter:40, loss: 0.1791, lr: 0.0008438508174347002
2024-08-17 22:12:19 - val epoch: 114, loss: 0.3321
2024-08-17 22:12:21 - train: epoch 115, iter:0, loss: 0.2118, lr: 0.0008205248749256007
2024-08-17 22:12:38 - train: epoch 115, iter:20, loss: 0.1789, lr: 0.0008205248749256007
2024-08-17 22:12:56 - train: epoch 115, iter:40, loss: 0.1784, lr: 0.0008205248749256007
2024-08-17 22:13:26 - val epoch: 115, loss: 0.3221
2024-08-17 22:13:28 - train: epoch 116, iter:0, loss: 0.1646, lr: 0.0007959536998847731
2024-08-17 22:13:46 - train: epoch 116, iter:20, loss: 0.1705, lr: 0.0007959536998847731
2024-08-17 22:14:04 - train: epoch 116, iter:40, loss: 0.1697, lr: 0.0007959536998847731
2024-08-17 22:14:33 - val epoch: 116, loss: 0.3437
2024-08-17 22:14:35 - train: epoch 117, iter:0, loss: 0.2213, lr: 0.0007702342635146026
2024-08-17 22:14:53 - train: epoch 117, iter:20, loss: 0.1821, lr: 0.0007702342635146026
2024-08-17 22:15:11 - train: epoch 117, iter:40, loss: 0.1763, lr: 0.0007702342635146026
2024-08-17 22:15:41 - val epoch: 117, loss: 0.3222
2024-08-17 22:15:43 - train: epoch 118, iter:0, loss: 0.2463, lr: 0.0007434680686803485
2024-08-17 22:16:01 - train: epoch 118, iter:20, loss: 0.1727, lr: 0.0007434680686803485
2024-08-17 22:16:19 - train: epoch 118, iter:40, loss: 0.1710, lr: 0.0007434680686803485
2024-08-17 22:16:49 - val epoch: 118, loss: 0.3206
2024-08-17 22:16:50 - train: epoch 119, iter:0, loss: 0.2292, lr: 0.0007157607493247105
2024-08-17 22:17:08 - train: epoch 119, iter:20, loss: 0.1688, lr: 0.0007157607493247105
2024-08-17 22:17:26 - train: epoch 119, iter:40, loss: 0.1644, lr: 0.0007157607493247105
2024-08-17 22:17:56 - val epoch: 119, loss: 0.3325
2024-08-17 22:17:57 - train: epoch 120, iter:0, loss: 0.1372, lr: 0.0006872216535789154
2024-08-17 22:18:16 - train: epoch 120, iter:20, loss: 0.1593, lr: 0.0006872216535789154
2024-08-17 22:18:34 - train: epoch 120, iter:40, loss: 0.1601, lr: 0.0006872216535789154
2024-08-17 22:19:35 - val epoch: 120, loss: 0.3141, miou: 0.7798658939745432, f1_or_dsc: 0.8763198357973563, accuracy: 0.9376045831359259,                 specificity: 0.9470945334602219, sensitivity: 0.908107867813649, confusion_matrix: [[37943919  2119578]
 [ 1184452 11705139]]
2024-08-17 22:19:37 - train: epoch 121, iter:0, loss: 0.1554, lr: 0.0006579634122155989
2024-08-17 22:19:55 - train: epoch 121, iter:20, loss: 0.1613, lr: 0.0006579634122155989
2024-08-17 22:20:13 - train: epoch 121, iter:40, loss: 0.1573, lr: 0.0006579634122155989
2024-08-17 22:20:43 - val epoch: 121, loss: 0.2944
2024-08-17 22:20:44 - train: epoch 122, iter:0, loss: 0.1804, lr: 0.0006281014941466024
2024-08-17 22:21:02 - train: epoch 122, iter:20, loss: 0.1558, lr: 0.0006281014941466024
2024-08-17 22:21:20 - train: epoch 122, iter:40, loss: 0.1540, lr: 0.0006281014941466024
2024-08-17 22:21:51 - val epoch: 122, loss: 0.3150
2024-08-17 22:21:53 - train: epoch 123, iter:0, loss: 0.1395, lr: 0.0005977537507199332
2024-08-17 22:22:11 - train: epoch 123, iter:20, loss: 0.1535, lr: 0.0005977537507199332
2024-08-17 22:22:29 - train: epoch 123, iter:40, loss: 0.1529, lr: 0.0005977537507199332
2024-08-17 22:23:00 - val epoch: 123, loss: 0.3031
2024-08-17 22:23:02 - train: epoch 124, iter:0, loss: 0.1769, lr: 0.0005670399506143303
2024-08-17 22:23:21 - train: epoch 124, iter:20, loss: 0.1564, lr: 0.0005670399506143303
2024-08-17 22:23:39 - train: epoch 124, iter:40, loss: 0.1575, lr: 0.0005670399506143303
2024-08-17 22:24:09 - val epoch: 124, loss: 0.2917
2024-08-17 22:24:10 - train: epoch 125, iter:0, loss: 0.1455, lr: 0.00053608130716701
2024-08-17 22:24:28 - train: epoch 125, iter:20, loss: 0.1509, lr: 0.00053608130716701
2024-08-17 22:24:46 - train: epoch 125, iter:40, loss: 0.1529, lr: 0.00053608130716701
2024-08-17 22:25:16 - val epoch: 125, loss: 0.3320
2024-08-17 22:25:18 - train: epoch 126, iter:0, loss: 0.1633, lr: 0.0005050000000000001
2024-08-17 22:25:37 - train: epoch 126, iter:20, loss: 0.1542, lr: 0.0005050000000000001
2024-08-17 22:25:55 - train: epoch 126, iter:40, loss: 0.1497, lr: 0.0005050000000000001
2024-08-17 22:26:27 - val epoch: 126, loss: 0.3087
2024-08-17 22:26:28 - train: epoch 127, iter:0, loss: 0.1293, lr: 0.0004739186928329894
2024-08-17 22:26:47 - train: epoch 127, iter:20, loss: 0.1459, lr: 0.0004739186928329894
2024-08-17 22:27:05 - train: epoch 127, iter:40, loss: 0.1471, lr: 0.0004739186928329894
2024-08-17 22:27:36 - val epoch: 127, loss: 0.2983
2024-08-17 22:27:37 - train: epoch 128, iter:0, loss: 0.1393, lr: 0.0004429600493856691
2024-08-17 22:27:55 - train: epoch 128, iter:20, loss: 0.1524, lr: 0.0004429600493856691
2024-08-17 22:28:13 - train: epoch 128, iter:40, loss: 0.1546, lr: 0.0004429600493856691
2024-08-17 22:28:44 - val epoch: 128, loss: 0.3192
2024-08-17 22:28:45 - train: epoch 129, iter:0, loss: 0.1205, lr: 0.0004122462492800658
2024-08-17 22:29:03 - train: epoch 129, iter:20, loss: 0.1434, lr: 0.0004122462492800658
2024-08-17 22:29:21 - train: epoch 129, iter:40, loss: 0.1461, lr: 0.0004122462492800658
2024-08-17 22:29:50 - val epoch: 129, loss: 0.3056
2024-08-17 22:29:52 - train: epoch 130, iter:0, loss: 0.1414, lr: 0.00038189850585339653
2024-08-17 22:30:10 - train: epoch 130, iter:20, loss: 0.1501, lr: 0.00038189850585339653
2024-08-17 22:30:28 - train: epoch 130, iter:40, loss: 0.1477, lr: 0.00038189850585339653
2024-08-17 22:30:58 - val epoch: 130, loss: 0.3500
2024-08-17 22:31:00 - train: epoch 131, iter:0, loss: 0.1324, lr: 0.0003520365877844009
2024-08-17 22:31:18 - train: epoch 131, iter:20, loss: 0.1375, lr: 0.0003520365877844009
2024-08-17 22:31:37 - train: epoch 131, iter:40, loss: 0.1396, lr: 0.0003520365877844009
2024-08-17 22:32:07 - val epoch: 131, loss: 0.3018
2024-08-17 22:32:09 - train: epoch 132, iter:0, loss: 0.1262, lr: 0.00032277834642108455
2024-08-17 22:32:27 - train: epoch 132, iter:20, loss: 0.1378, lr: 0.00032277834642108455
2024-08-17 22:32:46 - train: epoch 132, iter:40, loss: 0.1406, lr: 0.00032277834642108455
2024-08-17 22:33:17 - val epoch: 132, loss: 0.3163
2024-08-17 22:33:18 - train: epoch 133, iter:0, loss: 0.1335, lr: 0.0002942392506752885
2024-08-17 22:33:36 - train: epoch 133, iter:20, loss: 0.1443, lr: 0.0002942392506752885
2024-08-17 22:33:55 - train: epoch 133, iter:40, loss: 0.1404, lr: 0.0002942392506752885
2024-08-17 22:34:25 - val epoch: 133, loss: 0.3176
2024-08-17 22:34:27 - train: epoch 134, iter:0, loss: 0.1554, lr: 0.00026653193131965055
2024-08-17 22:34:45 - train: epoch 134, iter:20, loss: 0.1415, lr: 0.00026653193131965055
2024-08-17 22:35:03 - train: epoch 134, iter:40, loss: 0.1384, lr: 0.00026653193131965055
2024-08-17 22:35:33 - val epoch: 134, loss: 0.3203
2024-08-17 22:35:35 - train: epoch 135, iter:0, loss: 0.2131, lr: 0.00023976573648539642
2024-08-17 22:35:54 - train: epoch 135, iter:20, loss: 0.1474, lr: 0.00023976573648539642
2024-08-17 22:36:12 - train: epoch 135, iter:40, loss: 0.1423, lr: 0.00023976573648539642
2024-08-17 22:36:43 - val epoch: 135, loss: 0.3162
2024-08-17 22:36:45 - train: epoch 136, iter:0, loss: 0.1661, lr: 0.0002140463001152257
2024-08-17 22:37:03 - train: epoch 136, iter:20, loss: 0.1354, lr: 0.0002140463001152257
2024-08-17 22:37:21 - train: epoch 136, iter:40, loss: 0.1333, lr: 0.0002140463001152257
2024-08-17 22:37:52 - val epoch: 136, loss: 0.3176
2024-08-17 22:37:53 - train: epoch 137, iter:0, loss: 0.1594, lr: 0.000189475125074398
2024-08-17 22:38:11 - train: epoch 137, iter:20, loss: 0.1378, lr: 0.000189475125074398
2024-08-17 22:38:29 - train: epoch 137, iter:40, loss: 0.1350, lr: 0.000189475125074398
2024-08-17 22:38:59 - val epoch: 137, loss: 0.3140
2024-08-17 22:39:01 - train: epoch 138, iter:0, loss: 0.1184, lr: 0.00016614918256529872
2024-08-17 22:39:20 - train: epoch 138, iter:20, loss: 0.1412, lr: 0.00016614918256529872
2024-08-17 22:39:38 - train: epoch 138, iter:40, loss: 0.1381, lr: 0.00016614918256529872
2024-08-17 22:40:09 - val epoch: 138, loss: 0.3121
2024-08-17 22:40:11 - train: epoch 139, iter:0, loss: 0.1434, lr: 0.00014416052942640105
2024-08-17 22:40:30 - train: epoch 139, iter:20, loss: 0.1378, lr: 0.00014416052942640105
2024-08-17 22:40:48 - train: epoch 139, iter:40, loss: 0.1344, lr: 0.00014416052942640105
2024-08-17 22:41:19 - val epoch: 139, loss: 0.3209
2024-08-17 22:41:20 - train: epoch 140, iter:0, loss: 0.1243, lr: 0.0001235959448259842
2024-08-17 22:41:38 - train: epoch 140, iter:20, loss: 0.1389, lr: 0.0001235959448259842
2024-08-17 22:41:57 - train: epoch 140, iter:40, loss: 0.1380, lr: 0.0001235959448259842
2024-08-17 22:42:27 - val epoch: 140, loss: 0.3280
2024-08-17 22:42:29 - train: epoch 141, iter:0, loss: 0.1263, lr: 0.00010453658778440103
2024-08-17 22:42:47 - train: epoch 141, iter:20, loss: 0.1321, lr: 0.00010453658778440103
2024-08-17 22:43:06 - train: epoch 141, iter:40, loss: 0.1339, lr: 0.00010453658778440103
2024-08-17 22:43:37 - val epoch: 141, loss: 0.3289
2024-08-17 22:43:39 - train: epoch 142, iter:0, loss: 0.1216, lr: 8.705767687650263e-05
2024-08-17 22:43:57 - train: epoch 142, iter:20, loss: 0.1296, lr: 8.705767687650263e-05
2024-08-17 22:44:16 - train: epoch 142, iter:40, loss: 0.1278, lr: 8.705767687650263e-05
2024-08-17 22:44:47 - val epoch: 142, loss: 0.3275
2024-08-17 22:44:49 - train: epoch 143, iter:0, loss: 0.1318, lr: 7.12281933782873e-05
2024-08-17 22:45:07 - train: epoch 143, iter:20, loss: 0.1316, lr: 7.12281933782873e-05
2024-08-17 22:45:26 - train: epoch 143, iter:40, loss: 0.1304, lr: 7.12281933782873e-05
2024-08-17 22:45:57 - val epoch: 143, loss: 0.3226
2024-08-17 22:45:58 - train: epoch 144, iter:0, loss: 0.1086, lr: 5.711060902932021e-05
2024-08-17 22:46:16 - train: epoch 144, iter:20, loss: 0.1320, lr: 5.711060902932021e-05
2024-08-17 22:46:34 - train: epoch 144, iter:40, loss: 0.1302, lr: 5.711060902932021e-05
2024-08-17 22:47:04 - val epoch: 144, loss: 0.3237
2024-08-17 22:47:05 - train: epoch 145, iter:0, loss: 0.1300, lr: 4.4760639485315496e-05
2024-08-17 22:47:23 - train: epoch 145, iter:20, loss: 0.1281, lr: 4.4760639485315496e-05
2024-08-17 22:47:41 - train: epoch 145, iter:40, loss: 0.1315, lr: 4.4760639485315496e-05
2024-08-17 22:48:11 - val epoch: 145, loss: 0.3206
2024-08-17 22:48:12 - train: epoch 146, iter:0, loss: 0.1491, lr: 3.422702443389903e-05
2024-08-17 22:48:30 - train: epoch 146, iter:20, loss: 0.1337, lr: 3.422702443389903e-05
2024-08-17 22:48:48 - train: epoch 146, iter:40, loss: 0.1297, lr: 3.422702443389903e-05
2024-08-17 22:49:18 - val epoch: 146, loss: 0.3225
2024-08-17 22:49:20 - train: epoch 147, iter:0, loss: 0.1533, lr: 2.555133524132766e-05
2024-08-17 22:49:38 - train: epoch 147, iter:20, loss: 0.1266, lr: 2.555133524132766e-05
2024-08-17 22:49:56 - train: epoch 147, iter:40, loss: 0.1278, lr: 2.555133524132766e-05
2024-08-17 22:50:26 - val epoch: 147, loss: 0.3226
2024-08-17 22:50:27 - train: epoch 148, iter:0, loss: 0.1088, lr: 1.876781088929902e-05
2024-08-17 22:50:45 - train: epoch 148, iter:20, loss: 0.1289, lr: 1.876781088929902e-05
2024-08-17 22:51:04 - train: epoch 148, iter:40, loss: 0.1265, lr: 1.876781088929902e-05
2024-08-17 22:51:34 - val epoch: 148, loss: 0.3227
2024-08-17 22:51:35 - train: epoch 149, iter:0, loss: 0.1141, lr: 1.390322284933345e-05
2024-08-17 22:51:53 - train: epoch 149, iter:20, loss: 0.1290, lr: 1.390322284933345e-05
2024-08-17 22:52:11 - train: epoch 149, iter:40, loss: 0.1256, lr: 1.390322284933345e-05
2024-08-17 22:52:41 - val epoch: 149, loss: 0.3240
2024-08-17 22:52:43 - train: epoch 150, iter:0, loss: 0.1080, lr: 1.0976769428005579e-05
2024-08-17 22:53:01 - train: epoch 150, iter:20, loss: 0.1330, lr: 1.0976769428005579e-05
2024-08-17 22:53:19 - train: epoch 150, iter:40, loss: 0.1283, lr: 1.0976769428005579e-05
2024-08-17 22:54:19 - val epoch: 150, loss: 0.3226, miou: 0.7933321436594346, f1_or_dsc: 0.8847576244750494, accuracy: 0.9437267190158958,                 specificity: 0.9618374302173373, sensitivity: 0.8874349077484305, confusion_matrix: [[38534571  1528926]
 [ 1450918 11438673]]
2024-08-17 22:54:21 - train: epoch 151, iter:0, loss: 0.1142, lr: 1e-05
2024-08-17 22:54:39 - train: epoch 151, iter:20, loss: 0.1291, lr: 1e-05
2024-08-17 22:54:57 - train: epoch 151, iter:40, loss: 0.1287, lr: 1e-05
2024-08-17 22:55:27 - val epoch: 151, loss: 0.3225
2024-08-17 22:55:29 - train: epoch 152, iter:0, loss: 0.1210, lr: 1.0976769428005579e-05
2024-08-17 22:55:47 - train: epoch 152, iter:20, loss: 0.1270, lr: 1.0976769428005579e-05
2024-08-17 22:56:04 - train: epoch 152, iter:40, loss: 0.1257, lr: 1.0976769428005579e-05
2024-08-17 22:56:34 - val epoch: 152, loss: 0.3232
2024-08-17 22:56:36 - train: epoch 153, iter:0, loss: 0.1165, lr: 1.3903222849333397e-05
2024-08-17 22:56:54 - train: epoch 153, iter:20, loss: 0.1274, lr: 1.3903222849333397e-05
2024-08-17 22:57:12 - train: epoch 153, iter:40, loss: 0.1254, lr: 1.3903222849333397e-05
2024-08-17 22:57:42 - val epoch: 153, loss: 0.3239
2024-08-17 22:57:44 - train: epoch 154, iter:0, loss: 0.1105, lr: 1.8767810889299137e-05
2024-08-17 22:58:02 - train: epoch 154, iter:20, loss: 0.1277, lr: 1.8767810889299137e-05
2024-08-17 22:58:21 - train: epoch 154, iter:40, loss: 0.1255, lr: 1.8767810889299137e-05
2024-08-17 22:58:51 - val epoch: 154, loss: 0.3235
2024-08-17 22:58:53 - train: epoch 155, iter:0, loss: 0.1530, lr: 2.555133524132761e-05
2024-08-17 22:59:11 - train: epoch 155, iter:20, loss: 0.1365, lr: 2.555133524132761e-05
2024-08-17 22:59:29 - train: epoch 155, iter:40, loss: 0.1307, lr: 2.555133524132761e-05
2024-08-17 23:00:00 - val epoch: 155, loss: 0.3247
2024-08-17 23:00:01 - train: epoch 156, iter:0, loss: 0.1122, lr: 3.422702443389894e-05
2024-08-17 23:00:19 - train: epoch 156, iter:20, loss: 0.1283, lr: 3.422702443389894e-05
2024-08-17 23:00:37 - train: epoch 156, iter:40, loss: 0.1302, lr: 3.422702443389894e-05
2024-08-17 23:01:08 - val epoch: 156, loss: 0.3265
2024-08-17 23:01:09 - train: epoch 157, iter:0, loss: 0.1181, lr: 4.476063948531541e-05
2024-08-17 23:01:27 - train: epoch 157, iter:20, loss: 0.1295, lr: 4.476063948531541e-05
2024-08-17 23:01:46 - train: epoch 157, iter:40, loss: 0.1303, lr: 4.476063948531541e-05
2024-08-17 23:02:16 - val epoch: 157, loss: 0.3223
2024-08-17 23:02:18 - train: epoch 158, iter:0, loss: 0.1185, lr: 5.711060902932007e-05
2024-08-17 23:02:36 - train: epoch 158, iter:20, loss: 0.1255, lr: 5.711060902932007e-05
2024-08-17 23:02:53 - train: epoch 158, iter:40, loss: 0.1263, lr: 5.711060902932007e-05
2024-08-17 23:03:24 - val epoch: 158, loss: 0.3369
2024-08-17 23:03:25 - train: epoch 159, iter:0, loss: 0.1288, lr: 7.122819337828756e-05
2024-08-17 23:03:44 - train: epoch 159, iter:20, loss: 0.1326, lr: 7.122819337828756e-05
2024-08-17 23:04:03 - train: epoch 159, iter:40, loss: 0.1269, lr: 7.122819337828756e-05
2024-08-17 23:04:34 - val epoch: 159, loss: 0.3340
2024-08-17 23:04:36 - train: epoch 160, iter:0, loss: 0.1224, lr: 8.705767687650251e-05
2024-08-17 23:04:54 - train: epoch 160, iter:20, loss: 0.1322, lr: 8.705767687650251e-05
2024-08-17 23:05:13 - train: epoch 160, iter:40, loss: 0.1302, lr: 8.705767687650251e-05
2024-08-17 23:05:44 - val epoch: 160, loss: 0.3336
2024-08-17 23:05:45 - train: epoch 161, iter:0, loss: 0.0954, lr: 0.00010453658778440087
2024-08-17 23:06:03 - train: epoch 161, iter:20, loss: 0.1293, lr: 0.00010453658778440087
2024-08-17 23:06:21 - train: epoch 161, iter:40, loss: 0.1279, lr: 0.00010453658778440087
2024-08-17 23:06:51 - val epoch: 161, loss: 0.3282
2024-08-17 23:06:52 - train: epoch 162, iter:0, loss: 0.1030, lr: 0.00012359594482598405
2024-08-17 23:07:10 - train: epoch 162, iter:20, loss: 0.1263, lr: 0.00012359594482598405
2024-08-17 23:07:28 - train: epoch 162, iter:40, loss: 0.1259, lr: 0.00012359594482598405
2024-08-17 23:07:58 - val epoch: 162, loss: 0.3275
2024-08-17 23:08:00 - train: epoch 163, iter:0, loss: 0.1081, lr: 0.00014416052942640083
2024-08-17 23:08:18 - train: epoch 163, iter:20, loss: 0.1214, lr: 0.00014416052942640083
2024-08-17 23:08:36 - train: epoch 163, iter:40, loss: 0.1239, lr: 0.00014416052942640083
2024-08-17 23:09:06 - val epoch: 163, loss: 0.3203
2024-08-17 23:09:07 - train: epoch 164, iter:0, loss: 0.1453, lr: 0.00016614918256529853
2024-08-17 23:09:25 - train: epoch 164, iter:20, loss: 0.1287, lr: 0.00016614918256529853
2024-08-17 23:09:44 - train: epoch 164, iter:40, loss: 0.1258, lr: 0.00016614918256529853
2024-08-17 23:10:14 - val epoch: 164, loss: 0.3296
2024-08-17 23:10:15 - train: epoch 165, iter:0, loss: 0.1323, lr: 0.00018947512507439787
2024-08-17 23:10:33 - train: epoch 165, iter:20, loss: 0.1289, lr: 0.00018947512507439787
2024-08-17 23:10:51 - train: epoch 165, iter:40, loss: 0.1245, lr: 0.00018947512507439787
2024-08-17 23:11:21 - val epoch: 165, loss: 0.3525
2024-08-17 23:11:23 - train: epoch 166, iter:0, loss: 0.1233, lr: 0.00021404630011522487
2024-08-17 23:11:41 - train: epoch 166, iter:20, loss: 0.1272, lr: 0.00021404630011522487
2024-08-17 23:11:59 - train: epoch 166, iter:40, loss: 0.1285, lr: 0.00021404630011522487
2024-08-17 23:12:30 - val epoch: 166, loss: 0.3269
2024-08-17 23:12:31 - train: epoch 167, iter:0, loss: 0.1411, lr: 0.00023976573648539702
2024-08-17 23:12:49 - train: epoch 167, iter:20, loss: 0.1294, lr: 0.00023976573648539702
2024-08-17 23:13:07 - train: epoch 167, iter:40, loss: 0.1281, lr: 0.00023976573648539702
2024-08-17 23:13:38 - val epoch: 167, loss: 0.3230
2024-08-17 23:13:39 - train: epoch 168, iter:0, loss: 0.1149, lr: 0.0002665319313196511
2024-08-17 23:13:58 - train: epoch 168, iter:20, loss: 0.1246, lr: 0.0002665319313196511
2024-08-17 23:14:16 - train: epoch 168, iter:40, loss: 0.1263, lr: 0.0002665319313196511
2024-08-17 23:14:45 - val epoch: 168, loss: 0.3263
2024-08-17 23:14:47 - train: epoch 169, iter:0, loss: 0.1309, lr: 0.000294239250675289
2024-08-17 23:15:05 - train: epoch 169, iter:20, loss: 0.1330, lr: 0.000294239250675289
2024-08-17 23:15:23 - train: epoch 169, iter:40, loss: 0.1279, lr: 0.000294239250675289
2024-08-17 23:15:52 - val epoch: 169, loss: 0.3403
2024-08-17 23:15:54 - train: epoch 170, iter:0, loss: 0.1085, lr: 0.0003227783464210843
2024-08-17 23:16:11 - train: epoch 170, iter:20, loss: 0.1227, lr: 0.0003227783464210843
2024-08-17 23:16:29 - train: epoch 170, iter:40, loss: 0.1284, lr: 0.0003227783464210843
2024-08-17 23:16:59 - val epoch: 170, loss: 0.3376
2024-08-17 23:17:00 - train: epoch 171, iter:0, loss: 0.1135, lr: 0.0003520365877844007
2024-08-17 23:17:18 - train: epoch 171, iter:20, loss: 0.1383, lr: 0.0003520365877844007
2024-08-17 23:17:36 - train: epoch 171, iter:40, loss: 0.1359, lr: 0.0003520365877844007
2024-08-17 23:18:07 - val epoch: 171, loss: 0.3240
2024-08-17 23:18:08 - train: epoch 172, iter:0, loss: 0.1209, lr: 0.0003818985058533964
2024-08-17 23:18:27 - train: epoch 172, iter:20, loss: 0.1313, lr: 0.0003818985058533964
2024-08-17 23:18:46 - train: epoch 172, iter:40, loss: 0.1342, lr: 0.0003818985058533964
2024-08-17 23:19:17 - val epoch: 172, loss: 0.3619
2024-08-17 23:19:19 - train: epoch 173, iter:0, loss: 0.1648, lr: 0.0004122462492800657
2024-08-17 23:19:37 - train: epoch 173, iter:20, loss: 0.1347, lr: 0.0004122462492800657
2024-08-17 23:19:55 - train: epoch 173, iter:40, loss: 0.1332, lr: 0.0004122462492800657
2024-08-17 23:20:26 - val epoch: 173, loss: 0.3284
2024-08-17 23:20:28 - train: epoch 174, iter:0, loss: 0.1447, lr: 0.0004429600493856686
2024-08-17 23:20:46 - train: epoch 174, iter:20, loss: 0.1368, lr: 0.0004429600493856686
2024-08-17 23:21:04 - train: epoch 174, iter:40, loss: 0.1386, lr: 0.0004429600493856686
2024-08-17 23:21:35 - val epoch: 174, loss: 0.3005
2024-08-17 23:21:37 - train: epoch 175, iter:0, loss: 0.1503, lr: 0.00047391869283298883
2024-08-17 23:21:55 - train: epoch 175, iter:20, loss: 0.1434, lr: 0.00047391869283298883
2024-08-17 23:22:13 - train: epoch 175, iter:40, loss: 0.1416, lr: 0.00047391869283298883
2024-08-17 23:22:43 - val epoch: 175, loss: 0.3164
2024-08-17 23:22:44 - train: epoch 176, iter:0, loss: 0.1219, lr: 0.0005049999999999987
2024-08-17 23:23:02 - train: epoch 176, iter:20, loss: 0.1439, lr: 0.0005049999999999987
2024-08-17 23:23:20 - train: epoch 176, iter:40, loss: 0.1432, lr: 0.0005049999999999987
2024-08-17 23:23:50 - val epoch: 176, loss: 0.3690
2024-08-17 23:23:51 - train: epoch 177, iter:0, loss: 0.1748, lr: 0.0005360813071670096
2024-08-17 23:24:09 - train: epoch 177, iter:20, loss: 0.1669, lr: 0.0005360813071670096
2024-08-17 23:24:27 - train: epoch 177, iter:40, loss: 0.1909, lr: 0.0005360813071670096
2024-08-17 23:24:57 - val epoch: 177, loss: 0.3336
2024-08-17 23:24:59 - train: epoch 178, iter:0, loss: 0.1686, lr: 0.0005670399506143308
2024-08-17 23:25:17 - train: epoch 178, iter:20, loss: 0.1800, lr: 0.0005670399506143308
2024-08-17 23:25:34 - train: epoch 178, iter:40, loss: 0.1825, lr: 0.0005670399506143308
2024-08-17 23:26:05 - val epoch: 178, loss: 0.3191
2024-08-17 23:26:06 - train: epoch 179, iter:0, loss: 0.2168, lr: 0.0005977537507199336
2024-08-17 23:26:24 - train: epoch 179, iter:20, loss: 0.1723, lr: 0.0005977537507199336
2024-08-17 23:26:42 - train: epoch 179, iter:40, loss: 0.1729, lr: 0.0005977537507199336
2024-08-17 23:27:12 - val epoch: 179, loss: 0.3521
2024-08-17 23:27:14 - train: epoch 180, iter:0, loss: 0.1737, lr: 0.0006281014941466028
2024-08-17 23:27:32 - train: epoch 180, iter:20, loss: 0.1732, lr: 0.0006281014941466028
2024-08-17 23:27:50 - train: epoch 180, iter:40, loss: 0.1847, lr: 0.0006281014941466028
2024-08-17 23:28:50 - val epoch: 180, loss: 0.3011, miou: 0.802505206342774, f1_or_dsc: 0.8904331632650666, accuracy: 0.9470985714751895,                 specificity: 0.967687543601099, sensitivity: 0.8831038160947078, confusion_matrix: [[38768947  1294550]
 [ 1506744 11382847]]
2024-08-17 23:28:52 - train: epoch 181, iter:0, loss: 0.1514, lr: 0.0006579634122155985
2024-08-17 23:29:10 - train: epoch 181, iter:20, loss: 0.1725, lr: 0.0006579634122155985
2024-08-17 23:29:28 - train: epoch 181, iter:40, loss: 0.1743, lr: 0.0006579634122155985
2024-08-17 23:29:58 - val epoch: 181, loss: 0.3332
2024-08-17 23:29:59 - train: epoch 182, iter:0, loss: 0.1885, lr: 0.000687221653578915
2024-08-17 23:30:17 - train: epoch 182, iter:20, loss: 0.1808, lr: 0.000687221653578915
2024-08-17 23:30:35 - train: epoch 182, iter:40, loss: 0.1881, lr: 0.000687221653578915
2024-08-17 23:31:05 - val epoch: 182, loss: 0.3071
2024-08-17 23:31:07 - train: epoch 183, iter:0, loss: 0.2109, lr: 0.0007157607493247102
2024-08-17 23:31:25 - train: epoch 183, iter:20, loss: 0.1696, lr: 0.0007157607493247102
2024-08-17 23:31:43 - train: epoch 183, iter:40, loss: 0.1643, lr: 0.0007157607493247102
2024-08-17 23:32:13 - val epoch: 183, loss: 0.3494
2024-08-17 23:32:15 - train: epoch 184, iter:0, loss: 0.1222, lr: 0.0007434680686803483
2024-08-17 23:32:32 - train: epoch 184, iter:20, loss: 0.1426, lr: 0.0007434680686803483
2024-08-17 23:32:50 - train: epoch 184, iter:40, loss: 0.1471, lr: 0.0007434680686803483
2024-08-17 23:33:20 - val epoch: 184, loss: 0.3104
2024-08-17 23:33:21 - train: epoch 185, iter:0, loss: 0.1290, lr: 0.0007702342635146025
2024-08-17 23:33:39 - train: epoch 185, iter:20, loss: 0.1692, lr: 0.0007702342635146025
2024-08-17 23:33:57 - train: epoch 185, iter:40, loss: 0.1715, lr: 0.0007702342635146025
2024-08-17 23:34:27 - val epoch: 185, loss: 0.3342
2024-08-17 23:34:28 - train: epoch 186, iter:0, loss: 0.1949, lr: 0.000795953699884774
2024-08-17 23:34:46 - train: epoch 186, iter:20, loss: 0.1767, lr: 0.000795953699884774
2024-08-17 23:35:04 - train: epoch 186, iter:40, loss: 0.1872, lr: 0.000795953699884774
2024-08-17 23:35:34 - val epoch: 186, loss: 0.4254
2024-08-17 23:35:35 - train: epoch 187, iter:0, loss: 0.2249, lr: 0.000820524874925601
2024-08-17 23:35:54 - train: epoch 187, iter:20, loss: 0.2148, lr: 0.000820524874925601
2024-08-17 23:36:12 - train: epoch 187, iter:40, loss: 0.2125, lr: 0.000820524874925601
2024-08-17 23:36:42 - val epoch: 187, loss: 0.3564
2024-08-17 23:36:43 - train: epoch 188, iter:0, loss: 0.2127, lr: 0.0008438508174347011
2024-08-17 23:37:02 - train: epoch 188, iter:20, loss: 0.1927, lr: 0.0008438508174347011
2024-08-17 23:37:21 - train: epoch 188, iter:40, loss: 0.1869, lr: 0.0008438508174347011
2024-08-17 23:37:52 - val epoch: 188, loss: 0.3475
2024-08-17 23:37:53 - train: epoch 189, iter:0, loss: 0.1941, lr: 0.0008658394705735988
2024-08-17 23:38:12 - train: epoch 189, iter:20, loss: 0.1792, lr: 0.0008658394705735988
2024-08-17 23:38:30 - train: epoch 189, iter:40, loss: 0.1818, lr: 0.0008658394705735988
2024-08-17 23:39:00 - val epoch: 189, loss: 0.3433
2024-08-17 23:39:02 - train: epoch 190, iter:0, loss: 0.1525, lr: 0.0008864040551740157
2024-08-17 23:39:19 - train: epoch 190, iter:20, loss: 0.1951, lr: 0.0008864040551740157
2024-08-17 23:39:37 - train: epoch 190, iter:40, loss: 0.1952, lr: 0.0008864040551740157
2024-08-17 23:40:07 - val epoch: 190, loss: 0.3294
2024-08-17 23:40:08 - train: epoch 191, iter:0, loss: 0.2969, lr: 0.0009054634122155989
2024-08-17 23:40:26 - train: epoch 191, iter:20, loss: 0.2075, lr: 0.0009054634122155989
2024-08-17 23:40:44 - train: epoch 191, iter:40, loss: 0.1966, lr: 0.0009054634122155989
2024-08-17 23:41:14 - val epoch: 191, loss: 0.3339
2024-08-17 23:41:15 - train: epoch 192, iter:0, loss: 0.1821, lr: 0.0009229423231234973
2024-08-17 23:41:33 - train: epoch 192, iter:20, loss: 0.1808, lr: 0.0009229423231234973
2024-08-17 23:41:51 - train: epoch 192, iter:40, loss: 0.1836, lr: 0.0009229423231234973
2024-08-17 23:42:22 - val epoch: 192, loss: 0.3562
2024-08-17 23:42:23 - train: epoch 193, iter:0, loss: 0.2802, lr: 0.0009387718066217124
2024-08-17 23:42:42 - train: epoch 193, iter:20, loss: 0.2645, lr: 0.0009387718066217124
2024-08-17 23:43:01 - train: epoch 193, iter:40, loss: 0.2362, lr: 0.0009387718066217124
2024-08-17 23:43:32 - val epoch: 193, loss: 0.3191
2024-08-17 23:43:33 - train: epoch 194, iter:0, loss: 0.3061, lr: 0.0009528893909706795
2024-08-17 23:43:52 - train: epoch 194, iter:20, loss: 0.2255, lr: 0.0009528893909706795
2024-08-17 23:44:10 - train: epoch 194, iter:40, loss: 0.2285, lr: 0.0009528893909706795
2024-08-17 23:44:41 - val epoch: 194, loss: 0.2998
2024-08-17 23:44:43 - train: epoch 195, iter:0, loss: 0.1596, lr: 0.0009652393605146845
2024-08-17 23:45:01 - train: epoch 195, iter:20, loss: 0.2086, lr: 0.0009652393605146845
2024-08-17 23:45:20 - train: epoch 195, iter:40, loss: 0.1942, lr: 0.0009652393605146845
2024-08-17 23:45:50 - val epoch: 195, loss: 0.2999
2024-08-17 23:45:52 - train: epoch 196, iter:0, loss: 0.1897, lr: 0.0009757729755661011
2024-08-17 23:46:10 - train: epoch 196, iter:20, loss: 0.1711, lr: 0.0009757729755661011
2024-08-17 23:46:29 - train: epoch 196, iter:40, loss: 0.1850, lr: 0.0009757729755661011
2024-08-17 23:46:59 - val epoch: 196, loss: 0.3244
2024-08-17 23:47:01 - train: epoch 197, iter:0, loss: 0.2324, lr: 0.0009844486647586726
2024-08-17 23:47:19 - train: epoch 197, iter:20, loss: 0.1755, lr: 0.0009844486647586726
2024-08-17 23:47:37 - train: epoch 197, iter:40, loss: 0.1854, lr: 0.0009844486647586726
2024-08-17 23:48:09 - val epoch: 197, loss: 0.2919
2024-08-17 23:48:10 - train: epoch 198, iter:0, loss: 0.1290, lr: 0.000991232189110701
2024-08-17 23:48:29 - train: epoch 198, iter:20, loss: 0.1651, lr: 0.000991232189110701
2024-08-17 23:48:47 - train: epoch 198, iter:40, loss: 0.1708, lr: 0.000991232189110701
2024-08-17 23:49:19 - val epoch: 198, loss: 0.3067
2024-08-17 23:49:20 - train: epoch 199, iter:0, loss: 0.1537, lr: 0.0009960967771506667
2024-08-17 23:49:39 - train: epoch 199, iter:20, loss: 0.1806, lr: 0.0009960967771506667
2024-08-17 23:49:57 - train: epoch 199, iter:40, loss: 0.1823, lr: 0.0009960967771506667
2024-08-17 23:50:28 - val epoch: 199, loss: 0.3509
2024-08-17 23:50:29 - train: epoch 200, iter:0, loss: 0.1535, lr: 0.0009990232305719944
2024-08-17 23:50:47 - train: epoch 200, iter:20, loss: 0.1741, lr: 0.0009990232305719944
2024-08-17 23:51:05 - train: epoch 200, iter:40, loss: 0.1784, lr: 0.0009990232305719944
2024-08-17 23:51:36 - val epoch: 200, loss: 0.3180
2024-08-17 23:51:38 - train: epoch 201, iter:0, loss: 0.1795, lr: 0.001
2024-08-17 23:51:56 - train: epoch 201, iter:20, loss: 0.1812, lr: 0.001
2024-08-17 23:52:15 - train: epoch 201, iter:40, loss: 0.1811, lr: 0.001
2024-08-17 23:52:45 - val epoch: 201, loss: 0.3196
2024-08-17 23:52:47 - train: epoch 202, iter:0, loss: 0.1611, lr: 0.0009990232305719946
2024-08-17 23:53:05 - train: epoch 202, iter:20, loss: 0.1865, lr: 0.0009990232305719946
2024-08-17 23:53:24 - train: epoch 202, iter:40, loss: 0.1864, lr: 0.0009990232305719946
2024-08-17 23:53:55 - val epoch: 202, loss: 0.3270
2024-08-17 23:53:57 - train: epoch 203, iter:0, loss: 0.1700, lr: 0.0009960967771506667
2024-08-17 23:54:14 - train: epoch 203, iter:20, loss: 0.1873, lr: 0.0009960967771506667
2024-08-17 23:54:32 - train: epoch 203, iter:40, loss: 0.1893, lr: 0.0009960967771506667
2024-08-17 23:55:02 - val epoch: 203, loss: 0.3462
2024-08-17 23:55:03 - train: epoch 204, iter:0, loss: 0.1451, lr: 0.000991232189110701
2024-08-17 23:55:21 - train: epoch 204, iter:20, loss: 0.2116, lr: 0.000991232189110701
2024-08-17 23:55:39 - train: epoch 204, iter:40, loss: 0.2051, lr: 0.000991232189110701
2024-08-17 23:56:09 - val epoch: 204, loss: 0.3730
2024-08-17 23:56:10 - train: epoch 205, iter:0, loss: 0.1663, lr: 0.0009844486647586723
2024-08-17 23:56:28 - train: epoch 205, iter:20, loss: 0.2303, lr: 0.0009844486647586723
2024-08-17 23:56:46 - train: epoch 205, iter:40, loss: 0.2177, lr: 0.0009844486647586723
2024-08-17 23:57:16 - val epoch: 205, loss: 0.3067
2024-08-17 23:57:18 - train: epoch 206, iter:0, loss: 0.1626, lr: 0.0009757729755661011
2024-08-17 23:57:36 - train: epoch 206, iter:20, loss: 0.1787, lr: 0.0009757729755661011
2024-08-17 23:57:54 - train: epoch 206, iter:40, loss: 0.1870, lr: 0.0009757729755661011
2024-08-17 23:58:24 - val epoch: 206, loss: 0.3003
2024-08-17 23:58:25 - train: epoch 207, iter:0, loss: 0.1618, lr: 0.0009652393605146846
2024-08-17 23:58:43 - train: epoch 207, iter:20, loss: 0.1864, lr: 0.0009652393605146846
2024-08-17 23:59:01 - train: epoch 207, iter:40, loss: 0.1879, lr: 0.0009652393605146846
2024-08-17 23:59:31 - val epoch: 207, loss: 0.3156
2024-08-17 23:59:33 - train: epoch 208, iter:0, loss: 0.1344, lr: 0.0009528893909706799
2024-08-17 23:59:50 - train: epoch 208, iter:20, loss: 0.1840, lr: 0.0009528893909706799
2024-08-18 00:00:08 - train: epoch 208, iter:40, loss: 0.1743, lr: 0.0009528893909706799
2024-08-18 00:00:38 - val epoch: 208, loss: 0.3184
2024-08-18 00:00:40 - train: epoch 209, iter:0, loss: 0.1651, lr: 0.0009387718066217124
2024-08-18 00:00:58 - train: epoch 209, iter:20, loss: 0.1941, lr: 0.0009387718066217124
2024-08-18 00:01:16 - train: epoch 209, iter:40, loss: 0.1943, lr: 0.0009387718066217124
2024-08-18 00:01:45 - val epoch: 209, loss: 0.3147
2024-08-18 00:01:46 - train: epoch 210, iter:0, loss: 0.1928, lr: 0.0009229423231234975
2024-08-18 00:02:04 - train: epoch 210, iter:20, loss: 0.1651, lr: 0.0009229423231234975
2024-08-18 00:02:22 - train: epoch 210, iter:40, loss: 0.1823, lr: 0.0009229423231234975
2024-08-18 00:03:22 - val epoch: 210, loss: 0.3290, miou: 0.7749904232841756, f1_or_dsc: 0.873233357338627, accuracy: 0.9394233439228322,                 specificity: 0.9658956381166627, sensitivity: 0.8571420148242097, confusion_matrix: [[38697157  1366340]
 [ 1841381 11048210]]
2024-08-18 00:03:24 - train: epoch 211, iter:0, loss: 0.1920, lr: 0.0009054634122155991
2024-08-18 00:03:42 - train: epoch 211, iter:20, loss: 0.1839, lr: 0.0009054634122155991
2024-08-18 00:04:00 - train: epoch 211, iter:40, loss: 0.1894, lr: 0.0009054634122155991
2024-08-18 00:04:31 - val epoch: 211, loss: 0.3205
2024-08-18 00:04:32 - train: epoch 212, iter:0, loss: 0.1305, lr: 0.000886404055174016
2024-08-18 00:04:50 - train: epoch 212, iter:20, loss: 0.1718, lr: 0.000886404055174016
2024-08-18 00:05:08 - train: epoch 212, iter:40, loss: 0.1776, lr: 0.000886404055174016
2024-08-18 00:05:38 - val epoch: 212, loss: 0.2961
2024-08-18 00:05:40 - train: epoch 213, iter:0, loss: 0.1380, lr: 0.0008658394705735985
2024-08-18 00:05:58 - train: epoch 213, iter:20, loss: 0.1674, lr: 0.0008658394705735985
2024-08-18 00:06:15 - train: epoch 213, iter:40, loss: 0.1665, lr: 0.0008658394705735985
2024-08-18 00:06:46 - val epoch: 213, loss: 0.2910
2024-08-18 00:06:47 - train: epoch 214, iter:0, loss: 0.1394, lr: 0.0008438508174347008
2024-08-18 00:07:05 - train: epoch 214, iter:20, loss: 0.1682, lr: 0.0008438508174347008
2024-08-18 00:07:24 - train: epoch 214, iter:40, loss: 0.1681, lr: 0.0008438508174347008
2024-08-18 00:07:54 - val epoch: 214, loss: 0.2965
2024-08-18 00:07:55 - train: epoch 215, iter:0, loss: 0.1313, lr: 0.0008205248749256014
2024-08-18 00:08:13 - train: epoch 215, iter:20, loss: 0.1604, lr: 0.0008205248749256014
2024-08-18 00:08:32 - train: epoch 215, iter:40, loss: 0.1636, lr: 0.0008205248749256014
2024-08-18 00:09:03 - val epoch: 215, loss: 0.3040
2024-08-18 00:09:04 - train: epoch 216, iter:0, loss: 0.1257, lr: 0.0007959536998847743
2024-08-18 00:09:22 - train: epoch 216, iter:20, loss: 0.1490, lr: 0.0007959536998847743
2024-08-18 00:09:40 - train: epoch 216, iter:40, loss: 0.1502, lr: 0.0007959536998847743
2024-08-18 00:10:10 - val epoch: 216, loss: 0.3010
2024-08-18 00:10:12 - train: epoch 217, iter:0, loss: 0.1855, lr: 0.0007702342635146037
2024-08-18 00:10:30 - train: epoch 217, iter:20, loss: 0.1685, lr: 0.0007702342635146037
2024-08-18 00:10:48 - train: epoch 217, iter:40, loss: 0.1584, lr: 0.0007702342635146037
2024-08-18 00:11:17 - val epoch: 217, loss: 0.2929
2024-08-18 00:11:19 - train: epoch 218, iter:0, loss: 0.1191, lr: 0.0007434680686803494
2024-08-18 00:11:37 - train: epoch 218, iter:20, loss: 0.1530, lr: 0.0007434680686803494
2024-08-18 00:11:55 - train: epoch 218, iter:40, loss: 0.1502, lr: 0.0007434680686803494
2024-08-18 00:12:25 - val epoch: 218, loss: 0.2920
2024-08-18 00:12:26 - train: epoch 219, iter:0, loss: 0.1506, lr: 0.0007157607493247116
2024-08-18 00:12:44 - train: epoch 219, iter:20, loss: 0.1766, lr: 0.0007157607493247116
2024-08-18 00:13:02 - train: epoch 219, iter:40, loss: 0.1652, lr: 0.0007157607493247116
2024-08-18 00:13:31 - val epoch: 219, loss: 0.2843
2024-08-18 00:13:33 - train: epoch 220, iter:0, loss: 0.1387, lr: 0.0006872216535789156
2024-08-18 00:13:51 - train: epoch 220, iter:20, loss: 0.1446, lr: 0.0006872216535789156
2024-08-18 00:14:09 - train: epoch 220, iter:40, loss: 0.1428, lr: 0.0006872216535789156
2024-08-18 00:14:39 - val epoch: 220, loss: 0.3313
2024-08-18 00:14:41 - train: epoch 221, iter:0, loss: 0.1575, lr: 0.0006579634122155991
2024-08-18 00:14:59 - train: epoch 221, iter:20, loss: 0.1483, lr: 0.0006579634122155991
2024-08-18 00:15:17 - train: epoch 221, iter:40, loss: 0.1526, lr: 0.0006579634122155991
2024-08-18 00:15:47 - val epoch: 221, loss: 0.3024
2024-08-18 00:15:48 - train: epoch 222, iter:0, loss: 0.1366, lr: 0.0006281014941466026
2024-08-18 00:16:06 - train: epoch 222, iter:20, loss: 0.1374, lr: 0.0006281014941466026
2024-08-18 00:16:24 - train: epoch 222, iter:40, loss: 0.1385, lr: 0.0006281014941466026
2024-08-18 00:16:54 - val epoch: 222, loss: 0.2941
2024-08-18 00:16:56 - train: epoch 223, iter:0, loss: 0.1390, lr: 0.0005977537507199333
2024-08-18 00:17:14 - train: epoch 223, iter:20, loss: 0.1405, lr: 0.0005977537507199333
2024-08-18 00:17:32 - train: epoch 223, iter:40, loss: 0.1404, lr: 0.0005977537507199333
2024-08-18 00:18:02 - val epoch: 223, loss: 0.2876
2024-08-18 00:18:04 - train: epoch 224, iter:0, loss: 0.1070, lr: 0.0005670399506143304
2024-08-18 00:18:22 - train: epoch 224, iter:20, loss: 0.1362, lr: 0.0005670399506143304
2024-08-18 00:18:41 - train: epoch 224, iter:40, loss: 0.1433, lr: 0.0005670399506143304
2024-08-18 00:19:11 - val epoch: 224, loss: 0.2903
2024-08-18 00:19:13 - train: epoch 225, iter:0, loss: 0.1316, lr: 0.00053608130716701
2024-08-18 00:19:31 - train: epoch 225, iter:20, loss: 0.1386, lr: 0.00053608130716701
2024-08-18 00:19:49 - train: epoch 225, iter:40, loss: 0.1388, lr: 0.00053608130716701
2024-08-18 00:20:19 - val epoch: 225, loss: 0.3067
2024-08-18 00:20:21 - train: epoch 226, iter:0, loss: 0.1570, lr: 0.0005050000000000001
2024-08-18 00:20:38 - train: epoch 226, iter:20, loss: 0.1364, lr: 0.0005050000000000001
2024-08-18 00:20:56 - train: epoch 226, iter:40, loss: 0.1396, lr: 0.0005050000000000001
2024-08-18 00:21:26 - val epoch: 226, loss: 0.3009
2024-08-18 00:21:28 - train: epoch 227, iter:0, loss: 0.1343, lr: 0.00047391869283299024
2024-08-18 00:21:46 - train: epoch 227, iter:20, loss: 0.1404, lr: 0.00047391869283299024
2024-08-18 00:22:04 - train: epoch 227, iter:40, loss: 0.1388, lr: 0.00047391869283299024
2024-08-18 00:22:34 - val epoch: 227, loss: 0.3136
2024-08-18 00:22:35 - train: epoch 228, iter:0, loss: 0.1255, lr: 0.00044296004938567
2024-08-18 00:22:53 - train: epoch 228, iter:20, loss: 0.1288, lr: 0.00044296004938567
2024-08-18 00:23:11 - train: epoch 228, iter:40, loss: 0.1332, lr: 0.00044296004938567
2024-08-18 00:23:41 - val epoch: 228, loss: 0.3036
2024-08-18 00:23:43 - train: epoch 229, iter:0, loss: 0.1197, lr: 0.00041224624928006703
2024-08-18 00:24:00 - train: epoch 229, iter:20, loss: 0.1311, lr: 0.00041224624928006703
2024-08-18 00:24:18 - train: epoch 229, iter:40, loss: 0.1335, lr: 0.00041224624928006703
2024-08-18 00:24:47 - val epoch: 229, loss: 0.3014
2024-08-18 00:24:49 - train: epoch 230, iter:0, loss: 0.1387, lr: 0.0003818985058533978
2024-08-18 00:25:07 - train: epoch 230, iter:20, loss: 0.1343, lr: 0.0003818985058533978
2024-08-18 00:25:25 - train: epoch 230, iter:40, loss: 0.1349, lr: 0.0003818985058533978
2024-08-18 00:25:55 - val epoch: 230, loss: 0.3034
2024-08-18 00:25:57 - train: epoch 231, iter:0, loss: 0.1325, lr: 0.0003520365877844004
2024-08-18 00:26:15 - train: epoch 231, iter:20, loss: 0.1279, lr: 0.0003520365877844004
2024-08-18 00:26:33 - train: epoch 231, iter:40, loss: 0.1304, lr: 0.0003520365877844004
2024-08-18 00:27:03 - val epoch: 231, loss: 0.2940
2024-08-18 00:27:04 - train: epoch 232, iter:0, loss: 0.1119, lr: 0.00032277834642108395
2024-08-18 00:27:22 - train: epoch 232, iter:20, loss: 0.1239, lr: 0.00032277834642108395
2024-08-18 00:27:40 - train: epoch 232, iter:40, loss: 0.1270, lr: 0.00032277834642108395
2024-08-18 00:28:10 - val epoch: 232, loss: 0.3121
2024-08-18 00:28:11 - train: epoch 233, iter:0, loss: 0.1716, lr: 0.0002942392506752888
2024-08-18 00:28:29 - train: epoch 233, iter:20, loss: 0.1274, lr: 0.0002942392506752888
2024-08-18 00:28:47 - train: epoch 233, iter:40, loss: 0.1271, lr: 0.0002942392506752888
2024-08-18 00:29:17 - val epoch: 233, loss: 0.3194
2024-08-18 00:29:19 - train: epoch 234, iter:0, loss: 0.1114, lr: 0.0002665319313196508
2024-08-18 00:29:36 - train: epoch 234, iter:20, loss: 0.1315, lr: 0.0002665319313196508
2024-08-18 00:29:54 - train: epoch 234, iter:40, loss: 0.1281, lr: 0.0002665319313196508
2024-08-18 00:30:24 - val epoch: 234, loss: 0.3100
2024-08-18 00:30:26 - train: epoch 235, iter:0, loss: 0.1085, lr: 0.0002397657364853967
2024-08-18 00:30:44 - train: epoch 235, iter:20, loss: 0.1261, lr: 0.0002397657364853967
2024-08-18 00:31:01 - train: epoch 235, iter:40, loss: 0.1255, lr: 0.0002397657364853967
2024-08-18 00:31:32 - val epoch: 235, loss: 0.3091
2024-08-18 00:31:33 - train: epoch 236, iter:0, loss: 0.1357, lr: 0.00021404630011522595
2024-08-18 00:31:51 - train: epoch 236, iter:20, loss: 0.1257, lr: 0.00021404630011522595
2024-08-18 00:32:09 - train: epoch 236, iter:40, loss: 0.1236, lr: 0.00021404630011522595
2024-08-18 00:32:39 - val epoch: 236, loss: 0.3091
2024-08-18 00:32:40 - train: epoch 237, iter:0, loss: 0.1682, lr: 0.0001894751250743989
2024-08-18 00:32:58 - train: epoch 237, iter:20, loss: 0.1271, lr: 0.0001894751250743989
2024-08-18 00:33:16 - train: epoch 237, iter:40, loss: 0.1228, lr: 0.0001894751250743989
2024-08-18 00:33:47 - val epoch: 237, loss: 0.3050
2024-08-18 00:33:48 - train: epoch 238, iter:0, loss: 0.1430, lr: 0.00016614918256529953
2024-08-18 00:34:06 - train: epoch 238, iter:20, loss: 0.1230, lr: 0.00016614918256529953
2024-08-18 00:34:24 - train: epoch 238, iter:40, loss: 0.1239, lr: 0.00016614918256529953
2024-08-18 00:34:55 - val epoch: 238, loss: 0.3187
2024-08-18 00:34:56 - train: epoch 239, iter:0, loss: 0.0947, lr: 0.0001441605294264018
2024-08-18 00:35:14 - train: epoch 239, iter:20, loss: 0.1239, lr: 0.0001441605294264018
2024-08-18 00:35:32 - train: epoch 239, iter:40, loss: 0.1218, lr: 0.0001441605294264018
2024-08-18 00:36:02 - val epoch: 239, loss: 0.3142
2024-08-18 00:36:03 - train: epoch 240, iter:0, loss: 0.1135, lr: 0.00012359594482598497
2024-08-18 00:36:21 - train: epoch 240, iter:20, loss: 0.1220, lr: 0.00012359594482598497
2024-08-18 00:36:38 - train: epoch 240, iter:40, loss: 0.1191, lr: 0.00012359594482598497
2024-08-18 00:37:38 - val epoch: 240, loss: 0.3097, miou: 0.8008301396298523, f1_or_dsc: 0.88940108454033, accuracy: 0.9458126596885152,                 specificity: 0.9621315633031235, sensitivity: 0.895090154528565, confusion_matrix: [[38546355  1517142]
 [ 1352245 11537346]]
2024-08-18 00:37:40 - train: epoch 241, iter:0, loss: 0.1020, lr: 0.00010453658778440172
2024-08-18 00:37:57 - train: epoch 241, iter:20, loss: 0.1248, lr: 0.00010453658778440172
2024-08-18 00:38:15 - train: epoch 241, iter:40, loss: 0.1239, lr: 0.00010453658778440172
2024-08-18 00:38:45 - val epoch: 241, loss: 0.3086
2024-08-18 00:38:46 - train: epoch 242, iter:0, loss: 0.1374, lr: 8.705767687650232e-05
2024-08-18 00:39:04 - train: epoch 242, iter:20, loss: 0.1193, lr: 8.705767687650232e-05
2024-08-18 00:39:22 - train: epoch 242, iter:40, loss: 0.1185, lr: 8.705767687650232e-05
2024-08-18 00:39:52 - val epoch: 242, loss: 0.3149
2024-08-18 00:39:53 - train: epoch 243, iter:0, loss: 0.1242, lr: 7.122819337828741e-05
2024-08-18 00:40:11 - train: epoch 243, iter:20, loss: 0.1248, lr: 7.122819337828741e-05
2024-08-18 00:40:29 - train: epoch 243, iter:40, loss: 0.1218, lr: 7.122819337828741e-05
2024-08-18 00:41:00 - val epoch: 243, loss: 0.3126
2024-08-18 00:41:01 - train: epoch 244, iter:0, loss: 0.1094, lr: 5.711060902932031e-05
2024-08-18 00:41:20 - train: epoch 244, iter:20, loss: 0.1190, lr: 5.711060902932031e-05
2024-08-18 00:41:38 - train: epoch 244, iter:40, loss: 0.1170, lr: 5.711060902932031e-05
2024-08-18 00:42:09 - val epoch: 244, loss: 0.3112
2024-08-18 00:42:10 - train: epoch 245, iter:0, loss: 0.1542, lr: 4.4760639485315584e-05
2024-08-18 00:42:28 - train: epoch 245, iter:20, loss: 0.1191, lr: 4.4760639485315584e-05
2024-08-18 00:42:47 - train: epoch 245, iter:40, loss: 0.1207, lr: 4.4760639485315584e-05
2024-08-18 00:43:18 - val epoch: 245, loss: 0.3102
2024-08-18 00:43:19 - train: epoch 246, iter:0, loss: 0.1192, lr: 3.422702443389906e-05
2024-08-18 00:43:37 - train: epoch 246, iter:20, loss: 0.1174, lr: 3.422702443389906e-05
2024-08-18 00:43:55 - train: epoch 246, iter:40, loss: 0.1184, lr: 3.422702443389906e-05
2024-08-18 00:44:25 - val epoch: 246, loss: 0.3123
2024-08-18 00:44:26 - train: epoch 247, iter:0, loss: 0.1369, lr: 2.5551335241327733e-05
2024-08-18 00:44:44 - train: epoch 247, iter:20, loss: 0.1219, lr: 2.5551335241327733e-05
2024-08-18 00:45:02 - train: epoch 247, iter:40, loss: 0.1191, lr: 2.5551335241327733e-05
2024-08-18 00:45:32 - val epoch: 247, loss: 0.3131
2024-08-18 00:45:34 - train: epoch 248, iter:0, loss: 0.1126, lr: 1.8767810889299255e-05
2024-08-18 00:45:52 - train: epoch 248, iter:20, loss: 0.1104, lr: 1.8767810889299255e-05
2024-08-18 00:46:10 - train: epoch 248, iter:40, loss: 0.1154, lr: 1.8767810889299255e-05
2024-08-18 00:46:40 - val epoch: 248, loss: 0.3141
2024-08-18 00:46:41 - train: epoch 249, iter:0, loss: 0.1035, lr: 1.3903222849333564e-05
2024-08-18 00:46:59 - train: epoch 249, iter:20, loss: 0.1156, lr: 1.3903222849333564e-05
2024-08-18 00:47:17 - train: epoch 249, iter:40, loss: 0.1166, lr: 1.3903222849333564e-05
2024-08-18 00:47:47 - val epoch: 249, loss: 0.3152
2024-08-18 00:47:49 - train: epoch 250, iter:0, loss: 0.1040, lr: 1.0976769428005635e-05
2024-08-18 00:48:07 - train: epoch 250, iter:20, loss: 0.1177, lr: 1.0976769428005635e-05
2024-08-18 00:48:24 - train: epoch 250, iter:40, loss: 0.1189, lr: 1.0976769428005635e-05
2024-08-18 00:48:55 - val epoch: 250, loss: 0.3129
2024-08-18 00:48:56 - train: epoch 251, iter:0, loss: 0.0995, lr: 1e-05
2024-08-18 00:49:14 - train: epoch 251, iter:20, loss: 0.1147, lr: 1e-05
2024-08-18 00:49:32 - train: epoch 251, iter:40, loss: 0.1181, lr: 1e-05
2024-08-18 00:50:03 - val epoch: 251, loss: 0.3119
2024-08-18 00:50:04 - train: epoch 252, iter:0, loss: 0.1421, lr: 1.0976769428005579e-05
2024-08-18 00:50:22 - train: epoch 252, iter:20, loss: 0.1208, lr: 1.0976769428005579e-05
2024-08-18 00:50:40 - train: epoch 252, iter:40, loss: 0.1192, lr: 1.0976769428005579e-05
2024-08-18 00:51:10 - val epoch: 252, loss: 0.3115
2024-08-18 00:51:11 - train: epoch 253, iter:0, loss: 0.1142, lr: 1.3903222849333505e-05
2024-08-18 00:51:29 - train: epoch 253, iter:20, loss: 0.1166, lr: 1.3903222849333505e-05
2024-08-18 00:51:47 - train: epoch 253, iter:40, loss: 0.1160, lr: 1.3903222849333505e-05
2024-08-18 00:52:16 - val epoch: 253, loss: 0.3110
2024-08-18 00:52:18 - train: epoch 254, iter:0, loss: 0.1400, lr: 1.8767810889299133e-05
2024-08-18 00:52:36 - train: epoch 254, iter:20, loss: 0.1147, lr: 1.8767810889299133e-05
2024-08-18 00:52:53 - train: epoch 254, iter:40, loss: 0.1180, lr: 1.8767810889299133e-05
2024-08-18 00:53:23 - val epoch: 254, loss: 0.3100
2024-08-18 00:53:24 - train: epoch 255, iter:0, loss: 0.0960, lr: 2.555133524132755e-05
2024-08-18 00:53:42 - train: epoch 255, iter:20, loss: 0.1155, lr: 2.555133524132755e-05
2024-08-18 00:54:00 - train: epoch 255, iter:40, loss: 0.1142, lr: 2.555133524132755e-05
2024-08-18 00:54:30 - val epoch: 255, loss: 0.3142
2024-08-18 00:54:32 - train: epoch 256, iter:0, loss: 0.1517, lr: 3.422702443389915e-05
2024-08-18 00:54:50 - train: epoch 256, iter:20, loss: 0.1156, lr: 3.422702443389915e-05
2024-08-18 00:55:07 - train: epoch 256, iter:40, loss: 0.1159, lr: 3.422702443389915e-05
2024-08-18 00:55:37 - val epoch: 256, loss: 0.3129
2024-08-18 00:55:39 - train: epoch 257, iter:0, loss: 0.1521, lr: 4.4760639485315665e-05
2024-08-18 00:55:57 - train: epoch 257, iter:20, loss: 0.1189, lr: 4.4760639485315665e-05
2024-08-18 00:56:15 - train: epoch 257, iter:40, loss: 0.1153, lr: 4.4760639485315665e-05
2024-08-18 00:56:45 - val epoch: 257, loss: 0.3135
2024-08-18 00:56:46 - train: epoch 258, iter:0, loss: 0.1303, lr: 5.7110609029320384e-05
2024-08-18 00:57:04 - train: epoch 258, iter:20, loss: 0.1189, lr: 5.7110609029320384e-05
2024-08-18 00:57:22 - train: epoch 258, iter:40, loss: 0.1186, lr: 5.7110609029320384e-05
2024-08-18 00:57:52 - val epoch: 258, loss: 0.3127
2024-08-18 00:57:54 - train: epoch 259, iter:0, loss: 0.1047, lr: 7.122819337828748e-05
2024-08-18 00:58:12 - train: epoch 259, iter:20, loss: 0.1168, lr: 7.122819337828748e-05
2024-08-18 00:58:29 - train: epoch 259, iter:40, loss: 0.1166, lr: 7.122819337828748e-05
2024-08-18 00:58:59 - val epoch: 259, loss: 0.3134
2024-08-18 00:59:01 - train: epoch 260, iter:0, loss: 0.1292, lr: 8.705767687650243e-05
2024-08-18 00:59:19 - train: epoch 260, iter:20, loss: 0.1178, lr: 8.705767687650243e-05
2024-08-18 00:59:37 - train: epoch 260, iter:40, loss: 0.1172, lr: 8.705767687650243e-05
2024-08-18 01:00:08 - val epoch: 260, loss: 0.3193
2024-08-18 01:00:09 - train: epoch 261, iter:0, loss: 0.1088, lr: 0.00010453658778440077
2024-08-18 01:00:27 - train: epoch 261, iter:20, loss: 0.1139, lr: 0.00010453658778440077
2024-08-18 01:00:45 - train: epoch 261, iter:40, loss: 0.1156, lr: 0.00010453658778440077
2024-08-18 01:01:15 - val epoch: 261, loss: 0.3156
2024-08-18 01:01:17 - train: epoch 262, iter:0, loss: 0.1361, lr: 0.00012359594482598391
2024-08-18 01:01:35 - train: epoch 262, iter:20, loss: 0.1215, lr: 0.00012359594482598391
2024-08-18 01:01:52 - train: epoch 262, iter:40, loss: 0.1199, lr: 0.00012359594482598391
2024-08-18 01:02:23 - val epoch: 262, loss: 0.3106
2024-08-18 01:02:24 - train: epoch 263, iter:0, loss: 0.1003, lr: 0.00014416052942640075
2024-08-18 01:02:42 - train: epoch 263, iter:20, loss: 0.1164, lr: 0.00014416052942640075
2024-08-18 01:03:00 - train: epoch 263, iter:40, loss: 0.1170, lr: 0.00014416052942640075
2024-08-18 01:03:31 - val epoch: 263, loss: 0.3194
2024-08-18 01:03:32 - train: epoch 264, iter:0, loss: 0.1036, lr: 0.00016614918256529967
2024-08-18 01:03:50 - train: epoch 264, iter:20, loss: 0.1217, lr: 0.00016614918256529967
2024-08-18 01:04:08 - train: epoch 264, iter:40, loss: 0.1172, lr: 0.00016614918256529967
2024-08-18 01:04:39 - val epoch: 264, loss: 0.3101
2024-08-18 01:04:40 - train: epoch 265, iter:0, loss: 0.1074, lr: 0.00018947512507439904
2024-08-18 01:04:58 - train: epoch 265, iter:20, loss: 0.1141, lr: 0.00018947512507439904
2024-08-18 01:05:16 - train: epoch 265, iter:40, loss: 0.1135, lr: 0.00018947512507439904
2024-08-18 01:05:46 - val epoch: 265, loss: 0.3093
2024-08-18 01:05:48 - train: epoch 266, iter:0, loss: 0.1129, lr: 0.00021404630011522606
2024-08-18 01:06:06 - train: epoch 266, iter:20, loss: 0.1237, lr: 0.00021404630011522606
2024-08-18 01:06:24 - train: epoch 266, iter:40, loss: 0.1209, lr: 0.00021404630011522606
2024-08-18 01:06:55 - val epoch: 266, loss: 0.3099
2024-08-18 01:06:56 - train: epoch 267, iter:0, loss: 0.0970, lr: 0.00023976573648539678
2024-08-18 01:07:15 - train: epoch 267, iter:20, loss: 0.1134, lr: 0.00023976573648539678
2024-08-18 01:07:33 - train: epoch 267, iter:40, loss: 0.1172, lr: 0.00023976573648539678
2024-08-18 01:08:04 - val epoch: 267, loss: 0.3252
2024-08-18 01:08:06 - train: epoch 268, iter:0, loss: 0.1240, lr: 0.0002665319313196509
2024-08-18 01:08:25 - train: epoch 268, iter:20, loss: 0.1184, lr: 0.0002665319313196509
2024-08-18 01:08:43 - train: epoch 268, iter:40, loss: 0.1175, lr: 0.0002665319313196509
2024-08-18 01:09:15 - val epoch: 268, loss: 0.3200
2024-08-18 01:09:16 - train: epoch 269, iter:0, loss: 0.1138, lr: 0.0002942392506752888
2024-08-18 01:09:35 - train: epoch 269, iter:20, loss: 0.1204, lr: 0.0002942392506752888
2024-08-18 01:09:53 - train: epoch 269, iter:40, loss: 0.1203, lr: 0.0002942392506752888
2024-08-18 01:10:24 - val epoch: 269, loss: 0.3287
2024-08-18 01:10:26 - train: epoch 270, iter:0, loss: 0.1283, lr: 0.000322778346421084
2024-08-18 01:10:44 - train: epoch 270, iter:20, loss: 0.1161, lr: 0.000322778346421084
2024-08-18 01:11:02 - train: epoch 270, iter:40, loss: 0.1211, lr: 0.000322778346421084
2024-08-18 01:12:05 - val epoch: 270, loss: 0.3144, miou: 0.793605450461676, f1_or_dsc: 0.8849275633695259, accuracy: 0.9418803300007735,                 specificity: 0.949536781574509, sensitivity: 0.9180825054883432, confusion_matrix: [[38041764  2021733]
 [ 1055883 11833708]]
2024-08-18 01:12:06 - train: epoch 271, iter:0, loss: 0.1459, lr: 0.00035203658778440043
2024-08-18 01:12:24 - train: epoch 271, iter:20, loss: 0.1249, lr: 0.00035203658778440043
2024-08-18 01:12:43 - train: epoch 271, iter:40, loss: 0.1242, lr: 0.00035203658778440043
2024-08-18 01:13:14 - val epoch: 271, loss: 0.3204
2024-08-18 01:13:15 - train: epoch 272, iter:0, loss: 0.1245, lr: 0.0003818985058533961
2024-08-18 01:13:33 - train: epoch 272, iter:20, loss: 0.1296, lr: 0.0003818985058533961
2024-08-18 01:13:51 - train: epoch 272, iter:40, loss: 0.1300, lr: 0.0003818985058533961
2024-08-18 01:14:22 - val epoch: 272, loss: 0.3475
2024-08-18 01:14:23 - train: epoch 273, iter:0, loss: 0.1355, lr: 0.00041224624928006703
2024-08-18 01:14:41 - train: epoch 273, iter:20, loss: 0.1277, lr: 0.00041224624928006703
2024-08-18 01:14:59 - train: epoch 273, iter:40, loss: 0.1329, lr: 0.00041224624928006703
2024-08-18 01:15:29 - val epoch: 273, loss: 0.3191
2024-08-18 01:15:31 - train: epoch 274, iter:0, loss: 0.1163, lr: 0.00044296004938566987
2024-08-18 01:15:49 - train: epoch 274, iter:20, loss: 0.1220, lr: 0.00044296004938566987
2024-08-18 01:16:07 - train: epoch 274, iter:40, loss: 0.1266, lr: 0.00044296004938566987
2024-08-18 01:16:37 - val epoch: 274, loss: 0.3168
2024-08-18 01:16:38 - train: epoch 275, iter:0, loss: 0.1209, lr: 0.0004739186928329902
2024-08-18 01:16:56 - train: epoch 275, iter:20, loss: 0.1243, lr: 0.0004739186928329902
2024-08-18 01:17:14 - train: epoch 275, iter:40, loss: 0.1286, lr: 0.0004739186928329902
2024-08-18 01:17:44 - val epoch: 275, loss: 0.3472
2024-08-18 01:17:46 - train: epoch 276, iter:0, loss: 0.1419, lr: 0.000505
2024-08-18 01:18:03 - train: epoch 276, iter:20, loss: 0.1304, lr: 0.000505
2024-08-18 01:18:21 - train: epoch 276, iter:40, loss: 0.1326, lr: 0.000505
2024-08-18 01:18:52 - val epoch: 276, loss: 0.3434
2024-08-18 01:18:53 - train: epoch 277, iter:0, loss: 0.1193, lr: 0.0005360813071670099
2024-08-18 01:19:11 - train: epoch 277, iter:20, loss: 0.1352, lr: 0.0005360813071670099
2024-08-18 01:19:29 - train: epoch 277, iter:40, loss: 0.1315, lr: 0.0005360813071670099
2024-08-18 01:19:59 - val epoch: 277, loss: 0.3318
2024-08-18 01:20:01 - train: epoch 278, iter:0, loss: 0.1295, lr: 0.0005670399506143303
2024-08-18 01:20:20 - train: epoch 278, iter:20, loss: 0.1296, lr: 0.0005670399506143303
2024-08-18 01:20:38 - train: epoch 278, iter:40, loss: 0.1297, lr: 0.0005670399506143303
2024-08-18 01:21:10 - val epoch: 278, loss: 0.3199
2024-08-18 01:21:11 - train: epoch 279, iter:0, loss: 0.1050, lr: 0.0005977537507199331
2024-08-18 01:21:30 - train: epoch 279, iter:20, loss: 0.1278, lr: 0.0005977537507199331
2024-08-18 01:21:48 - train: epoch 279, iter:40, loss: 0.1301, lr: 0.0005977537507199331
2024-08-18 01:22:19 - val epoch: 279, loss: 0.3015
2024-08-18 01:22:20 - train: epoch 280, iter:0, loss: 0.1184, lr: 0.0006281014941466024
2024-08-18 01:22:38 - train: epoch 280, iter:20, loss: 0.1259, lr: 0.0006281014941466024
2024-08-18 01:22:57 - train: epoch 280, iter:40, loss: 0.1325, lr: 0.0006281014941466024
2024-08-18 01:23:28 - val epoch: 280, loss: 0.3163
2024-08-18 01:23:30 - train: epoch 281, iter:0, loss: 0.1733, lr: 0.000657963412215598
2024-08-18 01:23:49 - train: epoch 281, iter:20, loss: 0.1536, lr: 0.000657963412215598
2024-08-18 01:24:07 - train: epoch 281, iter:40, loss: 0.1475, lr: 0.000657963412215598
2024-08-18 01:24:38 - val epoch: 281, loss: 0.3073
2024-08-18 01:24:39 - train: epoch 282, iter:0, loss: 0.1555, lr: 0.0006872216535789145
2024-08-18 01:24:58 - train: epoch 282, iter:20, loss: 0.1625, lr: 0.0006872216535789145
2024-08-18 01:25:16 - train: epoch 282, iter:40, loss: 0.1676, lr: 0.0006872216535789145
2024-08-18 01:25:46 - val epoch: 282, loss: 0.3299
2024-08-18 01:25:48 - train: epoch 283, iter:0, loss: 0.1339, lr: 0.0007157607493247098
2024-08-18 01:26:06 - train: epoch 283, iter:20, loss: 0.1614, lr: 0.0007157607493247098
2024-08-18 01:26:24 - train: epoch 283, iter:40, loss: 0.1648, lr: 0.0007157607493247098
2024-08-18 01:26:55 - val epoch: 283, loss: 0.3962
2024-08-18 01:26:57 - train: epoch 284, iter:0, loss: 0.3197, lr: 0.0007434680686803492
2024-08-18 01:27:15 - train: epoch 284, iter:20, loss: 0.2116, lr: 0.0007434680686803492
2024-08-18 01:27:33 - train: epoch 284, iter:40, loss: 0.2171, lr: 0.0007434680686803492
2024-08-18 01:28:04 - val epoch: 284, loss: 0.3819
2024-08-18 01:28:06 - train: epoch 285, iter:0, loss: 0.1786, lr: 0.0007702342635146034
2024-08-18 01:28:24 - train: epoch 285, iter:20, loss: 0.2110, lr: 0.0007702342635146034
2024-08-18 01:28:42 - train: epoch 285, iter:40, loss: 0.2055, lr: 0.0007702342635146034
2024-08-18 01:29:13 - val epoch: 285, loss: 0.3111
2024-08-18 01:29:14 - train: epoch 286, iter:0, loss: 0.4018, lr: 0.0007959536998847742
2024-08-18 01:29:32 - train: epoch 286, iter:20, loss: 0.1914, lr: 0.0007959536998847742
2024-08-18 01:29:51 - train: epoch 286, iter:40, loss: 0.1862, lr: 0.0007959536998847742
2024-08-18 01:30:21 - val epoch: 286, loss: 0.3353
2024-08-18 01:30:23 - train: epoch 287, iter:0, loss: 0.1773, lr: 0.0008205248749256013
2024-08-18 01:30:41 - train: epoch 287, iter:20, loss: 0.1795, lr: 0.0008205248749256013
2024-08-18 01:30:59 - train: epoch 287, iter:40, loss: 0.1828, lr: 0.0008205248749256013
2024-08-18 01:31:29 - val epoch: 287, loss: 0.3285
2024-08-18 01:31:31 - train: epoch 288, iter:0, loss: 0.1724, lr: 0.0008438508174347006
2024-08-18 01:31:49 - train: epoch 288, iter:20, loss: 0.1850, lr: 0.0008438508174347006
2024-08-18 01:32:07 - train: epoch 288, iter:40, loss: 0.1794, lr: 0.0008438508174347006
2024-08-18 01:32:37 - val epoch: 288, loss: 0.3734
2024-08-18 01:32:38 - train: epoch 289, iter:0, loss: 0.1421, lr: 0.0008658394705735983
2024-08-18 01:32:56 - train: epoch 289, iter:20, loss: 0.1565, lr: 0.0008658394705735983
2024-08-18 01:33:14 - train: epoch 289, iter:40, loss: 0.1562, lr: 0.0008658394705735983
2024-08-18 01:33:44 - val epoch: 289, loss: 0.3552
2024-08-18 01:33:46 - train: epoch 290, iter:0, loss: 0.1308, lr: 0.0008864040551740151
2024-08-18 01:34:04 - train: epoch 290, iter:20, loss: 0.1841, lr: 0.0008864040551740151
2024-08-18 01:34:21 - train: epoch 290, iter:40, loss: 0.2013, lr: 0.0008864040551740151
2024-08-18 01:34:51 - val epoch: 290, loss: 0.3398
2024-08-18 01:34:52 - train: epoch 291, iter:0, loss: 0.2067, lr: 0.0009054634122155984
2024-08-18 01:35:10 - train: epoch 291, iter:20, loss: 0.2673, lr: 0.0009054634122155984
2024-08-18 01:35:28 - train: epoch 291, iter:40, loss: 0.2534, lr: 0.0009054634122155984
2024-08-18 01:35:58 - val epoch: 291, loss: 0.3207
2024-08-18 01:36:00 - train: epoch 292, iter:0, loss: 0.2480, lr: 0.0009229423231234968
2024-08-18 01:36:18 - train: epoch 292, iter:20, loss: 0.1881, lr: 0.0009229423231234968
2024-08-18 01:36:36 - train: epoch 292, iter:40, loss: 0.1944, lr: 0.0009229423231234968
2024-08-18 01:37:06 - val epoch: 292, loss: 0.3407
2024-08-18 01:37:08 - train: epoch 293, iter:0, loss: 0.2185, lr: 0.0009387718066217118
2024-08-18 01:37:26 - train: epoch 293, iter:20, loss: 0.1685, lr: 0.0009387718066217118
2024-08-18 01:37:44 - train: epoch 293, iter:40, loss: 0.1712, lr: 0.0009387718066217118
2024-08-18 01:38:15 - val epoch: 293, loss: 0.3289
2024-08-18 01:38:16 - train: epoch 294, iter:0, loss: 0.1572, lr: 0.000952889390970679
2024-08-18 01:38:34 - train: epoch 294, iter:20, loss: 0.1722, lr: 0.000952889390970679
2024-08-18 01:38:52 - train: epoch 294, iter:40, loss: 0.1645, lr: 0.000952889390970679
2024-08-18 01:39:22 - val epoch: 294, loss: 0.3084
2024-08-18 01:39:24 - train: epoch 295, iter:0, loss: 0.1372, lr: 0.0009652393605146844
2024-08-18 01:39:42 - train: epoch 295, iter:20, loss: 0.1610, lr: 0.0009652393605146844
2024-08-18 01:39:59 - train: epoch 295, iter:40, loss: 0.1594, lr: 0.0009652393605146844
2024-08-18 01:40:30 - val epoch: 295, loss: 0.2871
2024-08-18 01:40:31 - train: epoch 296, iter:0, loss: 0.1691, lr: 0.000975772975566101
2024-08-18 01:40:49 - train: epoch 296, iter:20, loss: 0.1588, lr: 0.000975772975566101
2024-08-18 01:41:07 - train: epoch 296, iter:40, loss: 0.1563, lr: 0.000975772975566101
2024-08-18 01:41:38 - val epoch: 296, loss: 0.3256
2024-08-18 01:41:39 - train: epoch 297, iter:0, loss: 0.2014, lr: 0.0009844486647586721
2024-08-18 01:41:57 - train: epoch 297, iter:20, loss: 0.1573, lr: 0.0009844486647586721
2024-08-18 01:42:15 - train: epoch 297, iter:40, loss: 0.1599, lr: 0.0009844486647586721
2024-08-18 01:42:45 - val epoch: 297, loss: 0.3061
2024-08-18 01:42:47 - train: epoch 298, iter:0, loss: 0.1821, lr: 0.0009912321891107007
2024-08-18 01:43:05 - train: epoch 298, iter:20, loss: 0.1589, lr: 0.0009912321891107007
2024-08-18 01:43:23 - train: epoch 298, iter:40, loss: 0.1558, lr: 0.0009912321891107007
2024-08-18 01:43:53 - val epoch: 298, loss: 0.3664
2024-08-18 01:43:55 - train: epoch 299, iter:0, loss: 0.1907, lr: 0.0009960967771506662
2024-08-18 01:44:13 - train: epoch 299, iter:20, loss: 0.1632, lr: 0.0009960967771506662
2024-08-18 01:44:31 - train: epoch 299, iter:40, loss: 0.1624, lr: 0.0009960967771506662
2024-08-18 01:45:01 - val epoch: 299, loss: 0.2937
2024-08-18 01:45:03 - train: epoch 300, iter:0, loss: 0.1655, lr: 0.000999023230571994
2024-08-18 01:45:21 - train: epoch 300, iter:20, loss: 0.1609, lr: 0.000999023230571994
2024-08-18 01:45:39 - train: epoch 300, iter:40, loss: 0.1585, lr: 0.000999023230571994
2024-08-18 01:46:39 - val epoch: 300, loss: 0.3056, miou: 0.7996690239076842, f1_or_dsc: 0.8886845450852234, accuracy: 0.9462475540614365,                 specificity: 0.9670850999352353, sensitivity: 0.8814801804029313, confusion_matrix: [[38744811  1318686]
 [ 1527672 11361919]]
2024-08-18 01:47:32 - test of best model, loss: 0.2843,miou: 0.80510843493921, f1_or_dsc: 0.8920333198335793, accuracy: 0.9469772565482867,                 specificity: 0.9621357566465054, sensitivity: 0.8998615239226753, confusion_matrix: [[38546523  1516974]
 [ 1290744 11598847]]
