2024-10-13 00:26:49 - #----------Config info----------#
2024-10-13 00:26:49 - network: vmunet,
2024-10-13 00:26:49 - model_config: {'num_classes': 9, 'input_channels': 3, 'depths': [2, 2, 2, 2], 'depths_decoder': [2, 2, 2, 1], 'drop_path_rate': 0.2, 'load_ckpt_path': '/root/autodl-tmp/Medical_Project/data/pre_trained_weights/vmamba_small_e238_ema.pth'},
2024-10-13 00:26:49 - datasets_name: synapse,
2024-10-13 00:26:49 - input_size_h: 224,
2024-10-13 00:26:49 - input_size_w: 224,
2024-10-13 00:26:49 - data_path: /root/autodl-tmp/Medical_Project/data/synapse/project_TransUNet/data/Synapse/train_npz,
2024-10-13 00:26:49 - datasets: <class 'datasets.dataset.Synapse_dataset'>,
2024-10-13 00:26:49 - list_dir: /root/autodl-tmp/Medical_Project/data/synapse/project_TransUNet/TransUNet/lists/lists_Synapse,
2024-10-13 00:26:49 - volume_path: /root/autodl-tmp/Medical_Project/data/synapse/project_TransUNet/data/Synapse/test_vol_h5,
2024-10-13 00:26:49 - pretrained_path: ,
2024-10-13 00:26:49 - num_classes: 9,
2024-10-13 00:26:49 - loss_weight: [1, 1],
2024-10-13 00:26:49 - criterion: CeDiceLoss(
  (celoss): CrossEntropyLoss()
  (diceloss): nDiceLoss()
),
2024-10-13 00:26:49 - z_spacing: 1,
2024-10-13 00:26:49 - input_channels: 3,
2024-10-13 00:26:49 - distributed: False,
2024-10-13 00:26:49 - local_rank: -1,
2024-10-13 00:26:49 - num_workers: 0,
2024-10-13 00:26:49 - seed: 2222,
2024-10-13 00:26:49 - world_size: None,
2024-10-13 00:26:49 - rank: None,
2024-10-13 00:26:49 - amp: False,
2024-10-13 00:26:49 - batch_size: 32,
2024-10-13 00:26:49 - epochs: 200,
2024-10-13 00:26:49 - work_dir: results/vmunet_synapse_Sunday_13_October_2024_00h_26m_49s/,
2024-10-13 00:26:49 - print_interval: 20,
2024-10-13 00:26:49 - val_interval: 10,
2024-10-13 00:26:49 - test_weights_path: ,
2024-10-13 00:26:49 - threshold: 0.5,
2024-10-13 00:26:49 - opt: AdamW,
2024-10-13 00:26:49 - lr: 0.001,
2024-10-13 00:26:49 - betas: (0.9, 0.999),
2024-10-13 00:26:49 - eps: 1e-08,
2024-10-13 00:26:49 - weight_decay: 0.01,
2024-10-13 00:26:49 - amsgrad: False,
2024-10-13 00:26:49 - sch: CosineAnnealingLR,
2024-10-13 00:26:49 - T_max: 100,
2024-10-13 00:26:49 - eta_min: 1e-05,
2024-10-13 00:26:49 - last_epoch: -1,
2024-10-13 00:26:52 - train: epoch 1, iter:0, loss: 3.0623, lr: 0.001
2024-10-13 00:27:19 - train: epoch 1, iter:20, loss: 0.8987, lr: 0.001
2024-10-13 00:27:46 - train: epoch 1, iter:40, loss: 0.7542, lr: 0.001
2024-10-13 00:28:14 - train: epoch 1, iter:60, loss: 0.6784, lr: 0.001
2024-10-13 00:28:26 - Finish one epoch train: epoch 1, loss: 0.9082, time(s): 95.04
2024-10-13 00:28:28 - train: epoch 2, iter:0, loss: 0.6526, lr: 0.0009997557473810372
2024-10-13 00:28:53 - train: epoch 2, iter:20, loss: 0.4359, lr: 0.0009997557473810372
2024-10-13 00:29:20 - train: epoch 2, iter:40, loss: 0.5451, lr: 0.0009997557473810372
2024-10-13 00:29:44 - train: epoch 2, iter:60, loss: 0.3381, lr: 0.0009997557473810372
2024-10-13 00:29:54 - Finish one epoch train: epoch 2, loss: 0.5029, time(s): 87.06
2024-10-13 00:29:56 - train: epoch 3, iter:0, loss: 0.4051, lr: 0.0009990232305719946
2024-10-13 00:30:19 - train: epoch 3, iter:20, loss: 0.3693, lr: 0.0009990232305719946
2024-10-13 00:30:42 - train: epoch 3, iter:40, loss: 0.2952, lr: 0.0009990232305719946
2024-10-13 00:31:05 - train: epoch 3, iter:60, loss: 0.3404, lr: 0.0009990232305719946
2024-10-13 00:31:15 - Finish one epoch train: epoch 3, loss: 0.3636, time(s): 80.24
2024-10-13 00:31:17 - train: epoch 4, iter:0, loss: 0.3529, lr: 0.0009978031724785247
2024-10-13 00:31:40 - train: epoch 4, iter:20, loss: 0.3267, lr: 0.0009978031724785247
2024-10-13 00:32:04 - train: epoch 4, iter:40, loss: 0.2820, lr: 0.0009978031724785247
2024-10-13 00:32:27 - train: epoch 4, iter:60, loss: 0.3046, lr: 0.0009978031724785247
2024-10-13 00:32:37 - Finish one epoch train: epoch 4, loss: 0.3006, time(s): 81.21
2024-10-13 00:32:39 - train: epoch 5, iter:0, loss: 0.3842, lr: 0.0009960967771506667
2024-10-13 00:33:03 - train: epoch 5, iter:20, loss: 0.2422, lr: 0.0009960967771506667
2024-10-13 00:33:26 - train: epoch 5, iter:40, loss: 0.2536, lr: 0.0009960967771506667
2024-10-13 00:33:51 - train: epoch 5, iter:60, loss: 0.2459, lr: 0.0009960967771506667
2024-10-13 00:34:02 - Finish one epoch train: epoch 5, loss: 0.2619, time(s): 83.23
2024-10-13 00:34:04 - train: epoch 6, iter:0, loss: 0.2421, lr: 0.0009939057285945933
2024-10-13 00:34:27 - train: epoch 6, iter:20, loss: 0.2209, lr: 0.0009939057285945933
2024-10-13 00:34:50 - train: epoch 6, iter:40, loss: 0.1899, lr: 0.0009939057285945933
2024-10-13 00:35:13 - train: epoch 6, iter:60, loss: 0.2269, lr: 0.0009939057285945933
2024-10-13 00:35:23 - Finish one epoch train: epoch 6, loss: 0.2480, time(s): 80.40
2024-10-13 00:35:25 - train: epoch 7, iter:0, loss: 0.1926, lr: 0.0009912321891107012
2024-10-13 00:35:49 - train: epoch 7, iter:20, loss: 0.2334, lr: 0.0009912321891107012
2024-10-13 00:36:14 - train: epoch 7, iter:40, loss: 0.2079, lr: 0.0009912321891107012
2024-10-13 00:36:40 - train: epoch 7, iter:60, loss: 0.1722, lr: 0.0009912321891107012
2024-10-13 00:36:49 - Finish one epoch train: epoch 7, loss: 0.2064, time(s): 85.35
2024-10-13 00:36:52 - train: epoch 8, iter:0, loss: 0.1739, lr: 0.0009880787971596802
2024-10-13 00:37:18 - train: epoch 8, iter:20, loss: 0.1875, lr: 0.0009880787971596802
2024-10-13 00:37:41 - train: epoch 8, iter:40, loss: 0.1582, lr: 0.0009880787971596802
2024-10-13 00:38:05 - train: epoch 8, iter:60, loss: 0.2550, lr: 0.0009880787971596802
2024-10-13 00:38:14 - Finish one epoch train: epoch 8, loss: 0.1834, time(s): 83.81
2024-10-13 00:38:17 - train: epoch 9, iter:0, loss: 0.1755, lr: 0.0009844486647586726
2024-10-13 00:38:40 - train: epoch 9, iter:20, loss: 0.1486, lr: 0.0009844486647586726
2024-10-13 00:39:03 - train: epoch 9, iter:40, loss: 0.1612, lr: 0.0009844486647586726
2024-10-13 00:39:26 - train: epoch 9, iter:60, loss: 0.1343, lr: 0.0009844486647586726
2024-10-13 00:39:36 - Finish one epoch train: epoch 9, loss: 0.1784, time(s): 80.34
2024-10-13 00:39:38 - train: epoch 10, iter:0, loss: 0.1711, lr: 0.000980345374410087
2024-10-13 00:40:02 - train: epoch 10, iter:20, loss: 0.1204, lr: 0.000980345374410087
2024-10-13 00:40:25 - train: epoch 10, iter:40, loss: 0.1711, lr: 0.000980345374410087
2024-10-13 00:40:48 - train: epoch 10, iter:60, loss: 0.1560, lr: 0.000980345374410087
2024-10-13 00:40:58 - Finish one epoch train: epoch 10, loss: 0.1645, time(s): 81.46
2024-10-13 00:43:09 - idx 0 case case0008 mean_dice 0.356317 mean_hd95 33.631440
2024-10-13 00:44:08 - idx 1 case case0022 mean_dice 0.535116 mean_hd95 55.004256
2024-10-13 00:45:24 - idx 2 case case0038 mean_dice 0.688900 mean_hd95 38.226189
2024-10-13 00:48:10 - idx 3 case case0036 mean_dice 0.760236 mean_hd95 27.243187
2024-10-13 00:50:10 - idx 4 case case0032 mean_dice 0.657238 mean_hd95 49.638922
2024-10-13 00:51:58 - idx 5 case case0002 mean_dice 0.725716 mean_hd95 32.110430
2024-10-13 00:53:13 - idx 6 case case0029 mean_dice 0.389069 mean_hd95 60.303995
2024-10-13 00:55:57 - idx 7 case case0003 mean_dice 0.357745 mean_hd95 99.096110
2024-10-13 00:57:58 - idx 8 case case0001 mean_dice 0.658116 mean_hd95 33.951428
2024-10-13 00:59:50 - idx 9 case case0004 mean_dice 0.632517 mean_hd95 42.618217
2024-10-13 01:00:53 - idx 10 case case0025 mean_dice 0.411724 mean_hd95 26.212321
2024-10-13 01:01:56 - idx 11 case case0035 mean_dice 0.725867 mean_hd95 15.899659
2024-10-13 01:01:56 - Mean class 1 mean_dice 0.727252 mean_hd95 9.355268
2024-10-13 01:01:56 - Mean class 2 mean_dice 0.518355 mean_hd95 65.782943
2024-10-13 01:01:56 - Mean class 3 mean_dice 0.472071 mean_hd95 27.919835
2024-10-13 01:01:56 - Mean class 4 mean_dice 0.610971 mean_hd95 108.801838
2024-10-13 01:01:56 - Mean class 5 mean_dice 0.879236 mean_hd95 58.955646
2024-10-13 01:01:56 - Mean class 6 mean_dice 0.391823 mean_hd95 26.102731
2024-10-13 01:01:56 - Mean class 7 mean_dice 0.425910 mean_hd95 20.279156
2024-10-13 01:01:56 - Mean class 8 mean_dice 0.573423 mean_hd95 25.426686
2024-10-13 01:01:56 - val epoch: 10, mean_dice: 0.5748802500131359, mean_hd95: 42.8280128766176, time(s): 1257.62
2024-10-13 01:01:58 - train: epoch 11, iter:0, loss: 0.1659, lr: 0.0009757729755661012
2024-10-13 01:02:23 - train: epoch 11, iter:20, loss: 0.1447, lr: 0.0009757729755661012
2024-10-13 01:02:49 - train: epoch 11, iter:40, loss: 0.1259, lr: 0.0009757729755661012
2024-10-13 01:03:15 - train: epoch 11, iter:60, loss: 0.1803, lr: 0.0009757729755661012
2024-10-13 01:03:25 - Finish one epoch train: epoch 11, loss: 0.1580, time(s): 87.94
2024-10-13 01:03:27 - train: epoch 12, iter:0, loss: 0.1960, lr: 0.0009707359806323418
2024-10-13 01:03:50 - train: epoch 12, iter:20, loss: 0.1452, lr: 0.0009707359806323418
2024-10-13 01:04:13 - train: epoch 12, iter:40, loss: 0.2100, lr: 0.0009707359806323418
2024-10-13 01:04:37 - train: epoch 12, iter:60, loss: 0.1397, lr: 0.0009707359806323418
2024-10-13 01:04:46 - Finish one epoch train: epoch 12, loss: 0.1473, time(s): 79.66
2024-10-13 01:04:48 - train: epoch 13, iter:0, loss: 0.1276, lr: 0.0009652393605146846
2024-10-13 01:05:12 - train: epoch 13, iter:20, loss: 0.1254, lr: 0.0009652393605146846
2024-10-13 01:05:35 - train: epoch 13, iter:40, loss: 0.1188, lr: 0.0009652393605146846
2024-10-13 01:05:58 - train: epoch 13, iter:60, loss: 0.1121, lr: 0.0009652393605146846
2024-10-13 01:06:07 - Finish one epoch train: epoch 13, loss: 0.1457, time(s): 80.51
2024-10-13 01:06:10 - train: epoch 14, iter:0, loss: 0.1214, lr: 0.0009592885397135708
2024-10-13 01:06:33 - train: epoch 14, iter:20, loss: 0.1216, lr: 0.0009592885397135708
2024-10-13 01:06:56 - train: epoch 14, iter:40, loss: 0.1702, lr: 0.0009592885397135708
2024-10-13 01:07:19 - train: epoch 14, iter:60, loss: 0.1430, lr: 0.0009592885397135708
2024-10-13 01:07:29 - Finish one epoch train: epoch 14, loss: 0.1458, time(s): 80.03
2024-10-13 01:07:31 - train: epoch 15, iter:0, loss: 0.0985, lr: 0.0009528893909706799
2024-10-13 01:07:54 - train: epoch 15, iter:20, loss: 0.1104, lr: 0.0009528893909706799
2024-10-13 01:08:17 - train: epoch 15, iter:40, loss: 0.1127, lr: 0.0009528893909706799
2024-10-13 01:08:41 - train: epoch 15, iter:60, loss: 0.1346, lr: 0.0009528893909706799
2024-10-13 01:08:50 - Finish one epoch train: epoch 15, loss: 0.1364, time(s): 80.85
2024-10-13 01:08:53 - train: epoch 16, iter:0, loss: 0.1027, lr: 0.0009460482294732424
2024-10-13 01:09:15 - train: epoch 16, iter:20, loss: 0.1127, lr: 0.0009460482294732424
2024-10-13 01:09:39 - train: epoch 16, iter:40, loss: 0.1522, lr: 0.0009460482294732424
2024-10-13 01:10:02 - train: epoch 16, iter:60, loss: 0.1263, lr: 0.0009460482294732424
2024-10-13 01:10:11 - Finish one epoch train: epoch 16, loss: 0.1289, time(s): 80.11
2024-10-13 01:10:14 - train: epoch 17, iter:0, loss: 0.1407, lr: 0.0009387718066217127
2024-10-13 01:10:37 - train: epoch 17, iter:20, loss: 0.1480, lr: 0.0009387718066217127
2024-10-13 01:11:00 - train: epoch 17, iter:40, loss: 0.1378, lr: 0.0009387718066217127
2024-10-13 01:11:23 - train: epoch 17, iter:60, loss: 0.0962, lr: 0.0009387718066217127
2024-10-13 01:11:32 - Finish one epoch train: epoch 17, loss: 0.1220, time(s): 79.35
2024-10-13 01:11:34 - train: epoch 18, iter:0, loss: 0.1257, lr: 0.0009310673033669524
2024-10-13 01:11:57 - train: epoch 18, iter:20, loss: 0.0962, lr: 0.0009310673033669524
2024-10-13 01:12:20 - train: epoch 18, iter:40, loss: 0.1098, lr: 0.0009310673033669524
2024-10-13 01:12:43 - train: epoch 18, iter:60, loss: 0.1037, lr: 0.0009310673033669524
2024-10-13 01:12:53 - Finish one epoch train: epoch 18, loss: 0.1180, time(s): 79.60
2024-10-13 01:12:55 - train: epoch 19, iter:0, loss: 0.1322, lr: 0.0009229423231234977
2024-10-13 01:13:18 - train: epoch 19, iter:20, loss: 0.0963, lr: 0.0009229423231234977
2024-10-13 01:13:41 - train: epoch 19, iter:40, loss: 0.0908, lr: 0.0009229423231234977
2024-10-13 01:14:04 - train: epoch 19, iter:60, loss: 0.0950, lr: 0.0009229423231234977
2024-10-13 01:14:13 - Finish one epoch train: epoch 19, loss: 0.1238, time(s): 79.25
2024-10-13 01:14:15 - train: epoch 20, iter:0, loss: 0.0940, lr: 0.0009144048842659084
2024-10-13 01:14:38 - train: epoch 20, iter:20, loss: 0.0989, lr: 0.0009144048842659084
2024-10-13 01:15:02 - train: epoch 20, iter:40, loss: 0.1431, lr: 0.0009144048842659084
2024-10-13 01:15:25 - train: epoch 20, iter:60, loss: 0.1014, lr: 0.0009144048842659084
2024-10-13 01:15:34 - Finish one epoch train: epoch 20, loss: 0.1202, time(s): 80.35
2024-10-13 01:17:14 - idx 0 case case0008 mean_dice 0.494744 mean_hd95 20.999635
2024-10-13 01:18:23 - idx 1 case case0022 mean_dice 0.732030 mean_hd95 33.331209
2024-10-13 01:19:44 - idx 2 case case0038 mean_dice 0.708134 mean_hd95 35.234814
2024-10-13 01:22:17 - idx 3 case case0036 mean_dice 0.704483 mean_hd95 38.305912
2024-10-13 01:24:08 - idx 4 case case0032 mean_dice 0.748241 mean_hd95 10.998693
2024-10-13 01:25:55 - idx 5 case case0002 mean_dice 0.793639 mean_hd95 14.148427
2024-10-13 01:27:14 - idx 6 case case0029 mean_dice 0.434058 mean_hd95 61.326584
2024-10-13 01:29:57 - idx 7 case case0003 mean_dice 0.439247 mean_hd95 95.758481
2024-10-13 01:31:53 - idx 8 case case0001 mean_dice 0.659801 mean_hd95 22.217711
2024-10-13 01:33:39 - idx 9 case case0004 mean_dice 0.674469 mean_hd95 38.461590
2024-10-13 01:34:45 - idx 10 case case0025 mean_dice 0.561611 mean_hd95 17.239652
2024-10-13 01:35:51 - idx 11 case case0035 mean_dice 0.763017 mean_hd95 14.868088
2024-10-13 01:35:51 - Mean class 1 mean_dice 0.795638 mean_hd95 9.875627
2024-10-13 01:35:51 - Mean class 2 mean_dice 0.596055 mean_hd95 32.841724
2024-10-13 01:35:51 - Mean class 3 mean_dice 0.590769 mean_hd95 26.071552
2024-10-13 01:35:51 - Mean class 4 mean_dice 0.682789 mean_hd95 83.938707
2024-10-13 01:35:51 - Mean class 5 mean_dice 0.893982 mean_hd95 52.598736
2024-10-13 01:35:51 - Mean class 6 mean_dice 0.348876 mean_hd95 19.418861
2024-10-13 01:35:51 - Mean class 7 mean_dice 0.610899 mean_hd95 16.238861
2024-10-13 01:35:51 - Mean class 8 mean_dice 0.623309 mean_hd95 27.609796
2024-10-13 01:35:51 - val epoch: 20, mean_dice: 0.6427894398921065, mean_hd95: 33.574233054610914, time(s): 1217.16
2024-10-13 01:35:53 - train: epoch 21, iter:0, loss: 0.0880, lr: 0.0009054634122155993
2024-10-13 01:36:16 - train: epoch 21, iter:20, loss: 0.1200, lr: 0.0009054634122155993
2024-10-13 01:36:40 - train: epoch 21, iter:40, loss: 0.0996, lr: 0.0009054634122155993
2024-10-13 01:37:03 - train: epoch 21, iter:60, loss: 0.1019, lr: 0.0009054634122155993
2024-10-13 01:37:12 - Finish one epoch train: epoch 21, loss: 0.1164, time(s): 79.99
2024-10-13 01:37:14 - train: epoch 22, iter:0, loss: 0.0982, lr: 0.000896126731125967
2024-10-13 01:37:38 - train: epoch 22, iter:20, loss: 0.1877, lr: 0.000896126731125967
2024-10-13 01:38:01 - train: epoch 22, iter:40, loss: 0.0950, lr: 0.000896126731125967
2024-10-13 01:38:24 - train: epoch 22, iter:60, loss: 0.0957, lr: 0.000896126731125967
2024-10-13 01:38:34 - Finish one epoch train: epoch 22, loss: 0.1099, time(s): 80.90
2024-10-13 01:38:36 - train: epoch 23, iter:0, loss: 0.0967, lr: 0.000886404055174016
2024-10-13 01:39:00 - train: epoch 23, iter:20, loss: 0.0874, lr: 0.000886404055174016
2024-10-13 01:39:23 - train: epoch 23, iter:40, loss: 0.0883, lr: 0.000886404055174016
2024-10-13 01:39:47 - train: epoch 23, iter:60, loss: 0.0803, lr: 0.000886404055174016
2024-10-13 01:39:56 - Finish one epoch train: epoch 23, loss: 0.1077, time(s): 81.09
2024-10-13 01:39:58 - train: epoch 24, iter:0, loss: 0.0886, lr: 0.0008763049794670778
2024-10-13 01:40:22 - train: epoch 24, iter:20, loss: 0.1004, lr: 0.0008763049794670778
2024-10-13 01:40:47 - train: epoch 24, iter:40, loss: 0.0929, lr: 0.0008763049794670778
2024-10-13 01:41:10 - train: epoch 24, iter:60, loss: 0.0909, lr: 0.0008763049794670778
2024-10-13 01:41:19 - Finish one epoch train: epoch 24, loss: 0.0991, time(s): 82.21
2024-10-13 01:41:22 - train: epoch 25, iter:0, loss: 0.1968, lr: 0.000865839470573599
2024-10-13 01:41:45 - train: epoch 25, iter:20, loss: 0.1007, lr: 0.000865839470573599
2024-10-13 01:42:09 - train: epoch 25, iter:40, loss: 0.0781, lr: 0.000865839470573599
2024-10-13 01:42:32 - train: epoch 25, iter:60, loss: 0.1331, lr: 0.000865839470573599
2024-10-13 01:42:42 - Finish one epoch train: epoch 25, loss: 0.1138, time(s): 81.40
2024-10-13 01:42:44 - train: epoch 26, iter:0, loss: 0.0973, lr: 0.0008550178566873413
2024-10-13 01:43:08 - train: epoch 26, iter:20, loss: 0.0910, lr: 0.0008550178566873413
2024-10-13 01:43:32 - train: epoch 26, iter:40, loss: 0.0768, lr: 0.0008550178566873413
2024-10-13 01:43:55 - train: epoch 26, iter:60, loss: 0.0726, lr: 0.0008550178566873413
2024-10-13 01:44:04 - Finish one epoch train: epoch 26, loss: 0.1029, time(s): 81.01
2024-10-13 01:44:06 - train: epoch 27, iter:0, loss: 0.0802, lr: 0.0008438508174347012
2024-10-13 01:44:29 - train: epoch 27, iter:20, loss: 0.0993, lr: 0.0008438508174347012
2024-10-13 01:44:53 - train: epoch 27, iter:40, loss: 0.0856, lr: 0.0008438508174347012
2024-10-13 01:45:16 - train: epoch 27, iter:60, loss: 0.0755, lr: 0.0008438508174347012
2024-10-13 01:45:25 - Finish one epoch train: epoch 27, loss: 0.1217, time(s): 80.87
2024-10-13 01:45:27 - train: epoch 28, iter:0, loss: 0.0938, lr: 0.000832349373335208
2024-10-13 01:45:51 - train: epoch 28, iter:20, loss: 0.0825, lr: 0.000832349373335208
2024-10-13 01:46:14 - train: epoch 28, iter:40, loss: 0.0877, lr: 0.000832349373335208
2024-10-13 01:46:37 - train: epoch 28, iter:60, loss: 0.0922, lr: 0.000832349373335208
2024-10-13 01:46:47 - Finish one epoch train: epoch 28, loss: 0.0943, time(s): 80.76
2024-10-13 01:46:49 - train: epoch 29, iter:0, loss: 0.0840, lr: 0.0008205248749256018
2024-10-13 01:47:12 - train: epoch 29, iter:20, loss: 0.1123, lr: 0.0008205248749256018
2024-10-13 01:47:35 - train: epoch 29, iter:40, loss: 0.0827, lr: 0.0008205248749256018
2024-10-13 01:47:59 - train: epoch 29, iter:60, loss: 0.0756, lr: 0.0008205248749256018
2024-10-13 01:48:08 - Finish one epoch train: epoch 29, loss: 0.0934, time(s): 79.93
2024-10-13 01:48:10 - train: epoch 30, iter:0, loss: 0.1502, lr: 0.0008083889915582238
2024-10-13 01:48:33 - train: epoch 30, iter:20, loss: 0.0856, lr: 0.0008083889915582238
2024-10-13 01:48:57 - train: epoch 30, iter:40, loss: 0.1171, lr: 0.0008083889915582238
2024-10-13 01:49:20 - train: epoch 30, iter:60, loss: 0.0772, lr: 0.0008083889915582238
2024-10-13 01:49:29 - Finish one epoch train: epoch 30, loss: 0.0971, time(s): 80.42
2024-10-13 01:51:06 - idx 0 case case0008 mean_dice 0.563773 mean_hd95 16.527691
2024-10-13 01:52:15 - idx 1 case case0022 mean_dice 0.817053 mean_hd95 11.377530
2024-10-13 01:53:33 - idx 2 case case0038 mean_dice 0.703815 mean_hd95 20.205079
2024-10-13 01:56:00 - idx 3 case case0036 mean_dice 0.710932 mean_hd95 29.787618
2024-10-13 01:57:52 - idx 4 case case0032 mean_dice 0.774656 mean_hd95 10.037369
2024-10-13 01:59:41 - idx 5 case case0002 mean_dice 0.802767 mean_hd95 12.692413
2024-10-13 02:00:53 - idx 6 case case0029 mean_dice 0.467183 mean_hd95 57.134212
2024-10-13 02:03:33 - idx 7 case case0003 mean_dice 0.496825 mean_hd95 99.614069
2024-10-13 02:05:29 - idx 8 case case0001 mean_dice 0.700872 mean_hd95 38.993961
2024-10-13 02:07:17 - idx 9 case case0004 mean_dice 0.689187 mean_hd95 20.148629
2024-10-13 02:08:22 - idx 10 case case0025 mean_dice 0.454056 mean_hd95 17.504441
2024-10-13 02:09:22 - idx 11 case case0035 mean_dice 0.767810 mean_hd95 9.967409
2024-10-13 02:09:22 - Mean class 1 mean_dice 0.762654 mean_hd95 9.484432
2024-10-13 02:09:22 - Mean class 2 mean_dice 0.564449 mean_hd95 39.318737
2024-10-13 02:09:22 - Mean class 3 mean_dice 0.653614 mean_hd95 25.127361
2024-10-13 02:09:22 - Mean class 4 mean_dice 0.646625 mean_hd95 35.510051
2024-10-13 02:09:22 - Mean class 5 mean_dice 0.894673 mean_hd95 54.421413
2024-10-13 02:09:22 - Mean class 6 mean_dice 0.443879 mean_hd95 19.251438
2024-10-13 02:09:22 - Mean class 7 mean_dice 0.705489 mean_hd95 15.099026
2024-10-13 02:09:22 - Mean class 8 mean_dice 0.627902 mean_hd95 31.114489
2024-10-13 02:09:22 - val epoch: 30, mean_dice: 0.6624106519678823, mean_hd95: 28.66586848490033, time(s): 1192.28
2024-10-13 02:09:24 - train: epoch 31, iter:0, loss: 0.0865, lr: 0.0007959536998847747
2024-10-13 02:09:47 - train: epoch 31, iter:20, loss: 0.0866, lr: 0.0007959536998847747
2024-10-13 02:10:10 - train: epoch 31, iter:40, loss: 0.0866, lr: 0.0007959536998847747
2024-10-13 02:10:33 - train: epoch 31, iter:60, loss: 0.1306, lr: 0.0007959536998847747
2024-10-13 02:10:42 - Finish one epoch train: epoch 31, loss: 0.1099, time(s): 79.68
2024-10-13 02:10:44 - train: epoch 32, iter:0, loss: 0.0940, lr: 0.0007832312720368051
2024-10-13 02:11:07 - train: epoch 32, iter:20, loss: 0.1129, lr: 0.0007832312720368051
2024-10-13 02:11:30 - train: epoch 32, iter:40, loss: 0.0816, lr: 0.0007832312720368051
2024-10-13 02:11:54 - train: epoch 32, iter:60, loss: 0.1116, lr: 0.0007832312720368051
2024-10-13 02:12:04 - Finish one epoch train: epoch 32, loss: 0.0971, time(s): 80.61
2024-10-13 02:12:05 - train: epoch 33, iter:0, loss: 0.0853, lr: 0.0007702342635146037
2024-10-13 02:12:29 - train: epoch 33, iter:20, loss: 0.1098, lr: 0.0007702342635146037
2024-10-13 02:12:52 - train: epoch 33, iter:40, loss: 0.0961, lr: 0.0007702342635146037
2024-10-13 02:13:15 - train: epoch 33, iter:60, loss: 0.0660, lr: 0.0007702342635146037
2024-10-13 02:13:25 - Finish one epoch train: epoch 33, loss: 0.0921, time(s): 80.31
2024-10-13 02:13:27 - train: epoch 34, iter:0, loss: 0.0903, lr: 0.0007569755007964342
2024-10-13 02:13:50 - train: epoch 34, iter:20, loss: 0.0886, lr: 0.0007569755007964342
2024-10-13 02:14:13 - train: epoch 34, iter:40, loss: 0.0613, lr: 0.0007569755007964342
2024-10-13 02:14:36 - train: epoch 34, iter:60, loss: 0.0913, lr: 0.0007569755007964342
2024-10-13 02:14:46 - Finish one epoch train: epoch 34, loss: 0.0899, time(s): 79.88
2024-10-13 02:14:48 - train: epoch 35, iter:0, loss: 0.1072, lr: 0.0007434680686803494
2024-10-13 02:15:11 - train: epoch 35, iter:20, loss: 0.1289, lr: 0.0007434680686803494
2024-10-13 02:15:34 - train: epoch 35, iter:40, loss: 0.0916, lr: 0.0007434680686803494
2024-10-13 02:15:58 - train: epoch 35, iter:60, loss: 0.0935, lr: 0.0007434680686803494
2024-10-13 02:16:07 - Finish one epoch train: epoch 35, loss: 0.1051, time(s): 80.28
2024-10-13 02:16:09 - train: epoch 36, iter:0, loss: 0.1141, lr: 0.0007297252973710761
2024-10-13 02:16:33 - train: epoch 36, iter:20, loss: 0.0767, lr: 0.0007297252973710761
2024-10-13 02:16:56 - train: epoch 36, iter:40, loss: 0.0663, lr: 0.0007297252973710761
2024-10-13 02:17:20 - train: epoch 36, iter:60, loss: 0.0795, lr: 0.0007297252973710761
2024-10-13 02:17:29 - Finish one epoch train: epoch 36, loss: 0.0951, time(s): 81.40
2024-10-13 02:17:31 - train: epoch 37, iter:0, loss: 0.0781, lr: 0.0007157607493247114
2024-10-13 02:17:54 - train: epoch 37, iter:20, loss: 0.0777, lr: 0.0007157607493247114
2024-10-13 02:18:17 - train: epoch 37, iter:40, loss: 0.0916, lr: 0.0007157607493247114
2024-10-13 02:18:40 - train: epoch 37, iter:60, loss: 0.1236, lr: 0.0007157607493247114
2024-10-13 02:18:49 - Finish one epoch train: epoch 37, loss: 0.1069, time(s): 79.52
2024-10-13 02:18:51 - train: epoch 38, iter:0, loss: 0.0729, lr: 0.0007015882058642168
2024-10-13 02:19:15 - train: epoch 38, iter:20, loss: 0.0882, lr: 0.0007015882058642168
2024-10-13 02:19:38 - train: epoch 38, iter:40, loss: 0.0698, lr: 0.0007015882058642168
2024-10-13 02:20:01 - train: epoch 38, iter:60, loss: 0.0772, lr: 0.0007015882058642168
2024-10-13 02:20:11 - Finish one epoch train: epoch 38, loss: 0.0854, time(s): 80.56
2024-10-13 02:20:13 - train: epoch 39, iter:0, loss: 0.0568, lr: 0.0006872216535789162
2024-10-13 02:20:36 - train: epoch 39, iter:20, loss: 0.0824, lr: 0.0006872216535789162
2024-10-13 02:21:00 - train: epoch 39, iter:40, loss: 0.0854, lr: 0.0006872216535789162
2024-10-13 02:21:23 - train: epoch 39, iter:60, loss: 0.0872, lr: 0.0006872216535789162
2024-10-13 02:21:33 - Finish one epoch train: epoch 39, loss: 0.0839, time(s): 80.96
2024-10-13 02:21:35 - train: epoch 40, iter:0, loss: 0.1645, lr: 0.0006726752705214198
2024-10-13 02:21:58 - train: epoch 40, iter:20, loss: 0.0730, lr: 0.0006726752705214198
2024-10-13 02:22:21 - train: epoch 40, iter:40, loss: 0.0515, lr: 0.0006726752705214198
2024-10-13 02:22:44 - train: epoch 40, iter:60, loss: 0.0782, lr: 0.0006726752705214198
2024-10-13 02:22:54 - Finish one epoch train: epoch 40, loss: 0.0802, time(s): 79.79
2024-10-13 02:24:46 - idx 0 case case0008 mean_dice 0.506399 mean_hd95 18.349121
2024-10-13 02:25:50 - idx 1 case case0022 mean_dice 0.693349 mean_hd95 49.586126
2024-10-13 02:27:03 - idx 2 case case0038 mean_dice 0.655984 mean_hd95 49.744322
2024-10-13 02:29:30 - idx 3 case case0036 mean_dice 0.728783 mean_hd95 41.388446
2024-10-13 02:31:18 - idx 4 case case0032 mean_dice 0.685128 mean_hd95 27.831637
2024-10-13 02:33:00 - idx 5 case case0002 mean_dice 0.736616 mean_hd95 23.250506
2024-10-13 02:34:13 - idx 6 case case0029 mean_dice 0.550992 mean_hd95 66.755782
2024-10-13 02:36:46 - idx 7 case case0003 mean_dice 0.396730 mean_hd95 90.925570
2024-10-13 02:38:42 - idx 8 case case0001 mean_dice 0.589857 mean_hd95 37.167293
2024-10-13 02:40:34 - idx 9 case case0004 mean_dice 0.669671 mean_hd95 38.026813
2024-10-13 02:41:29 - idx 10 case case0025 mean_dice 0.375431 mean_hd95 32.731854
2024-10-13 02:42:34 - idx 11 case case0035 mean_dice 0.764168 mean_hd95 8.231864
2024-10-13 02:42:34 - Mean class 1 mean_dice 0.792044 mean_hd95 9.076803
2024-10-13 02:42:34 - Mean class 2 mean_dice 0.589876 mean_hd95 82.455891
2024-10-13 02:42:34 - Mean class 3 mean_dice 0.636639 mean_hd95 25.879812
2024-10-13 02:42:34 - Mean class 4 mean_dice 0.672117 mean_hd95 54.576213
2024-10-13 02:42:34 - Mean class 5 mean_dice 0.887327 mean_hd95 75.857965
2024-10-13 02:42:34 - Mean class 6 mean_dice 0.285131 mean_hd95 23.612360
2024-10-13 02:42:34 - Mean class 7 mean_dice 0.525119 mean_hd95 19.560338
2024-10-13 02:42:34 - Mean class 8 mean_dice 0.513819 mean_hd95 31.640174
2024-10-13 02:42:34 - val epoch: 40, mean_dice: 0.6127590244344634, mean_hd95: 40.33244458185417, time(s): 1180.45
2024-10-13 02:42:36 - train: epoch 41, iter:0, loss: 0.0669, lr: 0.0006579634122155995
2024-10-13 02:42:59 - train: epoch 41, iter:20, loss: 0.0551, lr: 0.0006579634122155995
2024-10-13 02:43:22 - train: epoch 41, iter:40, loss: 0.0661, lr: 0.0006579634122155995
2024-10-13 02:43:45 - train: epoch 41, iter:60, loss: 0.1318, lr: 0.0006579634122155995
2024-10-13 02:43:54 - Finish one epoch train: epoch 41, loss: 0.0752, time(s): 78.93
2024-10-13 02:43:56 - train: epoch 42, iter:0, loss: 0.0799, lr: 0.000643100597489419
2024-10-13 02:44:19 - train: epoch 42, iter:20, loss: 0.0608, lr: 0.000643100597489419
2024-10-13 02:44:42 - train: epoch 42, iter:40, loss: 0.0782, lr: 0.000643100597489419
2024-10-13 02:45:06 - train: epoch 42, iter:60, loss: 0.1771, lr: 0.000643100597489419
2024-10-13 02:45:15 - Finish one epoch train: epoch 42, loss: 0.0894, time(s): 79.67
2024-10-13 02:45:17 - train: epoch 43, iter:0, loss: 0.0678, lr: 0.0006281014941466035
2024-10-13 02:45:41 - train: epoch 43, iter:20, loss: 0.0670, lr: 0.0006281014941466035
2024-10-13 02:46:04 - train: epoch 43, iter:40, loss: 0.0573, lr: 0.0006281014941466035
2024-10-13 02:46:29 - train: epoch 43, iter:60, loss: 0.0825, lr: 0.0006281014941466035
2024-10-13 02:46:40 - Finish one epoch train: epoch 43, loss: 0.0834, time(s): 84.02
2024-10-13 02:46:42 - train: epoch 44, iter:0, loss: 0.0740, lr: 0.000612980904491289
2024-10-13 02:47:08 - train: epoch 44, iter:20, loss: 0.0717, lr: 0.000612980904491289
2024-10-13 02:47:32 - train: epoch 44, iter:40, loss: 0.0591, lr: 0.000612980904491289
2024-10-13 02:47:55 - train: epoch 44, iter:60, loss: 0.0820, lr: 0.000612980904491289
2024-10-13 02:48:04 - Finish one epoch train: epoch 44, loss: 0.0845, time(s): 83.49
2024-10-13 02:48:06 - train: epoch 45, iter:0, loss: 0.0655, lr: 0.0005977537507199342
2024-10-13 02:48:30 - train: epoch 45, iter:20, loss: 0.0696, lr: 0.0005977537507199342
2024-10-13 02:48:53 - train: epoch 45, iter:40, loss: 0.0652, lr: 0.0005977537507199342
2024-10-13 02:49:16 - train: epoch 45, iter:60, loss: 0.0752, lr: 0.0005977537507199342
2024-10-13 02:49:25 - Finish one epoch train: epoch 45, loss: 0.0880, time(s): 80.53
2024-10-13 02:49:27 - train: epoch 46, iter:0, loss: 0.0713, lr: 0.0005824350601949147
2024-10-13 02:49:51 - train: epoch 46, iter:20, loss: 0.0712, lr: 0.0005824350601949147
2024-10-13 02:50:14 - train: epoch 46, iter:40, loss: 0.0943, lr: 0.0005824350601949147
2024-10-13 02:50:38 - train: epoch 46, iter:60, loss: 0.0653, lr: 0.0005824350601949147
2024-10-13 02:50:48 - Finish one epoch train: epoch 46, loss: 0.0789, time(s): 81.24
2024-10-13 02:50:50 - train: epoch 47, iter:0, loss: 0.0604, lr: 0.000567039950614331
2024-10-13 02:51:13 - train: epoch 47, iter:20, loss: 0.0729, lr: 0.000567039950614331
2024-10-13 02:51:37 - train: epoch 47, iter:40, loss: 0.0747, lr: 0.000567039950614331
2024-10-13 02:52:00 - train: epoch 47, iter:60, loss: 0.0686, lr: 0.000567039950614331
2024-10-13 02:52:09 - Finish one epoch train: epoch 47, loss: 0.0843, time(s): 80.91
2024-10-13 02:52:11 - train: epoch 48, iter:0, loss: 0.0585, lr: 0.0005515836150926649
2024-10-13 02:52:37 - train: epoch 48, iter:20, loss: 0.0663, lr: 0.0005515836150926649
2024-10-13 02:53:02 - train: epoch 48, iter:40, loss: 0.0602, lr: 0.0005515836150926649
2024-10-13 02:53:28 - train: epoch 48, iter:60, loss: 0.0894, lr: 0.0005515836150926649
2024-10-13 02:53:38 - Finish one epoch train: epoch 48, loss: 0.0730, time(s): 87.67
2024-10-13 02:53:40 - train: epoch 49, iter:0, loss: 0.0709, lr: 0.0005360813071670105
2024-10-13 02:54:03 - train: epoch 49, iter:20, loss: 0.0660, lr: 0.0005360813071670105
2024-10-13 02:54:26 - train: epoch 49, iter:40, loss: 0.1177, lr: 0.0005360813071670105
2024-10-13 02:54:50 - train: epoch 49, iter:60, loss: 0.0583, lr: 0.0005360813071670105
2024-10-13 02:54:59 - Finish one epoch train: epoch 49, loss: 0.0850, time(s): 80.09
2024-10-13 02:55:01 - train: epoch 50, iter:0, loss: 0.1677, lr: 0.0005205483257436738
2024-10-13 02:55:24 - train: epoch 50, iter:20, loss: 0.0585, lr: 0.0005205483257436738
2024-10-13 02:55:47 - train: epoch 50, iter:40, loss: 0.0617, lr: 0.0005205483257436738
2024-10-13 02:56:11 - train: epoch 50, iter:60, loss: 0.1516, lr: 0.0005205483257436738
2024-10-13 02:56:20 - Finish one epoch train: epoch 50, loss: 0.0877, time(s): 79.95
2024-10-13 02:58:17 - idx 0 case case0008 mean_dice 0.461059 mean_hd95 17.007496
2024-10-13 02:59:27 - idx 1 case case0022 mean_dice 0.615998 mean_hd95 37.517659
2024-10-13 03:00:51 - idx 2 case case0038 mean_dice 0.622656 mean_hd95 23.793515
2024-10-13 03:03:23 - idx 3 case case0036 mean_dice 0.721181 mean_hd95 42.727680
2024-10-13 03:05:13 - idx 4 case case0032 mean_dice 0.716392 mean_hd95 10.645648
2024-10-13 03:07:06 - idx 5 case case0002 mean_dice 0.760087 mean_hd95 18.881500
2024-10-13 03:08:32 - idx 6 case case0029 mean_dice 0.450874 mean_hd95 54.437289
2024-10-13 03:11:20 - idx 7 case case0003 mean_dice 0.396642 mean_hd95 89.873542
2024-10-13 03:13:17 - idx 8 case case0001 mean_dice 0.610865 mean_hd95 36.409363
2024-10-13 03:15:04 - idx 9 case case0004 mean_dice 0.615641 mean_hd95 62.347685
2024-10-13 03:16:02 - idx 10 case case0025 mean_dice 0.382647 mean_hd95 35.511536
2024-10-13 03:17:03 - idx 11 case case0035 mean_dice 0.735307 mean_hd95 9.065347
2024-10-13 03:17:03 - Mean class 1 mean_dice 0.756954 mean_hd95 12.159093
2024-10-13 03:17:03 - Mean class 2 mean_dice 0.591341 mean_hd95 46.918455
2024-10-13 03:17:03 - Mean class 3 mean_dice 0.528114 mean_hd95 18.475673
2024-10-13 03:17:03 - Mean class 4 mean_dice 0.660782 mean_hd95 80.818822
2024-10-13 03:17:03 - Mean class 5 mean_dice 0.898892 mean_hd95 69.223115
2024-10-13 03:17:03 - Mean class 6 mean_dice 0.274197 mean_hd95 26.809731
2024-10-13 03:17:03 - Mean class 7 mean_dice 0.544776 mean_hd95 15.202736
2024-10-13 03:17:03 - Mean class 8 mean_dice 0.471177 mean_hd95 22.537880
2024-10-13 03:17:03 - val epoch: 50, mean_dice: 0.5907790278236493, mean_hd95: 36.518188175980555, time(s): 1243.32
2024-10-13 03:17:05 - train: epoch 51, iter:0, loss: 0.0570, lr: 0.0005050000000000002
2024-10-13 03:17:28 - train: epoch 51, iter:20, loss: 0.0647, lr: 0.0005050000000000002
2024-10-13 03:17:51 - train: epoch 51, iter:40, loss: 0.0596, lr: 0.0005050000000000002
2024-10-13 03:18:14 - train: epoch 51, iter:60, loss: 0.0644, lr: 0.0005050000000000002
2024-10-13 03:18:23 - Finish one epoch train: epoch 51, loss: 0.0731, time(s): 79.20
2024-10-13 03:18:25 - train: epoch 52, iter:0, loss: 0.0731, lr: 0.0004894516742563267
2024-10-13 03:18:48 - train: epoch 52, iter:20, loss: 0.0680, lr: 0.0004894516742563267
2024-10-13 03:19:11 - train: epoch 52, iter:40, loss: 0.0532, lr: 0.0004894516742563267
2024-10-13 03:19:34 - train: epoch 52, iter:60, loss: 0.0531, lr: 0.0004894516742563267
2024-10-13 03:19:44 - Finish one epoch train: epoch 52, loss: 0.0767, time(s): 80.03
2024-10-13 03:19:46 - train: epoch 53, iter:0, loss: 0.0497, lr: 0.0004739186928329901
2024-10-13 03:20:10 - train: epoch 53, iter:20, loss: 0.0596, lr: 0.0004739186928329901
2024-10-13 03:20:33 - train: epoch 53, iter:40, loss: 0.0584, lr: 0.0004739186928329901
2024-10-13 03:20:57 - train: epoch 53, iter:60, loss: 0.0608, lr: 0.0004739186928329901
2024-10-13 03:21:06 - Finish one epoch train: epoch 53, loss: 0.0654, time(s): 81.62
2024-10-13 03:21:09 - train: epoch 54, iter:0, loss: 0.0627, lr: 0.00045841638490733556
2024-10-13 03:21:32 - train: epoch 54, iter:20, loss: 0.0643, lr: 0.00045841638490733556
2024-10-13 03:21:54 - train: epoch 54, iter:40, loss: 0.0688, lr: 0.00045841638490733556
2024-10-13 03:22:17 - train: epoch 54, iter:60, loss: 0.0764, lr: 0.00045841638490733556
2024-10-13 03:22:27 - Finish one epoch train: epoch 54, loss: 0.0746, time(s): 79.40
2024-10-13 03:22:29 - train: epoch 55, iter:0, loss: 0.0645, lr: 0.0004429600493856696
2024-10-13 03:22:52 - train: epoch 55, iter:20, loss: 0.0824, lr: 0.0004429600493856696
2024-10-13 03:23:15 - train: epoch 55, iter:40, loss: 0.0509, lr: 0.0004429600493856696
2024-10-13 03:23:38 - train: epoch 55, iter:60, loss: 0.0573, lr: 0.0004429600493856696
2024-10-13 03:23:47 - Finish one epoch train: epoch 55, loss: 0.0643, time(s): 79.64
2024-10-13 03:23:49 - train: epoch 56, iter:0, loss: 0.0657, lr: 0.0004275649398050859
2024-10-13 03:24:13 - train: epoch 56, iter:20, loss: 0.0526, lr: 0.0004275649398050859
2024-10-13 03:24:36 - train: epoch 56, iter:40, loss: 0.0671, lr: 0.0004275649398050859
2024-10-13 03:24:59 - train: epoch 56, iter:60, loss: 0.0636, lr: 0.0004275649398050859
2024-10-13 03:25:08 - Finish one epoch train: epoch 56, loss: 0.0791, time(s): 79.64
2024-10-13 03:25:10 - train: epoch 57, iter:0, loss: 0.0671, lr: 0.0004122462492800665
2024-10-13 03:25:33 - train: epoch 57, iter:20, loss: 0.0713, lr: 0.0004122462492800665
2024-10-13 03:25:56 - train: epoch 57, iter:40, loss: 0.0606, lr: 0.0004122462492800665
2024-10-13 03:26:19 - train: epoch 57, iter:60, loss: 0.0710, lr: 0.0004122462492800665
2024-10-13 03:26:28 - Finish one epoch train: epoch 57, loss: 0.0864, time(s): 79.46
2024-10-13 03:26:30 - train: epoch 58, iter:0, loss: 0.0548, lr: 0.00039701909550871175
2024-10-13 03:26:53 - train: epoch 58, iter:20, loss: 0.0583, lr: 0.00039701909550871175
2024-10-13 03:27:17 - train: epoch 58, iter:40, loss: 0.0652, lr: 0.00039701909550871175
2024-10-13 03:27:40 - train: epoch 58, iter:60, loss: 0.0708, lr: 0.00039701909550871175
2024-10-13 03:27:50 - Finish one epoch train: epoch 58, loss: 0.0720, time(s): 80.64
2024-10-13 03:27:52 - train: epoch 59, iter:0, loss: 0.0617, lr: 0.000381898505853397
2024-10-13 03:28:15 - train: epoch 59, iter:20, loss: 0.0656, lr: 0.000381898505853397
2024-10-13 03:28:38 - train: epoch 59, iter:40, loss: 0.0518, lr: 0.000381898505853397
2024-10-13 03:29:01 - train: epoch 59, iter:60, loss: 0.0737, lr: 0.000381898505853397
2024-10-13 03:29:10 - Finish one epoch train: epoch 59, loss: 0.0749, time(s): 79.94
2024-10-13 03:29:13 - train: epoch 60, iter:0, loss: 0.0591, lr: 0.00036689940251058173
2024-10-13 03:29:38 - train: epoch 60, iter:20, loss: 0.0506, lr: 0.00036689940251058173
2024-10-13 03:30:05 - train: epoch 60, iter:40, loss: 0.0608, lr: 0.00036689940251058173
2024-10-13 03:30:28 - train: epoch 60, iter:60, loss: 0.0730, lr: 0.00036689940251058173
2024-10-13 03:30:37 - Finish one epoch train: epoch 60, loss: 0.0666, time(s): 86.18
2024-10-13 03:32:30 - idx 0 case case0008 mean_dice 0.513862 mean_hd95 20.048199
2024-10-13 03:33:38 - idx 1 case case0022 mean_dice 0.609744 mean_hd95 36.777014
2024-10-13 03:34:49 - idx 2 case case0038 mean_dice 0.609919 mean_hd95 23.723598
2024-10-13 03:37:16 - idx 3 case case0036 mean_dice 0.628838 mean_hd95 45.579484
2024-10-13 03:39:03 - idx 4 case case0032 mean_dice 0.679302 mean_hd95 17.877481
2024-10-13 03:40:47 - idx 5 case case0002 mean_dice 0.764911 mean_hd95 17.084503
2024-10-13 03:41:51 - idx 6 case case0029 mean_dice 0.452247 mean_hd95 42.294565
2024-10-13 03:44:27 - idx 7 case case0003 mean_dice 0.360197 mean_hd95 97.489317
2024-10-13 03:46:20 - idx 8 case case0001 mean_dice 0.583967 mean_hd95 39.177544
2024-10-13 03:48:02 - idx 9 case case0004 mean_dice 0.620894 mean_hd95 58.540916
2024-10-13 03:48:59 - idx 10 case case0025 mean_dice 0.382016 mean_hd95 18.741829
2024-10-13 03:49:58 - idx 11 case case0035 mean_dice 0.756740 mean_hd95 8.082181
2024-10-13 03:49:58 - Mean class 1 mean_dice 0.760656 mean_hd95 12.047974
2024-10-13 03:49:58 - Mean class 2 mean_dice 0.612358 mean_hd95 48.717305
2024-10-13 03:49:58 - Mean class 3 mean_dice 0.484549 mean_hd95 23.207518
2024-10-13 03:49:58 - Mean class 4 mean_dice 0.649976 mean_hd95 74.100765
2024-10-13 03:49:58 - Mean class 5 mean_dice 0.883913 mean_hd95 67.431844
2024-10-13 03:49:58 - Mean class 6 mean_dice 0.256092 mean_hd95 16.959332
2024-10-13 03:49:58 - Mean class 7 mean_dice 0.493707 mean_hd95 15.439937
2024-10-13 03:49:58 - Mean class 8 mean_dice 0.500508 mean_hd95 25.706413
2024-10-13 03:49:58 - val epoch: 60, mean_dice: 0.5802198269945907, mean_hd95: 35.451385906402095, time(s): 1160.65
2024-10-13 03:50:00 - train: epoch 61, iter:0, loss: 0.0565, lr: 0.00035203658778440135
2024-10-13 03:50:23 - train: epoch 61, iter:20, loss: 0.0640, lr: 0.00035203658778440135
2024-10-13 03:50:46 - train: epoch 61, iter:40, loss: 0.0640, lr: 0.00035203658778440135
2024-10-13 03:51:10 - train: epoch 61, iter:60, loss: 0.0740, lr: 0.00035203658778440135
2024-10-13 03:51:19 - Finish one epoch train: epoch 61, loss: 0.0720, time(s): 79.82
2024-10-13 03:51:21 - train: epoch 62, iter:0, loss: 0.0629, lr: 0.00033732472947858096
2024-10-13 03:51:44 - train: epoch 62, iter:20, loss: 0.0589, lr: 0.00033732472947858096
2024-10-13 03:52:07 - train: epoch 62, iter:40, loss: 0.0619, lr: 0.00033732472947858096
2024-10-13 03:52:30 - train: epoch 62, iter:60, loss: 0.0486, lr: 0.00033732472947858096
2024-10-13 03:52:39 - Finish one epoch train: epoch 62, loss: 0.0684, time(s): 79.55
2024-10-13 03:52:41 - train: epoch 63, iter:0, loss: 0.0519, lr: 0.0003227783464210847
2024-10-13 03:53:05 - train: epoch 63, iter:20, loss: 0.0555, lr: 0.0003227783464210847
2024-10-13 03:53:28 - train: epoch 63, iter:40, loss: 0.0566, lr: 0.0003227783464210847
2024-10-13 03:53:51 - train: epoch 63, iter:60, loss: 0.0599, lr: 0.0003227783464210847
2024-10-13 03:54:01 - Finish one epoch train: epoch 63, loss: 0.0666, time(s): 80.64
2024-10-13 03:54:03 - train: epoch 64, iter:0, loss: 0.0564, lr: 0.0003084117941357837
2024-10-13 03:54:26 - train: epoch 64, iter:20, loss: 0.0486, lr: 0.0003084117941357837
2024-10-13 03:54:49 - train: epoch 64, iter:40, loss: 0.0610, lr: 0.0003084117941357837
2024-10-13 03:55:12 - train: epoch 64, iter:60, loss: 0.0553, lr: 0.0003084117941357837
2024-10-13 03:55:22 - Finish one epoch train: epoch 64, loss: 0.0591, time(s): 80.39
2024-10-13 03:55:24 - train: epoch 65, iter:0, loss: 0.0549, lr: 0.0002942392506752892
2024-10-13 03:55:47 - train: epoch 65, iter:20, loss: 0.0582, lr: 0.0002942392506752892
2024-10-13 03:56:10 - train: epoch 65, iter:40, loss: 0.0679, lr: 0.0002942392506752892
2024-10-13 03:56:33 - train: epoch 65, iter:60, loss: 0.0602, lr: 0.0002942392506752892
2024-10-13 03:56:43 - Finish one epoch train: epoch 65, loss: 0.0704, time(s): 79.68
2024-10-13 03:56:45 - train: epoch 66, iter:0, loss: 0.0691, lr: 0.0002802747026289245
2024-10-13 03:57:08 - train: epoch 66, iter:20, loss: 0.0756, lr: 0.0002802747026289245
2024-10-13 03:57:31 - train: epoch 66, iter:40, loss: 0.0474, lr: 0.0002802747026289245
2024-10-13 03:57:54 - train: epoch 66, iter:60, loss: 0.0532, lr: 0.0002802747026289245
2024-10-13 03:58:04 - Finish one epoch train: epoch 66, loss: 0.0623, time(s): 80.10
2024-10-13 03:58:05 - train: epoch 67, iter:0, loss: 0.0497, lr: 0.000266531931319651
2024-10-13 03:58:28 - train: epoch 67, iter:20, loss: 0.0553, lr: 0.000266531931319651
2024-10-13 03:58:51 - train: epoch 67, iter:40, loss: 0.0757, lr: 0.000266531931319651
2024-10-13 03:59:14 - train: epoch 67, iter:60, loss: 0.0585, lr: 0.000266531931319651
2024-10-13 03:59:23 - Finish one epoch train: epoch 67, loss: 0.0681, time(s): 79.12
2024-10-13 03:59:25 - train: epoch 68, iter:0, loss: 0.0543, lr: 0.0002530244992035663
2024-10-13 03:59:48 - train: epoch 68, iter:20, loss: 0.0545, lr: 0.0002530244992035663
2024-10-13 04:00:11 - train: epoch 68, iter:40, loss: 0.0543, lr: 0.0002530244992035663
2024-10-13 04:00:35 - train: epoch 68, iter:60, loss: 0.0513, lr: 0.0002530244992035663
2024-10-13 04:00:44 - Finish one epoch train: epoch 68, loss: 0.0648, time(s): 79.77
2024-10-13 04:00:46 - train: epoch 69, iter:0, loss: 0.0490, lr: 0.00023976573648539667
2024-10-13 04:01:09 - train: epoch 69, iter:20, loss: 0.0546, lr: 0.00023976573648539667
2024-10-13 04:01:32 - train: epoch 69, iter:40, loss: 0.0485, lr: 0.00023976573648539667
2024-10-13 04:01:55 - train: epoch 69, iter:60, loss: 0.0455, lr: 0.00023976573648539667
2024-10-13 04:02:05 - Finish one epoch train: epoch 69, loss: 0.0632, time(s): 80.03
2024-10-13 04:02:07 - train: epoch 70, iter:0, loss: 0.0566, lr: 0.00022676872796319544
2024-10-13 04:02:30 - train: epoch 70, iter:20, loss: 0.0445, lr: 0.00022676872796319544
2024-10-13 04:02:53 - train: epoch 70, iter:40, loss: 0.0598, lr: 0.00022676872796319544
2024-10-13 04:03:16 - train: epoch 70, iter:60, loss: 0.0520, lr: 0.00022676872796319544
2024-10-13 04:03:26 - Finish one epoch train: epoch 70, loss: 0.0618, time(s): 80.27
2024-10-13 04:05:18 - idx 0 case case0008 mean_dice 0.491070 mean_hd95 18.002640
2024-10-13 04:06:26 - idx 1 case case0022 mean_dice 0.602343 mean_hd95 43.668618
2024-10-13 04:07:40 - idx 2 case case0038 mean_dice 0.589472 mean_hd95 27.299629
2024-10-13 04:10:12 - idx 3 case case0036 mean_dice 0.620123 mean_hd95 47.697362
2024-10-13 04:11:59 - idx 4 case case0032 mean_dice 0.671534 mean_hd95 21.144216
2024-10-13 04:13:46 - idx 5 case case0002 mean_dice 0.741716 mean_hd95 21.847203
2024-10-13 04:15:01 - idx 6 case case0029 mean_dice 0.465603 mean_hd95 47.710069
2024-10-13 04:17:42 - idx 7 case case0003 mean_dice 0.400613 mean_hd95 80.287875
2024-10-13 04:19:38 - idx 8 case case0001 mean_dice 0.591829 mean_hd95 37.388177
2024-10-13 04:21:25 - idx 9 case case0004 mean_dice 0.582298 mean_hd95 59.040699
2024-10-13 04:22:24 - idx 10 case case0025 mean_dice 0.312516 mean_hd95 30.505618
2024-10-13 04:23:26 - idx 11 case case0035 mean_dice 0.745340 mean_hd95 10.116559
2024-10-13 04:23:26 - Mean class 1 mean_dice 0.770212 mean_hd95 10.409131
2024-10-13 04:23:26 - Mean class 2 mean_dice 0.577374 mean_hd95 53.415728
2024-10-13 04:23:26 - Mean class 3 mean_dice 0.510831 mean_hd95 12.509094
2024-10-13 04:23:26 - Mean class 4 mean_dice 0.659705 mean_hd95 73.564176
2024-10-13 04:23:26 - Mean class 5 mean_dice 0.879966 mean_hd95 79.369569
2024-10-13 04:23:26 - Mean class 6 mean_dice 0.319327 mean_hd95 17.151477
2024-10-13 04:23:26 - Mean class 7 mean_dice 0.410469 mean_hd95 20.185909
2024-10-13 04:23:26 - Mean class 8 mean_dice 0.415087 mean_hd95 29.867360
2024-10-13 04:23:26 - val epoch: 70, mean_dice: 0.5678714247762725, mean_hd95: 37.0590554884461, time(s): 1200.55
2024-10-13 04:23:28 - train: epoch 71, iter:0, loss: 0.0488, lr: 0.00021404630011522598
2024-10-13 04:23:52 - train: epoch 71, iter:20, loss: 0.0519, lr: 0.00021404630011522598
2024-10-13 04:24:15 - train: epoch 71, iter:40, loss: 0.0631, lr: 0.00021404630011522598
2024-10-13 04:24:38 - train: epoch 71, iter:60, loss: 0.0579, lr: 0.00021404630011522598
2024-10-13 04:24:47 - Finish one epoch train: epoch 71, loss: 0.0557, time(s): 80.17
2024-10-13 04:24:50 - train: epoch 72, iter:0, loss: 0.0584, lr: 0.00020161100844177672
2024-10-13 04:25:13 - train: epoch 72, iter:20, loss: 0.0512, lr: 0.00020161100844177672
2024-10-13 04:25:36 - train: epoch 72, iter:40, loss: 0.0554, lr: 0.00020161100844177672
2024-10-13 04:25:59 - train: epoch 72, iter:60, loss: 0.0502, lr: 0.00020161100844177672
2024-10-13 04:26:08 - Finish one epoch train: epoch 72, loss: 0.0595, time(s): 79.80
2024-10-13 04:26:10 - train: epoch 73, iter:0, loss: 0.0492, lr: 0.0001894751250743987
2024-10-13 04:26:33 - train: epoch 73, iter:20, loss: 0.0556, lr: 0.0001894751250743987
2024-10-13 04:26:56 - train: epoch 73, iter:40, loss: 0.0616, lr: 0.0001894751250743987
2024-10-13 04:27:19 - train: epoch 73, iter:60, loss: 0.0532, lr: 0.0001894751250743987
2024-10-13 04:27:29 - Finish one epoch train: epoch 73, loss: 0.0717, time(s): 79.70
2024-10-13 04:27:31 - train: epoch 74, iter:0, loss: 0.0514, lr: 0.00017765062666479255
2024-10-13 04:27:54 - train: epoch 74, iter:20, loss: 0.0495, lr: 0.00017765062666479255
2024-10-13 04:28:17 - train: epoch 74, iter:40, loss: 0.0576, lr: 0.00017765062666479255
2024-10-13 04:28:40 - train: epoch 74, iter:60, loss: 0.0833, lr: 0.00017765062666479255
2024-10-13 04:28:49 - Finish one epoch train: epoch 74, loss: 0.0669, time(s): 79.80
2024-10-13 04:28:51 - train: epoch 75, iter:0, loss: 0.0495, lr: 0.0001661491825652992
2024-10-13 04:29:15 - train: epoch 75, iter:20, loss: 0.0471, lr: 0.0001661491825652992
2024-10-13 04:29:38 - train: epoch 75, iter:40, loss: 0.0465, lr: 0.0001661491825652992
2024-10-13 04:30:01 - train: epoch 75, iter:60, loss: 0.0517, lr: 0.0001661491825652992
2024-10-13 04:30:11 - Finish one epoch train: epoch 75, loss: 0.0698, time(s): 80.36
2024-10-13 04:30:13 - train: epoch 76, iter:0, loss: 0.0488, lr: 0.00015498214331265912
2024-10-13 04:30:36 - train: epoch 76, iter:20, loss: 0.0550, lr: 0.00015498214331265912
2024-10-13 04:31:00 - train: epoch 76, iter:40, loss: 0.0611, lr: 0.00015498214331265912
2024-10-13 04:31:23 - train: epoch 76, iter:60, loss: 0.0951, lr: 0.00015498214331265912
2024-10-13 04:31:32 - Finish one epoch train: epoch 76, loss: 0.0645, time(s): 81.17
2024-10-13 04:31:35 - train: epoch 77, iter:0, loss: 0.1647, lr: 0.00014416052942640148
2024-10-13 04:32:00 - train: epoch 77, iter:20, loss: 0.0555, lr: 0.00014416052942640148
2024-10-13 04:32:26 - train: epoch 77, iter:40, loss: 0.0524, lr: 0.00014416052942640148
2024-10-13 04:32:52 - train: epoch 77, iter:60, loss: 0.0590, lr: 0.00014416052942640148
2024-10-13 04:33:02 - Finish one epoch train: epoch 77, loss: 0.0600, time(s): 89.11
2024-10-13 04:33:04 - train: epoch 78, iter:0, loss: 0.0531, lr: 0.00013369502053292258
2024-10-13 04:33:28 - train: epoch 78, iter:20, loss: 0.0461, lr: 0.00013369502053292258
2024-10-13 04:33:51 - train: epoch 78, iter:40, loss: 0.0480, lr: 0.00013369502053292258
2024-10-13 04:34:14 - train: epoch 78, iter:60, loss: 0.0488, lr: 0.00013369502053292258
2024-10-13 04:34:24 - Finish one epoch train: epoch 78, loss: 0.0579, time(s): 80.49
2024-10-13 04:34:26 - train: epoch 79, iter:0, loss: 0.0475, lr: 0.00012359594482598446
2024-10-13 04:34:49 - train: epoch 79, iter:20, loss: 0.0586, lr: 0.00012359594482598446
2024-10-13 04:35:12 - train: epoch 79, iter:40, loss: 0.0497, lr: 0.00012359594482598446
2024-10-13 04:35:35 - train: epoch 79, iter:60, loss: 0.0479, lr: 0.00012359594482598446
2024-10-13 04:35:45 - Finish one epoch train: epoch 79, loss: 0.0544, time(s): 80.51
2024-10-13 04:35:47 - train: epoch 80, iter:0, loss: 0.0482, lr: 0.00011387326887403332
2024-10-13 04:36:10 - train: epoch 80, iter:20, loss: 0.0600, lr: 0.00011387326887403332
2024-10-13 04:36:33 - train: epoch 80, iter:40, loss: 0.0415, lr: 0.00011387326887403332
2024-10-13 04:36:56 - train: epoch 80, iter:60, loss: 0.0504, lr: 0.00011387326887403332
2024-10-13 04:37:06 - Finish one epoch train: epoch 80, loss: 0.0726, time(s): 79.56
2024-10-13 04:38:56 - idx 0 case case0008 mean_dice 0.451934 mean_hd95 17.781925
2024-10-13 04:40:04 - idx 1 case case0022 mean_dice 0.544695 mean_hd95 59.467927
2024-10-13 04:41:17 - idx 2 case case0038 mean_dice 0.523778 mean_hd95 59.175149
2024-10-13 04:43:45 - idx 3 case case0036 mean_dice 0.576027 mean_hd95 64.884339
2024-10-13 04:45:36 - idx 4 case case0032 mean_dice 0.665793 mean_hd95 21.284185
2024-10-13 04:47:25 - idx 5 case case0002 mean_dice 0.731636 mean_hd95 24.705460
2024-10-13 04:48:41 - idx 6 case case0029 mean_dice 0.435654 mean_hd95 63.376273
2024-10-13 04:51:23 - idx 7 case case0003 mean_dice 0.361049 mean_hd95 111.033152
2024-10-13 04:53:22 - idx 8 case case0001 mean_dice 0.579745 mean_hd95 37.576424
2024-10-13 04:55:12 - idx 9 case case0004 mean_dice 0.575835 mean_hd95 63.597189
2024-10-13 04:56:10 - idx 10 case case0025 mean_dice 0.315489 mean_hd95 42.802467
2024-10-13 04:57:16 - idx 11 case case0035 mean_dice 0.713317 mean_hd95 14.432975
2024-10-13 04:57:16 - Mean class 1 mean_dice 0.758271 mean_hd95 12.147125
2024-10-13 04:57:16 - Mean class 2 mean_dice 0.535405 mean_hd95 97.432099
2024-10-13 04:57:16 - Mean class 3 mean_dice 0.494927 mean_hd95 24.447435
2024-10-13 04:57:16 - Mean class 4 mean_dice 0.654242 mean_hd95 73.975506
2024-10-13 04:57:16 - Mean class 5 mean_dice 0.876760 mean_hd95 77.854550
2024-10-13 04:57:16 - Mean class 6 mean_dice 0.193742 mean_hd95 41.308332
2024-10-13 04:57:16 - Mean class 7 mean_dice 0.445076 mean_hd95 24.486864
2024-10-13 04:57:16 - Mean class 8 mean_dice 0.358211 mean_hd95 35.093065
2024-10-13 04:57:16 - val epoch: 80, mean_dice: 0.539579421794461, mean_hd95: 48.34312209392381, time(s): 1210.02
2024-10-13 04:57:18 - train: epoch 81, iter:0, loss: 0.0477, lr: 0.00010453658778440112
2024-10-13 04:57:41 - train: epoch 81, iter:20, loss: 0.0502, lr: 0.00010453658778440112
2024-10-13 04:58:04 - train: epoch 81, iter:40, loss: 0.0502, lr: 0.00010453658778440112
2024-10-13 04:58:27 - train: epoch 81, iter:60, loss: 0.0551, lr: 0.00010453658778440112
2024-10-13 04:58:36 - Finish one epoch train: epoch 81, loss: 0.0561, time(s): 79.74
2024-10-13 04:58:38 - train: epoch 82, iter:0, loss: 0.0478, lr: 9.5595115734092e-05
2024-10-13 04:59:03 - train: epoch 82, iter:20, loss: 0.0412, lr: 9.5595115734092e-05
2024-10-13 04:59:26 - train: epoch 82, iter:40, loss: 0.0491, lr: 9.5595115734092e-05
2024-10-13 04:59:50 - train: epoch 82, iter:60, loss: 0.0600, lr: 9.5595115734092e-05
2024-10-13 04:59:59 - Finish one epoch train: epoch 82, loss: 0.0553, time(s): 82.27
2024-10-13 05:00:01 - train: epoch 83, iter:0, loss: 0.0413, lr: 8.705767687650269e-05
2024-10-13 05:00:24 - train: epoch 83, iter:20, loss: 0.0440, lr: 8.705767687650269e-05
2024-10-13 05:00:48 - train: epoch 83, iter:40, loss: 0.0474, lr: 8.705767687650269e-05
2024-10-13 05:01:11 - train: epoch 83, iter:60, loss: 0.0512, lr: 8.705767687650269e-05
2024-10-13 05:01:21 - Finish one epoch train: epoch 83, loss: 0.0649, time(s): 80.97
2024-10-13 05:01:23 - train: epoch 84, iter:0, loss: 0.1072, lr: 7.893269663304787e-05
2024-10-13 05:01:47 - train: epoch 84, iter:20, loss: 0.0518, lr: 7.893269663304787e-05
2024-10-13 05:02:09 - train: epoch 84, iter:40, loss: 0.0515, lr: 7.893269663304787e-05
2024-10-13 05:02:33 - train: epoch 84, iter:60, loss: 0.0484, lr: 7.893269663304787e-05
2024-10-13 05:02:42 - Finish one epoch train: epoch 84, loss: 0.0655, time(s): 80.39
2024-10-13 05:02:44 - train: epoch 85, iter:0, loss: 0.0486, lr: 7.122819337828756e-05
2024-10-13 05:03:08 - train: epoch 85, iter:20, loss: 0.0498, lr: 7.122819337828756e-05
2024-10-13 05:03:31 - train: epoch 85, iter:40, loss: 0.0503, lr: 7.122819337828756e-05
2024-10-13 05:03:54 - train: epoch 85, iter:60, loss: 0.0446, lr: 7.122819337828756e-05
2024-10-13 05:04:04 - Finish one epoch train: epoch 85, loss: 0.0627, time(s): 80.81
2024-10-13 05:04:06 - train: epoch 86, iter:0, loss: 0.0435, lr: 6.395177052675798e-05
2024-10-13 05:04:29 - train: epoch 86, iter:20, loss: 0.0579, lr: 6.395177052675798e-05
2024-10-13 05:04:57 - train: epoch 86, iter:40, loss: 0.0528, lr: 6.395177052675798e-05
2024-10-13 05:05:26 - train: epoch 86, iter:60, loss: 0.0586, lr: 6.395177052675798e-05
2024-10-13 05:05:38 - Finish one epoch train: epoch 86, loss: 0.0597, time(s): 93.31
2024-10-13 05:05:40 - train: epoch 87, iter:0, loss: 0.0640, lr: 5.711060902932045e-05
2024-10-13 05:06:04 - train: epoch 87, iter:20, loss: 0.0473, lr: 5.711060902932045e-05
2024-10-13 05:06:27 - train: epoch 87, iter:40, loss: 0.0424, lr: 5.711060902932045e-05
2024-10-13 05:06:50 - train: epoch 87, iter:60, loss: 0.0515, lr: 5.711060902932045e-05
2024-10-13 05:06:59 - Finish one epoch train: epoch 87, loss: 0.0583, time(s): 80.60
2024-10-13 05:07:01 - train: epoch 88, iter:0, loss: 0.0530, lr: 5.071146028642948e-05
2024-10-13 05:07:25 - train: epoch 88, iter:20, loss: 0.0453, lr: 5.071146028642948e-05
2024-10-13 05:07:48 - train: epoch 88, iter:40, loss: 0.0727, lr: 5.071146028642948e-05
2024-10-13 05:08:11 - train: epoch 88, iter:60, loss: 0.0483, lr: 5.071146028642948e-05
2024-10-13 05:08:21 - Finish one epoch train: epoch 88, loss: 0.0598, time(s): 80.54
2024-10-13 05:08:23 - train: epoch 89, iter:0, loss: 0.0459, lr: 4.476063948531561e-05
2024-10-13 05:08:46 - train: epoch 89, iter:20, loss: 0.0472, lr: 4.476063948531561e-05
2024-10-13 05:09:10 - train: epoch 89, iter:40, loss: 0.1551, lr: 4.476063948531561e-05
2024-10-13 05:09:33 - train: epoch 89, iter:60, loss: 0.0379, lr: 4.476063948531561e-05
2024-10-13 05:09:42 - Finish one epoch train: epoch 89, loss: 0.0611, time(s): 80.48
2024-10-13 05:09:44 - train: epoch 90, iter:0, loss: 0.0538, lr: 3.9264019367658426e-05
2024-10-13 05:10:08 - train: epoch 90, iter:20, loss: 0.0447, lr: 3.9264019367658426e-05
2024-10-13 05:10:31 - train: epoch 90, iter:40, loss: 0.0765, lr: 3.9264019367658426e-05
2024-10-13 05:10:54 - train: epoch 90, iter:60, loss: 0.1565, lr: 3.9264019367658426e-05
2024-10-13 05:11:04 - Finish one epoch train: epoch 90, loss: 0.0584, time(s): 81.54
2024-10-13 05:13:05 - idx 0 case case0008 mean_dice 0.431673 mean_hd95 21.482418
2024-10-13 05:14:14 - idx 1 case case0022 mean_dice 0.482649 mean_hd95 63.143151
2024-10-13 05:15:38 - idx 2 case case0038 mean_dice 0.508258 mean_hd95 59.835286
2024-10-13 05:18:16 - idx 3 case case0036 mean_dice 0.548361 mean_hd95 66.615528
2024-10-13 05:20:14 - idx 4 case case0032 mean_dice 0.648476 mean_hd95 22.587117
2024-10-13 05:22:07 - idx 5 case case0002 mean_dice 0.715129 mean_hd95 24.882723
2024-10-13 05:23:25 - idx 6 case case0029 mean_dice 0.438591 mean_hd95 52.612210
2024-10-13 05:26:11 - idx 7 case case0003 mean_dice 0.372384 mean_hd95 109.709524
2024-10-13 05:28:12 - idx 8 case case0001 mean_dice 0.574597 mean_hd95 39.200629
2024-10-13 05:30:09 - idx 9 case case0004 mean_dice 0.540016 mean_hd95 66.680048
2024-10-13 05:31:07 - idx 10 case case0025 mean_dice 0.322368 mean_hd95 37.227337
2024-10-13 05:32:11 - idx 11 case case0035 mean_dice 0.709370 mean_hd95 13.972527
2024-10-13 05:32:11 - Mean class 1 mean_dice 0.771705 mean_hd95 11.148805
2024-10-13 05:32:11 - Mean class 2 mean_dice 0.534857 mean_hd95 95.427140
2024-10-13 05:32:11 - Mean class 3 mean_dice 0.479764 mean_hd95 24.023008
2024-10-13 05:32:11 - Mean class 4 mean_dice 0.657223 mean_hd95 74.321633
2024-10-13 05:32:11 - Mean class 5 mean_dice 0.872524 mean_hd95 79.464650
2024-10-13 05:32:11 - Mean class 6 mean_dice 0.142018 mean_hd95 37.701891
2024-10-13 05:32:11 - Mean class 7 mean_dice 0.435367 mean_hd95 21.886344
2024-10-13 05:32:11 - Mean class 8 mean_dice 0.301122 mean_hd95 41.325528
2024-10-13 05:32:11 - val epoch: 90, mean_dice: 0.5243227080104627, mean_hd95: 48.1623748887584, time(s): 1267.03
2024-10-13 05:32:13 - train: epoch 91, iter:0, loss: 0.0500, lr: 3.4227024433899026e-05
2024-10-13 05:32:37 - train: epoch 91, iter:20, loss: 0.0475, lr: 3.4227024433899026e-05
2024-10-13 05:33:00 - train: epoch 91, iter:40, loss: 0.0437, lr: 3.4227024433899026e-05
2024-10-13 05:33:23 - train: epoch 91, iter:60, loss: 0.0474, lr: 3.4227024433899026e-05
2024-10-13 05:33:33 - Finish one epoch train: epoch 91, loss: 0.0645, time(s): 80.39
2024-10-13 05:33:35 - train: epoch 92, iter:0, loss: 0.0435, lr: 2.9654625589913258e-05
2024-10-13 05:33:57 - train: epoch 92, iter:20, loss: 0.0504, lr: 2.9654625589913258e-05
2024-10-13 05:34:21 - train: epoch 92, iter:40, loss: 0.0445, lr: 2.9654625589913258e-05
2024-10-13 05:34:44 - train: epoch 92, iter:60, loss: 0.0488, lr: 2.9654625589913258e-05
2024-10-13 05:34:53 - Finish one epoch train: epoch 92, loss: 0.0563, time(s): 79.69
2024-10-13 05:34:55 - train: epoch 93, iter:0, loss: 0.0537, lr: 2.5551335241327692e-05
2024-10-13 05:35:19 - train: epoch 93, iter:20, loss: 0.0479, lr: 2.5551335241327692e-05
2024-10-13 05:35:44 - train: epoch 93, iter:40, loss: 0.0415, lr: 2.5551335241327692e-05
2024-10-13 05:36:08 - train: epoch 93, iter:60, loss: 0.0503, lr: 2.5551335241327692e-05
2024-10-13 05:36:18 - Finish one epoch train: epoch 93, loss: 0.0586, time(s): 84.26
2024-10-13 05:36:21 - train: epoch 94, iter:0, loss: 0.0486, lr: 2.192120284032009e-05
2024-10-13 05:36:44 - train: epoch 94, iter:20, loss: 0.0369, lr: 2.192120284032009e-05
2024-10-13 05:37:08 - train: epoch 94, iter:40, loss: 0.0449, lr: 2.192120284032009e-05
2024-10-13 05:37:31 - train: epoch 94, iter:60, loss: 0.0505, lr: 2.192120284032009e-05
2024-10-13 05:37:41 - Finish one epoch train: epoch 94, loss: 0.0602, time(s): 81.43
2024-10-13 05:37:43 - train: epoch 95, iter:0, loss: 0.0564, lr: 1.8767810889299096e-05
2024-10-13 05:38:06 - train: epoch 95, iter:20, loss: 0.0491, lr: 1.8767810889299096e-05
2024-10-13 05:38:29 - train: epoch 95, iter:40, loss: 0.0496, lr: 1.8767810889299096e-05
2024-10-13 05:38:53 - train: epoch 95, iter:60, loss: 0.0488, lr: 1.8767810889299096e-05
2024-10-13 05:39:03 - Finish one epoch train: epoch 95, loss: 0.0606, time(s): 80.89
2024-10-13 05:39:04 - train: epoch 96, iter:0, loss: 0.0443, lr: 1.609427140540687e-05
2024-10-13 05:39:28 - train: epoch 96, iter:20, loss: 0.0430, lr: 1.609427140540687e-05
2024-10-13 05:39:51 - train: epoch 96, iter:40, loss: 0.0476, lr: 1.609427140540687e-05
2024-10-13 05:40:14 - train: epoch 96, iter:60, loss: 0.0428, lr: 1.609427140540687e-05
2024-10-13 05:40:23 - Finish one epoch train: epoch 96, loss: 0.0581, time(s): 79.51
2024-10-13 05:40:25 - train: epoch 97, iter:0, loss: 0.0728, lr: 1.3903222849333514e-05
2024-10-13 05:40:48 - train: epoch 97, iter:20, loss: 0.0528, lr: 1.3903222849333514e-05
2024-10-13 05:41:12 - train: epoch 97, iter:40, loss: 0.0420, lr: 1.3903222849333514e-05
2024-10-13 05:41:36 - train: epoch 97, iter:60, loss: 0.0499, lr: 1.3903222849333514e-05
2024-10-13 05:41:45 - Finish one epoch train: epoch 97, loss: 0.0491, time(s): 81.28
2024-10-13 05:41:47 - train: epoch 98, iter:0, loss: 0.0458, lr: 1.2196827521475406e-05
2024-10-13 05:42:11 - train: epoch 98, iter:20, loss: 0.0503, lr: 1.2196827521475406e-05
2024-10-13 05:42:35 - train: epoch 98, iter:40, loss: 0.0663, lr: 1.2196827521475406e-05
2024-10-13 05:42:59 - train: epoch 98, iter:60, loss: 0.0441, lr: 1.2196827521475406e-05
2024-10-13 05:43:09 - Finish one epoch train: epoch 98, loss: 0.0592, time(s): 82.49
2024-10-13 05:43:11 - train: epoch 99, iter:0, loss: 0.0474, lr: 1.097676942800558e-05
2024-10-13 05:43:34 - train: epoch 99, iter:20, loss: 0.0518, lr: 1.097676942800558e-05
2024-10-13 05:43:57 - train: epoch 99, iter:40, loss: 0.0424, lr: 1.097676942800558e-05
2024-10-13 05:44:21 - train: epoch 99, iter:60, loss: 0.0384, lr: 1.097676942800558e-05
2024-10-13 05:44:30 - Finish one epoch train: epoch 99, loss: 0.0597, time(s): 81.00
2024-10-13 05:44:33 - train: epoch 100, iter:0, loss: 0.0495, lr: 1.024425261896286e-05
2024-10-13 05:44:56 - train: epoch 100, iter:20, loss: 0.0471, lr: 1.024425261896286e-05
2024-10-13 05:45:19 - train: epoch 100, iter:40, loss: 0.1559, lr: 1.024425261896286e-05
2024-10-13 05:45:43 - train: epoch 100, iter:60, loss: 0.0445, lr: 1.024425261896286e-05
2024-10-13 05:45:52 - Finish one epoch train: epoch 100, loss: 0.0540, time(s): 81.20
2024-10-13 05:47:53 - idx 0 case case0008 mean_dice 0.412399 mean_hd95 24.846981
2024-10-13 05:49:00 - idx 1 case case0022 mean_dice 0.496733 mean_hd95 62.532271
2024-10-13 05:50:16 - idx 2 case case0038 mean_dice 0.498309 mean_hd95 60.942691
2024-10-13 05:52:52 - idx 3 case case0036 mean_dice 0.540647 mean_hd95 66.568778
2024-10-13 05:54:46 - idx 4 case case0032 mean_dice 0.638767 mean_hd95 22.481253
2024-10-13 05:56:43 - idx 5 case case0002 mean_dice 0.692045 mean_hd95 25.467557
2024-10-13 05:57:58 - idx 6 case case0029 mean_dice 0.422518 mean_hd95 62.911488
2024-10-13 06:00:40 - idx 7 case case0003 mean_dice 0.356701 mean_hd95 112.289211
2024-10-13 06:02:44 - idx 8 case case0001 mean_dice 0.553723 mean_hd95 39.705799
2024-10-13 06:04:33 - idx 9 case case0004 mean_dice 0.499238 mean_hd95 66.916484
2024-10-13 06:05:29 - idx 10 case case0025 mean_dice 0.312672 mean_hd95 38.485551
2024-10-13 06:06:30 - idx 11 case case0035 mean_dice 0.700836 mean_hd95 15.350585
2024-10-13 06:06:30 - Mean class 1 mean_dice 0.755064 mean_hd95 12.105499
2024-10-13 06:06:30 - Mean class 2 mean_dice 0.538970 mean_hd95 94.511761
2024-10-13 06:06:30 - Mean class 3 mean_dice 0.473740 mean_hd95 24.123977
2024-10-13 06:06:30 - Mean class 4 mean_dice 0.646852 mean_hd95 76.635081
2024-10-13 06:06:30 - Mean class 5 mean_dice 0.874191 mean_hd95 78.732452
2024-10-13 06:06:30 - Mean class 6 mean_dice 0.139121 mean_hd95 47.880577
2024-10-13 06:06:30 - Mean class 7 mean_dice 0.343914 mean_hd95 24.100465
2024-10-13 06:06:30 - Mean class 8 mean_dice 0.311206 mean_hd95 40.909285
2024-10-13 06:06:30 - val epoch: 100, mean_dice: 0.5103823785973493, mean_hd95: 49.874887290022, time(s): 1237.72
2024-10-13 06:06:32 - train: epoch 101, iter:0, loss: 0.0457, lr: 1e-05
2024-10-13 06:06:58 - train: epoch 101, iter:20, loss: 0.0456, lr: 1e-05
2024-10-13 06:07:23 - train: epoch 101, iter:40, loss: 0.0418, lr: 1e-05
2024-10-13 06:07:46 - train: epoch 101, iter:60, loss: 0.0480, lr: 1e-05
2024-10-13 06:07:55 - Finish one epoch train: epoch 101, loss: 0.0579, time(s): 83.91
2024-10-13 06:07:57 - train: epoch 102, iter:0, loss: 0.0492, lr: 1.0244252618962858e-05
2024-10-13 06:08:20 - train: epoch 102, iter:20, loss: 0.0519, lr: 1.0244252618962858e-05
2024-10-13 06:08:44 - train: epoch 102, iter:40, loss: 0.0499, lr: 1.0244252618962858e-05
2024-10-13 06:09:07 - train: epoch 102, iter:60, loss: 0.0508, lr: 1.0244252618962858e-05
2024-10-13 06:09:17 - Finish one epoch train: epoch 102, loss: 0.0539, time(s): 81.21
2024-10-13 06:09:19 - train: epoch 103, iter:0, loss: 0.0530, lr: 1.0976769428005577e-05
2024-10-13 06:09:42 - train: epoch 103, iter:20, loss: 0.0497, lr: 1.0976769428005577e-05
2024-10-13 06:10:06 - train: epoch 103, iter:40, loss: 0.0458, lr: 1.0976769428005577e-05
2024-10-13 06:10:30 - train: epoch 103, iter:60, loss: 0.0412, lr: 1.0976769428005577e-05
2024-10-13 06:10:39 - Finish one epoch train: epoch 103, loss: 0.0602, time(s): 81.21
2024-10-13 06:10:41 - train: epoch 104, iter:0, loss: 0.0427, lr: 1.2196827521475397e-05
2024-10-13 06:11:04 - train: epoch 104, iter:20, loss: 0.0468, lr: 1.2196827521475397e-05
2024-10-13 06:11:28 - train: epoch 104, iter:40, loss: 0.0567, lr: 1.2196827521475397e-05
2024-10-13 06:11:51 - train: epoch 104, iter:60, loss: 0.0444, lr: 1.2196827521475397e-05
2024-10-13 06:12:00 - Finish one epoch train: epoch 104, loss: 0.0512, time(s): 80.47
2024-10-13 06:12:02 - train: epoch 105, iter:0, loss: 0.0510, lr: 1.3903222849333442e-05
2024-10-13 06:12:26 - train: epoch 105, iter:20, loss: 0.0436, lr: 1.3903222849333442e-05
2024-10-13 06:12:49 - train: epoch 105, iter:40, loss: 0.1129, lr: 1.3903222849333442e-05
2024-10-13 06:13:13 - train: epoch 105, iter:60, loss: 0.0427, lr: 1.3903222849333442e-05
2024-10-13 06:13:22 - Finish one epoch train: epoch 105, loss: 0.0518, time(s): 81.28
2024-10-13 06:13:24 - train: epoch 106, iter:0, loss: 0.0420, lr: 1.6094271405406787e-05
2024-10-13 06:13:48 - train: epoch 106, iter:20, loss: 0.0516, lr: 1.6094271405406787e-05
2024-10-13 06:14:12 - train: epoch 106, iter:40, loss: 0.0521, lr: 1.6094271405406787e-05
2024-10-13 06:14:35 - train: epoch 106, iter:60, loss: 0.0518, lr: 1.6094271405406787e-05
2024-10-13 06:14:44 - Finish one epoch train: epoch 106, loss: 0.0654, time(s): 80.92
2024-10-13 06:14:46 - train: epoch 107, iter:0, loss: 0.0448, lr: 1.8767810889299113e-05
2024-10-13 06:15:09 - train: epoch 107, iter:20, loss: 0.0441, lr: 1.8767810889299113e-05
2024-10-13 06:15:33 - train: epoch 107, iter:40, loss: 0.1510, lr: 1.8767810889299113e-05
2024-10-13 06:15:58 - train: epoch 107, iter:60, loss: 0.0449, lr: 1.8767810889299113e-05
2024-10-13 06:16:07 - Finish one epoch train: epoch 107, loss: 0.0512, time(s): 82.09
2024-10-13 06:16:09 - train: epoch 108, iter:0, loss: 0.0488, lr: 2.1921202840319986e-05
2024-10-13 06:16:33 - train: epoch 108, iter:20, loss: 0.0494, lr: 2.1921202840319986e-05
2024-10-13 06:16:57 - train: epoch 108, iter:40, loss: 0.0470, lr: 2.1921202840319986e-05
2024-10-13 06:17:19 - train: epoch 108, iter:60, loss: 0.0426, lr: 2.1921202840319986e-05
2024-10-13 06:17:29 - Finish one epoch train: epoch 108, loss: 0.0613, time(s): 81.17
2024-10-13 06:17:31 - train: epoch 109, iter:0, loss: 0.0464, lr: 2.5551335241327516e-05
2024-10-13 06:17:55 - train: epoch 109, iter:20, loss: 0.0448, lr: 2.5551335241327516e-05
2024-10-13 06:18:18 - train: epoch 109, iter:40, loss: 0.0443, lr: 2.5551335241327516e-05
2024-10-13 06:18:41 - train: epoch 109, iter:60, loss: 0.0542, lr: 2.5551335241327516e-05
2024-10-13 06:18:51 - Finish one epoch train: epoch 109, loss: 0.0536, time(s): 80.95
2024-10-13 06:18:53 - train: epoch 110, iter:0, loss: 0.0496, lr: 2.9654625589913068e-05
2024-10-13 06:19:16 - train: epoch 110, iter:20, loss: 0.0506, lr: 2.9654625589913068e-05
2024-10-13 06:19:40 - train: epoch 110, iter:40, loss: 0.0472, lr: 2.9654625589913068e-05
2024-10-13 06:20:03 - train: epoch 110, iter:60, loss: 0.0435, lr: 2.9654625589913068e-05
2024-10-13 06:20:13 - Finish one epoch train: epoch 110, loss: 0.0530, time(s): 80.76
2024-10-13 06:22:16 - idx 0 case case0008 mean_dice 0.418991 mean_hd95 21.148128
2024-10-13 06:23:28 - idx 1 case case0022 mean_dice 0.494600 mean_hd95 63.850383
2024-10-13 06:24:48 - idx 2 case case0038 mean_dice 0.510420 mean_hd95 57.489369
2024-10-13 06:27:21 - idx 3 case case0036 mean_dice 0.536160 mean_hd95 66.273483
2024-10-13 06:29:14 - idx 4 case case0032 mean_dice 0.638622 mean_hd95 23.457297
2024-10-13 06:31:08 - idx 5 case case0002 mean_dice 0.707251 mean_hd95 25.112025
2024-10-13 06:32:27 - idx 6 case case0029 mean_dice 0.429982 mean_hd95 63.127423
2024-10-13 06:35:10 - idx 7 case case0003 mean_dice 0.358648 mean_hd95 109.612641
2024-10-13 06:37:15 - idx 8 case case0001 mean_dice 0.550462 mean_hd95 39.067793
2024-10-13 06:39:08 - idx 9 case case0004 mean_dice 0.505072 mean_hd95 66.296732
2024-10-13 06:40:08 - idx 10 case case0025 mean_dice 0.296046 mean_hd95 40.432917
2024-10-13 06:41:13 - idx 11 case case0035 mean_dice 0.708124 mean_hd95 13.520233
2024-10-13 06:41:13 - Mean class 1 mean_dice 0.748891 mean_hd95 12.578659
2024-10-13 06:41:13 - Mean class 2 mean_dice 0.549246 mean_hd95 95.963130
2024-10-13 06:41:13 - Mean class 3 mean_dice 0.467345 mean_hd95 24.862418
2024-10-13 06:41:13 - Mean class 4 mean_dice 0.650552 mean_hd95 75.522524
2024-10-13 06:41:13 - Mean class 5 mean_dice 0.880028 mean_hd95 74.796975
2024-10-13 06:41:13 - Mean class 6 mean_dice 0.152217 mean_hd95 43.942838
2024-10-13 06:41:13 - Mean class 7 mean_dice 0.363727 mean_hd95 23.305943
2024-10-13 06:41:13 - Mean class 8 mean_dice 0.290913 mean_hd95 41.953129
2024-10-13 06:41:13 - val epoch: 110, mean_dice: 0.5128647684466258, mean_hd95: 49.1157020042485, time(s): 1260.22
2024-10-13 06:41:15 - train: epoch 111, iter:0, loss: 0.0543, lr: 3.422702443389888e-05
2024-10-13 06:41:38 - train: epoch 111, iter:20, loss: 0.0481, lr: 3.422702443389888e-05
2024-10-13 06:42:02 - train: epoch 111, iter:40, loss: 0.0446, lr: 3.422702443389888e-05
2024-10-13 06:42:25 - train: epoch 111, iter:60, loss: 0.0459, lr: 3.422702443389888e-05
2024-10-13 06:42:34 - Finish one epoch train: epoch 111, loss: 0.0628, time(s): 80.73
2024-10-13 06:42:37 - train: epoch 112, iter:0, loss: 0.0542, lr: 3.926401936765832e-05
2024-10-13 06:43:00 - train: epoch 112, iter:20, loss: 0.0508, lr: 3.926401936765832e-05
2024-10-13 06:43:23 - train: epoch 112, iter:40, loss: 0.0561, lr: 3.926401936765832e-05
2024-10-13 06:43:46 - train: epoch 112, iter:60, loss: 0.0465, lr: 3.926401936765832e-05
2024-10-13 06:43:56 - Finish one epoch train: epoch 112, loss: 0.0512, time(s): 80.77
2024-10-13 06:43:58 - train: epoch 113, iter:0, loss: 0.0500, lr: 4.476063948531543e-05
2024-10-13 06:44:21 - train: epoch 113, iter:20, loss: 0.0434, lr: 4.476063948531543e-05
2024-10-13 06:44:44 - train: epoch 113, iter:40, loss: 0.0500, lr: 4.476063948531543e-05
2024-10-13 06:45:08 - train: epoch 113, iter:60, loss: 0.0520, lr: 4.476063948531543e-05
2024-10-13 06:45:17 - Finish one epoch train: epoch 113, loss: 0.0555, time(s): 80.08
2024-10-13 06:45:19 - train: epoch 114, iter:0, loss: 0.0472, lr: 5.071146028642916e-05
2024-10-13 06:45:42 - train: epoch 114, iter:20, loss: 0.0423, lr: 5.071146028642916e-05
2024-10-13 06:46:06 - train: epoch 114, iter:40, loss: 0.0541, lr: 5.071146028642916e-05
2024-10-13 06:46:29 - train: epoch 114, iter:60, loss: 0.0451, lr: 5.071146028642916e-05
2024-10-13 06:46:39 - Finish one epoch train: epoch 114, loss: 0.0529, time(s): 81.41
2024-10-13 06:46:41 - train: epoch 115, iter:0, loss: 0.1472, lr: 5.711060902932011e-05
2024-10-13 06:47:04 - train: epoch 115, iter:20, loss: 0.0504, lr: 5.711060902932011e-05
2024-10-13 06:47:27 - train: epoch 115, iter:40, loss: 0.0683, lr: 5.711060902932011e-05
2024-10-13 06:47:51 - train: epoch 115, iter:60, loss: 0.0519, lr: 5.711060902932011e-05
2024-10-13 06:48:00 - Finish one epoch train: epoch 115, loss: 0.0547, time(s): 80.47
2024-10-13 06:48:02 - train: epoch 116, iter:0, loss: 0.0398, lr: 6.395177052675783e-05
2024-10-13 06:48:26 - train: epoch 116, iter:20, loss: 0.0519, lr: 6.395177052675783e-05
2024-10-13 06:48:49 - train: epoch 116, iter:40, loss: 0.0460, lr: 6.395177052675783e-05
2024-10-13 06:49:13 - train: epoch 116, iter:60, loss: 0.0416, lr: 6.395177052675783e-05
2024-10-13 06:49:22 - Finish one epoch train: epoch 116, loss: 0.0531, time(s): 81.20
2024-10-13 06:49:24 - train: epoch 117, iter:0, loss: 0.0412, lr: 7.122819337828739e-05
2024-10-13 06:49:47 - train: epoch 117, iter:20, loss: 0.0532, lr: 7.122819337828739e-05
2024-10-13 06:50:11 - train: epoch 117, iter:40, loss: 0.0477, lr: 7.122819337828739e-05
2024-10-13 06:50:36 - train: epoch 117, iter:60, loss: 0.0464, lr: 7.122819337828739e-05
2024-10-13 06:50:45 - Finish one epoch train: epoch 117, loss: 0.0575, time(s): 82.01
2024-10-13 06:50:47 - train: epoch 118, iter:0, loss: 0.0508, lr: 7.893269663304767e-05
2024-10-13 06:51:11 - train: epoch 118, iter:20, loss: 0.0463, lr: 7.893269663304767e-05
2024-10-13 06:51:34 - train: epoch 118, iter:40, loss: 0.0506, lr: 7.893269663304767e-05
2024-10-13 06:51:57 - train: epoch 118, iter:60, loss: 0.0466, lr: 7.893269663304767e-05
2024-10-13 06:52:07 - Finish one epoch train: epoch 118, loss: 0.0633, time(s): 80.97
2024-10-13 06:52:09 - train: epoch 119, iter:0, loss: 0.0525, lr: 8.705767687650224e-05
2024-10-13 06:52:33 - train: epoch 119, iter:20, loss: 0.0443, lr: 8.705767687650224e-05
2024-10-13 06:52:56 - train: epoch 119, iter:40, loss: 0.0475, lr: 8.705767687650224e-05
2024-10-13 06:53:19 - train: epoch 119, iter:60, loss: 0.0453, lr: 8.705767687650224e-05
2024-10-13 06:53:29 - Finish one epoch train: epoch 119, loss: 0.0519, time(s): 81.30
2024-10-13 06:53:31 - train: epoch 120, iter:0, loss: 0.0420, lr: 9.559511573409151e-05
2024-10-13 06:53:55 - train: epoch 120, iter:20, loss: 0.0555, lr: 9.559511573409151e-05
2024-10-13 06:54:19 - train: epoch 120, iter:40, loss: 0.0420, lr: 9.559511573409151e-05
2024-10-13 06:54:42 - train: epoch 120, iter:60, loss: 0.0445, lr: 9.559511573409151e-05
2024-10-13 06:54:51 - Finish one epoch train: epoch 120, loss: 0.0545, time(s): 81.35
2024-10-13 06:56:55 - idx 0 case case0008 mean_dice 0.410838 mean_hd95 23.779665
2024-10-13 06:58:07 - idx 1 case case0022 mean_dice 0.469588 mean_hd95 64.168922
2024-10-13 06:59:26 - idx 2 case case0038 mean_dice 0.485980 mean_hd95 59.205237
2024-10-13 07:02:07 - idx 3 case case0036 mean_dice 0.530888 mean_hd95 76.674339
2024-10-13 07:04:07 - idx 4 case case0032 mean_dice 0.627798 mean_hd95 41.743142
2024-10-13 07:06:07 - idx 5 case case0002 mean_dice 0.685229 mean_hd95 25.211429
2024-10-13 07:07:20 - idx 6 case case0029 mean_dice 0.415004 mean_hd95 64.903199
2024-10-13 07:10:10 - idx 7 case case0003 mean_dice 0.357524 mean_hd95 115.567211
2024-10-13 07:12:08 - idx 8 case case0001 mean_dice 0.527515 mean_hd95 42.029352
2024-10-13 07:14:00 - idx 9 case case0004 mean_dice 0.490423 mean_hd95 65.098825
2024-10-13 07:15:01 - idx 10 case case0025 mean_dice 0.288760 mean_hd95 44.977676
2024-10-13 07:16:02 - idx 11 case case0035 mean_dice 0.689923 mean_hd95 15.292979
2024-10-13 07:16:02 - Mean class 1 mean_dice 0.761509 mean_hd95 17.632120
2024-10-13 07:16:02 - Mean class 2 mean_dice 0.542007 mean_hd95 94.797736
2024-10-13 07:16:02 - Mean class 3 mean_dice 0.434601 mean_hd95 27.171928
2024-10-13 07:16:02 - Mean class 4 mean_dice 0.651055 mean_hd95 82.736140
2024-10-13 07:16:02 - Mean class 5 mean_dice 0.871837 mean_hd95 76.844996
2024-10-13 07:16:02 - Mean class 6 mean_dice 0.124185 mean_hd95 49.601434
2024-10-13 07:16:02 - Mean class 7 mean_dice 0.315050 mean_hd95 28.971964
2024-10-13 07:16:02 - Mean class 8 mean_dice 0.286069 mean_hd95 48.011667
2024-10-13 07:16:02 - val epoch: 120, mean_dice: 0.49828915933296636, mean_hd95: 53.220998092909305, time(s): 1270.61
2024-10-13 07:16:04 - train: epoch 121, iter:0, loss: 0.0517, lr: 0.00010453658778440054
2024-10-13 07:16:28 - train: epoch 121, iter:20, loss: 0.0511, lr: 0.00010453658778440054
2024-10-13 07:16:51 - train: epoch 121, iter:40, loss: 0.0509, lr: 0.00010453658778440054
2024-10-13 07:17:15 - train: epoch 121, iter:60, loss: 0.0494, lr: 0.00010453658778440054
2024-10-13 07:17:24 - Finish one epoch train: epoch 121, loss: 0.0619, time(s): 81.10
2024-10-13 07:17:26 - train: epoch 122, iter:0, loss: 0.0994, lr: 0.00011387326887403295
2024-10-13 07:17:49 - train: epoch 122, iter:20, loss: 0.0519, lr: 0.00011387326887403295
2024-10-13 07:18:12 - train: epoch 122, iter:40, loss: 0.0516, lr: 0.00011387326887403295
2024-10-13 07:18:35 - train: epoch 122, iter:60, loss: 0.0431, lr: 0.00011387326887403295
2024-10-13 07:18:45 - Finish one epoch train: epoch 122, loss: 0.0604, time(s): 80.64
2024-10-13 07:18:47 - train: epoch 123, iter:0, loss: 0.0441, lr: 0.00012359594482598397
2024-10-13 07:19:10 - train: epoch 123, iter:20, loss: 0.0497, lr: 0.00012359594482598397
2024-10-13 07:19:34 - train: epoch 123, iter:40, loss: 0.0516, lr: 0.00012359594482598397
2024-10-13 07:19:57 - train: epoch 123, iter:60, loss: 0.1559, lr: 0.00012359594482598397
2024-10-13 07:20:06 - Finish one epoch train: epoch 123, loss: 0.0539, time(s): 80.04
2024-10-13 07:20:09 - train: epoch 124, iter:0, loss: 0.0432, lr: 0.00013369502053292207
2024-10-13 07:20:32 - train: epoch 124, iter:20, loss: 0.0493, lr: 0.00013369502053292207
2024-10-13 07:20:57 - train: epoch 124, iter:40, loss: 0.0440, lr: 0.00013369502053292207
2024-10-13 07:21:20 - train: epoch 124, iter:60, loss: 0.0421, lr: 0.00013369502053292207
2024-10-13 07:21:30 - Finish one epoch train: epoch 124, loss: 0.0546, time(s): 82.46
2024-10-13 07:21:32 - train: epoch 125, iter:0, loss: 0.0520, lr: 0.00014416052942640078
2024-10-13 07:21:55 - train: epoch 125, iter:20, loss: 0.0468, lr: 0.00014416052942640078
2024-10-13 07:22:18 - train: epoch 125, iter:40, loss: 0.0507, lr: 0.00014416052942640078
2024-10-13 07:22:41 - train: epoch 125, iter:60, loss: 0.0504, lr: 0.00014416052942640078
2024-10-13 07:22:51 - Finish one epoch train: epoch 125, loss: 0.0644, time(s): 80.27
2024-10-13 07:22:53 - train: epoch 126, iter:0, loss: 0.0440, lr: 0.00015498214331265836
2024-10-13 07:23:17 - train: epoch 126, iter:20, loss: 0.0463, lr: 0.00015498214331265836
2024-10-13 07:23:39 - train: epoch 126, iter:40, loss: 0.0498, lr: 0.00015498214331265836
2024-10-13 07:24:03 - train: epoch 126, iter:60, loss: 0.0527, lr: 0.00015498214331265836
2024-10-13 07:24:12 - Finish one epoch train: epoch 126, loss: 0.0656, time(s): 80.46
2024-10-13 07:24:14 - train: epoch 127, iter:0, loss: 0.0431, lr: 0.00016614918256529866
2024-10-13 07:24:37 - train: epoch 127, iter:20, loss: 0.0465, lr: 0.00016614918256529866
2024-10-13 07:25:00 - train: epoch 127, iter:40, loss: 0.0526, lr: 0.00016614918256529866
2024-10-13 07:25:23 - train: epoch 127, iter:60, loss: 0.0449, lr: 0.00016614918256529866
2024-10-13 07:25:33 - Finish one epoch train: epoch 127, loss: 0.0581, time(s): 79.74
2024-10-13 07:25:34 - train: epoch 128, iter:0, loss: 0.0462, lr: 0.0001776506266647918
2024-10-13 07:25:58 - train: epoch 128, iter:20, loss: 0.0424, lr: 0.0001776506266647918
2024-10-13 07:26:21 - train: epoch 128, iter:40, loss: 0.0438, lr: 0.0001776506266647918
2024-10-13 07:26:44 - train: epoch 128, iter:60, loss: 0.0583, lr: 0.0001776506266647918
2024-10-13 07:26:53 - Finish one epoch train: epoch 128, loss: 0.0500, time(s): 79.60
2024-10-13 07:26:55 - train: epoch 129, iter:0, loss: 0.0478, lr: 0.00018947512507439814
2024-10-13 07:27:18 - train: epoch 129, iter:20, loss: 0.0396, lr: 0.00018947512507439814
2024-10-13 07:27:42 - train: epoch 129, iter:40, loss: 0.0464, lr: 0.00018947512507439814
2024-10-13 07:28:05 - train: epoch 129, iter:60, loss: 0.0521, lr: 0.00018947512507439814
2024-10-13 07:28:15 - Finish one epoch train: epoch 129, loss: 0.0565, time(s): 81.70
2024-10-13 07:28:17 - train: epoch 130, iter:0, loss: 0.0477, lr: 0.00020161100844177606
2024-10-13 07:28:41 - train: epoch 130, iter:20, loss: 0.0459, lr: 0.00020161100844177606
2024-10-13 07:29:06 - train: epoch 130, iter:40, loss: 0.0488, lr: 0.00020161100844177606
2024-10-13 07:29:30 - train: epoch 130, iter:60, loss: 0.0545, lr: 0.00020161100844177606
2024-10-13 07:29:39 - Finish one epoch train: epoch 130, loss: 0.0535, time(s): 82.54
2024-10-13 07:31:35 - idx 0 case case0008 mean_dice 0.404204 mean_hd95 24.435605
2024-10-13 07:32:45 - idx 1 case case0022 mean_dice 0.501519 mean_hd95 45.902461
2024-10-13 07:34:04 - idx 2 case case0038 mean_dice 0.532520 mean_hd95 32.198514
2024-10-13 07:36:40 - idx 3 case case0036 mean_dice 0.537057 mean_hd95 51.771809
2024-10-13 07:38:36 - idx 4 case case0032 mean_dice 0.625247 mean_hd95 48.301302
2024-10-13 07:40:25 - idx 5 case case0002 mean_dice 0.711951 mean_hd95 26.536306
2024-10-13 07:41:32 - idx 6 case case0029 mean_dice 0.408128 mean_hd95 44.574054
2024-10-13 07:44:16 - idx 7 case case0003 mean_dice 0.360747 mean_hd95 106.153449
2024-10-13 07:46:18 - idx 8 case case0001 mean_dice 0.539952 mean_hd95 44.698407
2024-10-13 07:48:14 - idx 9 case case0004 mean_dice 0.516903 mean_hd95 49.723071
2024-10-13 07:49:11 - idx 10 case case0025 mean_dice 0.299323 mean_hd95 32.917305
2024-10-13 07:50:13 - idx 11 case case0035 mean_dice 0.701115 mean_hd95 10.823026
2024-10-13 07:50:13 - Mean class 1 mean_dice 0.774165 mean_hd95 14.195777
2024-10-13 07:50:13 - Mean class 2 mean_dice 0.542247 mean_hd95 45.320226
2024-10-13 07:50:13 - Mean class 3 mean_dice 0.468980 mean_hd95 24.650723
2024-10-13 07:50:13 - Mean class 4 mean_dice 0.650062 mean_hd95 86.575115
2024-10-13 07:50:13 - Mean class 5 mean_dice 0.888761 mean_hd95 67.049785
2024-10-13 07:50:13 - Mean class 6 mean_dice 0.130650 mean_hd95 32.971087
2024-10-13 07:50:13 - Mean class 7 mean_dice 0.409704 mean_hd95 19.348926
2024-10-13 07:50:13 - Mean class 8 mean_dice 0.227876 mean_hd95 55.245235
2024-10-13 07:50:13 - val epoch: 130, mean_dice: 0.5115555994848734, mean_hd95: 43.16960905350541, time(s): 1234.26
2024-10-13 07:50:15 - train: epoch 131, iter:0, loss: 0.0482, lr: 0.00021404630011522514
2024-10-13 07:50:39 - train: epoch 131, iter:20, loss: 0.0470, lr: 0.00021404630011522514
2024-10-13 07:51:02 - train: epoch 131, iter:40, loss: 0.0520, lr: 0.00021404630011522514
2024-10-13 07:51:25 - train: epoch 131, iter:60, loss: 0.0471, lr: 0.00021404630011522514
2024-10-13 07:51:36 - Finish one epoch train: epoch 131, loss: 0.0667, time(s): 81.76
2024-10-13 07:51:37 - train: epoch 132, iter:0, loss: 0.0814, lr: 0.00022676872796319457
2024-10-13 07:52:00 - train: epoch 132, iter:20, loss: 0.0495, lr: 0.00022676872796319457
2024-10-13 07:52:24 - train: epoch 132, iter:40, loss: 0.0456, lr: 0.00022676872796319457
2024-10-13 07:52:47 - train: epoch 132, iter:60, loss: 0.0484, lr: 0.00022676872796319457
2024-10-13 07:52:56 - Finish one epoch train: epoch 132, loss: 0.0616, time(s): 79.81
2024-10-13 07:52:58 - train: epoch 133, iter:0, loss: 0.0399, lr: 0.00023976573648539618
2024-10-13 07:53:21 - train: epoch 133, iter:20, loss: 0.0603, lr: 0.00023976573648539618
2024-10-13 07:53:44 - train: epoch 133, iter:40, loss: 0.0523, lr: 0.00023976573648539618
2024-10-13 07:54:08 - train: epoch 133, iter:60, loss: 0.1443, lr: 0.00023976573648539618
2024-10-13 07:54:17 - Finish one epoch train: epoch 133, loss: 0.0585, time(s): 80.22
2024-10-13 07:54:19 - train: epoch 134, iter:0, loss: 0.0554, lr: 0.0002530244992035656
2024-10-13 07:54:43 - train: epoch 134, iter:20, loss: 0.0494, lr: 0.0002530244992035656
2024-10-13 07:55:06 - train: epoch 134, iter:40, loss: 0.0484, lr: 0.0002530244992035656
2024-10-13 07:55:30 - train: epoch 134, iter:60, loss: 0.0499, lr: 0.0002530244992035656
2024-10-13 07:55:39 - Finish one epoch train: epoch 134, loss: 0.0712, time(s): 81.49
2024-10-13 07:55:42 - train: epoch 135, iter:0, loss: 0.0570, lr: 0.0002665319313196503
2024-10-13 07:56:05 - train: epoch 135, iter:20, loss: 0.0442, lr: 0.0002665319313196503
2024-10-13 07:56:28 - train: epoch 135, iter:40, loss: 0.0534, lr: 0.0002665319313196503
2024-10-13 07:56:52 - train: epoch 135, iter:60, loss: 0.1485, lr: 0.0002665319313196503
2024-10-13 07:57:02 - Finish one epoch train: epoch 135, loss: 0.0613, time(s): 80.93
2024-10-13 07:57:03 - train: epoch 136, iter:0, loss: 0.0597, lr: 0.00028027470262892353
2024-10-13 07:57:27 - train: epoch 136, iter:20, loss: 0.0643, lr: 0.00028027470262892353
2024-10-13 07:57:50 - train: epoch 136, iter:40, loss: 0.1571, lr: 0.00028027470262892353
2024-10-13 07:58:14 - train: epoch 136, iter:60, loss: 0.0608, lr: 0.00028027470262892353
2024-10-13 07:58:23 - Finish one epoch train: epoch 136, loss: 0.0714, time(s): 80.83
2024-10-13 07:58:25 - train: epoch 137, iter:0, loss: 0.0526, lr: 0.0002942392506752885
2024-10-13 07:58:49 - train: epoch 137, iter:20, loss: 0.0521, lr: 0.0002942392506752885
2024-10-13 07:59:12 - train: epoch 137, iter:40, loss: 0.0521, lr: 0.0002942392506752885
2024-10-13 07:59:35 - train: epoch 137, iter:60, loss: 0.1287, lr: 0.0002942392506752885
2024-10-13 07:59:44 - Finish one epoch train: epoch 137, loss: 0.0656, time(s): 80.28
2024-10-13 07:59:46 - train: epoch 138, iter:0, loss: 0.0649, lr: 0.00030841179413578293
2024-10-13 08:00:10 - train: epoch 138, iter:20, loss: 0.0627, lr: 0.00030841179413578293
2024-10-13 08:00:34 - train: epoch 138, iter:40, loss: 0.0783, lr: 0.00030841179413578293
2024-10-13 08:00:58 - train: epoch 138, iter:60, loss: 0.0535, lr: 0.00030841179413578293
2024-10-13 08:01:08 - Finish one epoch train: epoch 138, loss: 0.0718, time(s): 83.05
2024-10-13 08:01:10 - train: epoch 139, iter:0, loss: 0.0618, lr: 0.0003227783464210836
2024-10-13 08:01:34 - train: epoch 139, iter:20, loss: 0.0502, lr: 0.0003227783464210836
2024-10-13 08:01:57 - train: epoch 139, iter:40, loss: 0.0561, lr: 0.0003227783464210836
2024-10-13 08:02:20 - train: epoch 139, iter:60, loss: 0.0598, lr: 0.0003227783464210836
2024-10-13 08:02:30 - Finish one epoch train: epoch 139, loss: 0.0706, time(s): 80.92
2024-10-13 08:02:32 - train: epoch 140, iter:0, loss: 0.0553, lr: 0.0003373247294785799
2024-10-13 08:02:56 - train: epoch 140, iter:20, loss: 0.0594, lr: 0.0003373247294785799
2024-10-13 08:03:19 - train: epoch 140, iter:40, loss: 0.0560, lr: 0.0003373247294785799
2024-10-13 08:03:42 - train: epoch 140, iter:60, loss: 0.0538, lr: 0.0003373247294785799
2024-10-13 08:03:52 - Finish one epoch train: epoch 140, loss: 0.0658, time(s): 81.31
2024-10-13 08:06:00 - idx 0 case case0008 mean_dice 0.500400 mean_hd95 21.545269
2024-10-13 08:07:17 - idx 1 case case0022 mean_dice 0.476565 mean_hd95 69.589291
2024-10-13 08:08:35 - idx 2 case case0038 mean_dice 0.522582 mean_hd95 62.164136
2024-10-13 08:11:14 - idx 3 case case0036 mean_dice 0.487227 mean_hd95 84.437306
2024-10-13 08:13:16 - idx 4 case case0032 mean_dice 0.616277 mean_hd95 42.591172
2024-10-13 08:15:13 - idx 5 case case0002 mean_dice 0.688545 mean_hd95 21.993303
2024-10-13 08:16:30 - idx 6 case case0029 mean_dice 0.445524 mean_hd95 49.450915
2024-10-13 08:19:16 - idx 7 case case0003 mean_dice 0.319611 mean_hd95 111.835682
2024-10-13 08:21:22 - idx 8 case case0001 mean_dice 0.531707 mean_hd95 42.088162
2024-10-13 08:23:16 - idx 9 case case0004 mean_dice 0.513517 mean_hd95 64.649661
2024-10-13 08:24:17 - idx 10 case case0025 mean_dice 0.300167 mean_hd95 60.179877
2024-10-13 08:25:25 - idx 11 case case0035 mean_dice 0.727282 mean_hd95 17.139304
2024-10-13 08:25:25 - Mean class 1 mean_dice 0.776539 mean_hd95 19.533754
2024-10-13 08:25:25 - Mean class 2 mean_dice 0.527338 mean_hd95 110.926039
2024-10-13 08:25:25 - Mean class 3 mean_dice 0.400305 mean_hd95 28.104319
2024-10-13 08:25:25 - Mean class 4 mean_dice 0.633499 mean_hd95 94.423676
2024-10-13 08:25:25 - Mean class 5 mean_dice 0.853229 mean_hd95 86.659362
2024-10-13 08:25:25 - Mean class 6 mean_dice 0.290578 mean_hd95 26.215943
2024-10-13 08:25:25 - Mean class 7 mean_dice 0.228079 mean_hd95 31.453991
2024-10-13 08:25:25 - Mean class 8 mean_dice 0.376701 mean_hd95 34.458969
2024-10-13 08:25:25 - val epoch: 140, mean_dice: 0.5107836388519706, mean_hd95: 53.972006508190816, time(s): 1293.38
2024-10-13 08:25:27 - train: epoch 141, iter:0, loss: 0.0568, lr: 0.0003520365877844
2024-10-13 08:25:50 - train: epoch 141, iter:20, loss: 0.0564, lr: 0.0003520365877844
