2024-10-13 11:07:03 - #----------Config info----------#
2024-10-13 11:07:03 - network: vmunet,
2024-10-13 11:07:03 - model_config: {'num_classes': 9, 'input_channels': 3, 'depths': [2, 2, 2, 2], 'depths_decoder': [2, 2, 2, 1], 'drop_path_rate': 0.2, 'load_ckpt_path': '/root/autodl-tmp/Medical_Project/data/pre_trained_weights/vmamba_small_e238_ema.pth'},
2024-10-13 11:07:03 - datasets_name: synapse,
2024-10-13 11:07:03 - input_size_h: 224,
2024-10-13 11:07:03 - input_size_w: 224,
2024-10-13 11:07:03 - data_path: /root/autodl-tmp/Medical_Project/data/synapse/project_TransUNet/data/Synapse/train_npz,
2024-10-13 11:07:03 - datasets: <class 'datasets.dataset.Synapse_dataset'>,
2024-10-13 11:07:03 - list_dir: /root/autodl-tmp/Medical_Project/data/synapse/project_TransUNet/TransUNet/lists/lists_Synapse,
2024-10-13 11:07:03 - volume_path: /root/autodl-tmp/Medical_Project/data/synapse/project_TransUNet/data/Synapse/test_vol_h5,
2024-10-13 11:07:03 - pretrained_path: ,
2024-10-13 11:07:03 - num_classes: 9,
2024-10-13 11:07:03 - loss_weight: [1, 1],
2024-10-13 11:07:03 - criterion: CeDiceLoss(
  (celoss): CrossEntropyLoss()
  (diceloss): nDiceLoss()
),
2024-10-13 11:07:03 - z_spacing: 1,
2024-10-13 11:07:03 - input_channels: 3,
2024-10-13 11:07:03 - distributed: False,
2024-10-13 11:07:03 - local_rank: -1,
2024-10-13 11:07:03 - num_workers: 0,
2024-10-13 11:07:03 - seed: 2222,
2024-10-13 11:07:03 - world_size: None,
2024-10-13 11:07:03 - rank: None,
2024-10-13 11:07:03 - amp: False,
2024-10-13 11:07:03 - batch_size: 32,
2024-10-13 11:07:03 - epochs: 100,
2024-10-13 11:07:03 - work_dir: results/vmunet_synapse_Sunday_13_October_2024_11h_07m_03s/,
2024-10-13 11:07:03 - print_interval: 20,
2024-10-13 11:07:03 - val_interval: 10,
2024-10-13 11:07:03 - test_weights_path: ,
2024-10-13 11:07:03 - threshold: 0.5,
2024-10-13 11:07:03 - opt: AdamW,
2024-10-13 11:07:03 - lr: 0.001,
2024-10-13 11:07:03 - betas: (0.9, 0.999),
2024-10-13 11:07:03 - eps: 1e-08,
2024-10-13 11:07:03 - weight_decay: 0.01,
2024-10-13 11:07:03 - amsgrad: False,
2024-10-13 11:07:03 - sch: CosineAnnealingLR,
2024-10-13 11:07:03 - T_max: 100,
2024-10-13 11:07:03 - eta_min: 1e-05,
2024-10-13 11:07:03 - last_epoch: -1,
2024-10-13 11:07:06 - train: epoch 1, iter:0, loss: 3.6762, lr: 0.001
2024-10-13 11:07:29 - train: epoch 1, iter:20, loss: 0.9434, lr: 0.001
2024-10-13 11:07:53 - train: epoch 1, iter:40, loss: 0.8255, lr: 0.001
2024-10-13 11:08:16 - train: epoch 1, iter:60, loss: 0.6696, lr: 0.001
2024-10-13 11:08:25 - Finish one epoch train: epoch 1, loss: 0.9397, time(s): 80.48
2024-10-13 11:08:27 - train: epoch 2, iter:0, loss: 0.7581, lr: 0.0009997557473810372
2024-10-13 11:08:50 - train: epoch 2, iter:20, loss: 0.6315, lr: 0.0009997557473810372
2024-10-13 11:09:13 - train: epoch 2, iter:40, loss: 0.5378, lr: 0.0009997557473810372
2024-10-13 11:09:36 - train: epoch 2, iter:60, loss: 0.4641, lr: 0.0009997557473810372
2024-10-13 11:09:46 - Finish one epoch train: epoch 2, loss: 0.5801, time(s): 79.84
2024-10-13 11:09:48 - train: epoch 3, iter:0, loss: 0.4207, lr: 0.0009990232305719946
2024-10-13 11:10:11 - train: epoch 3, iter:20, loss: 0.4953, lr: 0.0009990232305719946
2024-10-13 11:10:34 - train: epoch 3, iter:40, loss: 0.4134, lr: 0.0009990232305719946
2024-10-13 11:10:57 - train: epoch 3, iter:60, loss: 0.3916, lr: 0.0009990232305719946
2024-10-13 11:11:06 - Finish one epoch train: epoch 3, loss: 0.4325, time(s): 79.27
2024-10-13 11:11:08 - train: epoch 4, iter:0, loss: 0.3657, lr: 0.0009978031724785247
2024-10-13 11:11:31 - train: epoch 4, iter:20, loss: 0.3505, lr: 0.0009978031724785247
2024-10-13 11:11:54 - train: epoch 4, iter:40, loss: 0.3158, lr: 0.0009978031724785247
2024-10-13 11:12:17 - train: epoch 4, iter:60, loss: 0.3221, lr: 0.0009978031724785247
2024-10-13 11:12:26 - Finish one epoch train: epoch 4, loss: 0.3211, time(s): 79.27
2024-10-13 11:12:28 - train: epoch 5, iter:0, loss: 0.2999, lr: 0.0009960967771506667
2024-10-13 11:12:52 - train: epoch 5, iter:20, loss: 0.3150, lr: 0.0009960967771506667
2024-10-13 11:13:14 - train: epoch 5, iter:40, loss: 0.2466, lr: 0.0009960967771506667
2024-10-13 11:13:38 - train: epoch 5, iter:60, loss: 0.2324, lr: 0.0009960967771506667
2024-10-13 11:13:47 - Finish one epoch train: epoch 5, loss: 0.2781, time(s): 79.84
2024-10-13 11:13:49 - train: epoch 6, iter:0, loss: 0.2445, lr: 0.0009939057285945933
2024-10-13 11:14:12 - train: epoch 6, iter:20, loss: 0.2330, lr: 0.0009939057285945933
2024-10-13 11:14:35 - train: epoch 6, iter:40, loss: 0.3057, lr: 0.0009939057285945933
2024-10-13 11:14:58 - train: epoch 6, iter:60, loss: 0.3066, lr: 0.0009939057285945933
2024-10-13 11:15:07 - Finish one epoch train: epoch 6, loss: 0.2426, time(s): 79.20
2024-10-13 11:15:09 - train: epoch 7, iter:0, loss: 0.2244, lr: 0.0009912321891107012
2024-10-13 11:15:33 - train: epoch 7, iter:20, loss: 0.1480, lr: 0.0009912321891107012
2024-10-13 11:15:55 - train: epoch 7, iter:40, loss: 0.2349, lr: 0.0009912321891107012
2024-10-13 11:16:18 - train: epoch 7, iter:60, loss: 0.2150, lr: 0.0009912321891107012
2024-10-13 11:16:28 - Finish one epoch train: epoch 7, loss: 0.2031, time(s): 79.38
2024-10-13 11:16:30 - train: epoch 8, iter:0, loss: 0.2592, lr: 0.0009880787971596802
2024-10-13 11:16:53 - train: epoch 8, iter:20, loss: 0.1663, lr: 0.0009880787971596802
2024-10-13 11:17:15 - train: epoch 8, iter:40, loss: 0.1689, lr: 0.0009880787971596802
2024-10-13 11:17:38 - train: epoch 8, iter:60, loss: 0.1628, lr: 0.0009880787971596802
2024-10-13 11:17:48 - Finish one epoch train: epoch 8, loss: 0.1957, time(s): 78.86
2024-10-13 11:17:50 - train: epoch 9, iter:0, loss: 0.1801, lr: 0.0009844486647586726
2024-10-13 11:18:13 - train: epoch 9, iter:20, loss: 0.1828, lr: 0.0009844486647586726
2024-10-13 11:18:36 - train: epoch 9, iter:40, loss: 0.1486, lr: 0.0009844486647586726
2024-10-13 11:18:58 - train: epoch 9, iter:60, loss: 0.1624, lr: 0.0009844486647586726
2024-10-13 11:19:08 - Finish one epoch train: epoch 9, loss: 0.1776, time(s): 79.33
2024-10-13 11:19:10 - train: epoch 10, iter:0, loss: 0.1680, lr: 0.000980345374410087
2024-10-13 11:19:34 - train: epoch 10, iter:20, loss: 0.1648, lr: 0.000980345374410087
2024-10-13 11:19:57 - train: epoch 10, iter:40, loss: 0.2585, lr: 0.000980345374410087
2024-10-13 11:20:20 - train: epoch 10, iter:60, loss: 0.1406, lr: 0.000980345374410087
2024-10-13 11:20:30 - Finish one epoch train: epoch 10, loss: 0.1689, time(s): 81.17
2024-10-13 11:22:17 - idx 0 case case0008 mean_dice 0.491415 mean_hd95 30.535145
2024-10-13 11:23:25 - idx 1 case case0022 mean_dice 0.770579 mean_hd95 19.164179
2024-10-13 11:24:40 - idx 2 case case0038 mean_dice 0.658181 mean_hd95 32.522969
2024-10-13 11:27:14 - idx 3 case case0036 mean_dice 0.701410 mean_hd95 25.515534
2024-10-13 11:29:05 - idx 4 case case0032 mean_dice 0.788127 mean_hd95 12.088018
2024-10-13 11:30:51 - idx 5 case case0002 mean_dice 0.712144 mean_hd95 56.087527
2024-10-13 11:32:08 - idx 6 case case0029 mean_dice 0.602228 mean_hd95 64.934857
2024-10-13 11:34:48 - idx 7 case case0003 mean_dice 0.588018 mean_hd95 99.293137
2024-10-13 11:36:43 - idx 8 case case0001 mean_dice 0.703412 mean_hd95 30.624501
2024-10-13 11:38:28 - idx 9 case case0004 mean_dice 0.635825 mean_hd95 20.148604
2024-10-13 11:39:26 - idx 10 case case0025 mean_dice 0.509523 mean_hd95 20.443647
2024-10-13 11:40:29 - idx 11 case case0035 mean_dice 0.734843 mean_hd95 11.894527
2024-10-13 11:40:29 - Mean class 1 mean_dice 0.773900 mean_hd95 7.967792
2024-10-13 11:40:29 - Mean class 2 mean_dice 0.520118 mean_hd95 51.441165
2024-10-13 11:40:29 - Mean class 3 mean_dice 0.669833 mean_hd95 35.348756
2024-10-13 11:40:29 - Mean class 4 mean_dice 0.617432 mean_hd95 36.933152
2024-10-13 11:40:29 - Mean class 5 mean_dice 0.869879 mean_hd95 51.737250
2024-10-13 11:40:29 - Mean class 6 mean_dice 0.391237 mean_hd95 26.169949
2024-10-13 11:40:29 - Mean class 7 mean_dice 0.816874 mean_hd95 44.166659
2024-10-13 11:40:29 - Mean class 8 mean_dice 0.604529 mean_hd95 28.403705
2024-10-13 11:40:29 - val epoch: 10, mean_dice: 0.6579753361417376, mean_hd95: 35.27105359972454, time(s): 1198.65
2024-10-13 11:40:31 - train: epoch 11, iter:0, loss: 0.2208, lr: 0.0009757729755661012
2024-10-13 11:40:54 - train: epoch 11, iter:20, loss: 0.1609, lr: 0.0009757729755661012
2024-10-13 11:41:17 - train: epoch 11, iter:40, loss: 0.2062, lr: 0.0009757729755661012
2024-10-13 11:41:40 - train: epoch 11, iter:60, loss: 0.1868, lr: 0.0009757729755661012
2024-10-13 11:41:49 - Finish one epoch train: epoch 11, loss: 0.1645, time(s): 79.68
2024-10-13 11:41:51 - train: epoch 12, iter:0, loss: 0.1482, lr: 0.0009707359806323418
2024-10-13 11:42:15 - train: epoch 12, iter:20, loss: 0.1277, lr: 0.0009707359806323418
2024-10-13 11:42:39 - train: epoch 12, iter:40, loss: 0.1281, lr: 0.0009707359806323418
2024-10-13 11:43:02 - train: epoch 12, iter:60, loss: 0.1569, lr: 0.0009707359806323418
2024-10-13 11:43:12 - Finish one epoch train: epoch 12, loss: 0.1531, time(s): 81.24
2024-10-13 11:43:14 - train: epoch 13, iter:0, loss: 0.1462, lr: 0.0009652393605146846
2024-10-13 11:43:37 - train: epoch 13, iter:20, loss: 0.1666, lr: 0.0009652393605146846
2024-10-13 11:44:00 - train: epoch 13, iter:40, loss: 0.1187, lr: 0.0009652393605146846
2024-10-13 11:44:24 - train: epoch 13, iter:60, loss: 0.1377, lr: 0.0009652393605146846
2024-10-13 11:44:33 - Finish one epoch train: epoch 13, loss: 0.1467, time(s): 80.51
2024-10-13 11:44:35 - train: epoch 14, iter:0, loss: 0.1247, lr: 0.0009592885397135708
2024-10-13 11:44:58 - train: epoch 14, iter:20, loss: 0.1378, lr: 0.0009592885397135708
2024-10-13 11:45:21 - train: epoch 14, iter:40, loss: 0.1498, lr: 0.0009592885397135708
2024-10-13 11:45:44 - train: epoch 14, iter:60, loss: 0.1049, lr: 0.0009592885397135708
2024-10-13 11:45:54 - Finish one epoch train: epoch 14, loss: 0.1383, time(s): 79.58
2024-10-13 11:45:56 - train: epoch 15, iter:0, loss: 0.1956, lr: 0.0009528893909706799
2024-10-13 11:46:19 - train: epoch 15, iter:20, loss: 0.1229, lr: 0.0009528893909706799
2024-10-13 11:46:42 - train: epoch 15, iter:40, loss: 0.1645, lr: 0.0009528893909706799
2024-10-13 11:47:05 - train: epoch 15, iter:60, loss: 0.1112, lr: 0.0009528893909706799
2024-10-13 11:47:15 - Finish one epoch train: epoch 15, loss: 0.1372, time(s): 79.90
2024-10-13 11:47:17 - train: epoch 16, iter:0, loss: 0.1061, lr: 0.0009460482294732424
2024-10-13 11:47:39 - train: epoch 16, iter:20, loss: 0.1782, lr: 0.0009460482294732424
2024-10-13 11:48:03 - train: epoch 16, iter:40, loss: 0.1052, lr: 0.0009460482294732424
2024-10-13 11:48:26 - train: epoch 16, iter:60, loss: 0.1116, lr: 0.0009460482294732424
2024-10-13 11:48:35 - Finish one epoch train: epoch 16, loss: 0.1335, time(s): 79.38
2024-10-13 11:48:37 - train: epoch 17, iter:0, loss: 0.1113, lr: 0.0009387718066217127
2024-10-13 11:49:00 - train: epoch 17, iter:20, loss: 0.1174, lr: 0.0009387718066217127
2024-10-13 11:49:23 - train: epoch 17, iter:40, loss: 0.1132, lr: 0.0009387718066217127
2024-10-13 11:49:46 - train: epoch 17, iter:60, loss: 0.1382, lr: 0.0009387718066217127
2024-10-13 11:49:55 - Finish one epoch train: epoch 17, loss: 0.1409, time(s): 79.08
2024-10-13 11:49:57 - train: epoch 18, iter:0, loss: 0.1346, lr: 0.0009310673033669524
2024-10-13 11:50:20 - train: epoch 18, iter:20, loss: 0.1210, lr: 0.0009310673033669524
2024-10-13 11:50:43 - train: epoch 18, iter:40, loss: 0.1408, lr: 0.0009310673033669524
2024-10-13 11:51:06 - train: epoch 18, iter:60, loss: 0.1066, lr: 0.0009310673033669524
2024-10-13 11:51:15 - Finish one epoch train: epoch 18, loss: 0.1214, time(s): 78.86
2024-10-13 11:51:17 - train: epoch 19, iter:0, loss: 0.1096, lr: 0.0009229423231234977
2024-10-13 11:51:40 - train: epoch 19, iter:20, loss: 0.1153, lr: 0.0009229423231234977
2024-10-13 11:52:03 - train: epoch 19, iter:40, loss: 0.1346, lr: 0.0009229423231234977
2024-10-13 11:52:25 - train: epoch 19, iter:60, loss: 0.1216, lr: 0.0009229423231234977
2024-10-13 11:52:35 - Finish one epoch train: epoch 19, loss: 0.1238, time(s): 79.13
2024-10-13 11:52:37 - train: epoch 20, iter:0, loss: 0.1027, lr: 0.0009144048842659084
2024-10-13 11:53:00 - train: epoch 20, iter:20, loss: 0.0953, lr: 0.0009144048842659084
2024-10-13 11:53:23 - train: epoch 20, iter:40, loss: 0.1260, lr: 0.0009144048842659084
2024-10-13 11:53:46 - train: epoch 20, iter:60, loss: 0.1003, lr: 0.0009144048842659084
2024-10-13 11:53:55 - Finish one epoch train: epoch 20, loss: 0.1314, time(s): 79.61
2024-10-13 11:55:33 - idx 0 case case0008 mean_dice 0.473828 mean_hd95 12.609991
2024-10-13 11:56:41 - idx 1 case case0022 mean_dice 0.784982 mean_hd95 8.210784
2024-10-13 11:57:48 - idx 2 case case0038 mean_dice 0.716348 mean_hd95 10.320200
2024-10-13 12:00:16 - idx 3 case case0036 mean_dice 0.755143 mean_hd95 10.465904
2024-10-13 12:02:04 - idx 4 case case0032 mean_dice 0.794063 mean_hd95 8.055773
2024-10-13 12:03:49 - idx 5 case case0002 mean_dice 0.820512 mean_hd95 7.735458
2024-10-13 12:05:04 - idx 6 case case0029 mean_dice 0.583401 mean_hd95 39.587028
2024-10-13 12:07:40 - idx 7 case case0003 mean_dice 0.481283 mean_hd95 68.119289
2024-10-13 12:09:32 - idx 8 case case0001 mean_dice 0.681064 mean_hd95 14.106414
2024-10-13 12:11:03 - idx 9 case case0004 mean_dice 0.591430 mean_hd95 15.463979
2024-10-13 12:12:08 - idx 10 case case0025 mean_dice 0.546509 mean_hd95 15.989334
2024-10-13 12:13:10 - idx 11 case case0035 mean_dice 0.772390 mean_hd95 6.536689
2024-10-13 12:13:10 - Mean class 1 mean_dice 0.773550 mean_hd95 7.304711
2024-10-13 12:13:10 - Mean class 2 mean_dice 0.451567 mean_hd95 9.612931
2024-10-13 12:13:10 - Mean class 3 mean_dice 0.713037 mean_hd95 15.543865
2024-10-13 12:13:10 - Mean class 4 mean_dice 0.706148 mean_hd95 19.289106
2024-10-13 12:13:10 - Mean class 5 mean_dice 0.907131 mean_hd95 22.391250
2024-10-13 12:13:10 - Mean class 6 mean_dice 0.314116 mean_hd95 28.652987
2024-10-13 12:13:10 - Mean class 7 mean_dice 0.828348 mean_hd95 20.350429
2024-10-13 12:13:10 - Mean class 8 mean_dice 0.640074 mean_hd95 21.655283
2024-10-13 12:13:10 - val epoch: 20, mean_dice: 0.6667461495208442, mean_hd95: 18.10007026128217, time(s): 1154.95
2024-10-13 12:13:12 - train: epoch 21, iter:0, loss: 0.1193, lr: 0.0009054634122155993
2024-10-13 12:13:35 - train: epoch 21, iter:20, loss: 0.1142, lr: 0.0009054634122155993
2024-10-13 12:13:58 - train: epoch 21, iter:40, loss: 0.1061, lr: 0.0009054634122155993
2024-10-13 12:14:21 - train: epoch 21, iter:60, loss: 0.1075, lr: 0.0009054634122155993
2024-10-13 12:14:30 - Finish one epoch train: epoch 21, loss: 0.1262, time(s): 78.99
2024-10-13 12:14:32 - train: epoch 22, iter:0, loss: 0.1104, lr: 0.000896126731125967
2024-10-13 12:14:55 - train: epoch 22, iter:20, loss: 0.0948, lr: 0.000896126731125967
2024-10-13 12:15:18 - train: epoch 22, iter:40, loss: 0.0920, lr: 0.000896126731125967
2024-10-13 12:15:41 - train: epoch 22, iter:60, loss: 0.0939, lr: 0.000896126731125967
2024-10-13 12:15:50 - Finish one epoch train: epoch 22, loss: 0.1061, time(s): 79.70
2024-10-13 12:15:53 - train: epoch 23, iter:0, loss: 0.0922, lr: 0.000886404055174016
2024-10-13 12:16:15 - train: epoch 23, iter:20, loss: 0.1249, lr: 0.000886404055174016
2024-10-13 12:16:38 - train: epoch 23, iter:40, loss: 0.1165, lr: 0.000886404055174016
2024-10-13 12:17:02 - train: epoch 23, iter:60, loss: 0.1131, lr: 0.000886404055174016
2024-10-13 12:17:11 - Finish one epoch train: epoch 23, loss: 0.1119, time(s): 79.62
2024-10-13 12:17:13 - train: epoch 24, iter:0, loss: 0.1074, lr: 0.0008763049794670778
2024-10-13 12:17:36 - train: epoch 24, iter:20, loss: 0.1170, lr: 0.0008763049794670778
2024-10-13 12:17:59 - train: epoch 24, iter:40, loss: 0.0819, lr: 0.0008763049794670778
2024-10-13 12:18:22 - train: epoch 24, iter:60, loss: 0.1035, lr: 0.0008763049794670778
2024-10-13 12:18:31 - Finish one epoch train: epoch 24, loss: 0.1107, time(s): 79.47
2024-10-13 12:18:33 - train: epoch 25, iter:0, loss: 0.1273, lr: 0.000865839470573599
2024-10-13 12:18:56 - train: epoch 25, iter:20, loss: 0.1193, lr: 0.000865839470573599
2024-10-13 12:19:19 - train: epoch 25, iter:40, loss: 0.0900, lr: 0.000865839470573599
2024-10-13 12:19:42 - train: epoch 25, iter:60, loss: 0.0841, lr: 0.000865839470573599
2024-10-13 12:19:51 - Finish one epoch train: epoch 25, loss: 0.1189, time(s): 79.44
2024-10-13 12:19:53 - train: epoch 26, iter:0, loss: 0.0959, lr: 0.0008550178566873413
2024-10-13 12:20:17 - train: epoch 26, iter:20, loss: 0.0837, lr: 0.0008550178566873413
2024-10-13 12:20:40 - train: epoch 26, iter:40, loss: 0.0994, lr: 0.0008550178566873413
2024-10-13 12:21:03 - train: epoch 26, iter:60, loss: 0.1014, lr: 0.0008550178566873413
2024-10-13 12:21:13 - Finish one epoch train: epoch 26, loss: 0.1108, time(s): 80.46
2024-10-13 12:21:14 - train: epoch 27, iter:0, loss: 0.0891, lr: 0.0008438508174347012
2024-10-13 12:21:38 - train: epoch 27, iter:20, loss: 0.1072, lr: 0.0008438508174347012
2024-10-13 12:22:02 - train: epoch 27, iter:40, loss: 0.0960, lr: 0.0008438508174347012
2024-10-13 12:22:25 - train: epoch 27, iter:60, loss: 0.0936, lr: 0.0008438508174347012
2024-10-13 12:22:34 - Finish one epoch train: epoch 27, loss: 0.1038, time(s): 80.86
2024-10-13 12:22:36 - train: epoch 28, iter:0, loss: 0.0747, lr: 0.000832349373335208
2024-10-13 12:22:59 - train: epoch 28, iter:20, loss: 0.0980, lr: 0.000832349373335208
2024-10-13 12:23:22 - train: epoch 28, iter:40, loss: 0.0737, lr: 0.000832349373335208
2024-10-13 12:23:45 - train: epoch 28, iter:60, loss: 0.0799, lr: 0.000832349373335208
2024-10-13 12:23:55 - Finish one epoch train: epoch 28, loss: 0.0923, time(s): 79.55
2024-10-13 12:23:57 - train: epoch 29, iter:0, loss: 0.0811, lr: 0.0008205248749256018
2024-10-13 12:24:20 - train: epoch 29, iter:20, loss: 0.1007, lr: 0.0008205248749256018
2024-10-13 12:24:43 - train: epoch 29, iter:40, loss: 0.0999, lr: 0.0008205248749256018
2024-10-13 12:25:06 - train: epoch 29, iter:60, loss: 0.0868, lr: 0.0008205248749256018
2024-10-13 12:25:16 - Finish one epoch train: epoch 29, loss: 0.0945, time(s): 80.14
2024-10-13 12:25:18 - train: epoch 30, iter:0, loss: 0.0802, lr: 0.0008083889915582238
2024-10-13 12:25:41 - train: epoch 30, iter:20, loss: 0.0997, lr: 0.0008083889915582238
2024-10-13 12:26:03 - train: epoch 30, iter:40, loss: 0.0859, lr: 0.0008083889915582238
2024-10-13 12:26:26 - train: epoch 30, iter:60, loss: 0.1158, lr: 0.0008083889915582238
2024-10-13 12:26:36 - Finish one epoch train: epoch 30, loss: 0.0966, time(s): 78.88
2024-10-13 12:28:15 - idx 0 case case0008 mean_dice 0.440340 mean_hd95 12.721707
2024-10-13 12:29:22 - idx 1 case case0022 mean_dice 0.720880 mean_hd95 27.950480
2024-10-13 12:30:36 - idx 2 case case0038 mean_dice 0.662257 mean_hd95 27.964820
2024-10-13 12:33:05 - idx 3 case case0036 mean_dice 0.731270 mean_hd95 16.432308
2024-10-13 12:34:57 - idx 4 case case0032 mean_dice 0.808945 mean_hd95 6.287210
2024-10-13 12:36:44 - idx 5 case case0002 mean_dice 0.756101 mean_hd95 26.054062
2024-10-13 12:37:57 - idx 6 case case0029 mean_dice 0.468247 mean_hd95 30.987797
2024-10-13 12:40:35 - idx 7 case case0003 mean_dice 0.486877 mean_hd95 84.846246
2024-10-13 12:42:30 - idx 8 case case0001 mean_dice 0.643145 mean_hd95 20.400585
2024-10-13 12:44:04 - idx 9 case case0004 mean_dice 0.548722 mean_hd95 15.925935
2024-10-13 12:45:07 - idx 10 case case0025 mean_dice 0.485891 mean_hd95 18.173356
2024-10-13 12:46:10 - idx 11 case case0035 mean_dice 0.705318 mean_hd95 9.105103
2024-10-13 12:46:10 - Mean class 1 mean_dice 0.705817 mean_hd95 12.833859
2024-10-13 12:46:10 - Mean class 2 mean_dice 0.497345 mean_hd95 27.810047
2024-10-13 12:46:10 - Mean class 3 mean_dice 0.572902 mean_hd95 31.744247
2024-10-13 12:46:10 - Mean class 4 mean_dice 0.539856 mean_hd95 33.439378
2024-10-13 12:46:10 - Mean class 5 mean_dice 0.902261 mean_hd95 40.557185
2024-10-13 12:46:10 - Mean class 6 mean_dice 0.367973 mean_hd95 25.045564
2024-10-13 12:46:10 - Mean class 7 mean_dice 0.723014 mean_hd95 8.246956
2024-10-13 12:46:10 - Mean class 8 mean_dice 0.662828 mean_hd95 18.222504
2024-10-13 12:46:10 - val epoch: 30, mean_dice: 0.6214994311342459, mean_hd95: 24.73746739820253, time(s): 1174.25
2024-10-13 12:46:12 - train: epoch 31, iter:0, loss: 0.0781, lr: 0.0007959536998847747
2024-10-13 12:46:35 - train: epoch 31, iter:20, loss: 0.0774, lr: 0.0007959536998847747
2024-10-13 12:46:57 - train: epoch 31, iter:40, loss: 0.0762, lr: 0.0007959536998847747
2024-10-13 12:47:20 - train: epoch 31, iter:60, loss: 0.0750, lr: 0.0007959536998847747
2024-10-13 12:47:30 - Finish one epoch train: epoch 31, loss: 0.0897, time(s): 79.05
2024-10-13 12:47:32 - train: epoch 32, iter:0, loss: 0.0824, lr: 0.0007832312720368051
2024-10-13 12:47:55 - train: epoch 32, iter:20, loss: 0.0966, lr: 0.0007832312720368051
2024-10-13 12:48:18 - train: epoch 32, iter:40, loss: 0.1106, lr: 0.0007832312720368051
2024-10-13 12:48:41 - train: epoch 32, iter:60, loss: 0.0824, lr: 0.0007832312720368051
2024-10-13 12:48:50 - Finish one epoch train: epoch 32, loss: 0.0884, time(s): 79.48
2024-10-13 12:48:52 - train: epoch 33, iter:0, loss: 0.0674, lr: 0.0007702342635146037
2024-10-13 12:49:15 - train: epoch 33, iter:20, loss: 0.0768, lr: 0.0007702342635146037
2024-10-13 12:49:39 - train: epoch 33, iter:40, loss: 0.0909, lr: 0.0007702342635146037
2024-10-13 12:50:01 - train: epoch 33, iter:60, loss: 0.0634, lr: 0.0007702342635146037
2024-10-13 12:50:11 - Finish one epoch train: epoch 33, loss: 0.0839, time(s): 79.56
2024-10-13 12:50:13 - train: epoch 34, iter:0, loss: 0.0776, lr: 0.0007569755007964342
2024-10-13 12:50:36 - train: epoch 34, iter:20, loss: 0.0812, lr: 0.0007569755007964342
2024-10-13 12:50:59 - train: epoch 34, iter:40, loss: 0.0949, lr: 0.0007569755007964342
2024-10-13 12:51:21 - train: epoch 34, iter:60, loss: 0.0773, lr: 0.0007569755007964342
2024-10-13 12:51:31 - Finish one epoch train: epoch 34, loss: 0.0950, time(s): 79.07
2024-10-13 12:51:33 - train: epoch 35, iter:0, loss: 0.1059, lr: 0.0007434680686803494
2024-10-13 12:51:56 - train: epoch 35, iter:20, loss: 0.0829, lr: 0.0007434680686803494
2024-10-13 12:52:19 - train: epoch 35, iter:40, loss: 0.0932, lr: 0.0007434680686803494
2024-10-13 12:52:42 - train: epoch 35, iter:60, loss: 0.0668, lr: 0.0007434680686803494
2024-10-13 12:52:51 - Finish one epoch train: epoch 35, loss: 0.0916, time(s): 79.37
2024-10-13 12:52:53 - train: epoch 36, iter:0, loss: 0.1171, lr: 0.0007297252973710761
2024-10-13 12:53:16 - train: epoch 36, iter:20, loss: 0.0757, lr: 0.0007297252973710761
2024-10-13 12:53:39 - train: epoch 36, iter:40, loss: 0.1643, lr: 0.0007297252973710761
2024-10-13 12:54:02 - train: epoch 36, iter:60, loss: 0.0592, lr: 0.0007297252973710761
2024-10-13 12:54:11 - Finish one epoch train: epoch 36, loss: 0.0864, time(s): 79.74
2024-10-13 12:54:13 - train: epoch 37, iter:0, loss: 0.0629, lr: 0.0007157607493247114
2024-10-13 12:54:36 - train: epoch 37, iter:20, loss: 0.0698, lr: 0.0007157607493247114
2024-10-13 12:54:59 - train: epoch 37, iter:40, loss: 0.0831, lr: 0.0007157607493247114
2024-10-13 12:55:22 - train: epoch 37, iter:60, loss: 0.0859, lr: 0.0007157607493247114
2024-10-13 12:55:32 - Finish one epoch train: epoch 37, loss: 0.0901, time(s): 79.75
2024-10-13 12:55:34 - train: epoch 38, iter:0, loss: 0.0671, lr: 0.0007015882058642168
2024-10-13 12:55:57 - train: epoch 38, iter:20, loss: 0.0641, lr: 0.0007015882058642168
2024-10-13 12:56:20 - train: epoch 38, iter:40, loss: 0.0692, lr: 0.0007015882058642168
2024-10-13 12:56:43 - train: epoch 38, iter:60, loss: 0.0740, lr: 0.0007015882058642168
2024-10-13 12:56:52 - Finish one epoch train: epoch 38, loss: 0.0826, time(s): 79.53
2024-10-13 12:56:54 - train: epoch 39, iter:0, loss: 0.0699, lr: 0.0006872216535789162
2024-10-13 12:57:17 - train: epoch 39, iter:20, loss: 0.0719, lr: 0.0006872216535789162
2024-10-13 12:57:41 - train: epoch 39, iter:40, loss: 0.0760, lr: 0.0006872216535789162
2024-10-13 12:58:04 - train: epoch 39, iter:60, loss: 0.0782, lr: 0.0006872216535789162
2024-10-13 12:58:14 - Finish one epoch train: epoch 39, loss: 0.0853, time(s): 80.63
2024-10-13 12:58:16 - train: epoch 40, iter:0, loss: 0.0631, lr: 0.0006726752705214198
2024-10-13 12:58:39 - train: epoch 40, iter:20, loss: 0.0712, lr: 0.0006726752705214198
2024-10-13 12:59:02 - train: epoch 40, iter:40, loss: 0.0767, lr: 0.0006726752705214198
2024-10-13 12:59:24 - train: epoch 40, iter:60, loss: 0.0819, lr: 0.0006726752705214198
2024-10-13 12:59:34 - Finish one epoch train: epoch 40, loss: 0.0834, time(s): 79.16
2024-10-13 13:01:28 - idx 0 case case0008 mean_dice 0.483048 mean_hd95 17.130354
2024-10-13 13:02:35 - idx 1 case case0022 mean_dice 0.738737 mean_hd95 26.823278
2024-10-13 13:03:49 - idx 2 case case0038 mean_dice 0.689733 mean_hd95 33.456012
2024-10-13 13:06:17 - idx 3 case case0036 mean_dice 0.726019 mean_hd95 13.350519
2024-10-13 13:08:10 - idx 4 case case0032 mean_dice 0.805183 mean_hd95 10.991342
2024-10-13 13:09:59 - idx 5 case case0002 mean_dice 0.797040 mean_hd95 22.062641
2024-10-13 13:11:12 - idx 6 case case0029 mean_dice 0.515714 mean_hd95 62.215045
2024-10-13 13:13:51 - idx 7 case case0003 mean_dice 0.501374 mean_hd95 61.255379
2024-10-13 13:15:44 - idx 8 case case0001 mean_dice 0.686317 mean_hd95 32.265023
2024-10-13 13:17:28 - idx 9 case case0004 mean_dice 0.594309 mean_hd95 12.801090
2024-10-13 13:18:32 - idx 10 case case0025 mean_dice 0.523043 mean_hd95 16.972805
2024-10-13 13:19:34 - idx 11 case case0035 mean_dice 0.791783 mean_hd95 9.301337
2024-10-13 13:19:34 - Mean class 1 mean_dice 0.783383 mean_hd95 11.222978
2024-10-13 13:19:34 - Mean class 2 mean_dice 0.554815 mean_hd95 19.952144
2024-10-13 13:19:34 - Mean class 3 mean_dice 0.608546 mean_hd95 50.736715
2024-10-13 13:19:34 - Mean class 4 mean_dice 0.578459 mean_hd95 46.181413
2024-10-13 13:19:34 - Mean class 5 mean_dice 0.917336 mean_hd95 37.698016
2024-10-13 13:19:34 - Mean class 6 mean_dice 0.350758 mean_hd95 21.684178
2024-10-13 13:19:34 - Mean class 7 mean_dice 0.748338 mean_hd95 7.791587
2024-10-13 13:19:34 - Mean class 8 mean_dice 0.693230 mean_hd95 17.149518
2024-10-13 13:19:34 - val epoch: 40, mean_dice: 0.6543581917967893, mean_hd95: 26.552068664280913, time(s): 1200.58
2024-10-13 13:19:36 - train: epoch 41, iter:0, loss: 0.0735, lr: 0.0006579634122155995
2024-10-13 13:19:59 - train: epoch 41, iter:20, loss: 0.0740, lr: 0.0006579634122155995
2024-10-13 13:20:22 - train: epoch 41, iter:40, loss: 0.0646, lr: 0.0006579634122155995
2024-10-13 13:20:45 - train: epoch 41, iter:60, loss: 0.0617, lr: 0.0006579634122155995
2024-10-13 13:20:54 - Finish one epoch train: epoch 41, loss: 0.0791, time(s): 78.79
2024-10-13 13:20:56 - train: epoch 42, iter:0, loss: 0.0677, lr: 0.000643100597489419
2024-10-13 13:21:19 - train: epoch 42, iter:20, loss: 0.0754, lr: 0.000643100597489419
2024-10-13 13:21:42 - train: epoch 42, iter:40, loss: 0.0703, lr: 0.000643100597489419
2024-10-13 13:22:05 - train: epoch 42, iter:60, loss: 0.0674, lr: 0.000643100597489419
2024-10-13 13:22:14 - Finish one epoch train: epoch 42, loss: 0.0815, time(s): 79.32
2024-10-13 13:22:16 - train: epoch 43, iter:0, loss: 0.0729, lr: 0.0006281014941466035
2024-10-13 13:22:40 - train: epoch 43, iter:20, loss: 0.0596, lr: 0.0006281014941466035
2024-10-13 13:23:03 - train: epoch 43, iter:40, loss: 0.0741, lr: 0.0006281014941466035
2024-10-13 13:23:26 - train: epoch 43, iter:60, loss: 0.0791, lr: 0.0006281014941466035
2024-10-13 13:23:35 - Finish one epoch train: epoch 43, loss: 0.0857, time(s): 80.18
2024-10-13 13:23:37 - train: epoch 44, iter:0, loss: 0.0543, lr: 0.000612980904491289
2024-10-13 13:24:00 - train: epoch 44, iter:20, loss: 0.0744, lr: 0.000612980904491289
2024-10-13 13:24:23 - train: epoch 44, iter:40, loss: 0.0667, lr: 0.000612980904491289
2024-10-13 13:24:46 - train: epoch 44, iter:60, loss: 0.0777, lr: 0.000612980904491289
2024-10-13 13:24:55 - Finish one epoch train: epoch 44, loss: 0.0756, time(s): 79.40
2024-10-13 13:24:57 - train: epoch 45, iter:0, loss: 0.0768, lr: 0.0005977537507199342
2024-10-13 13:25:20 - train: epoch 45, iter:20, loss: 0.0619, lr: 0.0005977537507199342
2024-10-13 13:25:43 - train: epoch 45, iter:40, loss: 0.0789, lr: 0.0005977537507199342
2024-10-13 13:26:06 - train: epoch 45, iter:60, loss: 0.0648, lr: 0.0005977537507199342
2024-10-13 13:26:15 - Finish one epoch train: epoch 45, loss: 0.0807, time(s): 79.24
2024-10-13 13:26:17 - train: epoch 46, iter:0, loss: 0.0575, lr: 0.0005824350601949147
2024-10-13 13:26:40 - train: epoch 46, iter:20, loss: 0.0570, lr: 0.0005824350601949147
2024-10-13 13:27:04 - train: epoch 46, iter:40, loss: 0.0622, lr: 0.0005824350601949147
2024-10-13 13:27:27 - train: epoch 46, iter:60, loss: 0.0665, lr: 0.0005824350601949147
2024-10-13 13:27:36 - Finish one epoch train: epoch 46, loss: 0.0702, time(s): 79.65
2024-10-13 13:27:38 - train: epoch 47, iter:0, loss: 0.0541, lr: 0.000567039950614331
2024-10-13 13:28:01 - train: epoch 47, iter:20, loss: 0.0715, lr: 0.000567039950614331
2024-10-13 13:28:24 - train: epoch 47, iter:40, loss: 0.0631, lr: 0.000567039950614331
2024-10-13 13:28:47 - train: epoch 47, iter:60, loss: 0.0673, lr: 0.000567039950614331
2024-10-13 13:28:56 - Finish one epoch train: epoch 47, loss: 0.0722, time(s): 79.51
2024-10-13 13:28:58 - train: epoch 48, iter:0, loss: 0.0631, lr: 0.0005515836150926649
2024-10-13 13:29:22 - train: epoch 48, iter:20, loss: 0.0634, lr: 0.0005515836150926649
2024-10-13 13:29:45 - train: epoch 48, iter:40, loss: 0.0596, lr: 0.0005515836150926649
2024-10-13 13:30:08 - train: epoch 48, iter:60, loss: 0.0646, lr: 0.0005515836150926649
2024-10-13 13:30:17 - Finish one epoch train: epoch 48, loss: 0.0685, time(s): 80.02
2024-10-13 13:30:19 - train: epoch 49, iter:0, loss: 0.0622, lr: 0.0005360813071670105
2024-10-13 13:30:42 - train: epoch 49, iter:20, loss: 0.0732, lr: 0.0005360813071670105
2024-10-13 13:31:05 - train: epoch 49, iter:40, loss: 0.0717, lr: 0.0005360813071670105
2024-10-13 13:31:28 - train: epoch 49, iter:60, loss: 0.0608, lr: 0.0005360813071670105
2024-10-13 13:31:37 - Finish one epoch train: epoch 49, loss: 0.0784, time(s): 78.71
2024-10-13 13:31:39 - train: epoch 50, iter:0, loss: 0.0658, lr: 0.0005205483257436738
2024-10-13 13:32:02 - train: epoch 50, iter:20, loss: 0.0671, lr: 0.0005205483257436738
2024-10-13 13:32:25 - train: epoch 50, iter:40, loss: 0.1641, lr: 0.0005205483257436738
2024-10-13 13:32:48 - train: epoch 50, iter:60, loss: 0.0654, lr: 0.0005205483257436738
2024-10-13 13:32:57 - Finish one epoch train: epoch 50, loss: 0.0772, time(s): 79.31
2024-10-13 13:34:37 - idx 0 case case0008 mean_dice 0.487044 mean_hd95 11.803771
2024-10-13 13:35:44 - idx 1 case case0022 mean_dice 0.760043 mean_hd95 11.020000
2024-10-13 13:36:59 - idx 2 case case0038 mean_dice 0.681078 mean_hd95 39.829540
2024-10-13 13:39:28 - idx 3 case case0036 mean_dice 0.772519 mean_hd95 12.376449
2024-10-13 13:41:18 - idx 4 case case0032 mean_dice 0.831359 mean_hd95 6.730487
2024-10-13 13:43:03 - idx 5 case case0002 mean_dice 0.803050 mean_hd95 24.222894
2024-10-13 13:44:19 - idx 6 case case0029 mean_dice 0.579324 mean_hd95 46.459646
2024-10-13 13:46:57 - idx 7 case case0003 mean_dice 0.492221 mean_hd95 90.541080
2024-10-13 13:48:49 - idx 8 case case0001 mean_dice 0.717053 mean_hd95 31.467003
2024-10-13 13:50:33 - idx 9 case case0004 mean_dice 0.673692 mean_hd95 8.333025
2024-10-13 13:51:37 - idx 10 case case0025 mean_dice 0.577617 mean_hd95 16.178271
2024-10-13 13:52:39 - idx 11 case case0035 mean_dice 0.789014 mean_hd95 5.121094
2024-10-13 13:52:39 - Mean class 1 mean_dice 0.771462 mean_hd95 7.004688
2024-10-13 13:52:39 - Mean class 2 mean_dice 0.586170 mean_hd95 34.749786
2024-10-13 13:52:39 - Mean class 3 mean_dice 0.662035 mean_hd95 51.155396
2024-10-13 13:52:39 - Mean class 4 mean_dice 0.579158 mean_hd95 22.144322
2024-10-13 13:52:39 - Mean class 5 mean_dice 0.907796 mean_hd95 39.719910
2024-10-13 13:52:39 - Mean class 6 mean_dice 0.434577 mean_hd95 13.869056
2024-10-13 13:52:39 - Mean class 7 mean_dice 0.790841 mean_hd95 17.929825
2024-10-13 13:52:39 - Mean class 8 mean_dice 0.710638 mean_hd95 16.149190
2024-10-13 13:52:39 - val epoch: 50, mean_dice: 0.6803344647089589, mean_hd95: 25.340271626517286, time(s): 1182.09
2024-10-13 13:52:41 - train: epoch 51, iter:0, loss: 0.0588, lr: 0.0005050000000000002
2024-10-13 13:53:04 - train: epoch 51, iter:20, loss: 0.0596, lr: 0.0005050000000000002
2024-10-13 13:53:27 - train: epoch 51, iter:40, loss: 0.0754, lr: 0.0005050000000000002
2024-10-13 13:53:50 - train: epoch 51, iter:60, loss: 0.0672, lr: 0.0005050000000000002
2024-10-13 13:53:59 - Finish one epoch train: epoch 51, loss: 0.0731, time(s): 79.34
2024-10-13 13:54:01 - train: epoch 52, iter:0, loss: 0.0752, lr: 0.0004894516742563267
2024-10-13 13:54:24 - train: epoch 52, iter:20, loss: 0.0643, lr: 0.0004894516742563267
2024-10-13 13:54:47 - train: epoch 52, iter:40, loss: 0.0571, lr: 0.0004894516742563267
2024-10-13 13:55:10 - train: epoch 52, iter:60, loss: 0.0663, lr: 0.0004894516742563267
2024-10-13 13:55:20 - Finish one epoch train: epoch 52, loss: 0.0745, time(s): 79.84
2024-10-13 13:55:22 - train: epoch 53, iter:0, loss: 0.0649, lr: 0.0004739186928329901
2024-10-13 13:55:45 - train: epoch 53, iter:20, loss: 0.0718, lr: 0.0004739186928329901
2024-10-13 13:56:08 - train: epoch 53, iter:40, loss: 0.0541, lr: 0.0004739186928329901
2024-10-13 13:56:31 - train: epoch 53, iter:60, loss: 0.0611, lr: 0.0004739186928329901
2024-10-13 13:56:41 - Finish one epoch train: epoch 53, loss: 0.0815, time(s): 80.13
2024-10-13 13:56:43 - train: epoch 54, iter:0, loss: 0.0548, lr: 0.00045841638490733556
2024-10-13 13:57:06 - train: epoch 54, iter:20, loss: 0.0578, lr: 0.00045841638490733556
2024-10-13 13:57:29 - train: epoch 54, iter:40, loss: 0.1654, lr: 0.00045841638490733556
2024-10-13 13:57:53 - train: epoch 54, iter:60, loss: 0.0613, lr: 0.00045841638490733556
2024-10-13 13:58:02 - Finish one epoch train: epoch 54, loss: 0.0737, time(s): 80.85
2024-10-13 13:58:04 - train: epoch 55, iter:0, loss: 0.0704, lr: 0.0004429600493856696
2024-10-13 13:58:27 - train: epoch 55, iter:20, loss: 0.0511, lr: 0.0004429600493856696
2024-10-13 13:58:50 - train: epoch 55, iter:40, loss: 0.0667, lr: 0.0004429600493856696
2024-10-13 13:59:13 - train: epoch 55, iter:60, loss: 0.1606, lr: 0.0004429600493856696
2024-10-13 13:59:23 - Finish one epoch train: epoch 55, loss: 0.0707, time(s): 79.66
2024-10-13 13:59:24 - train: epoch 56, iter:0, loss: 0.0559, lr: 0.0004275649398050859
2024-10-13 13:59:48 - train: epoch 56, iter:20, loss: 0.0584, lr: 0.0004275649398050859
2024-10-13 14:00:11 - train: epoch 56, iter:40, loss: 0.0646, lr: 0.0004275649398050859
2024-10-13 14:00:33 - train: epoch 56, iter:60, loss: 0.0835, lr: 0.0004275649398050859
2024-10-13 14:00:43 - Finish one epoch train: epoch 56, loss: 0.0689, time(s): 79.53
2024-10-13 14:00:45 - train: epoch 57, iter:0, loss: 0.0635, lr: 0.0004122462492800665
2024-10-13 14:01:08 - train: epoch 57, iter:20, loss: 0.0614, lr: 0.0004122462492800665
2024-10-13 14:01:31 - train: epoch 57, iter:40, loss: 0.0658, lr: 0.0004122462492800665
2024-10-13 14:01:54 - train: epoch 57, iter:60, loss: 0.0497, lr: 0.0004122462492800665
2024-10-13 14:02:03 - Finish one epoch train: epoch 57, loss: 0.0784, time(s): 79.88
2024-10-13 14:02:05 - train: epoch 58, iter:0, loss: 0.1562, lr: 0.00039701909550871175
2024-10-13 14:02:28 - train: epoch 58, iter:20, loss: 0.0494, lr: 0.00039701909550871175
2024-10-13 14:02:51 - train: epoch 58, iter:40, loss: 0.0602, lr: 0.00039701909550871175
2024-10-13 14:03:14 - train: epoch 58, iter:60, loss: 0.0659, lr: 0.00039701909550871175
2024-10-13 14:03:24 - Finish one epoch train: epoch 58, loss: 0.0659, time(s): 79.35
2024-10-13 14:03:26 - train: epoch 59, iter:0, loss: 0.0519, lr: 0.000381898505853397
2024-10-13 14:03:49 - train: epoch 59, iter:20, loss: 0.1500, lr: 0.000381898505853397
2024-10-13 14:04:12 - train: epoch 59, iter:40, loss: 0.0500, lr: 0.000381898505853397
2024-10-13 14:04:35 - train: epoch 59, iter:60, loss: 0.0665, lr: 0.000381898505853397
2024-10-13 14:04:44 - Finish one epoch train: epoch 59, loss: 0.0719, time(s): 79.76
2024-10-13 14:04:46 - train: epoch 60, iter:0, loss: 0.0607, lr: 0.00036689940251058173
2024-10-13 14:05:09 - train: epoch 60, iter:20, loss: 0.0552, lr: 0.00036689940251058173
2024-10-13 14:05:32 - train: epoch 60, iter:40, loss: 0.0586, lr: 0.00036689940251058173
2024-10-13 14:05:55 - train: epoch 60, iter:60, loss: 0.0545, lr: 0.00036689940251058173
2024-10-13 14:06:04 - Finish one epoch train: epoch 60, loss: 0.0646, time(s): 79.20
2024-10-13 14:07:43 - idx 0 case case0008 mean_dice 0.480096 mean_hd95 21.248544
2024-10-13 14:08:51 - idx 1 case case0022 mean_dice 0.737389 mean_hd95 11.962247
2024-10-13 14:10:08 - idx 2 case case0038 mean_dice 0.730805 mean_hd95 31.609548
2024-10-13 14:12:37 - idx 3 case case0036 mean_dice 0.727676 mean_hd95 12.273647
2024-10-13 14:14:27 - idx 4 case case0032 mean_dice 0.805342 mean_hd95 7.947027
2024-10-13 14:16:12 - idx 5 case case0002 mean_dice 0.794872 mean_hd95 23.005392
2024-10-13 14:17:19 - idx 6 case case0029 mean_dice 0.558083 mean_hd95 59.988258
2024-10-13 14:19:56 - idx 7 case case0003 mean_dice 0.521159 mean_hd95 92.261891
2024-10-13 14:21:48 - idx 8 case case0001 mean_dice 0.687601 mean_hd95 30.950180
2024-10-13 14:23:32 - idx 9 case case0004 mean_dice 0.605256 mean_hd95 12.651812
2024-10-13 14:24:37 - idx 10 case case0025 mean_dice 0.531805 mean_hd95 19.443980
2024-10-13 14:25:39 - idx 11 case case0035 mean_dice 0.755137 mean_hd95 5.912313
2024-10-13 14:25:39 - Mean class 1 mean_dice 0.788501 mean_hd95 6.707947
2024-10-13 14:25:39 - Mean class 2 mean_dice 0.589286 mean_hd95 35.230632
2024-10-13 14:25:39 - Mean class 3 mean_dice 0.593450 mean_hd95 41.118356
2024-10-13 14:25:39 - Mean class 4 mean_dice 0.591023 mean_hd95 39.487087
2024-10-13 14:25:39 - Mean class 5 mean_dice 0.916787 mean_hd95 36.546609
2024-10-13 14:25:39 - Mean class 6 mean_dice 0.254157 mean_hd95 19.664900
2024-10-13 14:25:39 - Mean class 7 mean_dice 0.826438 mean_hd95 20.634219
2024-10-13 14:25:39 - Mean class 8 mean_dice 0.730505 mean_hd95 20.113478
2024-10-13 14:25:39 - val epoch: 60, mean_dice: 0.6612684149400141, mean_hd95: 27.43790331664934, time(s): 1174.63
2024-10-13 14:25:41 - train: epoch 61, iter:0, loss: 0.0606, lr: 0.00035203658778440135
2024-10-13 14:26:05 - train: epoch 61, iter:20, loss: 0.0663, lr: 0.00035203658778440135
2024-10-13 14:26:28 - train: epoch 61, iter:40, loss: 0.0597, lr: 0.00035203658778440135
2024-10-13 14:26:51 - train: epoch 61, iter:60, loss: 0.0562, lr: 0.00035203658778440135
2024-10-13 14:27:00 - Finish one epoch train: epoch 61, loss: 0.0648, time(s): 80.14
2024-10-13 14:27:02 - train: epoch 62, iter:0, loss: 0.1582, lr: 0.00033732472947858096
2024-10-13 14:27:25 - train: epoch 62, iter:20, loss: 0.0492, lr: 0.00033732472947858096
2024-10-13 14:27:49 - train: epoch 62, iter:40, loss: 0.0670, lr: 0.00033732472947858096
2024-10-13 14:28:12 - train: epoch 62, iter:60, loss: 0.0610, lr: 0.00033732472947858096
2024-10-13 14:28:22 - Finish one epoch train: epoch 62, loss: 0.0680, time(s): 80.74
2024-10-13 14:28:24 - train: epoch 63, iter:0, loss: 0.0528, lr: 0.0003227783464210847
2024-10-13 14:28:47 - train: epoch 63, iter:20, loss: 0.1563, lr: 0.0003227783464210847
2024-10-13 14:29:09 - train: epoch 63, iter:40, loss: 0.1600, lr: 0.0003227783464210847
2024-10-13 14:29:32 - train: epoch 63, iter:60, loss: 0.0597, lr: 0.0003227783464210847
2024-10-13 14:29:42 - Finish one epoch train: epoch 63, loss: 0.0649, time(s): 79.51
2024-10-13 14:29:44 - train: epoch 64, iter:0, loss: 0.0492, lr: 0.0003084117941357837
2024-10-13 14:30:06 - train: epoch 64, iter:20, loss: 0.0804, lr: 0.0003084117941357837
2024-10-13 14:30:29 - train: epoch 64, iter:40, loss: 0.0614, lr: 0.0003084117941357837
2024-10-13 14:30:52 - train: epoch 64, iter:60, loss: 0.0551, lr: 0.0003084117941357837
2024-10-13 14:31:02 - Finish one epoch train: epoch 64, loss: 0.0715, time(s): 78.96
2024-10-13 14:31:03 - train: epoch 65, iter:0, loss: 0.0610, lr: 0.0002942392506752892
2024-10-13 14:31:26 - train: epoch 65, iter:20, loss: 0.0537, lr: 0.0002942392506752892
2024-10-13 14:31:49 - train: epoch 65, iter:40, loss: 0.0622, lr: 0.0002942392506752892
2024-10-13 14:32:12 - train: epoch 65, iter:60, loss: 0.0557, lr: 0.0002942392506752892
2024-10-13 14:32:21 - Finish one epoch train: epoch 65, loss: 0.0730, time(s): 78.99
2024-10-13 14:32:23 - train: epoch 66, iter:0, loss: 0.1567, lr: 0.0002802747026289245
2024-10-13 14:32:46 - train: epoch 66, iter:20, loss: 0.0532, lr: 0.0002802747026289245
2024-10-13 14:33:09 - train: epoch 66, iter:40, loss: 0.0754, lr: 0.0002802747026289245
2024-10-13 14:33:33 - train: epoch 66, iter:60, loss: 0.0568, lr: 0.0002802747026289245
2024-10-13 14:33:42 - Finish one epoch train: epoch 66, loss: 0.0668, time(s): 80.14
2024-10-13 14:33:44 - train: epoch 67, iter:0, loss: 0.0847, lr: 0.000266531931319651
2024-10-13 14:34:07 - train: epoch 67, iter:20, loss: 0.0582, lr: 0.000266531931319651
2024-10-13 14:34:30 - train: epoch 67, iter:40, loss: 0.0572, lr: 0.000266531931319651
2024-10-13 14:34:53 - train: epoch 67, iter:60, loss: 0.0568, lr: 0.000266531931319651
2024-10-13 14:35:02 - Finish one epoch train: epoch 67, loss: 0.0629, time(s): 79.01
2024-10-13 14:35:04 - train: epoch 68, iter:0, loss: 0.0446, lr: 0.0002530244992035663
2024-10-13 14:35:27 - train: epoch 68, iter:20, loss: 0.1529, lr: 0.0002530244992035663
2024-10-13 14:35:50 - train: epoch 68, iter:40, loss: 0.0542, lr: 0.0002530244992035663
2024-10-13 14:36:13 - train: epoch 68, iter:60, loss: 0.0448, lr: 0.0002530244992035663
2024-10-13 14:36:23 - Finish one epoch train: epoch 68, loss: 0.0666, time(s): 79.79
2024-10-13 14:36:25 - train: epoch 69, iter:0, loss: 0.0510, lr: 0.00023976573648539667
2024-10-13 14:36:48 - train: epoch 69, iter:20, loss: 0.0457, lr: 0.00023976573648539667
2024-10-13 14:37:11 - train: epoch 69, iter:40, loss: 0.0420, lr: 0.00023976573648539667
2024-10-13 14:37:34 - train: epoch 69, iter:60, loss: 0.0576, lr: 0.00023976573648539667
2024-10-13 14:37:43 - Finish one epoch train: epoch 69, loss: 0.0566, time(s): 79.67
2024-10-13 14:37:45 - train: epoch 70, iter:0, loss: 0.0536, lr: 0.00022676872796319544
2024-10-13 14:38:09 - train: epoch 70, iter:20, loss: 0.0629, lr: 0.00022676872796319544
2024-10-13 14:38:32 - train: epoch 70, iter:40, loss: 0.0592, lr: 0.00022676872796319544
2024-10-13 14:38:56 - train: epoch 70, iter:60, loss: 0.0476, lr: 0.00022676872796319544
2024-10-13 14:39:06 - Finish one epoch train: epoch 70, loss: 0.0585, time(s): 81.47
2024-10-13 14:40:31 - idx 0 case case0008 mean_dice 0.463119 mean_hd95 9.997661
2024-10-13 14:41:39 - idx 1 case case0022 mean_dice 0.680581 mean_hd95 14.660764
2024-10-13 14:42:52 - idx 2 case case0038 mean_dice 0.686836 mean_hd95 25.022280
2024-10-13 14:45:19 - idx 3 case case0036 mean_dice 0.716613 mean_hd95 12.771059
2024-10-13 14:47:09 - idx 4 case case0032 mean_dice 0.797010 mean_hd95 9.308253
2024-10-13 14:48:56 - idx 5 case case0002 mean_dice 0.774948 mean_hd95 9.954635
2024-10-13 14:50:10 - idx 6 case case0029 mean_dice 0.563789 mean_hd95 75.912390
2024-10-13 14:52:47 - idx 7 case case0003 mean_dice 0.438115 mean_hd95 90.407839
2024-10-13 14:54:42 - idx 8 case case0001 mean_dice 0.663278 mean_hd95 32.743045
2024-10-13 14:56:27 - idx 9 case case0004 mean_dice 0.567230 mean_hd95 18.112983
2024-10-13 14:57:32 - idx 10 case case0025 mean_dice 0.490834 mean_hd95 19.793062
2024-10-13 14:58:34 - idx 11 case case0035 mean_dice 0.737856 mean_hd95 6.007371
2024-10-13 14:58:34 - Mean class 1 mean_dice 0.775363 mean_hd95 6.964544
2024-10-13 14:58:34 - Mean class 2 mean_dice 0.564513 mean_hd95 35.552352
2024-10-13 14:58:34 - Mean class 3 mean_dice 0.545931 mean_hd95 31.482289
2024-10-13 14:58:34 - Mean class 4 mean_dice 0.560114 mean_hd95 32.811436
2024-10-13 14:58:34 - Mean class 5 mean_dice 0.903525 mean_hd95 37.480428
2024-10-13 14:58:34 - Mean class 6 mean_dice 0.293374 mean_hd95 28.554572
2024-10-13 14:58:34 - Mean class 7 mean_dice 0.721966 mean_hd95 19.430624
2024-10-13 14:58:34 - Mean class 8 mean_dice 0.688686 mean_hd95 24.184650
2024-10-13 14:58:34 - val epoch: 70, mean_dice: 0.6316840270348885, mean_hd95: 27.057611867251858, time(s): 1168.73
2024-10-13 14:58:36 - train: epoch 71, iter:0, loss: 0.0561, lr: 0.00021404630011522598
2024-10-13 14:59:00 - train: epoch 71, iter:20, loss: 0.0464, lr: 0.00021404630011522598
2024-10-13 14:59:23 - train: epoch 71, iter:40, loss: 0.0434, lr: 0.00021404630011522598
2024-10-13 14:59:47 - train: epoch 71, iter:60, loss: 0.0570, lr: 0.00021404630011522598
2024-10-13 14:59:56 - Finish one epoch train: epoch 71, loss: 0.0649, time(s): 81.07
2024-10-13 14:59:58 - train: epoch 72, iter:0, loss: 0.0537, lr: 0.00020161100844177672
2024-10-13 15:00:21 - train: epoch 72, iter:20, loss: 0.0498, lr: 0.00020161100844177672
2024-10-13 15:00:44 - train: epoch 72, iter:40, loss: 0.0551, lr: 0.00020161100844177672
2024-10-13 15:01:07 - train: epoch 72, iter:60, loss: 0.0586, lr: 0.00020161100844177672
2024-10-13 15:01:16 - Finish one epoch train: epoch 72, loss: 0.0622, time(s): 79.50
2024-10-13 15:01:18 - train: epoch 73, iter:0, loss: 0.1645, lr: 0.0001894751250743987
2024-10-13 15:01:41 - train: epoch 73, iter:20, loss: 0.0586, lr: 0.0001894751250743987
2024-10-13 15:02:04 - train: epoch 73, iter:40, loss: 0.0595, lr: 0.0001894751250743987
2024-10-13 15:02:28 - train: epoch 73, iter:60, loss: 0.0561, lr: 0.0001894751250743987
2024-10-13 15:02:37 - Finish one epoch train: epoch 73, loss: 0.0573, time(s): 79.81
2024-10-13 15:02:39 - train: epoch 74, iter:0, loss: 0.0482, lr: 0.00017765062666479255
2024-10-13 15:03:02 - train: epoch 74, iter:20, loss: 0.0538, lr: 0.00017765062666479255
2024-10-13 15:03:25 - train: epoch 74, iter:40, loss: 0.0456, lr: 0.00017765062666479255
2024-10-13 15:03:48 - train: epoch 74, iter:60, loss: 0.0454, lr: 0.00017765062666479255
2024-10-13 15:03:57 - Finish one epoch train: epoch 74, loss: 0.0719, time(s): 79.45
2024-10-13 15:03:59 - train: epoch 75, iter:0, loss: 0.0458, lr: 0.0001661491825652992
2024-10-13 15:04:23 - train: epoch 75, iter:20, loss: 0.0496, lr: 0.0001661491825652992
2024-10-13 15:04:47 - train: epoch 75, iter:40, loss: 0.0493, lr: 0.0001661491825652992
2024-10-13 15:05:10 - train: epoch 75, iter:60, loss: 0.0489, lr: 0.0001661491825652992
2024-10-13 15:05:20 - Finish one epoch train: epoch 75, loss: 0.0610, time(s): 81.80
2024-10-13 15:05:22 - train: epoch 76, iter:0, loss: 0.0495, lr: 0.00015498214331265912
2024-10-13 15:05:45 - train: epoch 76, iter:20, loss: 0.0510, lr: 0.00015498214331265912
2024-10-13 15:06:08 - train: epoch 76, iter:40, loss: 0.0439, lr: 0.00015498214331265912
2024-10-13 15:06:30 - train: epoch 76, iter:60, loss: 0.2463, lr: 0.00015498214331265912
2024-10-13 15:06:40 - Finish one epoch train: epoch 76, loss: 0.0582, time(s): 79.45
2024-10-13 15:06:42 - train: epoch 77, iter:0, loss: 0.0482, lr: 0.00014416052942640148
2024-10-13 15:07:05 - train: epoch 77, iter:20, loss: 0.0452, lr: 0.00014416052942640148
2024-10-13 15:07:28 - train: epoch 77, iter:40, loss: 0.0410, lr: 0.00014416052942640148
2024-10-13 15:07:52 - train: epoch 77, iter:60, loss: 0.0447, lr: 0.00014416052942640148
2024-10-13 15:08:01 - Finish one epoch train: epoch 77, loss: 0.0625, time(s): 80.78
2024-10-13 15:08:03 - train: epoch 78, iter:0, loss: 0.0522, lr: 0.00013369502053292258
2024-10-13 15:08:26 - train: epoch 78, iter:20, loss: 0.0458, lr: 0.00013369502053292258
2024-10-13 15:08:49 - train: epoch 78, iter:40, loss: 0.0525, lr: 0.00013369502053292258
2024-10-13 15:09:12 - train: epoch 78, iter:60, loss: 0.0604, lr: 0.00013369502053292258
2024-10-13 15:09:21 - Finish one epoch train: epoch 78, loss: 0.0700, time(s): 78.99
2024-10-13 15:09:23 - train: epoch 79, iter:0, loss: 0.0451, lr: 0.00012359594482598446
2024-10-13 15:09:46 - train: epoch 79, iter:20, loss: 0.0589, lr: 0.00012359594482598446
2024-10-13 15:10:09 - train: epoch 79, iter:40, loss: 0.0534, lr: 0.00012359594482598446
2024-10-13 15:10:32 - train: epoch 79, iter:60, loss: 0.0437, lr: 0.00012359594482598446
2024-10-13 15:10:42 - Finish one epoch train: epoch 79, loss: 0.0609, time(s): 79.60
2024-10-13 15:10:44 - train: epoch 80, iter:0, loss: 0.0459, lr: 0.00011387326887403332
2024-10-13 15:11:06 - train: epoch 80, iter:20, loss: 0.0558, lr: 0.00011387326887403332
2024-10-13 15:11:29 - train: epoch 80, iter:40, loss: 0.0530, lr: 0.00011387326887403332
2024-10-13 15:11:52 - train: epoch 80, iter:60, loss: 0.0456, lr: 0.00011387326887403332
2024-10-13 15:12:02 - Finish one epoch train: epoch 80, loss: 0.0560, time(s): 79.30
2024-10-13 15:13:31 - idx 0 case case0008 mean_dice 0.397014 mean_hd95 17.062448
2024-10-13 15:14:38 - idx 1 case case0022 mean_dice 0.708600 mean_hd95 14.941210
2024-10-13 15:15:55 - idx 2 case case0038 mean_dice 0.682136 mean_hd95 16.843967
2024-10-13 15:18:23 - idx 3 case case0036 mean_dice 0.706326 mean_hd95 11.658028
2024-10-13 15:20:15 - idx 4 case case0032 mean_dice 0.793234 mean_hd95 12.078703
2024-10-13 15:22:02 - idx 5 case case0002 mean_dice 0.755149 mean_hd95 23.205333
2024-10-13 15:23:08 - idx 6 case case0029 mean_dice 0.536268 mean_hd95 63.976222
2024-10-13 15:25:45 - idx 7 case case0003 mean_dice 0.431076 mean_hd95 91.068883
2024-10-13 15:27:33 - idx 8 case case0001 mean_dice 0.640881 mean_hd95 36.190949
2024-10-13 15:29:16 - idx 9 case case0004 mean_dice 0.534261 mean_hd95 19.767386
2024-10-13 15:30:22 - idx 10 case case0025 mean_dice 0.488239 mean_hd95 24.306854
2024-10-13 15:31:26 - idx 11 case case0035 mean_dice 0.723605 mean_hd95 6.691771
2024-10-13 15:31:26 - Mean class 1 mean_dice 0.765944 mean_hd95 8.987784
2024-10-13 15:31:26 - Mean class 2 mean_dice 0.602420 mean_hd95 33.173829
2024-10-13 15:31:26 - Mean class 3 mean_dice 0.527934 mean_hd95 43.561103
2024-10-13 15:31:26 - Mean class 4 mean_dice 0.510244 mean_hd95 34.021308
2024-10-13 15:31:26 - Mean class 5 mean_dice 0.919756 mean_hd95 32.195497
2024-10-13 15:31:26 - Mean class 6 mean_dice 0.201235 mean_hd95 34.524057
2024-10-13 15:31:26 - Mean class 7 mean_dice 0.726735 mean_hd95 20.309902
2024-10-13 15:31:26 - Mean class 8 mean_dice 0.676925 mean_hd95 18.421022
2024-10-13 15:31:26 - val epoch: 80, mean_dice: 0.6163991240915663, mean_hd95: 28.14931284363178, time(s): 1164.38
2024-10-13 15:31:28 - train: epoch 81, iter:0, loss: 0.0522, lr: 0.00010453658778440112
2024-10-13 15:31:52 - train: epoch 81, iter:20, loss: 0.0532, lr: 0.00010453658778440112
2024-10-13 15:32:16 - train: epoch 81, iter:40, loss: 0.0534, lr: 0.00010453658778440112
2024-10-13 15:32:39 - train: epoch 81, iter:60, loss: 0.0464, lr: 0.00010453658778440112
2024-10-13 15:32:48 - Finish one epoch train: epoch 81, loss: 0.0627, time(s): 81.29
2024-10-13 15:32:50 - train: epoch 82, iter:0, loss: 0.0545, lr: 9.5595115734092e-05
2024-10-13 15:33:14 - train: epoch 82, iter:20, loss: 0.0625, lr: 9.5595115734092e-05
2024-10-13 15:33:37 - train: epoch 82, iter:40, loss: 0.0490, lr: 9.5595115734092e-05
2024-10-13 15:34:01 - train: epoch 82, iter:60, loss: 0.0524, lr: 9.5595115734092e-05
2024-10-13 15:34:10 - Finish one epoch train: epoch 82, loss: 0.0549, time(s): 81.31
2024-10-13 15:34:13 - train: epoch 83, iter:0, loss: 0.0492, lr: 8.705767687650269e-05
2024-10-13 15:34:36 - train: epoch 83, iter:20, loss: 0.0503, lr: 8.705767687650269e-05
2024-10-13 15:35:01 - train: epoch 83, iter:40, loss: 0.0463, lr: 8.705767687650269e-05
2024-10-13 15:35:27 - train: epoch 83, iter:60, loss: 0.0509, lr: 8.705767687650269e-05
2024-10-13 15:35:37 - Finish one epoch train: epoch 83, loss: 0.0544, time(s): 85.48
2024-10-13 15:35:39 - train: epoch 84, iter:0, loss: 0.0563, lr: 7.893269663304787e-05
2024-10-13 15:36:03 - train: epoch 84, iter:20, loss: 0.0564, lr: 7.893269663304787e-05
2024-10-13 15:36:27 - train: epoch 84, iter:40, loss: 0.0531, lr: 7.893269663304787e-05
2024-10-13 15:36:50 - train: epoch 84, iter:60, loss: 0.1449, lr: 7.893269663304787e-05
2024-10-13 15:37:00 - Finish one epoch train: epoch 84, loss: 0.0554, time(s): 81.66
2024-10-13 15:37:02 - train: epoch 85, iter:0, loss: 0.0630, lr: 7.122819337828756e-05
2024-10-13 15:37:25 - train: epoch 85, iter:20, loss: 0.0497, lr: 7.122819337828756e-05
2024-10-13 15:37:48 - train: epoch 85, iter:40, loss: 0.0450, lr: 7.122819337828756e-05
2024-10-13 15:38:11 - train: epoch 85, iter:60, loss: 0.0458, lr: 7.122819337828756e-05
2024-10-13 15:38:21 - Finish one epoch train: epoch 85, loss: 0.0562, time(s): 80.17
2024-10-13 15:38:23 - train: epoch 86, iter:0, loss: 0.0455, lr: 6.395177052675798e-05
2024-10-13 15:38:46 - train: epoch 86, iter:20, loss: 0.0475, lr: 6.395177052675798e-05
2024-10-13 15:39:09 - train: epoch 86, iter:40, loss: 0.0447, lr: 6.395177052675798e-05
2024-10-13 15:39:32 - train: epoch 86, iter:60, loss: 0.0456, lr: 6.395177052675798e-05
2024-10-13 15:39:41 - Finish one epoch train: epoch 86, loss: 0.0532, time(s): 79.94
2024-10-13 15:39:44 - train: epoch 87, iter:0, loss: 0.0393, lr: 5.711060902932045e-05
2024-10-13 15:40:07 - train: epoch 87, iter:20, loss: 0.1519, lr: 5.711060902932045e-05
2024-10-13 15:40:31 - train: epoch 87, iter:40, loss: 0.0448, lr: 5.711060902932045e-05
2024-10-13 15:40:54 - train: epoch 87, iter:60, loss: 0.0464, lr: 5.711060902932045e-05
2024-10-13 15:41:04 - Finish one epoch train: epoch 87, loss: 0.0544, time(s): 81.67
2024-10-13 15:41:06 - train: epoch 88, iter:0, loss: 0.0482, lr: 5.071146028642948e-05
2024-10-13 15:41:29 - train: epoch 88, iter:20, loss: 0.0486, lr: 5.071146028642948e-05
2024-10-13 15:41:52 - train: epoch 88, iter:40, loss: 0.0499, lr: 5.071146028642948e-05
2024-10-13 15:42:15 - train: epoch 88, iter:60, loss: 0.0412, lr: 5.071146028642948e-05
2024-10-13 15:42:24 - Finish one epoch train: epoch 88, loss: 0.0525, time(s): 79.02
2024-10-13 15:42:26 - train: epoch 89, iter:0, loss: 0.0524, lr: 4.476063948531561e-05
2024-10-13 15:42:49 - train: epoch 89, iter:20, loss: 0.0519, lr: 4.476063948531561e-05
2024-10-13 15:43:12 - train: epoch 89, iter:40, loss: 0.0539, lr: 4.476063948531561e-05
2024-10-13 15:43:36 - train: epoch 89, iter:60, loss: 0.0514, lr: 4.476063948531561e-05
2024-10-13 15:43:45 - Finish one epoch train: epoch 89, loss: 0.0621, time(s): 80.32
2024-10-13 15:43:47 - train: epoch 90, iter:0, loss: 0.0449, lr: 3.9264019367658426e-05
2024-10-13 15:44:10 - train: epoch 90, iter:20, loss: 0.0414, lr: 3.9264019367658426e-05
2024-10-13 15:44:33 - train: epoch 90, iter:40, loss: 0.0476, lr: 3.9264019367658426e-05
2024-10-13 15:44:57 - train: epoch 90, iter:60, loss: 0.0450, lr: 3.9264019367658426e-05
2024-10-13 15:45:07 - Finish one epoch train: epoch 90, loss: 0.0528, time(s): 80.77
2024-10-13 15:46:50 - idx 0 case case0008 mean_dice 0.393731 mean_hd95 22.017956
2024-10-13 15:47:57 - idx 1 case case0022 mean_dice 0.698927 mean_hd95 15.426437
2024-10-13 15:49:11 - idx 2 case case0038 mean_dice 0.691389 mean_hd95 24.626610
2024-10-13 15:51:43 - idx 3 case case0036 mean_dice 0.703146 mean_hd95 10.995044
2024-10-13 15:53:38 - idx 4 case case0032 mean_dice 0.787652 mean_hd95 8.743142
2024-10-13 15:55:28 - idx 5 case case0002 mean_dice 0.757041 mean_hd95 23.392759
2024-10-13 15:56:33 - idx 6 case case0029 mean_dice 0.523906 mean_hd95 65.664303
2024-10-13 15:59:16 - idx 7 case case0003 mean_dice 0.441304 mean_hd95 91.500121
2024-10-13 16:01:14 - idx 8 case case0001 mean_dice 0.632310 mean_hd95 37.259555
2024-10-13 16:03:00 - idx 9 case case0004 mean_dice 0.534757 mean_hd95 19.441037
2024-10-13 16:04:04 - idx 10 case case0025 mean_dice 0.502902 mean_hd95 23.844216
2024-10-13 16:05:04 - idx 11 case case0035 mean_dice 0.720273 mean_hd95 7.033523
2024-10-13 16:05:04 - Mean class 1 mean_dice 0.764412 mean_hd95 8.699202
2024-10-13 16:05:04 - Mean class 2 mean_dice 0.586466 mean_hd95 33.819223
2024-10-13 16:05:04 - Mean class 3 mean_dice 0.525648 mean_hd95 46.263871
2024-10-13 16:05:04 - Mean class 4 mean_dice 0.519356 mean_hd95 33.689909
2024-10-13 16:05:04 - Mean class 5 mean_dice 0.919696 mean_hd95 38.688183
2024-10-13 16:05:04 - Mean class 6 mean_dice 0.211680 mean_hd95 32.804924
2024-10-13 16:05:04 - Mean class 7 mean_dice 0.710598 mean_hd95 19.770937
2024-10-13 16:05:04 - Mean class 8 mean_dice 0.687036 mean_hd95 19.560219
2024-10-13 16:05:04 - val epoch: 90, mean_dice: 0.6156115037502068, mean_hd95: 29.16205858298715, time(s): 1197.93
2024-10-13 16:05:06 - train: epoch 91, iter:0, loss: 0.0529, lr: 3.4227024433899026e-05
2024-10-13 16:05:30 - train: epoch 91, iter:20, loss: 0.0417, lr: 3.4227024433899026e-05
2024-10-13 16:05:53 - train: epoch 91, iter:40, loss: 0.0578, lr: 3.4227024433899026e-05
2024-10-13 16:06:16 - train: epoch 91, iter:60, loss: 0.0444, lr: 3.4227024433899026e-05
2024-10-13 16:06:26 - Finish one epoch train: epoch 91, loss: 0.0511, time(s): 80.83
2024-10-13 16:06:28 - train: epoch 92, iter:0, loss: 0.0480, lr: 2.9654625589913258e-05
2024-10-13 16:06:51 - train: epoch 92, iter:20, loss: 0.0532, lr: 2.9654625589913258e-05
2024-10-13 16:07:15 - train: epoch 92, iter:40, loss: 0.0424, lr: 2.9654625589913258e-05
2024-10-13 16:07:38 - train: epoch 92, iter:60, loss: 0.0457, lr: 2.9654625589913258e-05
2024-10-13 16:07:47 - Finish one epoch train: epoch 92, loss: 0.0537, time(s): 80.45
2024-10-13 16:07:49 - train: epoch 93, iter:0, loss: 0.0491, lr: 2.5551335241327692e-05
2024-10-13 16:08:13 - train: epoch 93, iter:20, loss: 0.0477, lr: 2.5551335241327692e-05
2024-10-13 16:08:36 - train: epoch 93, iter:40, loss: 0.0608, lr: 2.5551335241327692e-05
2024-10-13 16:09:00 - train: epoch 93, iter:60, loss: 0.0534, lr: 2.5551335241327692e-05
2024-10-13 16:09:09 - Finish one epoch train: epoch 93, loss: 0.0512, time(s): 80.92
2024-10-13 16:09:11 - train: epoch 94, iter:0, loss: 0.0464, lr: 2.192120284032009e-05
2024-10-13 16:09:34 - train: epoch 94, iter:20, loss: 0.0427, lr: 2.192120284032009e-05
2024-10-13 16:09:57 - train: epoch 94, iter:40, loss: 0.0456, lr: 2.192120284032009e-05
2024-10-13 16:10:20 - train: epoch 94, iter:60, loss: 0.0450, lr: 2.192120284032009e-05
2024-10-13 16:10:30 - Finish one epoch train: epoch 94, loss: 0.0534, time(s): 79.52
2024-10-13 16:10:32 - train: epoch 95, iter:0, loss: 0.0602, lr: 1.8767810889299096e-05
2024-10-13 16:10:55 - train: epoch 95, iter:20, loss: 0.0402, lr: 1.8767810889299096e-05
2024-10-13 16:11:18 - train: epoch 95, iter:40, loss: 0.0485, lr: 1.8767810889299096e-05
