2024-10-01 15:16:05 - #----------Config info----------#
2024-10-01 15:16:05 - network: vmunet,
2024-10-01 15:16:05 - model_config: {'num_classes': 9, 'input_channels': 3, 'depths': [2, 2, 2, 2], 'depths_decoder': [2, 2, 2, 1], 'drop_path_rate': 0.2, 'load_ckpt_path': '/root/autodl-tmp/Medical_Project/data/pre_trained_weights/vmamba_small_e238_ema.pth'},
2024-10-01 15:16:05 - datasets_name: synapse,
2024-10-01 15:16:05 - input_size_h: 224,
2024-10-01 15:16:05 - input_size_w: 224,
2024-10-01 15:16:05 - data_path: /root/autodl-tmp/Medical_Project/data/synapse/project_TransUNet/data/Synapse/train_npz,
2024-10-01 15:16:05 - datasets: <class 'datasets.dataset.Synapse_dataset'>,
2024-10-01 15:16:05 - list_dir: /root/autodl-tmp/Medical_Project/data/synapse/project_TransUNet/TransUNet/lists/lists_Synapse,
2024-10-01 15:16:05 - volume_path: /root/autodl-tmp/Medical_Project/data/synapse/project_TransUNet/data/Synapse/test_vol_h5,
2024-10-01 15:16:05 - pretrained_path: ,
2024-10-01 15:16:05 - num_classes: 9,
2024-10-01 15:16:05 - loss_weight: [1, 1],
2024-10-01 15:16:05 - criterion: CeDiceLoss(
  (celoss): CrossEntropyLoss()
  (diceloss): nDiceLoss()
),
2024-10-01 15:16:05 - z_spacing: 1,
2024-10-01 15:16:05 - input_channels: 3,
2024-10-01 15:16:05 - distributed: False,
2024-10-01 15:16:05 - local_rank: -1,
2024-10-01 15:16:05 - num_workers: 0,
2024-10-01 15:16:05 - seed: 2222,
2024-10-01 15:16:05 - world_size: None,
2024-10-01 15:16:05 - rank: None,
2024-10-01 15:16:05 - amp: False,
2024-10-01 15:16:05 - batch_size: 32,
2024-10-01 15:16:05 - epochs: 100,
2024-10-01 15:16:05 - work_dir: results/vmunet_synapse_Tuesday_01_October_2024_15h_16m_05s/,
2024-10-01 15:16:05 - print_interval: 20,
2024-10-01 15:16:05 - val_interval: 10,
2024-10-01 15:16:05 - test_weights_path: ,
2024-10-01 15:16:05 - threshold: 0.5,
2024-10-01 15:16:05 - opt: AdamW,
2024-10-01 15:16:05 - lr: 0.001,
2024-10-01 15:16:05 - betas: (0.9, 0.999),
2024-10-01 15:16:05 - eps: 1e-08,
2024-10-01 15:16:05 - weight_decay: 0.01,
2024-10-01 15:16:05 - amsgrad: False,
2024-10-01 15:16:05 - sch: CosineAnnealingLR,
2024-10-01 15:16:05 - T_max: 100,
2024-10-01 15:16:05 - eta_min: 1e-05,
2024-10-01 15:16:05 - last_epoch: -1,
2024-10-01 15:16:09 - train: epoch 1, iter:0, loss: 3.6203, lr: 0.001
2024-10-01 15:16:32 - train: epoch 1, iter:20, loss: 0.8985, lr: 0.001
2024-10-01 15:16:54 - train: epoch 1, iter:40, loss: 0.7094, lr: 0.001
2024-10-01 15:17:17 - train: epoch 1, iter:60, loss: 0.5650, lr: 0.001
2024-10-01 15:17:26 - Finish one epoch train: epoch 1, loss: 0.9088, time(s): 78.32
2024-10-01 15:17:27 - train: epoch 2, iter:0, loss: 0.5754, lr: 0.0009997557473810372
2024-10-01 15:17:49 - train: epoch 2, iter:20, loss: 0.4439, lr: 0.0009997557473810372
2024-10-01 15:18:11 - train: epoch 2, iter:40, loss: 0.4747, lr: 0.0009997557473810372
2024-10-01 15:18:33 - train: epoch 2, iter:60, loss: 0.3999, lr: 0.0009997557473810372
2024-10-01 15:18:42 - Finish one epoch train: epoch 2, loss: 0.4897, time(s): 75.73
2024-10-01 15:18:44 - train: epoch 3, iter:0, loss: 0.3099, lr: 0.0009990232305719946
2024-10-01 15:19:06 - train: epoch 3, iter:20, loss: 0.2758, lr: 0.0009990232305719946
2024-10-01 15:19:27 - train: epoch 3, iter:40, loss: 0.3169, lr: 0.0009990232305719946
2024-10-01 15:19:48 - train: epoch 3, iter:60, loss: 0.3010, lr: 0.0009990232305719946
2024-10-01 15:19:57 - Finish one epoch train: epoch 3, loss: 0.3535, time(s): 74.16
2024-10-01 15:19:59 - train: epoch 4, iter:0, loss: 0.2463, lr: 0.0009978031724785247
2024-10-01 15:20:21 - train: epoch 4, iter:20, loss: 0.4150, lr: 0.0009978031724785247
2024-10-01 15:20:43 - train: epoch 4, iter:40, loss: 0.2518, lr: 0.0009978031724785247
2024-10-01 15:21:04 - train: epoch 4, iter:60, loss: 0.2229, lr: 0.0009978031724785247
2024-10-01 15:21:12 - Finish one epoch train: epoch 4, loss: 0.2779, time(s): 74.19
2024-10-01 15:21:14 - train: epoch 5, iter:0, loss: 0.2768, lr: 0.0009960967771506667
2024-10-01 15:21:36 - train: epoch 5, iter:20, loss: 0.1976, lr: 0.0009960967771506667
2024-10-01 15:21:57 - train: epoch 5, iter:40, loss: 0.3277, lr: 0.0009960967771506667
2024-10-01 15:22:18 - train: epoch 5, iter:60, loss: 0.2153, lr: 0.0009960967771506667
2024-10-01 15:22:27 - Finish one epoch train: epoch 5, loss: 0.2467, time(s): 73.74
2024-10-01 15:22:29 - train: epoch 6, iter:0, loss: 0.2826, lr: 0.0009939057285945933
2024-10-01 15:22:50 - train: epoch 6, iter:20, loss: 0.2409, lr: 0.0009939057285945933
2024-10-01 15:23:11 - train: epoch 6, iter:40, loss: 0.2589, lr: 0.0009939057285945933
2024-10-01 15:23:33 - train: epoch 6, iter:60, loss: 0.2151, lr: 0.0009939057285945933
2024-10-01 15:23:42 - Finish one epoch train: epoch 6, loss: 0.2257, time(s): 73.83
2024-10-01 15:23:44 - train: epoch 7, iter:0, loss: 0.1930, lr: 0.0009912321891107012
2024-10-01 15:24:07 - train: epoch 7, iter:20, loss: 0.2113, lr: 0.0009912321891107012
2024-10-01 15:24:29 - train: epoch 7, iter:40, loss: 0.1798, lr: 0.0009912321891107012
2024-10-01 15:24:51 - train: epoch 7, iter:60, loss: 0.2464, lr: 0.0009912321891107012
2024-10-01 15:25:00 - Finish one epoch train: epoch 7, loss: 0.2128, time(s): 77.59
2024-10-01 15:25:03 - train: epoch 8, iter:0, loss: 0.3727, lr: 0.0009880787971596802
2024-10-01 15:25:25 - train: epoch 8, iter:20, loss: 0.2178, lr: 0.0009880787971596802
2024-10-01 15:25:46 - train: epoch 8, iter:40, loss: 0.1549, lr: 0.0009880787971596802
2024-10-01 15:26:09 - train: epoch 8, iter:60, loss: 0.1794, lr: 0.0009880787971596802
2024-10-01 15:26:18 - Finish one epoch train: epoch 8, loss: 0.1956, time(s): 76.24
2024-10-01 15:26:20 - train: epoch 9, iter:0, loss: 0.1743, lr: 0.0009844486647586726
2024-10-01 15:26:42 - train: epoch 9, iter:20, loss: 0.1884, lr: 0.0009844486647586726
2024-10-01 15:27:05 - train: epoch 9, iter:40, loss: 0.1527, lr: 0.0009844486647586726
2024-10-01 15:27:27 - train: epoch 9, iter:60, loss: 0.1674, lr: 0.0009844486647586726
2024-10-01 15:27:36 - Finish one epoch train: epoch 9, loss: 0.1610, time(s): 77.77
2024-10-01 15:27:39 - train: epoch 10, iter:0, loss: 0.1832, lr: 0.000980345374410087
2024-10-01 15:28:01 - train: epoch 10, iter:20, loss: 0.1615, lr: 0.000980345374410087
2024-10-01 15:28:22 - train: epoch 10, iter:40, loss: 0.1550, lr: 0.000980345374410087
2024-10-01 15:28:44 - train: epoch 10, iter:60, loss: 0.1183, lr: 0.000980345374410087
2024-10-01 15:28:52 - Finish one epoch train: epoch 10, loss: 0.1566, time(s): 74.86
2024-10-01 15:30:54 - idx 0 case case0008 mean_dice 0.586357 mean_hd95 37.345362
2024-10-01 15:32:32 - idx 1 case case0022 mean_dice 0.823288 mean_hd95 20.694404
2024-10-01 15:34:09 - idx 2 case case0038 mean_dice 0.704389 mean_hd95 35.519972
2024-10-01 15:37:47 - idx 3 case case0036 mean_dice 0.724349 mean_hd95 40.619665
2024-10-01 15:40:17 - idx 4 case case0032 mean_dice 0.840477 mean_hd95 12.575490
2024-10-01 15:42:36 - idx 5 case case0002 mean_dice 0.833443 mean_hd95 7.351213
2024-10-01 15:44:20 - idx 6 case case0029 mean_dice 0.688515 mean_hd95 27.396533
2024-10-01 15:48:05 - idx 7 case case0003 mean_dice 0.609392 mean_hd95 107.601310
2024-10-01 15:50:38 - idx 8 case case0001 mean_dice 0.754682 mean_hd95 38.960868
2024-10-01 15:52:59 - idx 9 case case0004 mean_dice 0.735330 mean_hd95 31.553772
2024-10-01 15:54:26 - idx 10 case case0025 mean_dice 0.736131 mean_hd95 31.184736
2024-10-01 15:55:52 - idx 11 case case0035 mean_dice 0.805676 mean_hd95 18.902323
2024-10-01 15:55:52 - Mean class 1 mean_dice 0.806010 mean_hd95 20.863929
2024-10-01 15:55:52 - Mean class 2 mean_dice 0.512343 mean_hd95 43.586627
2024-10-01 15:55:52 - Mean class 3 mean_dice 0.794852 mean_hd95 70.769882
2024-10-01 15:55:52 - Mean class 4 mean_dice 0.737627 mean_hd95 40.216588
2024-10-01 15:55:52 - Mean class 5 mean_dice 0.921850 mean_hd95 33.385677
2024-10-01 15:55:52 - Mean class 6 mean_dice 0.563269 mean_hd95 18.419456
2024-10-01 15:55:52 - Mean class 7 mean_dice 0.843362 mean_hd95 22.756845
2024-10-01 15:55:52 - Mean class 8 mean_dice 0.715375 mean_hd95 23.138095
2024-10-01 15:55:52 - val epoch: 10, mean_dice: 0.7368357747362353, mean_hd95: 34.14213743531881, time(s): 1619.02
2024-10-01 15:55:54 - train: epoch 11, iter:0, loss: 0.1293, lr: 0.0009757729755661012
2024-10-01 15:56:19 - train: epoch 11, iter:20, loss: 0.1239, lr: 0.0009757729755661012
2024-10-01 15:56:47 - train: epoch 11, iter:40, loss: 0.1420, lr: 0.0009757729755661012
2024-10-01 15:57:12 - train: epoch 11, iter:60, loss: 0.1796, lr: 0.0009757729755661012
2024-10-01 15:57:21 - Finish one epoch train: epoch 11, loss: 0.1587, time(s): 88.37
2024-10-01 15:57:23 - train: epoch 12, iter:0, loss: 0.1291, lr: 0.0009707359806323418
2024-10-01 15:57:45 - train: epoch 12, iter:20, loss: 0.1490, lr: 0.0009707359806323418
2024-10-01 15:58:12 - train: epoch 12, iter:40, loss: 0.1114, lr: 0.0009707359806323418
2024-10-01 15:58:40 - train: epoch 12, iter:60, loss: 0.1570, lr: 0.0009707359806323418
2024-10-01 15:58:51 - Finish one epoch train: epoch 12, loss: 0.1531, time(s): 88.97
2024-10-01 15:58:53 - train: epoch 13, iter:0, loss: 0.1343, lr: 0.0009652393605146846
2024-10-01 15:59:17 - train: epoch 13, iter:20, loss: 0.1300, lr: 0.0009652393605146846
2024-10-01 15:59:40 - train: epoch 13, iter:40, loss: 0.1295, lr: 0.0009652393605146846
2024-10-01 16:00:02 - train: epoch 13, iter:60, loss: 0.2145, lr: 0.0009652393605146846
2024-10-01 16:00:11 - Finish one epoch train: epoch 13, loss: 0.1476, time(s): 78.77
2024-10-01 16:00:13 - train: epoch 14, iter:0, loss: 0.0932, lr: 0.0009592885397135708
2024-10-01 16:00:35 - train: epoch 14, iter:20, loss: 0.1191, lr: 0.0009592885397135708
2024-10-01 16:00:58 - train: epoch 14, iter:40, loss: 0.1296, lr: 0.0009592885397135708
2024-10-01 16:01:23 - train: epoch 14, iter:60, loss: 0.1104, lr: 0.0009592885397135708
2024-10-01 16:01:32 - Finish one epoch train: epoch 14, loss: 0.1317, time(s): 80.14
2024-10-01 16:01:34 - train: epoch 15, iter:0, loss: 0.1051, lr: 0.0009528893909706799
2024-10-01 16:01:56 - train: epoch 15, iter:20, loss: 0.0962, lr: 0.0009528893909706799
2024-10-01 16:02:18 - train: epoch 15, iter:40, loss: 0.1049, lr: 0.0009528893909706799
2024-10-01 16:02:41 - train: epoch 15, iter:60, loss: 0.0943, lr: 0.0009528893909706799
2024-10-01 16:02:50 - Finish one epoch train: epoch 15, loss: 0.1289, time(s): 77.15
2024-10-01 16:02:53 - train: epoch 16, iter:0, loss: 0.1039, lr: 0.0009460482294732424
2024-10-01 16:03:15 - train: epoch 16, iter:20, loss: 0.1139, lr: 0.0009460482294732424
2024-10-01 16:03:37 - train: epoch 16, iter:40, loss: 0.1543, lr: 0.0009460482294732424
2024-10-01 16:03:59 - train: epoch 16, iter:60, loss: 0.1151, lr: 0.0009460482294732424
2024-10-01 16:04:08 - Finish one epoch train: epoch 16, loss: 0.1245, time(s): 76.84
2024-10-01 16:04:11 - train: epoch 17, iter:0, loss: 0.0851, lr: 0.0009387718066217127
2024-10-01 16:04:33 - train: epoch 17, iter:20, loss: 0.0940, lr: 0.0009387718066217127
2024-10-01 16:04:55 - train: epoch 17, iter:40, loss: 0.1021, lr: 0.0009387718066217127
2024-10-01 16:05:17 - train: epoch 17, iter:60, loss: 0.0897, lr: 0.0009387718066217127
2024-10-01 16:05:26 - Finish one epoch train: epoch 17, loss: 0.1188, time(s): 76.71
2024-10-01 16:05:28 - train: epoch 18, iter:0, loss: 0.1189, lr: 0.0009310673033669524
2024-10-01 16:05:51 - train: epoch 18, iter:20, loss: 0.1040, lr: 0.0009310673033669524
2024-10-01 16:06:13 - train: epoch 18, iter:40, loss: 0.1181, lr: 0.0009310673033669524
2024-10-01 16:06:35 - train: epoch 18, iter:60, loss: 0.0946, lr: 0.0009310673033669524
2024-10-01 16:06:44 - Finish one epoch train: epoch 18, loss: 0.1263, time(s): 76.88
2024-10-01 16:06:46 - train: epoch 19, iter:0, loss: 0.1146, lr: 0.0009229423231234977
2024-10-01 16:07:07 - train: epoch 19, iter:20, loss: 0.1087, lr: 0.0009229423231234977
2024-10-01 16:07:29 - train: epoch 19, iter:40, loss: 0.1519, lr: 0.0009229423231234977
2024-10-01 16:07:51 - train: epoch 19, iter:60, loss: 0.0981, lr: 0.0009229423231234977
2024-10-01 16:08:00 - Finish one epoch train: epoch 19, loss: 0.1449, time(s): 74.78
2024-10-01 16:08:01 - train: epoch 20, iter:0, loss: 0.1757, lr: 0.0009144048842659084
2024-10-01 16:08:23 - train: epoch 20, iter:20, loss: 0.0946, lr: 0.0009144048842659084
2024-10-01 16:08:45 - train: epoch 20, iter:40, loss: 0.0967, lr: 0.0009144048842659084
2024-10-01 16:09:07 - train: epoch 20, iter:60, loss: 0.0976, lr: 0.0009144048842659084
2024-10-01 16:09:16 - Finish one epoch train: epoch 20, loss: 0.1135, time(s): 75.75
2024-10-01 16:11:12 - idx 0 case case0008 mean_dice 0.643462 mean_hd95 20.383228
2024-10-01 16:12:21 - idx 1 case case0022 mean_dice 0.877980 mean_hd95 5.593663
2024-10-01 16:13:40 - idx 2 case case0038 mean_dice 0.811481 mean_hd95 6.406331
2024-10-01 16:16:08 - idx 3 case case0036 mean_dice 0.812458 mean_hd95 23.873514
2024-10-01 16:17:56 - idx 4 case case0032 mean_dice 0.797829 mean_hd95 22.572181
2024-10-01 16:19:41 - idx 5 case case0002 mean_dice 0.867983 mean_hd95 5.417355
2024-10-01 16:20:59 - idx 6 case case0029 mean_dice 0.823964 mean_hd95 20.714246
2024-10-01 16:23:45 - idx 7 case case0003 mean_dice 0.647470 mean_hd95 93.903681
2024-10-01 16:25:43 - idx 8 case case0001 mean_dice 0.780405 mean_hd95 39.701155
2024-10-01 16:27:36 - idx 9 case case0004 mean_dice 0.725793 mean_hd95 51.368109
2024-10-01 16:28:48 - idx 10 case case0025 mean_dice 0.682233 mean_hd95 50.121748
2024-10-01 16:29:53 - idx 11 case case0035 mean_dice 0.850316 mean_hd95 4.520873
2024-10-01 16:29:53 - Mean class 1 mean_dice 0.848757 mean_hd95 10.667051
2024-10-01 16:29:53 - Mean class 2 mean_dice 0.632053 mean_hd95 55.590412
2024-10-01 16:29:53 - Mean class 3 mean_dice 0.836635 mean_hd95 37.856794
2024-10-01 16:29:53 - Mean class 4 mean_dice 0.775717 mean_hd95 26.224373
2024-10-01 16:29:53 - Mean class 5 mean_dice 0.930416 mean_hd95 24.530700
2024-10-01 16:29:53 - Mean class 6 mean_dice 0.612698 mean_hd95 15.168500
2024-10-01 16:29:53 - Mean class 7 mean_dice 0.840839 mean_hd95 35.620329
2024-10-01 16:29:53 - Mean class 8 mean_dice 0.737134 mean_hd95 24.059230
2024-10-01 16:29:53 - val epoch: 20, mean_dice: 0.7767812436777655, mean_hd95: 28.714673740621013, time(s): 1237.14
2024-10-01 16:29:55 - train: epoch 21, iter:0, loss: 0.0944, lr: 0.0009054634122155993
2024-10-01 16:30:17 - train: epoch 21, iter:20, loss: 0.1023, lr: 0.0009054634122155993
2024-10-01 16:30:39 - train: epoch 21, iter:40, loss: 0.1090, lr: 0.0009054634122155993
2024-10-01 16:31:01 - train: epoch 21, iter:60, loss: 0.0895, lr: 0.0009054634122155993
2024-10-01 16:31:10 - Finish one epoch train: epoch 21, loss: 0.1123, time(s): 75.43
2024-10-01 16:31:12 - train: epoch 22, iter:0, loss: 0.0978, lr: 0.000896126731125967
2024-10-01 16:31:33 - train: epoch 22, iter:20, loss: 0.1495, lr: 0.000896126731125967
2024-10-01 16:31:59 - train: epoch 22, iter:40, loss: 0.0999, lr: 0.000896126731125967
2024-10-01 16:32:21 - train: epoch 22, iter:60, loss: 0.1037, lr: 0.000896126731125967
2024-10-01 16:32:30 - Finish one epoch train: epoch 22, loss: 0.1091, time(s): 79.18
2024-10-01 16:32:32 - train: epoch 23, iter:0, loss: 0.0918, lr: 0.000886404055174016
2024-10-01 16:32:54 - train: epoch 23, iter:20, loss: 0.0870, lr: 0.000886404055174016
2024-10-01 16:33:22 - train: epoch 23, iter:40, loss: 0.1108, lr: 0.000886404055174016
2024-10-01 16:33:49 - train: epoch 23, iter:60, loss: 0.1197, lr: 0.000886404055174016
2024-10-01 16:34:01 - Finish one epoch train: epoch 23, loss: 0.1130, time(s): 89.64
2024-10-01 16:34:03 - train: epoch 24, iter:0, loss: 0.0873, lr: 0.0008763049794670778
2024-10-01 16:34:30 - train: epoch 24, iter:20, loss: 0.0862, lr: 0.0008763049794670778
2024-10-01 16:34:58 - train: epoch 24, iter:40, loss: 0.1038, lr: 0.0008763049794670778
2024-10-01 16:35:26 - train: epoch 24, iter:60, loss: 0.0665, lr: 0.0008763049794670778
2024-10-01 16:35:37 - Finish one epoch train: epoch 24, loss: 0.1088, time(s): 95.48
2024-10-01 16:35:39 - train: epoch 25, iter:0, loss: 0.0800, lr: 0.000865839470573599
2024-10-01 16:36:02 - train: epoch 25, iter:20, loss: 0.0802, lr: 0.000865839470573599
2024-10-01 16:36:24 - train: epoch 25, iter:40, loss: 0.0795, lr: 0.000865839470573599
2024-10-01 16:36:46 - train: epoch 25, iter:60, loss: 0.0785, lr: 0.000865839470573599
2024-10-01 16:36:54 - Finish one epoch train: epoch 25, loss: 0.0916, time(s): 76.32
2024-10-01 16:36:56 - train: epoch 26, iter:0, loss: 0.0795, lr: 0.0008550178566873413
2024-10-01 16:37:18 - train: epoch 26, iter:20, loss: 0.1512, lr: 0.0008550178566873413
2024-10-01 16:37:40 - train: epoch 26, iter:40, loss: 0.0832, lr: 0.0008550178566873413
2024-10-01 16:38:02 - train: epoch 26, iter:60, loss: 0.0827, lr: 0.0008550178566873413
2024-10-01 16:38:10 - Finish one epoch train: epoch 26, loss: 0.0946, time(s): 74.98
2024-10-01 16:38:12 - train: epoch 27, iter:0, loss: 0.0868, lr: 0.0008438508174347012
2024-10-01 16:38:39 - train: epoch 27, iter:20, loss: 0.0735, lr: 0.0008438508174347012
2024-10-01 16:39:07 - train: epoch 27, iter:40, loss: 0.0717, lr: 0.0008438508174347012
2024-10-01 16:39:34 - train: epoch 27, iter:60, loss: 0.0770, lr: 0.0008438508174347012
2024-10-01 16:39:44 - Finish one epoch train: epoch 27, loss: 0.0850, time(s): 93.15
2024-10-01 16:39:47 - train: epoch 28, iter:0, loss: 0.0744, lr: 0.000832349373335208
2024-10-01 16:40:09 - train: epoch 28, iter:20, loss: 0.0732, lr: 0.000832349373335208
2024-10-01 16:40:31 - train: epoch 28, iter:40, loss: 0.0844, lr: 0.000832349373335208
2024-10-01 16:40:53 - train: epoch 28, iter:60, loss: 0.0806, lr: 0.000832349373335208
2024-10-01 16:41:02 - Finish one epoch train: epoch 28, loss: 0.0859, time(s): 76.40
2024-10-01 16:41:04 - train: epoch 29, iter:0, loss: 0.0739, lr: 0.0008205248749256018
2024-10-01 16:41:26 - train: epoch 29, iter:20, loss: 0.0676, lr: 0.0008205248749256018
2024-10-01 16:41:48 - train: epoch 29, iter:40, loss: 0.0671, lr: 0.0008205248749256018
2024-10-01 16:42:10 - train: epoch 29, iter:60, loss: 0.0712, lr: 0.0008205248749256018
2024-10-01 16:42:19 - Finish one epoch train: epoch 29, loss: 0.0944, time(s): 76.58
2024-10-01 16:42:21 - train: epoch 30, iter:0, loss: 0.0702, lr: 0.0008083889915582238
2024-10-01 16:42:43 - train: epoch 30, iter:20, loss: 0.0613, lr: 0.0008083889915582238
2024-10-01 16:43:06 - train: epoch 30, iter:40, loss: 0.0921, lr: 0.0008083889915582238
2024-10-01 16:43:28 - train: epoch 30, iter:60, loss: 0.0806, lr: 0.0008083889915582238
2024-10-01 16:43:37 - Finish one epoch train: epoch 30, loss: 0.0812, time(s): 76.59
2024-10-01 16:45:34 - idx 0 case case0008 mean_dice 0.650878 mean_hd95 11.549700
2024-10-01 16:46:46 - idx 1 case case0022 mean_dice 0.887558 mean_hd95 16.216490
2024-10-01 16:48:06 - idx 2 case case0038 mean_dice 0.848814 mean_hd95 10.827493
2024-10-01 16:50:49 - idx 3 case case0036 mean_dice 0.835002 mean_hd95 16.048415
2024-10-01 16:52:58 - idx 4 case case0032 mean_dice 0.881898 mean_hd95 5.631369
2024-10-01 16:54:47 - idx 5 case case0002 mean_dice 0.865161 mean_hd95 5.777131
2024-10-01 16:56:07 - idx 6 case case0029 mean_dice 0.777873 mean_hd95 8.618467
2024-10-01 16:59:24 - idx 7 case case0003 mean_dice 0.674152 mean_hd95 104.583242
2024-10-01 17:01:38 - idx 8 case case0001 mean_dice 0.796824 mean_hd95 33.695845
2024-10-01 17:03:28 - idx 9 case case0004 mean_dice 0.779099 mean_hd95 33.579423
2024-10-01 17:04:38 - idx 10 case case0025 mean_dice 0.762792 mean_hd95 48.766135
2024-10-01 17:05:46 - idx 11 case case0035 mean_dice 0.845155 mean_hd95 5.224091
2024-10-01 17:05:46 - Mean class 1 mean_dice 0.852650 mean_hd95 23.150934
2024-10-01 17:05:46 - Mean class 2 mean_dice 0.696003 mean_hd95 49.627213
2024-10-01 17:05:46 - Mean class 3 mean_dice 0.847769 mean_hd95 31.368590
2024-10-01 17:05:46 - Mean class 4 mean_dice 0.818384 mean_hd95 23.203909
2024-10-01 17:05:46 - Mean class 5 mean_dice 0.945277 mean_hd95 15.143045
2024-10-01 17:05:46 - Mean class 6 mean_dice 0.603439 mean_hd95 15.114508
2024-10-01 17:05:46 - Mean class 7 mean_dice 0.870219 mean_hd95 25.195620
2024-10-01 17:05:46 - Mean class 8 mean_dice 0.769730 mean_hd95 17.541382
2024-10-01 17:05:46 - val epoch: 30, mean_dice: 0.8004338947278424, mean_hd95: 25.043150055018582, time(s): 1329.50
2024-10-01 17:05:48 - train: epoch 31, iter:0, loss: 0.0815, lr: 0.0007959536998847747
2024-10-01 17:06:11 - train: epoch 31, iter:20, loss: 0.0913, lr: 0.0007959536998847747
2024-10-01 17:06:33 - train: epoch 31, iter:40, loss: 0.0883, lr: 0.0007959536998847747
2024-10-01 17:06:58 - train: epoch 31, iter:60, loss: 0.0849, lr: 0.0007959536998847747
2024-10-01 17:07:09 - Finish one epoch train: epoch 31, loss: 0.0966, time(s): 81.61
2024-10-01 17:07:11 - train: epoch 32, iter:0, loss: 0.0750, lr: 0.0007832312720368051
2024-10-01 17:07:36 - train: epoch 32, iter:20, loss: 0.0649, lr: 0.0007832312720368051
2024-10-01 17:08:04 - train: epoch 32, iter:40, loss: 0.0934, lr: 0.0007832312720368051
2024-10-01 17:08:31 - train: epoch 32, iter:60, loss: 0.0853, lr: 0.0007832312720368051
2024-10-01 17:08:42 - Finish one epoch train: epoch 32, loss: 0.0874, time(s): 92.62
2024-10-01 17:08:44 - train: epoch 33, iter:0, loss: 0.0909, lr: 0.0007702342635146037
2024-10-01 17:09:06 - train: epoch 33, iter:20, loss: 0.0853, lr: 0.0007702342635146037
2024-10-01 17:09:29 - train: epoch 33, iter:40, loss: 0.0865, lr: 0.0007702342635146037
2024-10-01 17:09:51 - train: epoch 33, iter:60, loss: 0.0891, lr: 0.0007702342635146037
2024-10-01 17:10:00 - Finish one epoch train: epoch 33, loss: 0.1058, time(s): 76.65
2024-10-01 17:10:02 - train: epoch 34, iter:0, loss: 0.0878, lr: 0.0007569755007964342
2024-10-01 17:10:24 - train: epoch 34, iter:20, loss: 0.0891, lr: 0.0007569755007964342
2024-10-01 17:10:46 - train: epoch 34, iter:40, loss: 0.0766, lr: 0.0007569755007964342
2024-10-01 17:11:11 - train: epoch 34, iter:60, loss: 0.0703, lr: 0.0007569755007964342
2024-10-01 17:11:22 - Finish one epoch train: epoch 34, loss: 0.0917, time(s): 81.63
2024-10-01 17:11:24 - train: epoch 35, iter:0, loss: 0.0686, lr: 0.0007434680686803494
2024-10-01 17:11:46 - train: epoch 35, iter:20, loss: 0.0649, lr: 0.0007434680686803494
2024-10-01 17:12:08 - train: epoch 35, iter:40, loss: 0.0812, lr: 0.0007434680686803494
2024-10-01 17:12:29 - train: epoch 35, iter:60, loss: 0.0799, lr: 0.0007434680686803494
2024-10-01 17:12:38 - Finish one epoch train: epoch 35, loss: 0.0816, time(s): 75.49
2024-10-01 17:12:40 - train: epoch 36, iter:0, loss: 0.0751, lr: 0.0007297252973710761
2024-10-01 17:13:02 - train: epoch 36, iter:20, loss: 0.0630, lr: 0.0007297252973710761
2024-10-01 17:13:24 - train: epoch 36, iter:40, loss: 0.0617, lr: 0.0007297252973710761
2024-10-01 17:13:46 - train: epoch 36, iter:60, loss: 0.0736, lr: 0.0007297252973710761
2024-10-01 17:13:55 - Finish one epoch train: epoch 36, loss: 0.0867, time(s): 76.09
2024-10-01 17:13:57 - train: epoch 37, iter:0, loss: 0.0802, lr: 0.0007157607493247114
2024-10-01 17:14:19 - train: epoch 37, iter:20, loss: 0.0951, lr: 0.0007157607493247114
2024-10-01 17:14:41 - train: epoch 37, iter:40, loss: 0.0957, lr: 0.0007157607493247114
2024-10-01 17:15:03 - train: epoch 37, iter:60, loss: 0.0810, lr: 0.0007157607493247114
2024-10-01 17:15:12 - Finish one epoch train: epoch 37, loss: 0.0834, time(s): 76.41
2024-10-01 17:15:14 - train: epoch 38, iter:0, loss: 0.0668, lr: 0.0007015882058642168
2024-10-01 17:15:36 - train: epoch 38, iter:20, loss: 0.0689, lr: 0.0007015882058642168
2024-10-01 17:15:58 - train: epoch 38, iter:40, loss: 0.0807, lr: 0.0007015882058642168
2024-10-01 17:16:20 - train: epoch 38, iter:60, loss: 0.0774, lr: 0.0007015882058642168
2024-10-01 17:16:29 - Finish one epoch train: epoch 38, loss: 0.0890, time(s): 75.79
2024-10-01 17:16:31 - train: epoch 39, iter:0, loss: 0.0740, lr: 0.0006872216535789162
2024-10-01 17:16:53 - train: epoch 39, iter:20, loss: 0.1171, lr: 0.0006872216535789162
2024-10-01 17:17:15 - train: epoch 39, iter:40, loss: 0.0768, lr: 0.0006872216535789162
2024-10-01 17:17:37 - train: epoch 39, iter:60, loss: 0.1481, lr: 0.0006872216535789162
2024-10-01 17:17:45 - Finish one epoch train: epoch 39, loss: 0.0910, time(s): 75.82
2024-10-01 17:17:47 - train: epoch 40, iter:0, loss: 0.0921, lr: 0.0006726752705214198
2024-10-01 17:18:10 - train: epoch 40, iter:20, loss: 0.0706, lr: 0.0006726752705214198
2024-10-01 17:18:32 - train: epoch 40, iter:40, loss: 0.0622, lr: 0.0006726752705214198
2024-10-01 17:18:54 - train: epoch 40, iter:60, loss: 0.0618, lr: 0.0006726752705214198
2024-10-01 17:19:03 - Finish one epoch train: epoch 40, loss: 0.0894, time(s): 76.65
2024-10-01 17:21:05 - idx 0 case case0008 mean_dice 0.615821 mean_hd95 10.440021
2024-10-01 17:22:19 - idx 1 case case0022 mean_dice 0.893172 mean_hd95 5.579554
2024-10-01 17:23:45 - idx 2 case case0038 mean_dice 0.802638 mean_hd95 9.727048
2024-10-01 17:26:28 - idx 3 case case0036 mean_dice 0.829172 mean_hd95 7.178271
2024-10-01 17:28:24 - idx 4 case case0032 mean_dice 0.836921 mean_hd95 7.705358
2024-10-01 17:30:13 - idx 5 case case0002 mean_dice 0.861401 mean_hd95 5.199330
2024-10-01 17:31:31 - idx 6 case case0029 mean_dice 0.781049 mean_hd95 8.880196
2024-10-01 17:34:18 - idx 7 case case0003 mean_dice 0.598475 mean_hd95 107.195407
2024-10-01 17:36:14 - idx 8 case case0001 mean_dice 0.768665 mean_hd95 27.825621
2024-10-01 17:38:07 - idx 9 case case0004 mean_dice 0.795719 mean_hd95 25.056280
2024-10-01 17:39:17 - idx 10 case case0025 mean_dice 0.744657 mean_hd95 29.373230
2024-10-01 17:40:24 - idx 11 case case0035 mean_dice 0.877441 mean_hd95 2.628308
2024-10-01 17:40:24 - Mean class 1 mean_dice 0.855417 mean_hd95 14.553445
2024-10-01 17:40:24 - Mean class 2 mean_dice 0.655854 mean_hd95 44.439716
2024-10-01 17:40:24 - Mean class 3 mean_dice 0.826950 mean_hd95 18.019719
2024-10-01 17:40:24 - Mean class 4 mean_dice 0.796577 mean_hd95 21.766039
2024-10-01 17:40:24 - Mean class 5 mean_dice 0.944132 mean_hd95 14.557102
2024-10-01 17:40:24 - Mean class 6 mean_dice 0.588516 mean_hd95 12.317312
2024-10-01 17:40:24 - Mean class 7 mean_dice 0.874906 mean_hd95 21.339728
2024-10-01 17:40:24 - Mean class 8 mean_dice 0.727736 mean_hd95 17.532690
2024-10-01 17:40:24 - val epoch: 40, mean_dice: 0.783761070645244, mean_hd95: 20.565718671545465, time(s): 1281.10
2024-10-01 17:40:26 - train: epoch 41, iter:0, loss: 0.0826, lr: 0.0006579634122155995
2024-10-01 17:40:48 - train: epoch 41, iter:20, loss: 0.0770, lr: 0.0006579634122155995
2024-10-01 17:41:09 - train: epoch 41, iter:40, loss: 0.0694, lr: 0.0006579634122155995
2024-10-01 17:41:31 - train: epoch 41, iter:60, loss: 0.0732, lr: 0.0006579634122155995
2024-10-01 17:41:40 - Finish one epoch train: epoch 41, loss: 0.0734, time(s): 75.33
2024-10-01 17:41:42 - train: epoch 42, iter:0, loss: 0.0760, lr: 0.000643100597489419
2024-10-01 17:42:05 - train: epoch 42, iter:20, loss: 0.0676, lr: 0.000643100597489419
2024-10-01 17:42:27 - train: epoch 42, iter:40, loss: 0.0794, lr: 0.000643100597489419
2024-10-01 17:42:48 - train: epoch 42, iter:60, loss: 0.0814, lr: 0.000643100597489419
2024-10-01 17:42:57 - Finish one epoch train: epoch 42, loss: 0.0843, time(s): 75.61
2024-10-01 17:42:59 - train: epoch 43, iter:0, loss: 0.0726, lr: 0.0006281014941466035
2024-10-01 17:43:20 - train: epoch 43, iter:20, loss: 0.0771, lr: 0.0006281014941466035
2024-10-01 17:43:42 - train: epoch 43, iter:40, loss: 0.0838, lr: 0.0006281014941466035
2024-10-01 17:44:03 - train: epoch 43, iter:60, loss: 0.0684, lr: 0.0006281014941466035
2024-10-01 17:44:12 - Finish one epoch train: epoch 43, loss: 0.0877, time(s): 74.40
2024-10-01 17:44:14 - train: epoch 44, iter:0, loss: 0.0743, lr: 0.000612980904491289
2024-10-01 17:44:36 - train: epoch 44, iter:20, loss: 0.0721, lr: 0.000612980904491289
2024-10-01 17:44:58 - train: epoch 44, iter:40, loss: 0.0743, lr: 0.000612980904491289
2024-10-01 17:45:20 - train: epoch 44, iter:60, loss: 0.0703, lr: 0.000612980904491289
2024-10-01 17:45:29 - Finish one epoch train: epoch 44, loss: 0.0774, time(s): 76.02
2024-10-01 17:45:31 - train: epoch 45, iter:0, loss: 0.0679, lr: 0.0005977537507199342
2024-10-01 17:45:53 - train: epoch 45, iter:20, loss: 0.0714, lr: 0.0005977537507199342
2024-10-01 17:46:15 - train: epoch 45, iter:40, loss: 0.0610, lr: 0.0005977537507199342
2024-10-01 17:46:37 - train: epoch 45, iter:60, loss: 0.0580, lr: 0.0005977537507199342
2024-10-01 17:46:46 - Finish one epoch train: epoch 45, loss: 0.0653, time(s): 76.64
2024-10-01 17:46:49 - train: epoch 46, iter:0, loss: 0.0665, lr: 0.0005824350601949147
2024-10-01 17:47:12 - train: epoch 46, iter:20, loss: 0.0658, lr: 0.0005824350601949147
2024-10-01 17:47:35 - train: epoch 46, iter:40, loss: 0.0683, lr: 0.0005824350601949147
2024-10-01 17:47:58 - train: epoch 46, iter:60, loss: 0.0613, lr: 0.0005824350601949147
2024-10-01 17:48:07 - Finish one epoch train: epoch 46, loss: 0.0756, time(s): 79.32
2024-10-01 17:48:09 - train: epoch 47, iter:0, loss: 0.0598, lr: 0.000567039950614331
2024-10-01 17:48:31 - train: epoch 47, iter:20, loss: 0.0689, lr: 0.000567039950614331
2024-10-01 17:48:53 - train: epoch 47, iter:40, loss: 0.0475, lr: 0.000567039950614331
2024-10-01 17:49:15 - train: epoch 47, iter:60, loss: 0.0598, lr: 0.000567039950614331
2024-10-01 17:49:24 - Finish one epoch train: epoch 47, loss: 0.0721, time(s): 76.78
2024-10-01 17:49:26 - train: epoch 48, iter:0, loss: 0.0691, lr: 0.0005515836150926649
2024-10-01 17:49:49 - train: epoch 48, iter:20, loss: 0.0664, lr: 0.0005515836150926649
2024-10-01 17:50:11 - train: epoch 48, iter:40, loss: 0.0561, lr: 0.0005515836150926649
2024-10-01 17:50:33 - train: epoch 48, iter:60, loss: 0.1655, lr: 0.0005515836150926649
2024-10-01 17:50:42 - Finish one epoch train: epoch 48, loss: 0.0802, time(s): 76.81
2024-10-01 17:50:44 - train: epoch 49, iter:0, loss: 0.0689, lr: 0.0005360813071670105
2024-10-01 17:51:06 - train: epoch 49, iter:20, loss: 0.0845, lr: 0.0005360813071670105
2024-10-01 17:51:28 - train: epoch 49, iter:40, loss: 0.0649, lr: 0.0005360813071670105
2024-10-01 17:51:51 - train: epoch 49, iter:60, loss: 0.0669, lr: 0.0005360813071670105
2024-10-01 17:51:59 - Finish one epoch train: epoch 49, loss: 0.0782, time(s): 76.85
2024-10-01 17:52:01 - train: epoch 50, iter:0, loss: 0.1070, lr: 0.0005205483257436738
2024-10-01 17:52:24 - train: epoch 50, iter:20, loss: 0.0771, lr: 0.0005205483257436738
2024-10-01 17:52:46 - train: epoch 50, iter:40, loss: 0.0769, lr: 0.0005205483257436738
2024-10-01 17:53:08 - train: epoch 50, iter:60, loss: 0.0734, lr: 0.0005205483257436738
2024-10-01 17:53:17 - Finish one epoch train: epoch 50, loss: 0.0842, time(s): 76.26
2024-10-01 17:55:26 - idx 0 case case0008 mean_dice 0.633423 mean_hd95 15.687799
2024-10-01 17:56:47 - idx 1 case case0022 mean_dice 0.847672 mean_hd95 29.988059
2024-10-01 17:58:15 - idx 2 case case0038 mean_dice 0.809242 mean_hd95 8.279082
2024-10-01 18:01:07 - idx 3 case case0036 mean_dice 0.832078 mean_hd95 21.441219
2024-10-01 18:03:05 - idx 4 case case0032 mean_dice 0.860058 mean_hd95 7.531212
2024-10-01 18:04:58 - idx 5 case case0002 mean_dice 0.876642 mean_hd95 3.490496
2024-10-01 18:06:23 - idx 6 case case0029 mean_dice 0.746683 mean_hd95 24.951032
2024-10-01 18:09:28 - idx 7 case case0003 mean_dice 0.562731 mean_hd95 125.862682
2024-10-01 18:11:37 - idx 8 case case0001 mean_dice 0.768013 mean_hd95 39.011410
2024-10-01 18:13:31 - idx 9 case case0004 mean_dice 0.768584 mean_hd95 34.812788
2024-10-01 18:14:42 - idx 10 case case0025 mean_dice 0.746943 mean_hd95 57.047800
2024-10-01 18:15:52 - idx 11 case case0035 mean_dice 0.880063 mean_hd95 3.227009
2024-10-01 18:15:52 - Mean class 1 mean_dice 0.871307 mean_hd95 5.008275
2024-10-01 18:15:52 - Mean class 2 mean_dice 0.594275 mean_hd95 50.028376
2024-10-01 18:15:52 - Mean class 3 mean_dice 0.794993 mean_hd95 39.447654
2024-10-01 18:15:52 - Mean class 4 mean_dice 0.772621 mean_hd95 48.812672
2024-10-01 18:15:52 - Mean class 5 mean_dice 0.938818 mean_hd95 30.370188
2024-10-01 18:15:52 - Mean class 6 mean_dice 0.614866 mean_hd95 13.842657
2024-10-01 18:15:52 - Mean class 7 mean_dice 0.866286 mean_hd95 37.229930
2024-10-01 18:15:52 - Mean class 8 mean_dice 0.768253 mean_hd95 22.813973
2024-10-01 18:15:52 - val epoch: 50, mean_dice: 0.7776774956213148, mean_hd95: 30.944215767205744, time(s): 1355.72
2024-10-01 18:15:54 - train: epoch 51, iter:0, loss: 0.0843, lr: 0.0005050000000000002
2024-10-01 18:16:16 - train: epoch 51, iter:20, loss: 0.0768, lr: 0.0005050000000000002
2024-10-01 18:16:38 - train: epoch 51, iter:40, loss: 0.0569, lr: 0.0005050000000000002
2024-10-01 18:17:01 - train: epoch 51, iter:60, loss: 0.0624, lr: 0.0005050000000000002
2024-10-01 18:17:10 - Finish one epoch train: epoch 51, loss: 0.0760, time(s): 76.47
2024-10-01 18:17:11 - train: epoch 52, iter:0, loss: 0.0644, lr: 0.0004894516742563267
2024-10-01 18:17:34 - train: epoch 52, iter:20, loss: 0.0626, lr: 0.0004894516742563267
2024-10-01 18:17:56 - train: epoch 52, iter:40, loss: 0.0599, lr: 0.0004894516742563267
2024-10-01 18:18:18 - train: epoch 52, iter:60, loss: 0.0662, lr: 0.0004894516742563267
2024-10-01 18:18:27 - Finish one epoch train: epoch 52, loss: 0.0691, time(s): 76.79
2024-10-01 18:18:29 - train: epoch 53, iter:0, loss: 0.0617, lr: 0.0004739186928329901
2024-10-01 18:18:51 - train: epoch 53, iter:20, loss: 0.0771, lr: 0.0004739186928329901
2024-10-01 18:19:13 - train: epoch 53, iter:40, loss: 0.0717, lr: 0.0004739186928329901
2024-10-01 18:19:35 - train: epoch 53, iter:60, loss: 0.0722, lr: 0.0004739186928329901
2024-10-01 18:19:44 - Finish one epoch train: epoch 53, loss: 0.0713, time(s): 76.07
2024-10-01 18:19:46 - train: epoch 54, iter:0, loss: 0.0622, lr: 0.00045841638490733556
2024-10-01 18:20:08 - train: epoch 54, iter:20, loss: 0.0755, lr: 0.00045841638490733556
2024-10-01 18:20:30 - train: epoch 54, iter:40, loss: 0.0701, lr: 0.00045841638490733556
2024-10-01 18:20:52 - train: epoch 54, iter:60, loss: 0.0577, lr: 0.00045841638490733556
2024-10-01 18:21:01 - Finish one epoch train: epoch 54, loss: 0.0734, time(s): 76.32
2024-10-01 18:21:03 - train: epoch 55, iter:0, loss: 0.0562, lr: 0.0004429600493856696
2024-10-01 18:21:25 - train: epoch 55, iter:20, loss: 0.0644, lr: 0.0004429600493856696
2024-10-01 18:21:48 - train: epoch 55, iter:40, loss: 0.0717, lr: 0.0004429600493856696
2024-10-01 18:22:11 - train: epoch 55, iter:60, loss: 0.0608, lr: 0.0004429600493856696
2024-10-01 18:22:20 - Finish one epoch train: epoch 55, loss: 0.0630, time(s): 77.67
2024-10-01 18:22:22 - train: epoch 56, iter:0, loss: 0.0669, lr: 0.0004275649398050859
2024-10-01 18:22:44 - train: epoch 56, iter:20, loss: 0.0951, lr: 0.0004275649398050859
2024-10-01 18:23:06 - train: epoch 56, iter:40, loss: 0.0619, lr: 0.0004275649398050859
2024-10-01 18:23:28 - train: epoch 56, iter:60, loss: 0.0759, lr: 0.0004275649398050859
2024-10-01 18:23:37 - Finish one epoch train: epoch 56, loss: 0.0716, time(s): 76.30
2024-10-01 18:23:39 - train: epoch 57, iter:0, loss: 0.0698, lr: 0.0004122462492800665
2024-10-01 18:24:02 - train: epoch 57, iter:20, loss: 0.0616, lr: 0.0004122462492800665
2024-10-01 18:24:24 - train: epoch 57, iter:40, loss: 0.0748, lr: 0.0004122462492800665
2024-10-01 18:24:46 - train: epoch 57, iter:60, loss: 0.0499, lr: 0.0004122462492800665
2024-10-01 18:24:55 - Finish one epoch train: epoch 57, loss: 0.0671, time(s): 77.43
2024-10-01 18:24:57 - train: epoch 58, iter:0, loss: 0.0588, lr: 0.00039701909550871175
2024-10-01 18:25:20 - train: epoch 58, iter:20, loss: 0.1567, lr: 0.00039701909550871175
2024-10-01 18:25:42 - train: epoch 58, iter:40, loss: 0.0596, lr: 0.00039701909550871175
2024-10-01 18:26:04 - train: epoch 58, iter:60, loss: 0.0536, lr: 0.00039701909550871175
2024-10-01 18:26:13 - Finish one epoch train: epoch 58, loss: 0.0699, time(s): 76.83
2024-10-01 18:26:15 - train: epoch 59, iter:0, loss: 0.0545, lr: 0.000381898505853397
2024-10-01 18:26:37 - train: epoch 59, iter:20, loss: 0.0742, lr: 0.000381898505853397
2024-10-01 18:27:00 - train: epoch 59, iter:40, loss: 0.0567, lr: 0.000381898505853397
2024-10-01 18:27:25 - train: epoch 59, iter:60, loss: 0.0576, lr: 0.000381898505853397
2024-10-01 18:27:35 - Finish one epoch train: epoch 59, loss: 0.0685, time(s): 81.25
2024-10-01 18:27:37 - train: epoch 60, iter:0, loss: 0.0471, lr: 0.00036689940251058173
2024-10-01 18:28:01 - train: epoch 60, iter:20, loss: 0.0518, lr: 0.00036689940251058173
2024-10-01 18:28:26 - train: epoch 60, iter:40, loss: 0.0621, lr: 0.00036689940251058173
2024-10-01 18:28:51 - train: epoch 60, iter:60, loss: 0.0695, lr: 0.00036689940251058173
2024-10-01 18:29:01 - Finish one epoch train: epoch 60, loss: 0.0700, time(s): 85.18
2024-10-01 18:31:20 - idx 0 case case0008 mean_dice 0.638785 mean_hd95 11.866685
2024-10-01 18:32:40 - idx 1 case case0022 mean_dice 0.878908 mean_hd95 24.798650
2024-10-01 18:34:01 - idx 2 case case0038 mean_dice 0.807991 mean_hd95 21.215578
2024-10-01 18:36:41 - idx 3 case case0036 mean_dice 0.828039 mean_hd95 20.731457
2024-10-01 18:38:41 - idx 4 case case0032 mean_dice 0.853141 mean_hd95 30.095710
2024-10-01 18:40:35 - idx 5 case case0002 mean_dice 0.882534 mean_hd95 6.200446
2024-10-01 18:41:55 - idx 6 case case0029 mean_dice 0.800285 mean_hd95 28.702286
2024-10-01 18:45:04 - idx 7 case case0003 mean_dice 0.584734 mean_hd95 106.415028
2024-10-01 18:47:13 - idx 8 case case0001 mean_dice 0.773058 mean_hd95 35.658198
2024-10-01 18:49:09 - idx 9 case case0004 mean_dice 0.785432 mean_hd95 26.562183
2024-10-01 18:50:22 - idx 10 case case0025 mean_dice 0.767929 mean_hd95 45.354537
2024-10-01 18:51:27 - idx 11 case case0035 mean_dice 0.888129 mean_hd95 6.863604
2024-10-01 18:51:27 - Mean class 1 mean_dice 0.853051 mean_hd95 20.949692
2024-10-01 18:51:27 - Mean class 2 mean_dice 0.658782 mean_hd95 47.844890
2024-10-01 18:51:27 - Mean class 3 mean_dice 0.817525 mean_hd95 62.288938
2024-10-01 18:51:27 - Mean class 4 mean_dice 0.788928 mean_hd95 40.965881
2024-10-01 18:51:27 - Mean class 5 mean_dice 0.943734 mean_hd95 19.118809
2024-10-01 18:51:27 - Mean class 6 mean_dice 0.631827 mean_hd95 10.952901
2024-10-01 18:51:27 - Mean class 7 mean_dice 0.881477 mean_hd95 23.232270
2024-10-01 18:51:27 - Mean class 8 mean_dice 0.750654 mean_hd95 17.622859
2024-10-01 18:51:27 - val epoch: 60, mean_dice: 0.7907472829432717, mean_hd95: 30.37203002185664, time(s): 1346.26
2024-10-01 18:51:29 - train: epoch 61, iter:0, loss: 0.0521, lr: 0.00035203658778440135
2024-10-01 18:51:51 - train: epoch 61, iter:20, loss: 0.0568, lr: 0.00035203658778440135
2024-10-01 18:52:13 - train: epoch 61, iter:40, loss: 0.0521, lr: 0.00035203658778440135
2024-10-01 18:52:35 - train: epoch 61, iter:60, loss: 0.0655, lr: 0.00035203658778440135
2024-10-01 18:52:44 - Finish one epoch train: epoch 61, loss: 0.0671, time(s): 76.47
2024-10-01 18:52:46 - train: epoch 62, iter:0, loss: 0.0537, lr: 0.00033732472947858096
2024-10-01 18:53:08 - train: epoch 62, iter:20, loss: 0.0560, lr: 0.00033732472947858096
2024-10-01 18:53:30 - train: epoch 62, iter:40, loss: 0.0607, lr: 0.00033732472947858096
2024-10-01 18:53:52 - train: epoch 62, iter:60, loss: 0.0642, lr: 0.00033732472947858096
2024-10-01 18:54:01 - Finish one epoch train: epoch 62, loss: 0.0674, time(s): 75.59
2024-10-01 18:54:02 - train: epoch 63, iter:0, loss: 0.0419, lr: 0.0003227783464210847
2024-10-01 18:54:25 - train: epoch 63, iter:20, loss: 0.0462, lr: 0.0003227783464210847
2024-10-01 18:54:47 - train: epoch 63, iter:40, loss: 0.0646, lr: 0.0003227783464210847
2024-10-01 18:55:10 - train: epoch 63, iter:60, loss: 0.0589, lr: 0.0003227783464210847
2024-10-01 18:55:21 - Finish one epoch train: epoch 63, loss: 0.0647, time(s): 79.50
2024-10-01 18:55:23 - train: epoch 64, iter:0, loss: 0.0523, lr: 0.0003084117941357837
2024-10-01 18:55:44 - train: epoch 64, iter:20, loss: 0.0579, lr: 0.0003084117941357837
2024-10-01 18:56:06 - train: epoch 64, iter:40, loss: 0.0545, lr: 0.0003084117941357837
2024-10-01 18:56:29 - train: epoch 64, iter:60, loss: 0.0520, lr: 0.0003084117941357837
2024-10-01 18:56:38 - Finish one epoch train: epoch 64, loss: 0.0618, time(s): 76.34
2024-10-01 18:56:40 - train: epoch 65, iter:0, loss: 0.0449, lr: 0.0002942392506752892
2024-10-01 18:57:02 - train: epoch 65, iter:20, loss: 0.0508, lr: 0.0002942392506752892
2024-10-01 18:57:24 - train: epoch 65, iter:40, loss: 0.0558, lr: 0.0002942392506752892
2024-10-01 18:57:46 - train: epoch 65, iter:60, loss: 0.0569, lr: 0.0002942392506752892
2024-10-01 18:57:54 - Finish one epoch train: epoch 65, loss: 0.0707, time(s): 75.16
2024-10-01 18:57:56 - train: epoch 66, iter:0, loss: 0.0518, lr: 0.0002802747026289245
2024-10-01 18:58:18 - train: epoch 66, iter:20, loss: 0.0741, lr: 0.0002802747026289245
2024-10-01 18:58:41 - train: epoch 66, iter:40, loss: 0.0531, lr: 0.0002802747026289245
2024-10-01 18:59:08 - train: epoch 66, iter:60, loss: 0.0970, lr: 0.0002802747026289245
2024-10-01 18:59:20 - Finish one epoch train: epoch 66, loss: 0.0695, time(s): 84.78
2024-10-01 18:59:22 - train: epoch 67, iter:0, loss: 0.0569, lr: 0.000266531931319651
2024-10-01 18:59:46 - train: epoch 67, iter:20, loss: 0.0533, lr: 0.000266531931319651
2024-10-01 19:00:11 - train: epoch 67, iter:40, loss: 0.0554, lr: 0.000266531931319651
2024-10-01 19:00:34 - train: epoch 67, iter:60, loss: 0.0446, lr: 0.000266531931319651
2024-10-01 19:00:44 - Finish one epoch train: epoch 67, loss: 0.0589, time(s): 83.16
2024-10-01 19:00:46 - train: epoch 68, iter:0, loss: 0.0542, lr: 0.0002530244992035663
2024-10-01 19:01:10 - train: epoch 68, iter:20, loss: 0.0685, lr: 0.0002530244992035663
2024-10-01 19:01:31 - train: epoch 68, iter:40, loss: 0.0574, lr: 0.0002530244992035663
2024-10-01 19:01:53 - train: epoch 68, iter:60, loss: 0.0528, lr: 0.0002530244992035663
2024-10-01 19:02:02 - Finish one epoch train: epoch 68, loss: 0.0654, time(s): 77.32
2024-10-01 19:02:04 - train: epoch 69, iter:0, loss: 0.0642, lr: 0.00023976573648539667
2024-10-01 19:02:28 - train: epoch 69, iter:20, loss: 0.0452, lr: 0.00023976573648539667
2024-10-01 19:02:54 - train: epoch 69, iter:40, loss: 0.0541, lr: 0.00023976573648539667
2024-10-01 19:03:16 - train: epoch 69, iter:60, loss: 0.0645, lr: 0.00023976573648539667
2024-10-01 19:03:25 - Finish one epoch train: epoch 69, loss: 0.0592, time(s): 82.04
2024-10-01 19:03:27 - train: epoch 70, iter:0, loss: 0.0512, lr: 0.00022676872796319544
2024-10-01 19:03:49 - train: epoch 70, iter:20, loss: 0.0551, lr: 0.00022676872796319544
2024-10-01 19:04:11 - train: epoch 70, iter:40, loss: 0.0584, lr: 0.00022676872796319544
2024-10-01 19:04:33 - train: epoch 70, iter:60, loss: 0.0538, lr: 0.00022676872796319544
2024-10-01 19:04:42 - Finish one epoch train: epoch 70, loss: 0.0723, time(s): 76.09
2024-10-01 19:06:43 - idx 0 case case0008 mean_dice 0.650320 mean_hd95 10.973527
2024-10-01 19:07:55 - idx 1 case case0022 mean_dice 0.851342 mean_hd95 30.538860
2024-10-01 19:09:16 - idx 2 case case0038 mean_dice 0.829798 mean_hd95 29.838789
2024-10-01 19:11:57 - idx 3 case case0036 mean_dice 0.852562 mean_hd95 18.830485
2024-10-01 19:14:05 - idx 4 case case0032 mean_dice 0.844614 mean_hd95 12.250197
2024-10-01 19:16:02 - idx 5 case case0002 mean_dice 0.878573 mean_hd95 4.884129
2024-10-01 19:17:18 - idx 6 case case0029 mean_dice 0.800765 mean_hd95 38.850362
2024-10-01 19:20:23 - idx 7 case case0003 mean_dice 0.520792 mean_hd95 125.986666
2024-10-01 19:22:29 - idx 8 case case0001 mean_dice 0.769717 mean_hd95 38.843435
2024-10-01 19:24:25 - idx 9 case case0004 mean_dice 0.790587 mean_hd95 33.733181
2024-10-01 19:25:32 - idx 10 case case0025 mean_dice 0.762020 mean_hd95 44.375932
2024-10-01 19:26:37 - idx 11 case case0035 mean_dice 0.890715 mean_hd95 9.472579
2024-10-01 19:26:37 - Mean class 1 mean_dice 0.867422 mean_hd95 15.362940
2024-10-01 19:26:37 - Mean class 2 mean_dice 0.682326 mean_hd95 51.938483
2024-10-01 19:26:37 - Mean class 3 mean_dice 0.799092 mean_hd95 29.015600
2024-10-01 19:26:37 - Mean class 4 mean_dice 0.767660 mean_hd95 65.941360
2024-10-01 19:26:37 - Mean class 5 mean_dice 0.939172 mean_hd95 40.924328
2024-10-01 19:26:37 - Mean class 6 mean_dice 0.640015 mean_hd95 10.480240
2024-10-01 19:26:37 - Mean class 7 mean_dice 0.869530 mean_hd95 36.137381
2024-10-01 19:26:37 - Mean class 8 mean_dice 0.729319 mean_hd95 15.918429
2024-10-01 19:26:37 - val epoch: 70, mean_dice: 0.7868170083614101, mean_hd95: 33.214845215893455, time(s): 1314.56
2024-10-01 19:26:38 - train: epoch 71, iter:0, loss: 0.0539, lr: 0.00021404630011522598
2024-10-01 19:27:00 - train: epoch 71, iter:20, loss: 0.0534, lr: 0.00021404630011522598
2024-10-01 19:27:23 - train: epoch 71, iter:40, loss: 0.0463, lr: 0.00021404630011522598
2024-10-01 19:27:45 - train: epoch 71, iter:60, loss: 0.0528, lr: 0.00021404630011522598
2024-10-01 19:27:54 - Finish one epoch train: epoch 71, loss: 0.0561, time(s): 76.46
2024-10-01 19:27:56 - train: epoch 72, iter:0, loss: 0.0516, lr: 0.00020161100844177672
2024-10-01 19:28:18 - train: epoch 72, iter:20, loss: 0.0469, lr: 0.00020161100844177672
2024-10-01 19:28:40 - train: epoch 72, iter:40, loss: 0.0471, lr: 0.00020161100844177672
2024-10-01 19:29:04 - train: epoch 72, iter:60, loss: 0.0499, lr: 0.00020161100844177672
2024-10-01 19:29:13 - Finish one epoch train: epoch 72, loss: 0.0541, time(s): 78.08
2024-10-01 19:29:15 - train: epoch 73, iter:0, loss: 0.0454, lr: 0.0001894751250743987
2024-10-01 19:29:37 - train: epoch 73, iter:20, loss: 0.0468, lr: 0.0001894751250743987
2024-10-01 19:29:59 - train: epoch 73, iter:40, loss: 0.0579, lr: 0.0001894751250743987
2024-10-01 19:30:21 - train: epoch 73, iter:60, loss: 0.0427, lr: 0.0001894751250743987
2024-10-01 19:30:30 - Finish one epoch train: epoch 73, loss: 0.0623, time(s): 76.10
2024-10-01 19:30:32 - train: epoch 74, iter:0, loss: 0.0622, lr: 0.00017765062666479255
2024-10-01 19:30:54 - train: epoch 74, iter:20, loss: 0.0553, lr: 0.00017765062666479255
2024-10-01 19:31:16 - train: epoch 74, iter:40, loss: 0.0556, lr: 0.00017765062666479255
2024-10-01 19:31:38 - train: epoch 74, iter:60, loss: 0.0556, lr: 0.00017765062666479255
2024-10-01 19:31:47 - Finish one epoch train: epoch 74, loss: 0.0598, time(s): 76.64
2024-10-01 19:31:49 - train: epoch 75, iter:0, loss: 0.0478, lr: 0.0001661491825652992
2024-10-01 19:32:12 - train: epoch 75, iter:20, loss: 0.0420, lr: 0.0001661491825652992
2024-10-01 19:32:34 - train: epoch 75, iter:40, loss: 0.0460, lr: 0.0001661491825652992
2024-10-01 19:32:56 - train: epoch 75, iter:60, loss: 0.0398, lr: 0.0001661491825652992
2024-10-01 19:33:06 - Finish one epoch train: epoch 75, loss: 0.0666, time(s): 77.31
2024-10-01 19:33:07 - train: epoch 76, iter:0, loss: 0.0464, lr: 0.00015498214331265912
2024-10-01 19:33:32 - train: epoch 76, iter:20, loss: 0.0495, lr: 0.00015498214331265912
2024-10-01 19:33:54 - train: epoch 76, iter:40, loss: 0.1538, lr: 0.00015498214331265912
2024-10-01 19:34:15 - train: epoch 76, iter:60, loss: 0.0518, lr: 0.00015498214331265912
2024-10-01 19:34:24 - Finish one epoch train: epoch 76, loss: 0.0639, time(s): 78.19
2024-10-01 19:34:26 - train: epoch 77, iter:0, loss: 0.0467, lr: 0.00014416052942640148
2024-10-01 19:34:51 - train: epoch 77, iter:20, loss: 0.0447, lr: 0.00014416052942640148
2024-10-01 19:35:13 - train: epoch 77, iter:40, loss: 0.0527, lr: 0.00014416052942640148
2024-10-01 19:35:35 - train: epoch 77, iter:60, loss: 0.0524, lr: 0.00014416052942640148
2024-10-01 19:35:44 - Finish one epoch train: epoch 77, loss: 0.0539, time(s): 78.72
2024-10-01 19:35:46 - train: epoch 78, iter:0, loss: 0.0589, lr: 0.00013369502053292258
2024-10-01 19:36:10 - train: epoch 78, iter:20, loss: 0.0451, lr: 0.00013369502053292258
2024-10-01 19:36:32 - train: epoch 78, iter:40, loss: 0.0424, lr: 0.00013369502053292258
2024-10-01 19:36:55 - train: epoch 78, iter:60, loss: 0.0459, lr: 0.00013369502053292258
2024-10-01 19:37:03 - Finish one epoch train: epoch 78, loss: 0.0611, time(s): 78.38
2024-10-01 19:37:05 - train: epoch 79, iter:0, loss: 0.0524, lr: 0.00012359594482598446
2024-10-01 19:37:28 - train: epoch 79, iter:20, loss: 0.0498, lr: 0.00012359594482598446
2024-10-01 19:37:49 - train: epoch 79, iter:40, loss: 0.0466, lr: 0.00012359594482598446
2024-10-01 19:38:11 - train: epoch 79, iter:60, loss: 0.0497, lr: 0.00012359594482598446
2024-10-01 19:38:21 - Finish one epoch train: epoch 79, loss: 0.0530, time(s): 76.21
2024-10-01 19:38:23 - train: epoch 80, iter:0, loss: 0.0468, lr: 0.00011387326887403332
2024-10-01 19:38:44 - train: epoch 80, iter:20, loss: 0.0466, lr: 0.00011387326887403332
2024-10-01 19:39:06 - train: epoch 80, iter:40, loss: 0.0499, lr: 0.00011387326887403332
2024-10-01 19:39:28 - train: epoch 80, iter:60, loss: 0.0468, lr: 0.00011387326887403332
2024-10-01 19:39:37 - Finish one epoch train: epoch 80, loss: 0.0549, time(s): 75.50
2024-10-01 19:41:37 - idx 0 case case0008 mean_dice 0.635702 mean_hd95 11.329395
2024-10-01 19:42:48 - idx 1 case case0022 mean_dice 0.877514 mean_hd95 25.077799
2024-10-01 19:44:11 - idx 2 case case0038 mean_dice 0.841958 mean_hd95 6.643599
2024-10-01 19:46:54 - idx 3 case case0036 mean_dice 0.836784 mean_hd95 18.336119
2024-10-01 19:49:13 - idx 4 case case0032 mean_dice 0.866103 mean_hd95 10.115656
2024-10-01 19:51:29 - idx 5 case case0002 mean_dice 0.876570 mean_hd95 4.592950
2024-10-01 19:52:53 - idx 6 case case0029 mean_dice 0.818126 mean_hd95 22.647172
2024-10-01 19:55:59 - idx 7 case case0003 mean_dice 0.583639 mean_hd95 122.744847
2024-10-01 19:58:08 - idx 8 case case0001 mean_dice 0.773125 mean_hd95 33.492641
2024-10-01 20:00:05 - idx 9 case case0004 mean_dice 0.789639 mean_hd95 32.444758
2024-10-01 20:01:13 - idx 10 case case0025 mean_dice 0.770568 mean_hd95 46.314748
2024-10-01 20:02:17 - idx 11 case case0035 mean_dice 0.889014 mean_hd95 6.474143
2024-10-01 20:02:17 - Mean class 1 mean_dice 0.870821 mean_hd95 12.374301
2024-10-01 20:02:17 - Mean class 2 mean_dice 0.685199 mean_hd95 46.577513
2024-10-01 20:02:17 - Mean class 3 mean_dice 0.824512 mean_hd95 41.241542
2024-10-01 20:02:17 - Mean class 4 mean_dice 0.784955 mean_hd95 39.382101
2024-10-01 20:02:17 - Mean class 5 mean_dice 0.944550 mean_hd95 27.006511
2024-10-01 20:02:17 - Mean class 6 mean_dice 0.636054 mean_hd95 10.277013
2024-10-01 20:02:17 - Mean class 7 mean_dice 0.865391 mean_hd95 36.284650
2024-10-01 20:02:17 - Mean class 8 mean_dice 0.761014 mean_hd95 13.665589
2024-10-01 20:02:17 - val epoch: 80, mean_dice: 0.796561764680708, mean_hd95: 28.351152302557548, time(s): 1360.27
2024-10-01 20:02:19 - train: epoch 81, iter:0, loss: 0.0525, lr: 0.00010453658778440112
2024-10-01 20:02:42 - train: epoch 81, iter:20, loss: 0.0504, lr: 0.00010453658778440112
2024-10-01 20:03:05 - train: epoch 81, iter:40, loss: 0.0414, lr: 0.00010453658778440112
2024-10-01 20:03:26 - train: epoch 81, iter:60, loss: 0.0553, lr: 0.00010453658778440112
2024-10-01 20:03:35 - Finish one epoch train: epoch 81, loss: 0.0562, time(s): 77.13
2024-10-01 20:03:37 - train: epoch 82, iter:0, loss: 0.0462, lr: 9.5595115734092e-05
2024-10-01 20:03:59 - train: epoch 82, iter:20, loss: 0.0447, lr: 9.5595115734092e-05
2024-10-01 20:04:21 - train: epoch 82, iter:40, loss: 0.0422, lr: 9.5595115734092e-05
2024-10-01 20:04:43 - train: epoch 82, iter:60, loss: 0.0439, lr: 9.5595115734092e-05
2024-10-01 20:04:52 - Finish one epoch train: epoch 82, loss: 0.0567, time(s): 75.62
2024-10-01 20:04:54 - train: epoch 83, iter:0, loss: 0.0424, lr: 8.705767687650269e-05
2024-10-01 20:05:15 - train: epoch 83, iter:20, loss: 0.0490, lr: 8.705767687650269e-05
2024-10-01 20:05:38 - train: epoch 83, iter:40, loss: 0.0477, lr: 8.705767687650269e-05
2024-10-01 20:06:00 - train: epoch 83, iter:60, loss: 0.0495, lr: 8.705767687650269e-05
2024-10-01 20:06:09 - Finish one epoch train: epoch 83, loss: 0.0524, time(s): 76.36
2024-10-01 20:06:11 - train: epoch 84, iter:0, loss: 0.0433, lr: 7.893269663304787e-05
2024-10-01 20:06:33 - train: epoch 84, iter:20, loss: 0.1155, lr: 7.893269663304787e-05
2024-10-01 20:06:55 - train: epoch 84, iter:40, loss: 0.0681, lr: 7.893269663304787e-05
2024-10-01 20:07:17 - train: epoch 84, iter:60, loss: 0.0465, lr: 7.893269663304787e-05
2024-10-01 20:07:26 - Finish one epoch train: epoch 84, loss: 0.0550, time(s): 76.31
2024-10-01 20:07:28 - train: epoch 85, iter:0, loss: 0.0443, lr: 7.122819337828756e-05
2024-10-01 20:07:50 - train: epoch 85, iter:20, loss: 0.0443, lr: 7.122819337828756e-05
2024-10-01 20:08:12 - train: epoch 85, iter:40, loss: 0.0448, lr: 7.122819337828756e-05
2024-10-01 20:08:34 - train: epoch 85, iter:60, loss: 0.0466, lr: 7.122819337828756e-05
2024-10-01 20:08:43 - Finish one epoch train: epoch 85, loss: 0.0493, time(s): 76.43
2024-10-01 20:08:45 - train: epoch 86, iter:0, loss: 0.0443, lr: 6.395177052675798e-05
2024-10-01 20:09:08 - train: epoch 86, iter:20, loss: 0.0464, lr: 6.395177052675798e-05
2024-10-01 20:09:30 - train: epoch 86, iter:40, loss: 0.0400, lr: 6.395177052675798e-05
2024-10-01 20:09:52 - train: epoch 86, iter:60, loss: 0.0505, lr: 6.395177052675798e-05
2024-10-01 20:10:01 - Finish one epoch train: epoch 86, loss: 0.0544, time(s): 76.42
2024-10-01 20:10:03 - train: epoch 87, iter:0, loss: 0.0468, lr: 5.711060902932045e-05
2024-10-01 20:10:28 - train: epoch 87, iter:20, loss: 0.0511, lr: 5.711060902932045e-05
2024-10-01 20:10:55 - train: epoch 87, iter:40, loss: 0.0540, lr: 5.711060902932045e-05
2024-10-01 20:11:18 - train: epoch 87, iter:60, loss: 0.0500, lr: 5.711060902932045e-05
2024-10-01 20:11:27 - Finish one epoch train: epoch 87, loss: 0.0600, time(s): 85.69
2024-10-01 20:11:29 - train: epoch 88, iter:0, loss: 0.0471, lr: 5.071146028642948e-05
2024-10-01 20:11:52 - train: epoch 88, iter:20, loss: 0.0504, lr: 5.071146028642948e-05
2024-10-01 20:12:14 - train: epoch 88, iter:40, loss: 0.0719, lr: 5.071146028642948e-05
2024-10-01 20:12:36 - train: epoch 88, iter:60, loss: 0.0450, lr: 5.071146028642948e-05
2024-10-01 20:12:46 - Finish one epoch train: epoch 88, loss: 0.0498, time(s): 77.85
2024-10-01 20:12:48 - train: epoch 89, iter:0, loss: 0.0466, lr: 4.476063948531561e-05
2024-10-01 20:13:10 - train: epoch 89, iter:20, loss: 0.0395, lr: 4.476063948531561e-05
2024-10-01 20:13:33 - train: epoch 89, iter:40, loss: 0.0433, lr: 4.476063948531561e-05
2024-10-01 20:13:56 - train: epoch 89, iter:60, loss: 0.0470, lr: 4.476063948531561e-05
2024-10-01 20:14:05 - Finish one epoch train: epoch 89, loss: 0.0544, time(s): 78.49
2024-10-01 20:14:07 - train: epoch 90, iter:0, loss: 0.0444, lr: 3.9264019367658426e-05
2024-10-01 20:14:33 - train: epoch 90, iter:20, loss: 0.0465, lr: 3.9264019367658426e-05
2024-10-01 20:15:02 - train: epoch 90, iter:40, loss: 0.0488, lr: 3.9264019367658426e-05
2024-10-01 20:15:28 - train: epoch 90, iter:60, loss: 0.0418, lr: 3.9264019367658426e-05
2024-10-01 20:15:37 - Finish one epoch train: epoch 90, loss: 0.0561, time(s): 91.12
2024-10-01 20:17:52 - idx 0 case case0008 mean_dice 0.632256 mean_hd95 10.994867
2024-10-01 20:19:08 - idx 1 case case0022 mean_dice 0.891101 mean_hd95 22.363320
2024-10-01 20:20:30 - idx 2 case case0038 mean_dice 0.848687 mean_hd95 4.264100
2024-10-01 20:23:16 - idx 3 case case0036 mean_dice 0.837949 mean_hd95 12.878531
2024-10-01 20:25:26 - idx 4 case case0032 mean_dice 0.867867 mean_hd95 5.297167
2024-10-01 20:27:26 - idx 5 case case0002 mean_dice 0.883262 mean_hd95 4.305652
2024-10-01 20:28:46 - idx 6 case case0029 mean_dice 0.789585 mean_hd95 23.076481
2024-10-01 20:31:42 - idx 7 case case0003 mean_dice 0.603673 mean_hd95 121.130271
2024-10-01 20:33:54 - idx 8 case case0001 mean_dice 0.781328 mean_hd95 29.016053
2024-10-01 20:35:55 - idx 9 case case0004 mean_dice 0.793516 mean_hd95 13.707479
2024-10-01 20:37:05 - idx 10 case case0025 mean_dice 0.777338 mean_hd95 27.406340
2024-10-01 20:38:12 - idx 11 case case0035 mean_dice 0.883686 mean_hd95 6.644436
2024-10-01 20:38:12 - Mean class 1 mean_dice 0.871911 mean_hd95 11.808365
2024-10-01 20:38:12 - Mean class 2 mean_dice 0.689184 mean_hd95 34.573123
2024-10-01 20:38:12 - Mean class 3 mean_dice 0.833984 mean_hd95 28.484636
2024-10-01 20:38:12 - Mean class 4 mean_dice 0.784645 mean_hd95 31.123092
2024-10-01 20:38:12 - Mean class 5 mean_dice 0.947455 mean_hd95 22.696525
2024-10-01 20:38:12 - Mean class 6 mean_dice 0.628391 mean_hd95 9.924738
2024-10-01 20:38:12 - Mean class 7 mean_dice 0.871104 mean_hd95 35.545917
2024-10-01 20:38:12 - Mean class 8 mean_dice 0.766825 mean_hd95 13.233402
2024-10-01 20:38:12 - val epoch: 90, mean_dice: 0.7991874019334988, mean_hd95: 23.42372463820745, time(s): 1354.98
2024-10-01 20:38:14 - train: epoch 91, iter:0, loss: 0.0433, lr: 3.4227024433899026e-05
2024-10-01 20:38:40 - train: epoch 91, iter:20, loss: 0.0474, lr: 3.4227024433899026e-05
2024-10-01 20:39:03 - train: epoch 91, iter:40, loss: 0.0542, lr: 3.4227024433899026e-05
2024-10-01 20:39:25 - train: epoch 91, iter:60, loss: 0.0385, lr: 3.4227024433899026e-05
2024-10-01 20:39:35 - Finish one epoch train: epoch 91, loss: 0.0498, time(s): 81.74
2024-10-01 20:39:37 - train: epoch 92, iter:0, loss: 0.0382, lr: 2.9654625589913258e-05
2024-10-01 20:40:01 - train: epoch 92, iter:20, loss: 0.0514, lr: 2.9654625589913258e-05
2024-10-01 20:40:27 - train: epoch 92, iter:40, loss: 0.0435, lr: 2.9654625589913258e-05
2024-10-01 20:40:54 - train: epoch 92, iter:60, loss: 0.0413, lr: 2.9654625589913258e-05
2024-10-01 20:41:03 - Finish one epoch train: epoch 92, loss: 0.0561, time(s): 87.69
2024-10-01 20:41:05 - train: epoch 93, iter:0, loss: 0.0484, lr: 2.5551335241327692e-05
2024-10-01 20:41:28 - train: epoch 93, iter:20, loss: 0.0510, lr: 2.5551335241327692e-05
2024-10-01 20:41:49 - train: epoch 93, iter:40, loss: 0.0466, lr: 2.5551335241327692e-05
2024-10-01 20:42:12 - train: epoch 93, iter:60, loss: 0.0426, lr: 2.5551335241327692e-05
2024-10-01 20:42:21 - Finish one epoch train: epoch 93, loss: 0.0575, time(s): 77.29
2024-10-01 20:42:23 - train: epoch 94, iter:0, loss: 0.1428, lr: 2.192120284032009e-05
2024-10-01 20:42:46 - train: epoch 94, iter:20, loss: 0.0860, lr: 2.192120284032009e-05
2024-10-01 20:43:08 - train: epoch 94, iter:40, loss: 0.0514, lr: 2.192120284032009e-05
2024-10-01 20:43:32 - train: epoch 94, iter:60, loss: 0.0719, lr: 2.192120284032009e-05
2024-10-01 20:43:41 - Finish one epoch train: epoch 94, loss: 0.0562, time(s): 78.20
2024-10-01 20:43:43 - train: epoch 95, iter:0, loss: 0.0421, lr: 1.8767810889299096e-05
2024-10-01 20:44:05 - train: epoch 95, iter:20, loss: 0.0412, lr: 1.8767810889299096e-05
2024-10-01 20:44:26 - train: epoch 95, iter:40, loss: 0.0442, lr: 1.8767810889299096e-05
2024-10-01 20:44:49 - train: epoch 95, iter:60, loss: 0.0478, lr: 1.8767810889299096e-05
2024-10-01 20:44:58 - Finish one epoch train: epoch 95, loss: 0.0594, time(s): 76.44
2024-10-01 20:45:00 - train: epoch 96, iter:0, loss: 0.0517, lr: 1.609427140540687e-05
2024-10-01 20:45:21 - train: epoch 96, iter:20, loss: 0.0537, lr: 1.609427140540687e-05
2024-10-01 20:45:43 - train: epoch 96, iter:40, loss: 0.0435, lr: 1.609427140540687e-05
2024-10-01 20:46:05 - train: epoch 96, iter:60, loss: 0.0518, lr: 1.609427140540687e-05
2024-10-01 20:46:15 - Finish one epoch train: epoch 96, loss: 0.0481, time(s): 76.21
2024-10-01 20:46:17 - train: epoch 97, iter:0, loss: 0.0516, lr: 1.3903222849333514e-05
2024-10-01 20:46:39 - train: epoch 97, iter:20, loss: 0.0494, lr: 1.3903222849333514e-05
2024-10-01 20:47:02 - train: epoch 97, iter:40, loss: 0.0495, lr: 1.3903222849333514e-05
2024-10-01 20:47:24 - train: epoch 97, iter:60, loss: 0.0365, lr: 1.3903222849333514e-05
2024-10-01 20:47:33 - Finish one epoch train: epoch 97, loss: 0.0584, time(s): 76.90
2024-10-01 20:47:35 - train: epoch 98, iter:0, loss: 0.0468, lr: 1.2196827521475406e-05
2024-10-01 20:47:59 - train: epoch 98, iter:20, loss: 0.0441, lr: 1.2196827521475406e-05
2024-10-01 20:48:21 - train: epoch 98, iter:40, loss: 0.0442, lr: 1.2196827521475406e-05
2024-10-01 20:48:45 - train: epoch 98, iter:60, loss: 0.0510, lr: 1.2196827521475406e-05
2024-10-01 20:48:54 - Finish one epoch train: epoch 98, loss: 0.0526, time(s): 80.26
2024-10-01 20:48:56 - train: epoch 99, iter:0, loss: 0.0435, lr: 1.097676942800558e-05
2024-10-01 20:49:18 - train: epoch 99, iter:20, loss: 0.0433, lr: 1.097676942800558e-05
2024-10-01 20:49:40 - train: epoch 99, iter:40, loss: 0.0387, lr: 1.097676942800558e-05
2024-10-01 20:50:04 - train: epoch 99, iter:60, loss: 0.0466, lr: 1.097676942800558e-05
2024-10-01 20:50:13 - Finish one epoch train: epoch 99, loss: 0.0498, time(s): 77.87
2024-10-01 20:50:14 - train: epoch 100, iter:0, loss: 0.0499, lr: 1.024425261896286e-05
2024-10-01 20:50:37 - train: epoch 100, iter:20, loss: 0.0567, lr: 1.024425261896286e-05
2024-10-01 20:50:59 - train: epoch 100, iter:40, loss: 0.0416, lr: 1.024425261896286e-05
2024-10-01 20:51:22 - train: epoch 100, iter:60, loss: 0.0539, lr: 1.024425261896286e-05
2024-10-01 20:51:31 - Finish one epoch train: epoch 100, loss: 0.0555, time(s): 77.73
2024-10-01 20:53:46 - idx 0 case case0008 mean_dice 0.634440 mean_hd95 11.453669
2024-10-01 20:55:02 - idx 1 case case0022 mean_dice 0.885755 mean_hd95 23.061978
2024-10-01 20:56:22 - idx 2 case case0038 mean_dice 0.840047 mean_hd95 11.327747
2024-10-01 20:58:58 - idx 3 case case0036 mean_dice 0.836869 mean_hd95 16.584656
2024-10-01 21:00:50 - idx 4 case case0032 mean_dice 0.872336 mean_hd95 5.207515
2024-10-01 21:02:36 - idx 5 case case0002 mean_dice 0.881205 mean_hd95 4.184549
2024-10-01 21:03:49 - idx 6 case case0029 mean_dice 0.792458 mean_hd95 23.091076
2024-10-01 21:06:35 - idx 7 case case0003 mean_dice 0.587598 mean_hd95 123.221069
2024-10-01 21:08:37 - idx 8 case case0001 mean_dice 0.778159 mean_hd95 31.616918
2024-10-01 21:10:29 - idx 9 case case0004 mean_dice 0.790138 mean_hd95 9.375829
2024-10-01 21:11:35 - idx 10 case case0025 mean_dice 0.782527 mean_hd95 44.960002
2024-10-01 21:12:39 - idx 11 case case0035 mean_dice 0.885295 mean_hd95 6.673947
2024-10-01 21:12:39 - Mean class 1 mean_dice 0.873286 mean_hd95 12.176813
2024-10-01 21:12:39 - Mean class 2 mean_dice 0.682841 mean_hd95 34.757603
2024-10-01 21:12:39 - Mean class 3 mean_dice 0.822153 mean_hd95 45.011754
2024-10-01 21:12:39 - Mean class 4 mean_dice 0.783999 mean_hd95 36.409879
2024-10-01 21:12:39 - Mean class 5 mean_dice 0.946990 mean_hd95 19.780321
2024-10-01 21:12:39 - Mean class 6 mean_dice 0.624471 mean_hd95 9.835412
2024-10-01 21:12:39 - Mean class 7 mean_dice 0.876791 mean_hd95 36.175079
2024-10-01 21:12:39 - Mean class 8 mean_dice 0.767355 mean_hd95 13.025775
2024-10-01 21:12:39 - val epoch: 100, mean_dice: 0.7972356325744308, mean_hd95: 25.89657957386329, time(s): 1267.48
2024-10-01 21:14:45 - idx 0 case case0008 mean_dice 0.638545 mean_hd95 11.357698
2024-10-01 21:15:57 - idx 1 case case0022 mean_dice 0.887274 mean_hd95 22.774051
2024-10-01 21:17:16 - idx 2 case case0038 mean_dice 0.843484 mean_hd95 7.769804
2024-10-01 21:19:54 - idx 3 case case0036 mean_dice 0.833331 mean_hd95 16.383711
2024-10-01 21:22:00 - idx 4 case case0032 mean_dice 0.871833 mean_hd95 5.340528
2024-10-01 21:23:57 - idx 5 case case0002 mean_dice 0.881286 mean_hd95 4.280429
2024-10-01 21:25:13 - idx 6 case case0029 mean_dice 0.795823 mean_hd95 22.838353
2024-10-01 21:28:05 - idx 7 case case0003 mean_dice 0.589061 mean_hd95 123.013742
2024-10-01 21:30:13 - idx 8 case case0001 mean_dice 0.775871 mean_hd95 31.121422
2024-10-01 21:32:14 - idx 9 case case0004 mean_dice 0.788117 mean_hd95 14.680609
2024-10-01 21:33:21 - idx 10 case case0025 mean_dice 0.781227 mean_hd95 45.221217
2024-10-01 21:34:23 - idx 11 case case0035 mean_dice 0.885549 mean_hd95 6.686811
2024-10-01 21:34:23 - Mean class 1 mean_dice 0.873934 mean_hd95 12.349947
2024-10-01 21:34:23 - Mean class 2 mean_dice 0.675198 mean_hd95 35.258319
2024-10-01 21:34:23 - Mean class 3 mean_dice 0.824201 mean_hd95 41.299778
2024-10-01 21:34:23 - Mean class 4 mean_dice 0.785221 mean_hd95 35.224348
2024-10-01 21:34:23 - Mean class 5 mean_dice 0.946974 mean_hd95 23.787887
2024-10-01 21:34:23 - Mean class 6 mean_dice 0.630047 mean_hd95 10.436663
2024-10-01 21:34:23 - Mean class 7 mean_dice 0.876476 mean_hd95 36.048706
2024-10-01 21:34:23 - Mean class 8 mean_dice 0.768883 mean_hd95 13.239936
2024-10-01 21:34:23 - val epoch: 100, mean_dice: 0.7976166292598955, mean_hd95: 25.955697918587948, time(s): 1303.88
