2024-10-15 23:53:17 - #----------Config info----------#
2024-10-15 23:53:17 - network: vmunet,
2024-10-15 23:53:17 - model_config: {'num_classes': 9, 'input_channels': 3, 'depths': [2, 2, 2, 2], 'depths_decoder': [2, 2, 2, 1], 'drop_path_rate': 0.2, 'load_ckpt_path': '/root/autodl-tmp/Medical_Project/data/pre_trained_weights/vmamba_small_e238_ema.pth'},
2024-10-15 23:53:17 - datasets_name: synapse,
2024-10-15 23:53:17 - input_size_h: 224,
2024-10-15 23:53:17 - input_size_w: 224,
2024-10-15 23:53:17 - data_path: /root/autodl-tmp/Medical_Project/data/synapse/project_TransUNet/data/Synapse/train_npz,
2024-10-15 23:53:17 - datasets: <class 'datasets.dataset.Synapse_dataset'>,
2024-10-15 23:53:17 - list_dir: /root/autodl-tmp/Medical_Project/data/synapse/project_TransUNet/TransUNet/lists/lists_Synapse,
2024-10-15 23:53:17 - volume_path: /root/autodl-tmp/Medical_Project/data/synapse/project_TransUNet/data/Synapse/test_vol_h5,
2024-10-15 23:53:17 - pretrained_path: /root/autodl-tmp/Medical_Project/medicalMamba/results/vmunet_synapse_Monday_14_October_2024_22h_01m_55s/checkpoints/latest.pth,
2024-10-15 23:53:17 - num_classes: 9,
2024-10-15 23:53:17 - loss_weight: [1, 1],
2024-10-15 23:53:17 - criterion: CeDiceLoss(
  (celoss): CrossEntropyLoss()
  (diceloss): nDiceLoss()
),
2024-10-15 23:53:17 - z_spacing: 1,
2024-10-15 23:53:17 - input_channels: 3,
2024-10-15 23:53:17 - distributed: False,
2024-10-15 23:53:17 - local_rank: -1,
2024-10-15 23:53:17 - num_workers: 0,
2024-10-15 23:53:17 - seed: 2222,
2024-10-15 23:53:17 - world_size: None,
2024-10-15 23:53:17 - rank: None,
2024-10-15 23:53:17 - amp: False,
2024-10-15 23:53:17 - batch_size: 32,
2024-10-15 23:53:17 - epochs: 100,
2024-10-15 23:53:17 - work_dir: results/vmunet_synapse_Tuesday_15_October_2024_23h_53m_17s/,
2024-10-15 23:53:17 - print_interval: 20,
2024-10-15 23:53:17 - val_interval: 25,
2024-10-15 23:53:17 - test_weights_path: ,
2024-10-15 23:53:17 - threshold: 0.5,
2024-10-15 23:53:17 - opt: AdamW,
2024-10-15 23:53:17 - lr: 0.001,
2024-10-15 23:53:17 - betas: (0.9, 0.999),
2024-10-15 23:53:17 - eps: 1e-08,
2024-10-15 23:53:17 - weight_decay: 0.01,
2024-10-15 23:53:17 - amsgrad: False,
2024-10-15 23:53:17 - sch: CosineAnnealingLR,
2024-10-15 23:53:17 - T_max: 100,
2024-10-15 23:53:17 - eta_min: 1e-05,
2024-10-15 23:53:17 - last_epoch: -1,
2024-10-15 23:53:21 - train: epoch 1, iter:0, loss: 6.4673, lr: 0.001
2024-10-15 23:53:49 - train: epoch 1, iter:20, loss: 1.1558, lr: 0.001
2024-10-15 23:54:17 - train: epoch 1, iter:40, loss: 0.7488, lr: 0.001
2024-10-15 23:54:44 - train: epoch 1, iter:60, loss: 0.6970, lr: 0.001
2024-10-15 23:54:56 - Finish one epoch train: epoch 1, loss: 1.1205, time(s): 97.31
2024-10-15 23:54:59 - train: epoch 2, iter:0, loss: 0.7221, lr: 0.0009997557473810372
2024-10-15 23:55:27 - train: epoch 2, iter:20, loss: 0.5545, lr: 0.0009997557473810372
2024-10-15 23:55:56 - train: epoch 2, iter:40, loss: 0.5289, lr: 0.0009997557473810372
2024-10-15 23:56:24 - train: epoch 2, iter:60, loss: 0.4237, lr: 0.0009997557473810372
2024-10-15 23:56:37 - Finish one epoch train: epoch 2, loss: 0.5126, time(s): 99.48
2024-10-15 23:56:39 - train: epoch 3, iter:0, loss: 0.3124, lr: 0.0009990232305719946
2024-10-15 23:57:08 - train: epoch 3, iter:20, loss: 0.3485, lr: 0.0009990232305719946
2024-10-15 23:57:35 - train: epoch 3, iter:40, loss: 0.2789, lr: 0.0009990232305719946
2024-10-15 23:58:03 - train: epoch 3, iter:60, loss: 0.4240, lr: 0.0009990232305719946
2024-10-15 23:58:15 - Finish one epoch train: epoch 3, loss: 0.3458, time(s): 97.39
2024-10-15 23:58:18 - train: epoch 4, iter:0, loss: 0.2904, lr: 0.0009978031724785247
2024-10-15 23:58:46 - train: epoch 4, iter:20, loss: 0.2584, lr: 0.0009978031724785247
2024-10-15 23:59:15 - train: epoch 4, iter:40, loss: 0.2332, lr: 0.0009978031724785247
2024-10-15 23:59:44 - train: epoch 4, iter:60, loss: 0.3445, lr: 0.0009978031724785247
2024-10-15 23:59:56 - Finish one epoch train: epoch 4, loss: 0.2751, time(s): 99.29
2024-10-15 23:59:58 - train: epoch 5, iter:0, loss: 0.2347, lr: 0.0009960967771506667
2024-10-16 00:00:27 - train: epoch 5, iter:20, loss: 0.2397, lr: 0.0009960967771506667
2024-10-16 00:00:55 - train: epoch 5, iter:40, loss: 0.2850, lr: 0.0009960967771506667
2024-10-16 00:01:23 - train: epoch 5, iter:60, loss: 0.2950, lr: 0.0009960967771506667
2024-10-16 00:01:35 - Finish one epoch train: epoch 5, loss: 0.2449, time(s): 98.03
2024-10-16 00:01:38 - train: epoch 6, iter:0, loss: 0.3454, lr: 0.0009939057285945933
2024-10-16 00:02:06 - train: epoch 6, iter:20, loss: 0.2107, lr: 0.0009939057285945933
2024-10-16 00:02:35 - train: epoch 6, iter:40, loss: 0.1973, lr: 0.0009939057285945933
2024-10-16 00:03:03 - train: epoch 6, iter:60, loss: 0.1796, lr: 0.0009939057285945933
2024-10-16 00:03:15 - Finish one epoch train: epoch 6, loss: 0.2135, time(s): 98.46
2024-10-16 00:03:17 - train: epoch 7, iter:0, loss: 0.1927, lr: 0.0009912321891107012
2024-10-16 00:03:46 - train: epoch 7, iter:20, loss: 0.1646, lr: 0.0009912321891107012
2024-10-16 00:04:14 - train: epoch 7, iter:40, loss: 0.1701, lr: 0.0009912321891107012
2024-10-16 00:04:42 - train: epoch 7, iter:60, loss: 0.1575, lr: 0.0009912321891107012
2024-10-16 00:04:53 - Finish one epoch train: epoch 7, loss: 0.1857, time(s): 97.64
2024-10-16 00:04:56 - train: epoch 8, iter:0, loss: 0.1600, lr: 0.0009880787971596802
2024-10-16 00:05:25 - train: epoch 8, iter:20, loss: 0.1484, lr: 0.0009880787971596802
2024-10-16 00:05:54 - train: epoch 8, iter:40, loss: 0.1441, lr: 0.0009880787971596802
2024-10-16 00:06:22 - train: epoch 8, iter:60, loss: 0.1577, lr: 0.0009880787971596802
2024-10-16 00:06:34 - Finish one epoch train: epoch 8, loss: 0.1753, time(s): 99.41
2024-10-16 00:06:37 - train: epoch 9, iter:0, loss: 0.1489, lr: 0.0009844486647586726
2024-10-16 00:07:05 - train: epoch 9, iter:20, loss: 0.1216, lr: 0.0009844486647586726
2024-10-16 00:07:35 - train: epoch 9, iter:40, loss: 0.1293, lr: 0.0009844486647586726
2024-10-16 00:08:04 - train: epoch 9, iter:60, loss: 0.1660, lr: 0.0009844486647586726
2024-10-16 00:08:16 - Finish one epoch train: epoch 9, loss: 0.1558, time(s): 100.64
2024-10-16 00:08:19 - train: epoch 10, iter:0, loss: 0.1409, lr: 0.000980345374410087
2024-10-16 00:08:48 - train: epoch 10, iter:20, loss: 0.1108, lr: 0.000980345374410087
2024-10-16 00:09:16 - train: epoch 10, iter:40, loss: 0.1535, lr: 0.000980345374410087
2024-10-16 00:09:45 - train: epoch 10, iter:60, loss: 0.1907, lr: 0.000980345374410087
2024-10-16 00:09:57 - Finish one epoch train: epoch 10, loss: 0.1508, time(s): 99.44
2024-10-16 00:09:59 - train: epoch 11, iter:0, loss: 0.1388, lr: 0.0009757729755661012
2024-10-16 00:10:28 - train: epoch 11, iter:20, loss: 0.1378, lr: 0.0009757729755661012
2024-10-16 00:10:55 - train: epoch 11, iter:40, loss: 0.0986, lr: 0.0009757729755661012
2024-10-16 00:11:24 - train: epoch 11, iter:60, loss: 0.1075, lr: 0.0009757729755661012
2024-10-16 00:11:36 - Finish one epoch train: epoch 11, loss: 0.1491, time(s): 98.24
2024-10-16 00:11:39 - train: epoch 12, iter:0, loss: 0.1345, lr: 0.0009707359806323418
2024-10-16 00:12:09 - train: epoch 12, iter:20, loss: 0.1932, lr: 0.0009707359806323418
2024-10-16 00:12:38 - train: epoch 12, iter:40, loss: 0.1093, lr: 0.0009707359806323418
2024-10-16 00:13:06 - train: epoch 12, iter:60, loss: 0.2406, lr: 0.0009707359806323418
2024-10-16 00:13:17 - Finish one epoch train: epoch 12, loss: 0.1444, time(s): 99.97
2024-10-16 00:13:20 - train: epoch 13, iter:0, loss: 0.1326, lr: 0.0009652393605146846
2024-10-16 00:13:49 - train: epoch 13, iter:20, loss: 0.1140, lr: 0.0009652393605146846
2024-10-16 00:14:18 - train: epoch 13, iter:40, loss: 0.1251, lr: 0.0009652393605146846
2024-10-16 00:14:46 - train: epoch 13, iter:60, loss: 0.1176, lr: 0.0009652393605146846
2024-10-16 00:14:58 - Finish one epoch train: epoch 13, loss: 0.1284, time(s): 99.46
2024-10-16 00:15:01 - train: epoch 14, iter:0, loss: 0.0868, lr: 0.0009592885397135708
2024-10-16 00:15:30 - train: epoch 14, iter:20, loss: 0.1568, lr: 0.0009592885397135708
2024-10-16 00:15:59 - train: epoch 14, iter:40, loss: 0.1678, lr: 0.0009592885397135708
2024-10-16 00:16:27 - train: epoch 14, iter:60, loss: 0.1194, lr: 0.0009592885397135708
2024-10-16 00:16:38 - Finish one epoch train: epoch 14, loss: 0.1283, time(s): 98.79
2024-10-16 00:16:41 - train: epoch 15, iter:0, loss: 0.1169, lr: 0.0009528893909706799
2024-10-16 00:17:09 - train: epoch 15, iter:20, loss: 0.0997, lr: 0.0009528893909706799
2024-10-16 00:17:38 - train: epoch 15, iter:40, loss: 0.1170, lr: 0.0009528893909706799
2024-10-16 00:18:07 - train: epoch 15, iter:60, loss: 0.0914, lr: 0.0009528893909706799
2024-10-16 00:18:18 - Finish one epoch train: epoch 15, loss: 0.1133, time(s): 98.48
2024-10-16 00:18:21 - train: epoch 16, iter:0, loss: 0.1076, lr: 0.0009460482294732424
2024-10-16 00:18:50 - train: epoch 16, iter:20, loss: 0.1009, lr: 0.0009460482294732424
2024-10-16 00:19:19 - train: epoch 16, iter:40, loss: 0.1046, lr: 0.0009460482294732424
2024-10-16 00:19:47 - train: epoch 16, iter:60, loss: 0.1756, lr: 0.0009460482294732424
2024-10-16 00:19:58 - Finish one epoch train: epoch 16, loss: 0.1155, time(s): 98.93
2024-10-16 00:20:01 - train: epoch 17, iter:0, loss: 0.1070, lr: 0.0009387718066217127
2024-10-16 00:20:28 - train: epoch 17, iter:20, loss: 0.0975, lr: 0.0009387718066217127
2024-10-16 00:20:56 - train: epoch 17, iter:40, loss: 0.0927, lr: 0.0009387718066217127
2024-10-16 00:21:24 - train: epoch 17, iter:60, loss: 0.1026, lr: 0.0009387718066217127
2024-10-16 00:21:36 - Finish one epoch train: epoch 17, loss: 0.1099, time(s): 96.71
2024-10-16 00:21:38 - train: epoch 18, iter:0, loss: 0.1086, lr: 0.0009310673033669524
2024-10-16 00:22:07 - train: epoch 18, iter:20, loss: 0.1009, lr: 0.0009310673033669524
2024-10-16 00:22:35 - train: epoch 18, iter:40, loss: 0.1051, lr: 0.0009310673033669524
2024-10-16 00:23:04 - train: epoch 18, iter:60, loss: 0.0973, lr: 0.0009310673033669524
2024-10-16 00:23:15 - Finish one epoch train: epoch 18, loss: 0.1114, time(s): 98.45
2024-10-16 00:23:17 - train: epoch 19, iter:0, loss: 0.1044, lr: 0.0009229423231234977
2024-10-16 00:23:45 - train: epoch 19, iter:20, loss: 0.1034, lr: 0.0009229423231234977
2024-10-16 00:24:14 - train: epoch 19, iter:40, loss: 0.1008, lr: 0.0009229423231234977
2024-10-16 00:24:41 - train: epoch 19, iter:60, loss: 0.1714, lr: 0.0009229423231234977
2024-10-16 00:24:53 - Finish one epoch train: epoch 19, loss: 0.1044, time(s): 96.81
2024-10-16 00:24:56 - train: epoch 20, iter:0, loss: 0.1102, lr: 0.0009144048842659084
2024-10-16 00:25:25 - train: epoch 20, iter:20, loss: 0.1270, lr: 0.0009144048842659084
2024-10-16 00:25:53 - train: epoch 20, iter:40, loss: 0.0974, lr: 0.0009144048842659084
2024-10-16 00:26:22 - train: epoch 20, iter:60, loss: 0.2076, lr: 0.0009144048842659084
2024-10-16 00:26:33 - Finish one epoch train: epoch 20, loss: 0.1129, time(s): 99.00
2024-10-16 00:26:35 - train: epoch 21, iter:0, loss: 0.0803, lr: 0.0009054634122155993
2024-10-16 00:27:03 - train: epoch 21, iter:20, loss: 0.1962, lr: 0.0009054634122155993
2024-10-16 00:27:31 - train: epoch 21, iter:40, loss: 0.2029, lr: 0.0009054634122155993
2024-10-16 00:28:01 - train: epoch 21, iter:60, loss: 0.0801, lr: 0.0009054634122155993
2024-10-16 00:28:12 - Finish one epoch train: epoch 21, loss: 0.1160, time(s): 98.47
2024-10-16 00:28:15 - train: epoch 22, iter:0, loss: 0.1505, lr: 0.000896126731125967
2024-10-16 00:28:44 - train: epoch 22, iter:20, loss: 0.0881, lr: 0.000896126731125967
2024-10-16 00:29:12 - train: epoch 22, iter:40, loss: 0.1041, lr: 0.000896126731125967
2024-10-16 00:29:41 - train: epoch 22, iter:60, loss: 0.0756, lr: 0.000896126731125967
2024-10-16 00:29:53 - Finish one epoch train: epoch 22, loss: 0.1106, time(s): 99.27
2024-10-16 00:29:55 - train: epoch 23, iter:0, loss: 0.1034, lr: 0.000886404055174016
2024-10-16 00:30:23 - train: epoch 23, iter:20, loss: 0.0821, lr: 0.000886404055174016
2024-10-16 00:30:51 - train: epoch 23, iter:40, loss: 0.0819, lr: 0.000886404055174016
2024-10-16 00:31:19 - train: epoch 23, iter:60, loss: 0.0899, lr: 0.000886404055174016
2024-10-16 00:31:30 - Finish one epoch train: epoch 23, loss: 0.1094, time(s): 96.90
2024-10-16 00:31:33 - train: epoch 24, iter:0, loss: 0.0980, lr: 0.0008763049794670778
2024-10-16 00:32:01 - train: epoch 24, iter:20, loss: 0.1033, lr: 0.0008763049794670778
2024-10-16 00:32:30 - train: epoch 24, iter:40, loss: 0.0904, lr: 0.0008763049794670778
2024-10-16 00:32:59 - train: epoch 24, iter:60, loss: 0.0919, lr: 0.0008763049794670778
2024-10-16 00:33:10 - Finish one epoch train: epoch 24, loss: 0.1068, time(s): 99.25
2024-10-16 00:33:13 - train: epoch 25, iter:0, loss: 0.0948, lr: 0.000865839470573599
2024-10-16 00:33:41 - train: epoch 25, iter:20, loss: 0.0725, lr: 0.000865839470573599
2024-10-16 00:34:09 - train: epoch 25, iter:40, loss: 0.0748, lr: 0.000865839470573599
2024-10-16 00:34:36 - train: epoch 25, iter:60, loss: 0.0810, lr: 0.000865839470573599
2024-10-16 00:34:47 - Finish one epoch train: epoch 25, loss: 0.0928, time(s): 96.15
2024-10-16 00:37:02 - idx 0 case case0008 mean_dice 0.610190 mean_hd95 15.925447
2024-10-16 00:38:20 - idx 1 case case0022 mean_dice 0.865662 mean_hd95 9.632070
2024-10-16 00:39:47 - idx 2 case case0038 mean_dice 0.784941 mean_hd95 50.890445
2024-10-16 00:42:38 - idx 3 case case0036 mean_dice 0.816863 mean_hd95 13.812475
2024-10-16 00:44:50 - idx 4 case case0032 mean_dice 0.824277 mean_hd95 29.032478
2024-10-16 00:46:50 - idx 5 case case0002 mean_dice 0.851452 mean_hd95 7.526368
2024-10-16 00:48:17 - idx 6 case case0029 mean_dice 0.758182 mean_hd95 10.337912
2024-10-16 00:51:39 - idx 7 case case0003 mean_dice 0.616484 mean_hd95 97.435825
2024-10-16 00:53:47 - idx 8 case case0001 mean_dice 0.767219 mean_hd95 26.172327
2024-10-16 00:55:57 - idx 9 case case0004 mean_dice 0.787853 mean_hd95 35.106460
2024-10-16 00:57:07 - idx 10 case case0025 mean_dice 0.809930 mean_hd95 43.446888
2024-10-16 00:58:20 - idx 11 case case0035 mean_dice 0.881211 mean_hd95 3.077544
2024-10-16 00:58:20 - Mean class 1 mean_dice 0.862994 mean_hd95 8.540942
2024-10-16 00:58:20 - Mean class 2 mean_dice 0.576165 mean_hd95 64.019594
2024-10-16 00:58:20 - Mean class 3 mean_dice 0.825392 mean_hd95 41.401652
2024-10-16 00:58:20 - Mean class 4 mean_dice 0.775803 mean_hd95 22.803318
2024-10-16 00:58:20 - Mean class 5 mean_dice 0.942911 mean_hd95 27.371652
2024-10-16 00:58:20 - Mean class 6 mean_dice 0.620526 mean_hd95 11.889097
2024-10-16 00:58:20 - Mean class 7 mean_dice 0.864208 mean_hd95 37.325955
2024-10-16 00:58:20 - Mean class 8 mean_dice 0.781507 mean_hd95 14.911949
2024-10-16 00:58:20 - val epoch: 25, mean_dice: 0.7811885319975922, mean_hd95: 28.53301997550796, time(s): 1412.91
2024-10-16 00:58:23 - train: epoch 26, iter:0, loss: 0.0796, lr: 0.0008550178566873413
2024-10-16 00:58:52 - train: epoch 26, iter:20, loss: 0.0718, lr: 0.0008550178566873413
2024-10-16 00:59:20 - train: epoch 26, iter:40, loss: 0.0800, lr: 0.0008550178566873413
2024-10-16 00:59:47 - train: epoch 26, iter:60, loss: 0.0869, lr: 0.0008550178566873413
2024-10-16 00:59:58 - Finish one epoch train: epoch 26, loss: 0.1017, time(s): 96.99
2024-10-16 01:00:01 - train: epoch 27, iter:0, loss: 0.0950, lr: 0.0008438508174347012
2024-10-16 01:00:28 - train: epoch 27, iter:20, loss: 0.1705, lr: 0.0008438508174347012
2024-10-16 01:00:56 - train: epoch 27, iter:40, loss: 0.0905, lr: 0.0008438508174347012
2024-10-16 01:01:24 - train: epoch 27, iter:60, loss: 0.0661, lr: 0.0008438508174347012
2024-10-16 01:01:35 - Finish one epoch train: epoch 27, loss: 0.0900, time(s): 96.21
2024-10-16 01:01:38 - train: epoch 28, iter:0, loss: 0.0731, lr: 0.000832349373335208
2024-10-16 01:02:07 - train: epoch 28, iter:20, loss: 0.1421, lr: 0.000832349373335208
2024-10-16 01:02:35 - train: epoch 28, iter:40, loss: 0.0925, lr: 0.000832349373335208
2024-10-16 01:03:03 - train: epoch 28, iter:60, loss: 0.0729, lr: 0.000832349373335208
2024-10-16 01:03:14 - Finish one epoch train: epoch 28, loss: 0.1050, time(s): 97.03
2024-10-16 01:03:16 - train: epoch 29, iter:0, loss: 0.1085, lr: 0.0008205248749256018
2024-10-16 01:03:46 - train: epoch 29, iter:20, loss: 0.0765, lr: 0.0008205248749256018
2024-10-16 01:04:13 - train: epoch 29, iter:40, loss: 0.1076, lr: 0.0008205248749256018
2024-10-16 01:04:41 - train: epoch 29, iter:60, loss: 0.0812, lr: 0.0008205248749256018
2024-10-16 01:04:52 - Finish one epoch train: epoch 29, loss: 0.0961, time(s): 97.38
2024-10-16 01:04:54 - train: epoch 30, iter:0, loss: 0.0969, lr: 0.0008083889915582238
2024-10-16 01:05:23 - train: epoch 30, iter:20, loss: 0.0806, lr: 0.0008083889915582238
2024-10-16 01:05:51 - train: epoch 30, iter:40, loss: 0.0814, lr: 0.0008083889915582238
2024-10-16 01:06:19 - train: epoch 30, iter:60, loss: 0.0602, lr: 0.0008083889915582238
2024-10-16 01:06:31 - Finish one epoch train: epoch 30, loss: 0.0935, time(s): 98.14
2024-10-16 01:06:33 - train: epoch 31, iter:0, loss: 0.0902, lr: 0.0007959536998847747
2024-10-16 01:07:01 - train: epoch 31, iter:20, loss: 0.0857, lr: 0.0007959536998847747
2024-10-16 01:07:30 - train: epoch 31, iter:40, loss: 0.0860, lr: 0.0007959536998847747
2024-10-16 01:07:58 - train: epoch 31, iter:60, loss: 0.0675, lr: 0.0007959536998847747
2024-10-16 01:08:10 - Finish one epoch train: epoch 31, loss: 0.0864, time(s): 97.62
2024-10-16 01:08:12 - train: epoch 32, iter:0, loss: 0.0638, lr: 0.0007832312720368051
2024-10-16 01:08:41 - train: epoch 32, iter:20, loss: 0.1187, lr: 0.0007832312720368051
2024-10-16 01:09:09 - train: epoch 32, iter:40, loss: 0.0854, lr: 0.0007832312720368051
2024-10-16 01:09:37 - train: epoch 32, iter:60, loss: 0.0653, lr: 0.0007832312720368051
2024-10-16 01:09:49 - Finish one epoch train: epoch 32, loss: 0.0886, time(s): 98.22
2024-10-16 01:09:51 - train: epoch 33, iter:0, loss: 0.0680, lr: 0.0007702342635146037
2024-10-16 01:10:19 - train: epoch 33, iter:20, loss: 0.1016, lr: 0.0007702342635146037
2024-10-16 01:10:47 - train: epoch 33, iter:40, loss: 0.0843, lr: 0.0007702342635146037
2024-10-16 01:11:14 - train: epoch 33, iter:60, loss: 0.0700, lr: 0.0007702342635146037
2024-10-16 01:11:25 - Finish one epoch train: epoch 33, loss: 0.0880, time(s): 95.51
2024-10-16 01:11:28 - train: epoch 34, iter:0, loss: 0.0720, lr: 0.0007569755007964342
2024-10-16 01:11:56 - train: epoch 34, iter:20, loss: 0.0960, lr: 0.0007569755007964342
2024-10-16 01:12:24 - train: epoch 34, iter:40, loss: 0.0744, lr: 0.0007569755007964342
2024-10-16 01:12:52 - train: epoch 34, iter:60, loss: 0.0893, lr: 0.0007569755007964342
2024-10-16 01:13:03 - Finish one epoch train: epoch 34, loss: 0.0955, time(s): 97.13
2024-10-16 01:13:06 - train: epoch 35, iter:0, loss: 0.0642, lr: 0.0007434680686803494
2024-10-16 01:13:35 - train: epoch 35, iter:20, loss: 0.0683, lr: 0.0007434680686803494
2024-10-16 01:14:02 - train: epoch 35, iter:40, loss: 0.0717, lr: 0.0007434680686803494
2024-10-16 01:14:30 - train: epoch 35, iter:60, loss: 0.0673, lr: 0.0007434680686803494
2024-10-16 01:14:41 - Finish one epoch train: epoch 35, loss: 0.0860, time(s): 96.55
2024-10-16 01:14:44 - train: epoch 36, iter:0, loss: 0.0584, lr: 0.0007297252973710761
2024-10-16 01:15:11 - train: epoch 36, iter:20, loss: 0.0769, lr: 0.0007297252973710761
2024-10-16 01:15:39 - train: epoch 36, iter:40, loss: 0.0883, lr: 0.0007297252973710761
2024-10-16 01:16:07 - train: epoch 36, iter:60, loss: 0.0637, lr: 0.0007297252973710761
2024-10-16 01:16:19 - Finish one epoch train: epoch 36, loss: 0.0820, time(s): 97.06
2024-10-16 01:16:22 - train: epoch 37, iter:0, loss: 0.0734, lr: 0.0007157607493247114
2024-10-16 01:16:50 - train: epoch 37, iter:20, loss: 0.1619, lr: 0.0007157607493247114
2024-10-16 01:17:18 - train: epoch 37, iter:40, loss: 0.0636, lr: 0.0007157607493247114
2024-10-16 01:17:46 - train: epoch 37, iter:60, loss: 0.0895, lr: 0.0007157607493247114
2024-10-16 01:17:57 - Finish one epoch train: epoch 37, loss: 0.0755, time(s): 97.27
2024-10-16 01:18:00 - train: epoch 38, iter:0, loss: 0.0770, lr: 0.0007015882058642168
2024-10-16 01:18:28 - train: epoch 38, iter:20, loss: 0.1676, lr: 0.0007015882058642168
2024-10-16 01:18:56 - train: epoch 38, iter:40, loss: 0.0681, lr: 0.0007015882058642168
2024-10-16 01:19:23 - train: epoch 38, iter:60, loss: 0.0685, lr: 0.0007015882058642168
2024-10-16 01:19:34 - Finish one epoch train: epoch 38, loss: 0.0805, time(s): 95.63
2024-10-16 01:19:37 - train: epoch 39, iter:0, loss: 0.0719, lr: 0.0006872216535789162
2024-10-16 01:20:05 - train: epoch 39, iter:20, loss: 0.0719, lr: 0.0006872216535789162
2024-10-16 01:20:34 - train: epoch 39, iter:40, loss: 0.0667, lr: 0.0006872216535789162
2024-10-16 01:21:02 - train: epoch 39, iter:60, loss: 0.0678, lr: 0.0006872216535789162
2024-10-16 01:21:14 - Finish one epoch train: epoch 39, loss: 0.0816, time(s): 98.43
2024-10-16 01:21:16 - train: epoch 40, iter:0, loss: 0.0642, lr: 0.0006726752705214198
2024-10-16 01:21:46 - train: epoch 40, iter:20, loss: 0.0736, lr: 0.0006726752705214198
2024-10-16 01:22:14 - train: epoch 40, iter:40, loss: 0.0772, lr: 0.0006726752705214198
2024-10-16 01:22:42 - train: epoch 40, iter:60, loss: 0.0655, lr: 0.0006726752705214198
2024-10-16 01:22:54 - Finish one epoch train: epoch 40, loss: 0.0869, time(s): 99.30
2024-10-16 01:22:56 - train: epoch 41, iter:0, loss: 0.1688, lr: 0.0006579634122155995
2024-10-16 01:23:25 - train: epoch 41, iter:20, loss: 0.0776, lr: 0.0006579634122155995
2024-10-16 01:23:53 - train: epoch 41, iter:40, loss: 0.0771, lr: 0.0006579634122155995
2024-10-16 01:24:22 - train: epoch 41, iter:60, loss: 0.0711, lr: 0.0006579634122155995
2024-10-16 01:24:34 - Finish one epoch train: epoch 41, loss: 0.0808, time(s): 98.94
2024-10-16 01:24:36 - train: epoch 42, iter:0, loss: 0.0762, lr: 0.000643100597489419
2024-10-16 01:25:04 - train: epoch 42, iter:20, loss: 0.0714, lr: 0.000643100597489419
2024-10-16 01:25:32 - train: epoch 42, iter:40, loss: 0.0741, lr: 0.000643100597489419
2024-10-16 01:26:01 - train: epoch 42, iter:60, loss: 0.0870, lr: 0.000643100597489419
2024-10-16 01:26:13 - Finish one epoch train: epoch 42, loss: 0.0756, time(s): 98.26
2024-10-16 01:26:15 - train: epoch 43, iter:0, loss: 0.0831, lr: 0.0006281014941466035
2024-10-16 01:26:43 - train: epoch 43, iter:20, loss: 0.0708, lr: 0.0006281014941466035
2024-10-16 01:27:11 - train: epoch 43, iter:40, loss: 0.0667, lr: 0.0006281014941466035
2024-10-16 01:27:41 - train: epoch 43, iter:60, loss: 0.0646, lr: 0.0006281014941466035
2024-10-16 01:27:52 - Finish one epoch train: epoch 43, loss: 0.0755, time(s): 98.37
2024-10-16 01:27:55 - train: epoch 44, iter:0, loss: 0.0595, lr: 0.000612980904491289
2024-10-16 01:28:24 - train: epoch 44, iter:20, loss: 0.1673, lr: 0.000612980904491289
2024-10-16 01:28:52 - train: epoch 44, iter:40, loss: 0.0634, lr: 0.000612980904491289
2024-10-16 01:29:20 - train: epoch 44, iter:60, loss: 0.0687, lr: 0.000612980904491289
2024-10-16 01:29:31 - Finish one epoch train: epoch 44, loss: 0.0814, time(s): 97.72
2024-10-16 01:29:33 - train: epoch 45, iter:0, loss: 0.0681, lr: 0.0005977537507199342
2024-10-16 01:30:01 - train: epoch 45, iter:20, loss: 0.1230, lr: 0.0005977537507199342
2024-10-16 01:30:29 - train: epoch 45, iter:40, loss: 0.0795, lr: 0.0005977537507199342
2024-10-16 01:30:57 - train: epoch 45, iter:60, loss: 0.0695, lr: 0.0005977537507199342
2024-10-16 01:31:09 - Finish one epoch train: epoch 45, loss: 0.0878, time(s): 96.80
2024-10-16 01:31:11 - train: epoch 46, iter:0, loss: 0.0933, lr: 0.0005824350601949147
2024-10-16 01:31:40 - train: epoch 46, iter:20, loss: 0.0742, lr: 0.0005824350601949147
2024-10-16 01:32:08 - train: epoch 46, iter:40, loss: 0.0797, lr: 0.0005824350601949147
2024-10-16 01:32:36 - train: epoch 46, iter:60, loss: 0.0673, lr: 0.0005824350601949147
2024-10-16 01:32:47 - Finish one epoch train: epoch 46, loss: 0.0798, time(s): 97.58
2024-10-16 01:32:49 - train: epoch 47, iter:0, loss: 0.1609, lr: 0.000567039950614331
2024-10-16 01:33:19 - train: epoch 47, iter:20, loss: 0.0624, lr: 0.000567039950614331
2024-10-16 01:33:47 - train: epoch 47, iter:40, loss: 0.0673, lr: 0.000567039950614331
2024-10-16 01:34:19 - train: epoch 47, iter:60, loss: 0.0521, lr: 0.000567039950614331
2024-10-16 01:34:30 - Finish one epoch train: epoch 47, loss: 0.0693, time(s): 102.54
2024-10-16 01:34:33 - train: epoch 48, iter:0, loss: 0.0694, lr: 0.0005515836150926649
2024-10-16 01:35:02 - train: epoch 48, iter:20, loss: 0.0674, lr: 0.0005515836150926649
2024-10-16 01:35:30 - train: epoch 48, iter:40, loss: 0.0810, lr: 0.0005515836150926649
2024-10-16 01:36:00 - train: epoch 48, iter:60, loss: 0.0549, lr: 0.0005515836150926649
2024-10-16 01:36:11 - Finish one epoch train: epoch 48, loss: 0.0734, time(s): 98.98
2024-10-16 01:36:13 - train: epoch 49, iter:0, loss: 0.0697, lr: 0.0005360813071670105
2024-10-16 01:36:41 - train: epoch 49, iter:20, loss: 0.0755, lr: 0.0005360813071670105
2024-10-16 01:37:09 - train: epoch 49, iter:40, loss: 0.0757, lr: 0.0005360813071670105
2024-10-16 01:37:37 - train: epoch 49, iter:60, loss: 0.1552, lr: 0.0005360813071670105
2024-10-16 01:37:49 - Finish one epoch train: epoch 49, loss: 0.0807, time(s): 97.32
2024-10-16 01:37:51 - train: epoch 50, iter:0, loss: 0.1024, lr: 0.0005205483257436738
2024-10-16 01:38:20 - train: epoch 50, iter:20, loss: 0.0614, lr: 0.0005205483257436738
2024-10-16 01:38:48 - train: epoch 50, iter:40, loss: 0.0638, lr: 0.0005205483257436738
2024-10-16 01:39:16 - train: epoch 50, iter:60, loss: 0.0551, lr: 0.0005205483257436738
2024-10-16 01:39:27 - Finish one epoch train: epoch 50, loss: 0.0706, time(s): 97.21
2024-10-16 01:41:45 - idx 0 case case0008 mean_dice 0.669115 mean_hd95 12.890326
2024-10-16 01:43:00 - idx 1 case case0022 mean_dice 0.874572 mean_hd95 6.129766
2024-10-16 01:44:28 - idx 2 case case0038 mean_dice 0.787659 mean_hd95 13.405686
2024-10-16 01:47:28 - idx 3 case case0036 mean_dice 0.827238 mean_hd95 15.342676
2024-10-16 01:49:43 - idx 4 case case0032 mean_dice 0.887466 mean_hd95 6.848787
2024-10-16 01:51:56 - idx 5 case case0002 mean_dice 0.860008 mean_hd95 6.759308
2024-10-16 01:53:20 - idx 6 case case0029 mean_dice 0.751402 mean_hd95 47.178088
2024-10-16 01:56:34 - idx 7 case case0003 mean_dice 0.731767 mean_hd95 93.253662
2024-10-16 01:58:56 - idx 8 case case0001 mean_dice 0.781721 mean_hd95 31.810647
2024-10-16 02:01:03 - idx 9 case case0004 mean_dice 0.793788 mean_hd95 7.467904
2024-10-16 02:02:21 - idx 10 case case0025 mean_dice 0.858460 mean_hd95 10.522063
2024-10-16 02:03:34 - idx 11 case case0035 mean_dice 0.878830 mean_hd95 3.614889
2024-10-16 02:03:34 - Mean class 1 mean_dice 0.864210 mean_hd95 13.153470
2024-10-16 02:03:34 - Mean class 2 mean_dice 0.680727 mean_hd95 39.220880
2024-10-16 02:03:34 - Mean class 3 mean_dice 0.850183 mean_hd95 29.156602
2024-10-16 02:03:34 - Mean class 4 mean_dice 0.815837 mean_hd95 25.792508
2024-10-16 02:03:34 - Mean class 5 mean_dice 0.950813 mean_hd95 12.616214
2024-10-16 02:03:34 - Mean class 6 mean_dice 0.606954 mean_hd95 14.226192
2024-10-16 02:03:34 - Mean class 7 mean_dice 0.904595 mean_hd95 17.633046
2024-10-16 02:03:34 - Mean class 8 mean_dice 0.794699 mean_hd95 18.350288
2024-10-16 02:03:34 - val epoch: 50, mean_dice: 0.8085021345011814, mean_hd95: 21.268649994048502, time(s): 1447.51
2024-10-16 02:03:37 - train: epoch 51, iter:0, loss: 0.0579, lr: 0.0005050000000000002
2024-10-16 02:04:05 - train: epoch 51, iter:20, loss: 0.0594, lr: 0.0005050000000000002
2024-10-16 02:04:33 - train: epoch 51, iter:40, loss: 0.0554, lr: 0.0005050000000000002
2024-10-16 02:05:01 - train: epoch 51, iter:60, loss: 0.0640, lr: 0.0005050000000000002
2024-10-16 02:05:12 - Finish one epoch train: epoch 51, loss: 0.0673, time(s): 97.07
2024-10-16 02:05:15 - train: epoch 52, iter:0, loss: 0.0684, lr: 0.0004894516742563267
2024-10-16 02:05:44 - train: epoch 52, iter:20, loss: 0.0842, lr: 0.0004894516742563267
2024-10-16 02:06:11 - train: epoch 52, iter:40, loss: 0.0530, lr: 0.0004894516742563267
2024-10-16 02:06:41 - train: epoch 52, iter:60, loss: 0.0755, lr: 0.0004894516742563267
2024-10-16 02:06:53 - Finish one epoch train: epoch 52, loss: 0.0639, time(s): 99.18
2024-10-16 02:06:56 - train: epoch 53, iter:0, loss: 0.0593, lr: 0.0004739186928329901
2024-10-16 02:07:25 - train: epoch 53, iter:20, loss: 0.0697, lr: 0.0004739186928329901
2024-10-16 02:07:53 - train: epoch 53, iter:40, loss: 0.0511, lr: 0.0004739186928329901
2024-10-16 02:08:21 - train: epoch 53, iter:60, loss: 0.0688, lr: 0.0004739186928329901
2024-10-16 02:08:33 - Finish one epoch train: epoch 53, loss: 0.0762, time(s): 98.60
2024-10-16 02:08:35 - train: epoch 54, iter:0, loss: 0.0536, lr: 0.00045841638490733556
2024-10-16 02:09:03 - train: epoch 54, iter:20, loss: 0.0702, lr: 0.00045841638490733556
2024-10-16 02:09:31 - train: epoch 54, iter:40, loss: 0.0600, lr: 0.00045841638490733556
2024-10-16 02:09:59 - train: epoch 54, iter:60, loss: 0.0660, lr: 0.00045841638490733556
2024-10-16 02:10:10 - Finish one epoch train: epoch 54, loss: 0.0747, time(s): 96.69
2024-10-16 02:10:13 - train: epoch 55, iter:0, loss: 0.0682, lr: 0.0004429600493856696
2024-10-16 02:10:41 - train: epoch 55, iter:20, loss: 0.0534, lr: 0.0004429600493856696
2024-10-16 02:11:09 - train: epoch 55, iter:40, loss: 0.0459, lr: 0.0004429600493856696
2024-10-16 02:11:37 - train: epoch 55, iter:60, loss: 0.0597, lr: 0.0004429600493856696
2024-10-16 02:11:48 - Finish one epoch train: epoch 55, loss: 0.0629, time(s): 97.23
2024-10-16 02:11:51 - train: epoch 56, iter:0, loss: 0.0515, lr: 0.0004275649398050859
2024-10-16 02:12:20 - train: epoch 56, iter:20, loss: 0.0600, lr: 0.0004275649398050859
2024-10-16 02:12:48 - train: epoch 56, iter:40, loss: 0.0597, lr: 0.0004275649398050859
2024-10-16 02:13:16 - train: epoch 56, iter:60, loss: 0.0595, lr: 0.0004275649398050859
2024-10-16 02:13:28 - Finish one epoch train: epoch 56, loss: 0.0691, time(s): 98.23
2024-10-16 02:13:30 - train: epoch 57, iter:0, loss: 0.0551, lr: 0.0004122462492800665
2024-10-16 02:13:59 - train: epoch 57, iter:20, loss: 0.0572, lr: 0.0004122462492800665
2024-10-16 02:14:27 - train: epoch 57, iter:40, loss: 0.0611, lr: 0.0004122462492800665
2024-10-16 02:14:55 - train: epoch 57, iter:60, loss: 0.0714, lr: 0.0004122462492800665
2024-10-16 02:15:06 - Finish one epoch train: epoch 57, loss: 0.0687, time(s): 97.36
2024-10-16 02:15:08 - train: epoch 58, iter:0, loss: 0.0590, lr: 0.00039701909550871175
2024-10-16 02:15:36 - train: epoch 58, iter:20, loss: 0.0668, lr: 0.00039701909550871175
2024-10-16 02:16:05 - train: epoch 58, iter:40, loss: 0.0544, lr: 0.00039701909550871175
2024-10-16 02:16:33 - train: epoch 58, iter:60, loss: 0.0559, lr: 0.00039701909550871175
2024-10-16 02:16:44 - Finish one epoch train: epoch 58, loss: 0.0797, time(s): 97.32
2024-10-16 02:16:47 - train: epoch 59, iter:0, loss: 0.0841, lr: 0.000381898505853397
2024-10-16 02:17:15 - train: epoch 59, iter:20, loss: 0.0759, lr: 0.000381898505853397
2024-10-16 02:17:43 - train: epoch 59, iter:40, loss: 0.0584, lr: 0.000381898505853397
2024-10-16 02:18:11 - train: epoch 59, iter:60, loss: 0.0611, lr: 0.000381898505853397
2024-10-16 02:18:23 - Finish one epoch train: epoch 59, loss: 0.0773, time(s): 97.57
2024-10-16 02:18:25 - train: epoch 60, iter:0, loss: 0.0581, lr: 0.00036689940251058173
2024-10-16 02:18:54 - train: epoch 60, iter:20, loss: 0.0537, lr: 0.00036689940251058173
2024-10-16 02:19:23 - train: epoch 60, iter:40, loss: 0.0544, lr: 0.00036689940251058173
2024-10-16 02:19:52 - train: epoch 60, iter:60, loss: 0.0629, lr: 0.00036689940251058173
2024-10-16 02:20:03 - Finish one epoch train: epoch 60, loss: 0.0712, time(s): 99.00
2024-10-16 02:20:05 - train: epoch 61, iter:0, loss: 0.0506, lr: 0.00035203658778440135
2024-10-16 02:20:33 - train: epoch 61, iter:20, loss: 0.0570, lr: 0.00035203658778440135
2024-10-16 02:21:01 - train: epoch 61, iter:40, loss: 0.0518, lr: 0.00035203658778440135
2024-10-16 02:21:29 - train: epoch 61, iter:60, loss: 0.0808, lr: 0.00035203658778440135
2024-10-16 02:21:40 - Finish one epoch train: epoch 61, loss: 0.0625, time(s): 96.81
2024-10-16 02:21:43 - train: epoch 62, iter:0, loss: 0.0690, lr: 0.00033732472947858096
2024-10-16 02:22:12 - train: epoch 62, iter:20, loss: 0.0535, lr: 0.00033732472947858096
2024-10-16 02:22:41 - train: epoch 62, iter:40, loss: 0.0525, lr: 0.00033732472947858096
2024-10-16 02:23:09 - train: epoch 62, iter:60, loss: 0.0531, lr: 0.00033732472947858096
2024-10-16 02:23:20 - Finish one epoch train: epoch 62, loss: 0.0666, time(s): 98.63
2024-10-16 02:23:23 - train: epoch 63, iter:0, loss: 0.0484, lr: 0.0003227783464210847
2024-10-16 02:23:51 - train: epoch 63, iter:20, loss: 0.0622, lr: 0.0003227783464210847
2024-10-16 02:24:19 - train: epoch 63, iter:40, loss: 0.0483, lr: 0.0003227783464210847
2024-10-16 02:24:47 - train: epoch 63, iter:60, loss: 0.0523, lr: 0.0003227783464210847
2024-10-16 02:24:58 - Finish one epoch train: epoch 63, loss: 0.0633, time(s): 97.36
2024-10-16 02:25:01 - train: epoch 64, iter:0, loss: 0.0555, lr: 0.0003084117941357837
2024-10-16 02:25:29 - train: epoch 64, iter:20, loss: 0.0478, lr: 0.0003084117941357837
2024-10-16 02:25:57 - train: epoch 64, iter:40, loss: 0.0591, lr: 0.0003084117941357837
2024-10-16 02:26:25 - train: epoch 64, iter:60, loss: 0.0711, lr: 0.0003084117941357837
2024-10-16 02:26:37 - Finish one epoch train: epoch 64, loss: 0.0641, time(s): 97.97
2024-10-16 02:26:40 - train: epoch 65, iter:0, loss: 0.0491, lr: 0.0002942392506752892
2024-10-16 02:27:08 - train: epoch 65, iter:20, loss: 0.0523, lr: 0.0002942392506752892
2024-10-16 02:27:38 - train: epoch 65, iter:40, loss: 0.0529, lr: 0.0002942392506752892
2024-10-16 02:28:05 - train: epoch 65, iter:60, loss: 0.0537, lr: 0.0002942392506752892
2024-10-16 02:28:17 - Finish one epoch train: epoch 65, loss: 0.0686, time(s): 98.57
2024-10-16 02:28:19 - train: epoch 66, iter:0, loss: 0.1525, lr: 0.0002802747026289245
2024-10-16 02:28:47 - train: epoch 66, iter:20, loss: 0.0468, lr: 0.0002802747026289245
2024-10-16 02:29:16 - train: epoch 66, iter:40, loss: 0.0516, lr: 0.0002802747026289245
2024-10-16 02:29:45 - train: epoch 66, iter:60, loss: 0.0502, lr: 0.0002802747026289245
2024-10-16 02:29:56 - Finish one epoch train: epoch 66, loss: 0.0665, time(s): 98.56
2024-10-16 02:29:59 - train: epoch 67, iter:0, loss: 0.0526, lr: 0.000266531931319651
2024-10-16 02:30:27 - train: epoch 67, iter:20, loss: 0.0538, lr: 0.000266531931319651
2024-10-16 02:30:57 - train: epoch 67, iter:40, loss: 0.0657, lr: 0.000266531931319651
2024-10-16 02:31:25 - train: epoch 67, iter:60, loss: 0.0521, lr: 0.000266531931319651
2024-10-16 02:31:36 - Finish one epoch train: epoch 67, loss: 0.0604, time(s): 98.93
2024-10-16 02:31:39 - train: epoch 68, iter:0, loss: 0.0546, lr: 0.0002530244992035663
2024-10-16 02:32:08 - train: epoch 68, iter:20, loss: 0.0594, lr: 0.0002530244992035663
2024-10-16 02:32:37 - train: epoch 68, iter:40, loss: 0.0482, lr: 0.0002530244992035663
2024-10-16 02:33:05 - train: epoch 68, iter:60, loss: 0.0540, lr: 0.0002530244992035663
2024-10-16 02:33:17 - Finish one epoch train: epoch 68, loss: 0.0633, time(s): 99.41
2024-10-16 02:33:19 - train: epoch 69, iter:0, loss: 0.0503, lr: 0.00023976573648539667
2024-10-16 02:33:48 - train: epoch 69, iter:20, loss: 0.0487, lr: 0.00023976573648539667
2024-10-16 02:34:17 - train: epoch 69, iter:40, loss: 0.0506, lr: 0.00023976573648539667
2024-10-16 02:34:45 - train: epoch 69, iter:60, loss: 0.0550, lr: 0.00023976573648539667
2024-10-16 02:34:56 - Finish one epoch train: epoch 69, loss: 0.0566, time(s): 98.69
2024-10-16 02:34:59 - train: epoch 70, iter:0, loss: 0.0547, lr: 0.00022676872796319544
2024-10-16 02:35:27 - train: epoch 70, iter:20, loss: 0.0615, lr: 0.00022676872796319544
2024-10-16 02:35:56 - train: epoch 70, iter:40, loss: 0.0390, lr: 0.00022676872796319544
2024-10-16 02:36:25 - train: epoch 70, iter:60, loss: 0.0528, lr: 0.00022676872796319544
2024-10-16 02:36:37 - Finish one epoch train: epoch 70, loss: 0.0565, time(s): 99.54
2024-10-16 02:36:40 - train: epoch 71, iter:0, loss: 0.0456, lr: 0.00021404630011522598
2024-10-16 02:37:08 - train: epoch 71, iter:20, loss: 0.0580, lr: 0.00021404630011522598
2024-10-16 02:37:36 - train: epoch 71, iter:40, loss: 0.0592, lr: 0.00021404630011522598
2024-10-16 02:38:05 - train: epoch 71, iter:60, loss: 0.0557, lr: 0.00021404630011522598
2024-10-16 02:38:16 - Finish one epoch train: epoch 71, loss: 0.0579, time(s): 97.82
2024-10-16 02:38:18 - train: epoch 72, iter:0, loss: 0.0436, lr: 0.00020161100844177672
2024-10-16 02:38:47 - train: epoch 72, iter:20, loss: 0.0605, lr: 0.00020161100844177672
2024-10-16 02:39:16 - train: epoch 72, iter:40, loss: 0.0497, lr: 0.00020161100844177672
2024-10-16 02:39:45 - train: epoch 72, iter:60, loss: 0.1426, lr: 0.00020161100844177672
2024-10-16 02:39:56 - Finish one epoch train: epoch 72, loss: 0.0573, time(s): 99.24
2024-10-16 02:39:59 - train: epoch 73, iter:0, loss: 0.0468, lr: 0.0001894751250743987
2024-10-16 02:40:27 - train: epoch 73, iter:20, loss: 0.0450, lr: 0.0001894751250743987
2024-10-16 02:40:55 - train: epoch 73, iter:40, loss: 0.0724, lr: 0.0001894751250743987
2024-10-16 02:41:24 - train: epoch 73, iter:60, loss: 0.0459, lr: 0.0001894751250743987
2024-10-16 02:41:36 - Finish one epoch train: epoch 73, loss: 0.0621, time(s): 98.53
2024-10-16 02:41:38 - train: epoch 74, iter:0, loss: 0.0512, lr: 0.00017765062666479255
2024-10-16 02:42:06 - train: epoch 74, iter:20, loss: 0.0493, lr: 0.00017765062666479255
2024-10-16 02:42:34 - train: epoch 74, iter:40, loss: 0.0511, lr: 0.00017765062666479255
2024-10-16 02:43:03 - train: epoch 74, iter:60, loss: 0.0449, lr: 0.00017765062666479255
2024-10-16 02:43:14 - Finish one epoch train: epoch 74, loss: 0.0491, time(s): 97.28
2024-10-16 02:43:17 - train: epoch 75, iter:0, loss: 0.0467, lr: 0.0001661491825652992
2024-10-16 02:43:45 - train: epoch 75, iter:20, loss: 0.0489, lr: 0.0001661491825652992
2024-10-16 02:44:13 - train: epoch 75, iter:40, loss: 0.0439, lr: 0.0001661491825652992
2024-10-16 02:44:41 - train: epoch 75, iter:60, loss: 0.0426, lr: 0.0001661491825652992
2024-10-16 02:44:54 - Finish one epoch train: epoch 75, loss: 0.0558, time(s): 98.76
2024-10-16 02:47:14 - idx 0 case case0008 mean_dice 0.640022 mean_hd95 11.801075
2024-10-16 02:48:35 - idx 1 case case0022 mean_dice 0.884062 mean_hd95 6.161787
2024-10-16 02:50:14 - idx 2 case case0038 mean_dice 0.822081 mean_hd95 11.576856
2024-10-16 02:53:20 - idx 3 case case0036 mean_dice 0.805636 mean_hd95 15.693359
2024-10-16 02:55:36 - idx 4 case case0032 mean_dice 0.899442 mean_hd95 5.497056
2024-10-16 02:57:43 - idx 5 case case0002 mean_dice 0.871067 mean_hd95 6.591506
2024-10-16 02:59:15 - idx 6 case case0029 mean_dice 0.739584 mean_hd95 26.943176
2024-10-16 03:02:24 - idx 7 case case0003 mean_dice 0.754922 mean_hd95 91.474658
2024-10-16 03:04:38 - idx 8 case case0001 mean_dice 0.783746 mean_hd95 31.758461
2024-10-16 03:06:51 - idx 9 case case0004 mean_dice 0.814669 mean_hd95 7.793444
2024-10-16 03:08:05 - idx 10 case case0025 mean_dice 0.832070 mean_hd95 26.177647
2024-10-16 03:09:24 - idx 11 case case0035 mean_dice 0.881022 mean_hd95 3.862787
2024-10-16 03:09:24 - Mean class 1 mean_dice 0.873768 mean_hd95 11.110027
2024-10-16 03:09:24 - Mean class 2 mean_dice 0.674184 mean_hd95 34.769826
2024-10-16 03:09:24 - Mean class 3 mean_dice 0.852764 mean_hd95 27.830362
2024-10-16 03:09:24 - Mean class 4 mean_dice 0.803873 mean_hd95 23.248726
2024-10-16 03:09:24 - Mean class 5 mean_dice 0.949863 mean_hd95 13.893297
2024-10-16 03:09:24 - Mean class 6 mean_dice 0.584783 mean_hd95 12.613712
2024-10-16 03:09:24 - Mean class 7 mean_dice 0.914890 mean_hd95 21.632727
2024-10-16 03:09:24 - Mean class 8 mean_dice 0.831424 mean_hd95 18.455865
2024-10-16 03:09:24 - val epoch: 75, mean_dice: 0.810693558513488, mean_hd95: 20.444317811667318, time(s): 1469.78
2024-10-16 03:09:26 - train: epoch 76, iter:0, loss: 0.0508, lr: 0.00015498214331265912
2024-10-16 03:09:54 - train: epoch 76, iter:20, loss: 0.0493, lr: 0.00015498214331265912
2024-10-16 03:10:22 - train: epoch 76, iter:40, loss: 0.0497, lr: 0.00015498214331265912
2024-10-16 03:10:49 - train: epoch 76, iter:60, loss: 0.1147, lr: 0.00015498214331265912
2024-10-16 03:11:01 - Finish one epoch train: epoch 76, loss: 0.0575, time(s): 96.39
2024-10-16 03:11:03 - train: epoch 77, iter:0, loss: 0.1000, lr: 0.00014416052942640148
2024-10-16 03:11:31 - train: epoch 77, iter:20, loss: 0.1564, lr: 0.00014416052942640148
2024-10-16 03:12:00 - train: epoch 77, iter:40, loss: 0.0529, lr: 0.00014416052942640148
2024-10-16 03:12:28 - train: epoch 77, iter:60, loss: 0.0460, lr: 0.00014416052942640148
2024-10-16 03:12:40 - Finish one epoch train: epoch 77, loss: 0.0600, time(s): 97.76
2024-10-16 03:12:42 - train: epoch 78, iter:0, loss: 0.0464, lr: 0.00013369502053292258
2024-10-16 03:13:11 - train: epoch 78, iter:20, loss: 0.0419, lr: 0.00013369502053292258
2024-10-16 03:13:38 - train: epoch 78, iter:40, loss: 0.0529, lr: 0.00013369502053292258
2024-10-16 03:14:06 - train: epoch 78, iter:60, loss: 0.0557, lr: 0.00013369502053292258
2024-10-16 03:14:17 - Finish one epoch train: epoch 78, loss: 0.0546, time(s): 96.17
2024-10-16 03:14:19 - train: epoch 79, iter:0, loss: 0.0496, lr: 0.00012359594482598446
2024-10-16 03:14:47 - train: epoch 79, iter:20, loss: 0.1473, lr: 0.00012359594482598446
2024-10-16 03:15:15 - train: epoch 79, iter:40, loss: 0.0456, lr: 0.00012359594482598446
2024-10-16 03:15:44 - train: epoch 79, iter:60, loss: 0.0533, lr: 0.00012359594482598446
2024-10-16 03:15:55 - Finish one epoch train: epoch 79, loss: 0.0594, time(s): 98.00
2024-10-16 03:15:58 - train: epoch 80, iter:0, loss: 0.0409, lr: 0.00011387326887403332
2024-10-16 03:16:26 - train: epoch 80, iter:20, loss: 0.0594, lr: 0.00011387326887403332
2024-10-16 03:16:54 - train: epoch 80, iter:40, loss: 0.0452, lr: 0.00011387326887403332
2024-10-16 03:17:21 - train: epoch 80, iter:60, loss: 0.0412, lr: 0.00011387326887403332
2024-10-16 03:17:33 - Finish one epoch train: epoch 80, loss: 0.0600, time(s): 96.77
2024-10-16 03:17:35 - train: epoch 81, iter:0, loss: 0.0452, lr: 0.00010453658778440112
2024-10-16 03:18:03 - train: epoch 81, iter:20, loss: 0.0506, lr: 0.00010453658778440112
2024-10-16 03:18:31 - train: epoch 81, iter:40, loss: 0.1444, lr: 0.00010453658778440112
2024-10-16 03:18:59 - train: epoch 81, iter:60, loss: 0.0429, lr: 0.00010453658778440112
2024-10-16 03:19:11 - Finish one epoch train: epoch 81, loss: 0.0650, time(s): 97.32
2024-10-16 03:19:14 - train: epoch 82, iter:0, loss: 0.0550, lr: 9.5595115734092e-05
2024-10-16 03:19:42 - train: epoch 82, iter:20, loss: 0.1495, lr: 9.5595115734092e-05
2024-10-16 03:20:12 - train: epoch 82, iter:40, loss: 0.0464, lr: 9.5595115734092e-05
2024-10-16 03:20:40 - train: epoch 82, iter:60, loss: 0.0473, lr: 9.5595115734092e-05
2024-10-16 03:20:52 - Finish one epoch train: epoch 82, loss: 0.0643, time(s): 100.28
2024-10-16 03:20:55 - train: epoch 83, iter:0, loss: 0.0413, lr: 8.705767687650269e-05
2024-10-16 03:21:23 - train: epoch 83, iter:20, loss: 0.0470, lr: 8.705767687650269e-05
2024-10-16 03:21:51 - train: epoch 83, iter:40, loss: 0.0427, lr: 8.705767687650269e-05
2024-10-16 03:22:19 - train: epoch 83, iter:60, loss: 0.0445, lr: 8.705767687650269e-05
2024-10-16 03:22:31 - Finish one epoch train: epoch 83, loss: 0.0512, time(s): 97.94
2024-10-16 03:22:34 - train: epoch 84, iter:0, loss: 0.0477, lr: 7.893269663304787e-05
2024-10-16 03:23:03 - train: epoch 84, iter:20, loss: 0.0465, lr: 7.893269663304787e-05
2024-10-16 03:23:31 - train: epoch 84, iter:40, loss: 0.0473, lr: 7.893269663304787e-05
2024-10-16 03:23:58 - train: epoch 84, iter:60, loss: 0.0472, lr: 7.893269663304787e-05
2024-10-16 03:24:10 - Finish one epoch train: epoch 84, loss: 0.0561, time(s): 97.52
2024-10-16 03:24:12 - train: epoch 85, iter:0, loss: 0.0419, lr: 7.122819337828756e-05
2024-10-16 03:24:40 - train: epoch 85, iter:20, loss: 0.0523, lr: 7.122819337828756e-05
2024-10-16 03:25:08 - train: epoch 85, iter:40, loss: 0.0417, lr: 7.122819337828756e-05
2024-10-16 03:25:37 - train: epoch 85, iter:60, loss: 0.0447, lr: 7.122819337828756e-05
2024-10-16 03:25:48 - Finish one epoch train: epoch 85, loss: 0.0609, time(s): 97.52
2024-10-16 03:25:51 - train: epoch 86, iter:0, loss: 0.0428, lr: 6.395177052675798e-05
2024-10-16 03:26:19 - train: epoch 86, iter:20, loss: 0.0351, lr: 6.395177052675798e-05
2024-10-16 03:26:48 - train: epoch 86, iter:40, loss: 0.0462, lr: 6.395177052675798e-05
2024-10-16 03:27:17 - train: epoch 86, iter:60, loss: 0.0473, lr: 6.395177052675798e-05
2024-10-16 03:27:29 - Finish one epoch train: epoch 86, loss: 0.0538, time(s): 99.89
2024-10-16 03:27:32 - train: epoch 87, iter:0, loss: 0.0440, lr: 5.711060902932045e-05
2024-10-16 03:28:00 - train: epoch 87, iter:20, loss: 0.0443, lr: 5.711060902932045e-05
2024-10-16 03:28:27 - train: epoch 87, iter:40, loss: 0.0445, lr: 5.711060902932045e-05
2024-10-16 03:28:55 - train: epoch 87, iter:60, loss: 0.0465, lr: 5.711060902932045e-05
2024-10-16 03:29:07 - Finish one epoch train: epoch 87, loss: 0.0519, time(s): 96.63
2024-10-16 03:29:09 - train: epoch 88, iter:0, loss: 0.0438, lr: 5.071146028642948e-05
2024-10-16 03:29:37 - train: epoch 88, iter:20, loss: 0.0461, lr: 5.071146028642948e-05
2024-10-16 03:30:06 - train: epoch 88, iter:40, loss: 0.0437, lr: 5.071146028642948e-05
2024-10-16 03:30:34 - train: epoch 88, iter:60, loss: 0.0442, lr: 5.071146028642948e-05
2024-10-16 03:30:46 - Finish one epoch train: epoch 88, loss: 0.0499, time(s): 98.67
2024-10-16 03:30:49 - train: epoch 89, iter:0, loss: 0.2530, lr: 4.476063948531561e-05
2024-10-16 03:31:16 - train: epoch 89, iter:20, loss: 0.0455, lr: 4.476063948531561e-05
2024-10-16 03:31:44 - train: epoch 89, iter:40, loss: 0.0478, lr: 4.476063948531561e-05
2024-10-16 03:32:12 - train: epoch 89, iter:60, loss: 0.0325, lr: 4.476063948531561e-05
2024-10-16 03:32:23 - Finish one epoch train: epoch 89, loss: 0.0562, time(s): 95.89
2024-10-16 03:32:25 - train: epoch 90, iter:0, loss: 0.0604, lr: 3.9264019367658426e-05
2024-10-16 03:32:55 - train: epoch 90, iter:20, loss: 0.0362, lr: 3.9264019367658426e-05
2024-10-16 03:33:23 - train: epoch 90, iter:40, loss: 0.0447, lr: 3.9264019367658426e-05
2024-10-16 03:33:51 - train: epoch 90, iter:60, loss: 0.0376, lr: 3.9264019367658426e-05
2024-10-16 03:34:03 - Finish one epoch train: epoch 90, loss: 0.0483, time(s): 98.88
2024-10-16 03:34:06 - train: epoch 91, iter:0, loss: 0.0392, lr: 3.4227024433899026e-05
2024-10-16 03:34:35 - train: epoch 91, iter:20, loss: 0.0416, lr: 3.4227024433899026e-05
2024-10-16 03:35:04 - train: epoch 91, iter:40, loss: 0.0407, lr: 3.4227024433899026e-05
2024-10-16 03:35:32 - train: epoch 91, iter:60, loss: 0.0448, lr: 3.4227024433899026e-05
2024-10-16 03:35:44 - Finish one epoch train: epoch 91, loss: 0.0478, time(s): 99.74
2024-10-16 03:35:46 - train: epoch 92, iter:0, loss: 0.0423, lr: 2.9654625589913258e-05
2024-10-16 03:36:15 - train: epoch 92, iter:20, loss: 0.0625, lr: 2.9654625589913258e-05
2024-10-16 03:36:43 - train: epoch 92, iter:40, loss: 0.0432, lr: 2.9654625589913258e-05
2024-10-16 03:37:11 - train: epoch 92, iter:60, loss: 0.0461, lr: 2.9654625589913258e-05
2024-10-16 03:37:23 - Finish one epoch train: epoch 92, loss: 0.0539, time(s): 98.62
2024-10-16 03:37:26 - train: epoch 93, iter:0, loss: 0.0443, lr: 2.5551335241327692e-05
2024-10-16 03:37:55 - train: epoch 93, iter:20, loss: 0.0455, lr: 2.5551335241327692e-05
2024-10-16 03:38:22 - train: epoch 93, iter:40, loss: 0.0433, lr: 2.5551335241327692e-05
2024-10-16 03:38:49 - train: epoch 93, iter:60, loss: 0.0457, lr: 2.5551335241327692e-05
2024-10-16 03:39:00 - Finish one epoch train: epoch 93, loss: 0.0608, time(s): 95.74
2024-10-16 03:39:03 - train: epoch 94, iter:0, loss: 0.0412, lr: 2.192120284032009e-05
2024-10-16 03:39:31 - train: epoch 94, iter:20, loss: 0.0451, lr: 2.192120284032009e-05
2024-10-16 03:39:59 - train: epoch 94, iter:40, loss: 0.0469, lr: 2.192120284032009e-05
2024-10-16 03:40:27 - train: epoch 94, iter:60, loss: 0.0467, lr: 2.192120284032009e-05
2024-10-16 03:40:39 - Finish one epoch train: epoch 94, loss: 0.0582, time(s): 98.29
2024-10-16 03:40:42 - train: epoch 95, iter:0, loss: 0.0445, lr: 1.8767810889299096e-05
2024-10-16 03:41:11 - train: epoch 95, iter:20, loss: 0.0435, lr: 1.8767810889299096e-05
2024-10-16 03:41:38 - train: epoch 95, iter:40, loss: 0.0364, lr: 1.8767810889299096e-05
2024-10-16 03:42:06 - train: epoch 95, iter:60, loss: 0.0449, lr: 1.8767810889299096e-05
2024-10-16 03:42:18 - Finish one epoch train: epoch 95, loss: 0.0557, time(s): 97.51
2024-10-16 03:42:20 - train: epoch 96, iter:0, loss: 0.0700, lr: 1.609427140540687e-05
2024-10-16 03:42:48 - train: epoch 96, iter:20, loss: 0.0483, lr: 1.609427140540687e-05
2024-10-16 03:43:16 - train: epoch 96, iter:40, loss: 0.0473, lr: 1.609427140540687e-05
2024-10-16 03:43:44 - train: epoch 96, iter:60, loss: 0.0520, lr: 1.609427140540687e-05
2024-10-16 03:43:55 - Finish one epoch train: epoch 96, loss: 0.0546, time(s): 96.59
2024-10-16 03:43:58 - train: epoch 97, iter:0, loss: 0.0449, lr: 1.3903222849333514e-05
2024-10-16 03:44:26 - train: epoch 97, iter:20, loss: 0.0412, lr: 1.3903222849333514e-05
2024-10-16 03:44:55 - train: epoch 97, iter:40, loss: 0.0461, lr: 1.3903222849333514e-05
2024-10-16 03:45:22 - train: epoch 97, iter:60, loss: 0.0438, lr: 1.3903222849333514e-05
2024-10-16 03:45:34 - Finish one epoch train: epoch 97, loss: 0.0512, time(s): 97.67
2024-10-16 03:45:36 - train: epoch 98, iter:0, loss: 0.0438, lr: 1.2196827521475406e-05
2024-10-16 03:46:05 - train: epoch 98, iter:20, loss: 0.0519, lr: 1.2196827521475406e-05
2024-10-16 03:46:34 - train: epoch 98, iter:40, loss: 0.0457, lr: 1.2196827521475406e-05
2024-10-16 03:47:03 - train: epoch 98, iter:60, loss: 0.0439, lr: 1.2196827521475406e-05
2024-10-16 03:47:14 - Finish one epoch train: epoch 98, loss: 0.0472, time(s): 99.95
2024-10-16 03:47:17 - train: epoch 99, iter:0, loss: 0.0438, lr: 1.097676942800558e-05
2024-10-16 03:47:46 - train: epoch 99, iter:20, loss: 0.0386, lr: 1.097676942800558e-05
2024-10-16 03:48:14 - train: epoch 99, iter:40, loss: 0.0545, lr: 1.097676942800558e-05
2024-10-16 03:48:43 - train: epoch 99, iter:60, loss: 0.0440, lr: 1.097676942800558e-05
2024-10-16 03:48:54 - Finish one epoch train: epoch 99, loss: 0.0547, time(s): 98.19
2024-10-16 03:48:56 - train: epoch 100, iter:0, loss: 0.0413, lr: 1.024425261896286e-05
2024-10-16 03:49:25 - train: epoch 100, iter:20, loss: 0.0459, lr: 1.024425261896286e-05
2024-10-16 03:49:54 - train: epoch 100, iter:40, loss: 0.1204, lr: 1.024425261896286e-05
2024-10-16 03:50:24 - train: epoch 100, iter:60, loss: 0.0426, lr: 1.024425261896286e-05
2024-10-16 03:50:35 - Finish one epoch train: epoch 100, loss: 0.0494, time(s): 100.77
2024-10-16 03:52:54 - idx 0 case case0008 mean_dice 0.645272 mean_hd95 12.624505
2024-10-16 03:54:07 - idx 1 case case0022 mean_dice 0.887889 mean_hd95 5.494255
2024-10-16 03:55:36 - idx 2 case case0038 mean_dice 0.813634 mean_hd95 10.208717
2024-10-16 03:58:26 - idx 3 case case0036 mean_dice 0.803318 mean_hd95 16.252506
